[0.018s] Invoking command in '/home/ryuzot/ros2_ws/build/main_executor': CMAKE_PREFIX_PATH=${CMAKE_PREFIX_PATH}:/opt/ros/galactic /usr/bin/cmake --build /home/ryuzot/ros2_ws/build/main_executor -- -j24 -l24
[0.024s] ninja: no work to do.
[0.044s] Invoked command in '/home/ryuzot/ros2_ws/build/main_executor' returned '0': CMAKE_PREFIX_PATH=${CMAKE_PREFIX_PATH}:/opt/ros/galactic /usr/bin/cmake --build /home/ryuzot/ros2_ws/build/main_executor -- -j24 -l24
[0.058s] Invoking command in '/home/ryuzot/ros2_ws/build/main_executor': CMAKE_PREFIX_PATH=${CMAKE_PREFIX_PATH}:/opt/ros/galactic /usr/bin/cmake --install /home/ryuzot/ros2_ws/build/main_executor
[0.063s] -- Install configuration: ""
[0.063s] -- Up-to-date: /home/ryuzot/ros2_ws/install/main_executor/lib/main_executor/main_exec
[0.063s] -- Up-to-date: /home/ryuzot/ros2_ws/install/main_executor/share/ament_index/resource_index/package_run_dependencies/main_executor
[0.063s] -- Up-to-date: /home/ryuzot/ros2_ws/install/main_executor/share/ament_index/resource_index/parent_prefix_path/main_executor
[0.064s] -- Up-to-date: /home/ryuzot/ros2_ws/install/main_executor/share/main_executor/environment/ament_prefix_path.sh
[0.064s] -- Up-to-date: /home/ryuzot/ros2_ws/install/main_executor/share/main_executor/environment/ament_prefix_path.dsv
[0.064s] -- Up-to-date: /home/ryuzot/ros2_ws/install/main_executor/share/main_executor/environment/path.sh
[0.064s] -- Up-to-date: /home/ryuzot/ros2_ws/install/main_executor/share/main_executor/environment/path.dsv
[0.064s] -- Up-to-date: /home/ryuzot/ros2_ws/install/main_executor/share/main_executor/local_setup.bash
[0.065s] -- Up-to-date: /home/ryuzot/ros2_ws/install/main_executor/share/main_executor/local_setup.sh
[0.065s] -- Up-to-date: /home/ryuzot/ros2_ws/install/main_executor/share/main_executor/local_setup.zsh
[0.065s] -- Up-to-date: /home/ryuzot/ros2_ws/install/main_executor/share/main_executor/local_setup.dsv
[0.065s] -- Installing: /home/ryuzot/ros2_ws/install/main_executor/share/main_executor/package.dsv
[0.065s] -- Up-to-date: /home/ryuzot/ros2_ws/install/main_executor/share/ament_index/resource_index/packages/main_executor
[0.065s] -- Up-to-date: /home/ryuzot/ros2_ws/install/main_executor/share/main_executor/cmake/main_executorConfig.cmake
[0.066s] -- Up-to-date: /home/ryuzot/ros2_ws/install/main_executor/share/main_executor/cmake/main_executorConfig-version.cmake
[0.066s] -- Up-to-date: /home/ryuzot/ros2_ws/install/main_executor/share/main_executor/package.xml
[0.068s] Invoked command in '/home/ryuzot/ros2_ws/build/main_executor' returned '0': CMAKE_PREFIX_PATH=${CMAKE_PREFIX_PATH}:/opt/ros/galactic /usr/bin/cmake --install /home/ryuzot/ros2_ws/build/main_executor
