
[0/1] Re-running CMake...[K
-- Found ament_cmake: 1.1.5 (/opt/ros/galactic/share/ament_cmake/cmake)
-- Using PYTHON_EXECUTABLE: /usr/bin/python3
-- Override CMake install command with custom implementation using symlinks instead of copying resources
-- Found ament_cmake_ros: 0.9.2 (/opt/ros/galactic/share/ament_cmake_ros/cmake)
-- Found rclcpp: 9.2.0 (/opt/ros/galactic/share/rclcpp/cmake)
-- Using all available rosidl_typesupport_c: rosidl_typesupport_fastrtps_c;rosidl_typesupport_introspection_c
-- Found rosidl_adapter: 2.2.1 (/opt/ros/galactic/share/rosidl_adapter/cmake)
-- Using all available rosidl_typesupport_cpp: rosidl_typesupport_fastrtps_cpp;rosidl_typesupport_introspection_cpp
-- Found rmw_implementation_cmake: 3.3.1 (/opt/ros/galactic/share/rmw_implementation_cmake/cmake)
-- Found rmw_cyclonedds_cpp: 0.22.4 (/opt/ros/galactic/share/rmw_cyclonedds_cpp/cmake)
-- Using RMW implementation 'rmw_cyclonedds_cpp' as default
-- Found socketcan_interface: 0.0.0 (/home/ryuzot/ros2_main/install/socketcan_interface/share/socketcan_interface/cmake)
-- Found ament_lint_auto: 0.10.6 (/opt/ros/galactic/share/ament_lint_auto/cmake)
-- Added test 'copyright' to check source files copyright and LICENSE
-- Added test 'cppcheck' to perform static code analysis on C / C++ code
-- Configured cppcheck include dirs: $<BUILD_INTERFACE:/home/ryuzot/ros2_main/src/bno055_io/include>
-- Configured cppcheck exclude dirs and/or files: 
-- Added test 'cpplint' to check C / C++ code against the Google style
-- Configured cpplint exclude dirs and/or files: 
-- Added test 'lint_cmake' to check CMake code style
-- Added test 'uncrustify' to check C / C++ code style
-- Configured uncrustify additional arguments: 
-- Added test 'xmllint' to check XML markup files
-- Configuring done
-- Generating done
-- Build files have been written to: /home/ryuzot/ros2_main/build/bno055_io

[0/2] Building CXX object CMakeFiles/bno055_io_node.dir/src/bno055_io_node.cpp.o[K
[1/2] Building CXX object CMakeFiles/bno055_io_node.dir/src/bno055_io_node.cpp.o[K
[1/2] Linking CXX shared library libbno055_io_node.so[K
[2/2] Linking CXX shared library libbno055_io_node.so[K
-- Install configuration: ""
-- Execute custom install script
-- Symlinking: /home/ryuzot/ros2_main/install/bno055_io/include/bno055_io/bno055_io_node.hpp
-- Symlinking: /home/ryuzot/ros2_main/install/bno055_io/include/bno055_io/visibility_control.h
-- Symlinking: /home/ryuzot/ros2_main/install/bno055_io/share/bno055_io/environment/library_path.sh
-- Symlinking: /home/ryuzot/ros2_main/install/bno055_io/share/bno055_io/environment/library_path.dsv
-- Symlinking: /home/ryuzot/ros2_main/install/bno055_io/share/ament_index/resource_index/package_run_dependencies/bno055_io
-- Symlinking: /home/ryuzot/ros2_main/install/bno055_io/share/ament_index/resource_index/parent_prefix_path/bno055_io
-- Symlinking: /home/ryuzot/ros2_main/install/bno055_io/share/bno055_io/environment/ament_prefix_path.sh
-- Symlinking: /home/ryuzot/ros2_main/install/bno055_io/share/bno055_io/environment/ament_prefix_path.dsv
-- Symlinking: /home/ryuzot/ros2_main/install/bno055_io/share/bno055_io/environment/path.sh
-- Symlinking: /home/ryuzot/ros2_main/install/bno055_io/share/bno055_io/environment/path.dsv
-- Symlinking: /home/ryuzot/ros2_main/install/bno055_io/share/bno055_io/local_setup.bash
-- Symlinking: /home/ryuzot/ros2_main/install/bno055_io/share/bno055_io/local_setup.sh
-- Symlinking: /home/ryuzot/ros2_main/install/bno055_io/share/bno055_io/local_setup.zsh
-- Symlinking: /home/ryuzot/ros2_main/install/bno055_io/share/bno055_io/local_setup.dsv
-- Symlinking: /home/ryuzot/ros2_main/install/bno055_io/share/bno055_io/package.dsv
-- Symlinking: /home/ryuzot/ros2_main/install/bno055_io/share/ament_index/resource_index/packages/bno055_io
-- Symlinking: /home/ryuzot/ros2_main/install/bno055_io/share/bno055_io/cmake/ament_cmake_export_include_directories-extras.cmake
-- Symlinking: /home/ryuzot/ros2_main/install/bno055_io/share/bno055_io/cmake/ament_cmake_export_libraries-extras.cmake
-- Symlinking: /home/ryuzot/ros2_main/install/bno055_io/share/bno055_io/cmake/ament_cmake_export_targets-extras.cmake
-- Symlinking: /home/ryuzot/ros2_main/install/bno055_io/share/bno055_io/cmake/bno055_ioConfig.cmake
-- Symlinking: /home/ryuzot/ros2_main/install/bno055_io/share/bno055_io/cmake/bno055_ioConfig-version.cmake
-- Symlinking: /home/ryuzot/ros2_main/install/bno055_io/share/bno055_io/package.xml
-- Installing: /home/ryuzot/ros2_main/install/bno055_io/lib/libbno055_io_node.so
-- Set runtime path of "/home/ryuzot/ros2_main/install/bno055_io/lib/libbno055_io_node.so" to ""
-- Installing: /home/ryuzot/ros2_main/install/bno055_io/share/bno055_io/cmake/export_bno055_ioExport.cmake
-- Installing: /home/ryuzot/ros2_main/install/bno055_io/share/bno055_io/cmake/export_bno055_ioExport-noconfig.cmake
