[0.328s] Invoking command in '/home/ryuzot/ros2_main/build/bno055_io': AMENT_PREFIX_PATH=/home/ryuzot/ros2_main/install/socketcan_interface:/home/ryuzot/ros2_main/install/socketcan_interface_msg:${AMENT_PREFIX_PATH} CMAKE_PREFIX_PATH=/home/ryuzot/ros2_main/install/socketcan_interface:/home/ryuzot/ros2_main/install/socketcan_interface_msg:/opt/ros/galactic LD_LIBRARY_PATH=/home/ryuzot/ros2_main/install/socketcan_interface/lib:/home/ryuzot/ros2_main/install/socketcan_interface_msg/lib:${LD_LIBRARY_PATH} PYTHONPATH=/home/ryuzot/ros2_main/install/socketcan_interface_msg/lib/python3.8/site-packages:${PYTHONPATH} /usr/bin/cmake --build /home/ryuzot/ros2_main/build/bno055_io -- -j24 -l24
[0.336s] 
[0.336s] [0/1] Re-running CMake...[K
[0.348s] -- Found ament_cmake: 1.1.5 (/opt/ros/galactic/share/ament_cmake/cmake)
[0.366s] -- Using PYTHON_EXECUTABLE: /usr/bin/python3
[0.408s] -- Override CMake install command with custom implementation using symlinks instead of copying resources
[0.417s] -- Found ament_cmake_ros: 0.9.2 (/opt/ros/galactic/share/ament_cmake_ros/cmake)
[0.419s] -- Found rclcpp: 9.2.0 (/opt/ros/galactic/share/rclcpp/cmake)
[0.671s] -- Using all available rosidl_typesupport_c: rosidl_typesupport_fastrtps_c;rosidl_typesupport_introspection_c
[0.676s] -- Found rosidl_adapter: 2.2.1 (/opt/ros/galactic/share/rosidl_adapter/cmake)
[6.704s] -- Using all available rosidl_typesupport_cpp: rosidl_typesupport_fastrtps_cpp;rosidl_typesupport_introspection_cpp
[6.755s] -- Found rmw_implementation_cmake: 3.3.1 (/opt/ros/galactic/share/rmw_implementation_cmake/cmake)
[6.756s] -- Found rmw_cyclonedds_cpp: 0.22.4 (/opt/ros/galactic/share/rmw_cyclonedds_cpp/cmake)
[6.772s] -- Using RMW implementation 'rmw_cyclonedds_cpp' as default
[6.899s] -- Found socketcan_interface: 0.0.0 (/home/ryuzot/ros2_main/install/socketcan_interface/share/socketcan_interface/cmake)
[6.910s] -- Found ament_lint_auto: 0.10.6 (/opt/ros/galactic/share/ament_lint_auto/cmake)
[6.963s] -- Added test 'copyright' to check source files copyright and LICENSE
[6.964s] -- Added test 'cppcheck' to perform static code analysis on C / C++ code
[6.964s] -- Configured cppcheck include dirs: $<BUILD_INTERFACE:/home/ryuzot/ros2_main/src/bno055_io/include>
[6.964s] -- Configured cppcheck exclude dirs and/or files: 
[6.964s] -- Added test 'cpplint' to check C / C++ code against the Google style
[6.964s] -- Configured cpplint exclude dirs and/or files: 
[6.965s] -- Added test 'lint_cmake' to check CMake code style
[6.965s] -- Added test 'uncrustify' to check C / C++ code style
[6.965s] -- Configured uncrustify additional arguments: 
[6.966s] -- Added test 'xmllint' to check XML markup files
[6.969s] -- Configuring done
[6.974s] -- Generating done
[6.975s] -- Build files have been written to: /home/ryuzot/ros2_main/build/bno055_io
[6.981s] 
[6.994s] [0/2] Building CXX object CMakeFiles/bno055_io_node.dir/src/bno055_io_node.cpp.o[K
[6.994s] [1/2] Building CXX object CMakeFiles/bno055_io_node.dir/src/bno055_io_node.cpp.o[K
[7.206s] [1/2] Linking CXX shared library libbno055_io_node.so[K
[7.206s] [2/2] Linking CXX shared library libbno055_io_node.so[K
[7.208s] Invoked command in '/home/ryuzot/ros2_main/build/bno055_io' returned '0': AMENT_PREFIX_PATH=/home/ryuzot/ros2_main/install/socketcan_interface:/home/ryuzot/ros2_main/install/socketcan_interface_msg:${AMENT_PREFIX_PATH} CMAKE_PREFIX_PATH=/home/ryuzot/ros2_main/install/socketcan_interface:/home/ryuzot/ros2_main/install/socketcan_interface_msg:/opt/ros/galactic LD_LIBRARY_PATH=/home/ryuzot/ros2_main/install/socketcan_interface/lib:/home/ryuzot/ros2_main/install/socketcan_interface_msg/lib:${LD_LIBRARY_PATH} PYTHONPATH=/home/ryuzot/ros2_main/install/socketcan_interface_msg/lib/python3.8/site-packages:${PYTHONPATH} /usr/bin/cmake --build /home/ryuzot/ros2_main/build/bno055_io -- -j24 -l24
[7.223s] Invoking command in '/home/ryuzot/ros2_main/build/bno055_io': AMENT_PREFIX_PATH=/home/ryuzot/ros2_main/install/socketcan_interface:/home/ryuzot/ros2_main/install/socketcan_interface_msg:${AMENT_PREFIX_PATH} CMAKE_PREFIX_PATH=/home/ryuzot/ros2_main/install/socketcan_interface:/home/ryuzot/ros2_main/install/socketcan_interface_msg:/opt/ros/galactic LD_LIBRARY_PATH=/home/ryuzot/ros2_main/install/socketcan_interface/lib:/home/ryuzot/ros2_main/install/socketcan_interface_msg/lib:${LD_LIBRARY_PATH} PYTHONPATH=/home/ryuzot/ros2_main/install/socketcan_interface_msg/lib/python3.8/site-packages:${PYTHONPATH} /usr/bin/cmake --install /home/ryuzot/ros2_main/build/bno055_io
[7.228s] -- Install configuration: ""
[7.228s] -- Execute custom install script
[7.229s] -- Symlinking: /home/ryuzot/ros2_main/install/bno055_io/include/bno055_io/bno055_io_node.hpp
[7.235s] -- Symlinking: /home/ryuzot/ros2_main/install/bno055_io/include/bno055_io/visibility_control.h
[7.241s] -- Symlinking: /home/ryuzot/ros2_main/install/bno055_io/share/bno055_io/environment/library_path.sh
[7.246s] -- Symlinking: /home/ryuzot/ros2_main/install/bno055_io/share/bno055_io/environment/library_path.dsv
[7.253s] -- Symlinking: /home/ryuzot/ros2_main/install/bno055_io/share/ament_index/resource_index/package_run_dependencies/bno055_io
[7.259s] -- Symlinking: /home/ryuzot/ros2_main/install/bno055_io/share/ament_index/resource_index/parent_prefix_path/bno055_io
[7.265s] -- Symlinking: /home/ryuzot/ros2_main/install/bno055_io/share/bno055_io/environment/ament_prefix_path.sh
[7.271s] -- Symlinking: /home/ryuzot/ros2_main/install/bno055_io/share/bno055_io/environment/ament_prefix_path.dsv
[7.276s] -- Symlinking: /home/ryuzot/ros2_main/install/bno055_io/share/bno055_io/environment/path.sh
[7.282s] -- Symlinking: /home/ryuzot/ros2_main/install/bno055_io/share/bno055_io/environment/path.dsv
[7.288s] -- Symlinking: /home/ryuzot/ros2_main/install/bno055_io/share/bno055_io/local_setup.bash
[7.294s] -- Symlinking: /home/ryuzot/ros2_main/install/bno055_io/share/bno055_io/local_setup.sh
[7.300s] -- Symlinking: /home/ryuzot/ros2_main/install/bno055_io/share/bno055_io/local_setup.zsh
[7.306s] -- Symlinking: /home/ryuzot/ros2_main/install/bno055_io/share/bno055_io/local_setup.dsv
[7.312s] -- Symlinking: /home/ryuzot/ros2_main/install/bno055_io/share/bno055_io/package.dsv
[7.319s] -- Symlinking: /home/ryuzot/ros2_main/install/bno055_io/share/ament_index/resource_index/packages/bno055_io
[7.324s] -- Symlinking: /home/ryuzot/ros2_main/install/bno055_io/share/bno055_io/cmake/ament_cmake_export_include_directories-extras.cmake
[7.329s] -- Symlinking: /home/ryuzot/ros2_main/install/bno055_io/share/bno055_io/cmake/ament_cmake_export_libraries-extras.cmake
[7.336s] -- Symlinking: /home/ryuzot/ros2_main/install/bno055_io/share/bno055_io/cmake/ament_cmake_export_targets-extras.cmake
[7.341s] -- Symlinking: /home/ryuzot/ros2_main/install/bno055_io/share/bno055_io/cmake/bno055_ioConfig.cmake
[7.346s] -- Symlinking: /home/ryuzot/ros2_main/install/bno055_io/share/bno055_io/cmake/bno055_ioConfig-version.cmake
[7.352s] -- Symlinking: /home/ryuzot/ros2_main/install/bno055_io/share/bno055_io/package.xml
[7.357s] -- Installing: /home/ryuzot/ros2_main/install/bno055_io/lib/libbno055_io_node.so
[7.357s] -- Set runtime path of "/home/ryuzot/ros2_main/install/bno055_io/lib/libbno055_io_node.so" to ""
[7.357s] -- Installing: /home/ryuzot/ros2_main/install/bno055_io/share/bno055_io/cmake/export_bno055_ioExport.cmake
[7.357s] -- Installing: /home/ryuzot/ros2_main/install/bno055_io/share/bno055_io/cmake/export_bno055_ioExport-noconfig.cmake
[7.363s] Invoked command in '/home/ryuzot/ros2_main/build/bno055_io' returned '0': AMENT_PREFIX_PATH=/home/ryuzot/ros2_main/install/socketcan_interface:/home/ryuzot/ros2_main/install/socketcan_interface_msg:${AMENT_PREFIX_PATH} CMAKE_PREFIX_PATH=/home/ryuzot/ros2_main/install/socketcan_interface:/home/ryuzot/ros2_main/install/socketcan_interface_msg:/opt/ros/galactic LD_LIBRARY_PATH=/home/ryuzot/ros2_main/install/socketcan_interface/lib:/home/ryuzot/ros2_main/install/socketcan_interface_msg/lib:${LD_LIBRARY_PATH} PYTHONPATH=/home/ryuzot/ros2_main/install/socketcan_interface_msg/lib/python3.8/site-packages:${PYTHONPATH} /usr/bin/cmake --install /home/ryuzot/ros2_main/build/bno055_io
