[0.294s] DEBUG:colcon:Command line arguments: ['/usr/bin/colcon', 'build', '--packages-select', 'lidar_vel']
[0.294s] DEBUG:colcon:Parsed command line arguments: Namespace(allow_overriding=[], ament_cmake_args=None, base_paths=['.'], build_base='build', catkin_cmake_args=None, catkin_skip_building_tests=False, cmake_args=None, cmake_clean_cache=False, cmake_clean_first=False, cmake_force_configure=False, cmake_target=None, cmake_target_skip_unavailable=False, continue_on_error=False, event_handlers=None, executor='parallel', ignore_user_meta=False, install_base='install', log_base=None, log_level=None, main=<bound method BuildVerb.main of <colcon_core.verb.build.BuildVerb object at 0x7f4efa8dd5b0>>, merge_install=False, metas=['./colcon.meta'], packages_above=None, packages_above_and_dependencies=None, packages_above_depth=None, packages_end=None, packages_ignore=None, packages_ignore_regex=None, packages_select=['lidar_vel'], packages_select_build_failed=False, packages_select_by_dep=None, packages_select_regex=None, packages_select_test_failures=False, packages_skip=None, packages_skip_build_finished=False, packages_skip_by_dep=None, packages_skip_regex=None, packages_skip_test_passed=False, packages_skip_up_to=None, packages_start=None, packages_up_to=None, packages_up_to_regex=None, parallel_workers=8, paths=None, symlink_install=False, test_result_base=None, verb_extension=<colcon_core.verb.build.BuildVerb object at 0x7f4efa8dd5b0>, verb_name='build', verb_parser=<colcon_defaults.argument_parser.defaults.DefaultArgumentsDecorator object at 0x7f4efa8ddaf0>)
[0.302s] Level 1:colcon.colcon_core.package_discovery:discover_packages(colcon_meta) check parameters
[0.303s] Level 1:colcon.colcon_core.package_discovery:discover_packages(recursive) check parameters
[0.303s] Level 1:colcon.colcon_core.package_discovery:discover_packages(ignore) check parameters
[0.303s] Level 1:colcon.colcon_core.package_discovery:discover_packages(path) check parameters
[0.303s] Level 1:colcon.colcon_core.package_discovery:discover_packages(colcon_meta) discover
[0.303s] Level 1:colcon.colcon_core.package_discovery:discover_packages(recursive) discover
[0.304s] INFO:colcon.colcon_core.package_discovery:Crawling recursively for packages in '/home/kazuma/ros2_ws_2/ros2_main'
[0.304s] Level 1:colcon.colcon_core.package_identification:_identify(.) by extensions ['ignore', 'ignore_ament_install']
[0.304s] Level 1:colcon.colcon_core.package_identification:_identify(.) by extension 'ignore'
[0.304s] Level 1:colcon.colcon_core.package_identification:_identify(.) by extension 'ignore_ament_install'
[0.304s] Level 1:colcon.colcon_core.package_identification:_identify(.) by extensions ['colcon_pkg']
[0.305s] Level 1:colcon.colcon_core.package_identification:_identify(.) by extension 'colcon_pkg'
[0.305s] Level 1:colcon.colcon_core.package_identification:_identify(.) by extensions ['colcon_meta']
[0.305s] Level 1:colcon.colcon_core.package_identification:_identify(.) by extension 'colcon_meta'
[0.305s] Level 1:colcon.colcon_core.package_identification:_identify(.) by extensions ['ros']
[0.305s] Level 1:colcon.colcon_core.package_identification:_identify(.) by extension 'ros'
[0.322s] Level 1:colcon.colcon_core.package_identification:_identify(.) by extensions ['cmake', 'python']
[0.322s] Level 1:colcon.colcon_core.package_identification:_identify(.) by extension 'cmake'
[0.322s] Level 1:colcon.colcon_core.package_identification:_identify(.) by extension 'python'
[0.323s] Level 1:colcon.colcon_core.package_identification:_identify(.) by extensions ['python_setup_py']
[0.323s] Level 1:colcon.colcon_core.package_identification:_identify(.) by extension 'python_setup_py'
[0.323s] Level 1:colcon.colcon_core.package_identification:_identify(build) by extensions ['ignore', 'ignore_ament_install']
[0.323s] Level 1:colcon.colcon_core.package_identification:_identify(build) by extension 'ignore'
[0.323s] Level 1:colcon.colcon_core.package_identification:_identify(build) ignored
[0.324s] Level 1:colcon.colcon_core.package_identification:_identify(install) by extensions ['ignore', 'ignore_ament_install']
[0.324s] Level 1:colcon.colcon_core.package_identification:_identify(install) by extension 'ignore'
[0.324s] Level 1:colcon.colcon_core.package_identification:_identify(install) ignored
[0.324s] Level 1:colcon.colcon_core.package_identification:_identify(log) by extensions ['ignore', 'ignore_ament_install']
[0.324s] Level 1:colcon.colcon_core.package_identification:_identify(log) by extension 'ignore'
[0.324s] Level 1:colcon.colcon_core.package_identification:_identify(log) ignored
[0.325s] Level 1:colcon.colcon_core.package_identification:_identify(src) by extensions ['ignore', 'ignore_ament_install']
[0.325s] Level 1:colcon.colcon_core.package_identification:_identify(src) by extension 'ignore'
[0.325s] Level 1:colcon.colcon_core.package_identification:_identify(src) by extension 'ignore_ament_install'
[0.325s] Level 1:colcon.colcon_core.package_identification:_identify(src) by extensions ['colcon_pkg']
[0.325s] Level 1:colcon.colcon_core.package_identification:_identify(src) by extension 'colcon_pkg'
[0.325s] Level 1:colcon.colcon_core.package_identification:_identify(src) by extensions ['colcon_meta']
[0.325s] Level 1:colcon.colcon_core.package_identification:_identify(src) by extension 'colcon_meta'
[0.326s] Level 1:colcon.colcon_core.package_identification:_identify(src) by extensions ['ros']
[0.326s] Level 1:colcon.colcon_core.package_identification:_identify(src) by extension 'ros'
[0.326s] Level 1:colcon.colcon_core.package_identification:_identify(src) by extensions ['cmake', 'python']
[0.326s] Level 1:colcon.colcon_core.package_identification:_identify(src) by extension 'cmake'
[0.326s] Level 1:colcon.colcon_core.package_identification:_identify(src) by extension 'python'
[0.326s] Level 1:colcon.colcon_core.package_identification:_identify(src) by extensions ['python_setup_py']
[0.326s] Level 1:colcon.colcon_core.package_identification:_identify(src) by extension 'python_setup_py'
[0.327s] Level 1:colcon.colcon_core.package_identification:_identify(src/bno055_io) by extensions ['ignore', 'ignore_ament_install']
[0.327s] Level 1:colcon.colcon_core.package_identification:_identify(src/bno055_io) by extension 'ignore'
[0.327s] Level 1:colcon.colcon_core.package_identification:_identify(src/bno055_io) by extension 'ignore_ament_install'
[0.327s] Level 1:colcon.colcon_core.package_identification:_identify(src/bno055_io) by extensions ['colcon_pkg']
[0.327s] Level 1:colcon.colcon_core.package_identification:_identify(src/bno055_io) by extension 'colcon_pkg'
[0.327s] Level 1:colcon.colcon_core.package_identification:_identify(src/bno055_io) by extensions ['colcon_meta']
[0.328s] Level 1:colcon.colcon_core.package_identification:_identify(src/bno055_io) by extension 'colcon_meta'
[0.328s] Level 1:colcon.colcon_core.package_identification:_identify(src/bno055_io) by extensions ['ros']
[0.328s] Level 1:colcon.colcon_core.package_identification:_identify(src/bno055_io) by extension 'ros'
[0.332s] DEBUG:colcon.colcon_core.package_identification:Package 'src/bno055_io' with type 'ros.ament_cmake' and name 'bno055_io'
[0.332s] Level 1:colcon.colcon_core.package_identification:_identify(src/csm) by extensions ['ignore', 'ignore_ament_install']
[0.332s] Level 1:colcon.colcon_core.package_identification:_identify(src/csm) by extension 'ignore'
[0.333s] Level 1:colcon.colcon_core.package_identification:_identify(src/csm) by extension 'ignore_ament_install'
[0.333s] Level 1:colcon.colcon_core.package_identification:_identify(src/csm) by extensions ['colcon_pkg']
[0.333s] Level 1:colcon.colcon_core.package_identification:_identify(src/csm) by extension 'colcon_pkg'
[0.333s] Level 1:colcon.colcon_core.package_identification:_identify(src/csm) by extensions ['colcon_meta']
[0.333s] Level 1:colcon.colcon_core.package_identification:_identify(src/csm) by extension 'colcon_meta'
[0.333s] Level 1:colcon.colcon_core.package_identification:_identify(src/csm) by extensions ['ros']
[0.333s] Level 1:colcon.colcon_core.package_identification:_identify(src/csm) by extension 'ros'
[0.334s] DEBUG:colcon.colcon_core.package_identification:Package 'src/csm' with type 'ros.ament_cmake' and name 'csm'
[0.334s] Level 1:colcon.colcon_core.package_identification:_identify(src/lidar_vel) by extensions ['ignore', 'ignore_ament_install']
[0.334s] Level 1:colcon.colcon_core.package_identification:_identify(src/lidar_vel) by extension 'ignore'
[0.334s] Level 1:colcon.colcon_core.package_identification:_identify(src/lidar_vel) by extension 'ignore_ament_install'
[0.334s] Level 1:colcon.colcon_core.package_identification:_identify(src/lidar_vel) by extensions ['colcon_pkg']
[0.335s] Level 1:colcon.colcon_core.package_identification:_identify(src/lidar_vel) by extension 'colcon_pkg'
[0.335s] Level 1:colcon.colcon_core.package_identification:_identify(src/lidar_vel) by extensions ['colcon_meta']
[0.335s] Level 1:colcon.colcon_core.package_identification:_identify(src/lidar_vel) by extension 'colcon_meta'
[0.335s] Level 1:colcon.colcon_core.package_identification:_identify(src/lidar_vel) by extensions ['ros']
[0.335s] Level 1:colcon.colcon_core.package_identification:_identify(src/lidar_vel) by extension 'ros'
[0.336s] DEBUG:colcon.colcon_core.package_identification:Package 'src/lidar_vel' with type 'ros.ament_cmake' and name 'lidar_vel'
[0.336s] Level 1:colcon.colcon_core.package_identification:_identify(src/main_executor) by extensions ['ignore', 'ignore_ament_install']
[0.336s] Level 1:colcon.colcon_core.package_identification:_identify(src/main_executor) by extension 'ignore'
[0.337s] Level 1:colcon.colcon_core.package_identification:_identify(src/main_executor) by extension 'ignore_ament_install'
[0.337s] Level 1:colcon.colcon_core.package_identification:_identify(src/main_executor) by extensions ['colcon_pkg']
[0.337s] Level 1:colcon.colcon_core.package_identification:_identify(src/main_executor) by extension 'colcon_pkg'
[0.337s] Level 1:colcon.colcon_core.package_identification:_identify(src/main_executor) by extensions ['colcon_meta']
[0.337s] Level 1:colcon.colcon_core.package_identification:_identify(src/main_executor) by extension 'colcon_meta'
[0.337s] Level 1:colcon.colcon_core.package_identification:_identify(src/main_executor) by extensions ['ros']
[0.337s] Level 1:colcon.colcon_core.package_identification:_identify(src/main_executor) by extension 'ros'
[0.339s] DEBUG:colcon.colcon_core.package_identification:Package 'src/main_executor' with type 'ros.ament_cmake' and name 'main_executor'
[0.339s] Level 1:colcon.colcon_core.package_identification:_identify(src/ros2_laser_scan_matcher) by extensions ['ignore', 'ignore_ament_install']
[0.339s] Level 1:colcon.colcon_core.package_identification:_identify(src/ros2_laser_scan_matcher) by extension 'ignore'
[0.339s] Level 1:colcon.colcon_core.package_identification:_identify(src/ros2_laser_scan_matcher) by extension 'ignore_ament_install'
[0.339s] Level 1:colcon.colcon_core.package_identification:_identify(src/ros2_laser_scan_matcher) by extensions ['colcon_pkg']
[0.339s] Level 1:colcon.colcon_core.package_identification:_identify(src/ros2_laser_scan_matcher) by extension 'colcon_pkg'
[0.340s] Level 1:colcon.colcon_core.package_identification:_identify(src/ros2_laser_scan_matcher) by extensions ['colcon_meta']
[0.340s] Level 1:colcon.colcon_core.package_identification:_identify(src/ros2_laser_scan_matcher) by extension 'colcon_meta'
[0.340s] Level 1:colcon.colcon_core.package_identification:_identify(src/ros2_laser_scan_matcher) by extensions ['ros']
[0.340s] Level 1:colcon.colcon_core.package_identification:_identify(src/ros2_laser_scan_matcher) by extension 'ros'
[0.341s] DEBUG:colcon.colcon_core.package_identification:Package 'src/ros2_laser_scan_matcher' with type 'ros.ament_cmake' and name 'ros2_laser_scan_matcher'
[0.341s] Level 1:colcon.colcon_core.package_identification:_identify(src/slam_toolbox) by extensions ['ignore', 'ignore_ament_install']
[0.341s] Level 1:colcon.colcon_core.package_identification:_identify(src/slam_toolbox) by extension 'ignore'
[0.341s] Level 1:colcon.colcon_core.package_identification:_identify(src/slam_toolbox) by extension 'ignore_ament_install'
[0.342s] Level 1:colcon.colcon_core.package_identification:_identify(src/slam_toolbox) by extensions ['colcon_pkg']
[0.342s] Level 1:colcon.colcon_core.package_identification:_identify(src/slam_toolbox) by extension 'colcon_pkg'
[0.342s] Level 1:colcon.colcon_core.package_identification:_identify(src/slam_toolbox) by extensions ['colcon_meta']
[0.342s] Level 1:colcon.colcon_core.package_identification:_identify(src/slam_toolbox) by extension 'colcon_meta'
[0.342s] Level 1:colcon.colcon_core.package_identification:_identify(src/slam_toolbox) by extensions ['ros']
[0.342s] Level 1:colcon.colcon_core.package_identification:_identify(src/slam_toolbox) by extension 'ros'
[0.344s] DEBUG:colcon.colcon_core.package_identification:Package 'src/slam_toolbox' with type 'ros.ament_cmake' and name 'slam_toolbox'
[0.344s] Level 1:colcon.colcon_core.package_identification:_identify(src/socketcan_interface) by extensions ['ignore', 'ignore_ament_install']
[0.344s] Level 1:colcon.colcon_core.package_identification:_identify(src/socketcan_interface) by extension 'ignore'
[0.344s] Level 1:colcon.colcon_core.package_identification:_identify(src/socketcan_interface) by extension 'ignore_ament_install'
[0.344s] Level 1:colcon.colcon_core.package_identification:_identify(src/socketcan_interface) by extensions ['colcon_pkg']
[0.345s] Level 1:colcon.colcon_core.package_identification:_identify(src/socketcan_interface) by extension 'colcon_pkg'
[0.345s] Level 1:colcon.colcon_core.package_identification:_identify(src/socketcan_interface) by extensions ['colcon_meta']
[0.345s] Level 1:colcon.colcon_core.package_identification:_identify(src/socketcan_interface) by extension 'colcon_meta'
[0.345s] Level 1:colcon.colcon_core.package_identification:_identify(src/socketcan_interface) by extensions ['ros']
[0.345s] Level 1:colcon.colcon_core.package_identification:_identify(src/socketcan_interface) by extension 'ros'
[0.346s] DEBUG:colcon.colcon_core.package_identification:Package 'src/socketcan_interface' with type 'ros.ament_cmake' and name 'socketcan_interface'
[0.346s] Level 1:colcon.colcon_core.package_identification:_identify(src/socketcan_interface_msg) by extensions ['ignore', 'ignore_ament_install']
[0.346s] Level 1:colcon.colcon_core.package_identification:_identify(src/socketcan_interface_msg) by extension 'ignore'
[0.346s] Level 1:colcon.colcon_core.package_identification:_identify(src/socketcan_interface_msg) by extension 'ignore_ament_install'
[0.346s] Level 1:colcon.colcon_core.package_identification:_identify(src/socketcan_interface_msg) by extensions ['colcon_pkg']
[0.346s] Level 1:colcon.colcon_core.package_identification:_identify(src/socketcan_interface_msg) by extension 'colcon_pkg'
[0.346s] Level 1:colcon.colcon_core.package_identification:_identify(src/socketcan_interface_msg) by extensions ['colcon_meta']
[0.346s] Level 1:colcon.colcon_core.package_identification:_identify(src/socketcan_interface_msg) by extension 'colcon_meta'
[0.346s] Level 1:colcon.colcon_core.package_identification:_identify(src/socketcan_interface_msg) by extensions ['ros']
[0.346s] Level 1:colcon.colcon_core.package_identification:_identify(src/socketcan_interface_msg) by extension 'ros'
[0.347s] DEBUG:colcon.colcon_core.package_identification:Package 'src/socketcan_interface_msg' with type 'ros.ament_cmake' and name 'socketcan_interface_msg'
[0.347s] Level 1:colcon.colcon_core.package_identification:_identify(src/urdf_test) by extensions ['ignore', 'ignore_ament_install']
[0.347s] Level 1:colcon.colcon_core.package_identification:_identify(src/urdf_test) by extension 'ignore'
[0.347s] Level 1:colcon.colcon_core.package_identification:_identify(src/urdf_test) by extension 'ignore_ament_install'
[0.347s] Level 1:colcon.colcon_core.package_identification:_identify(src/urdf_test) by extensions ['colcon_pkg']
[0.348s] Level 1:colcon.colcon_core.package_identification:_identify(src/urdf_test) by extension 'colcon_pkg'
[0.348s] Level 1:colcon.colcon_core.package_identification:_identify(src/urdf_test) by extensions ['colcon_meta']
[0.348s] Level 1:colcon.colcon_core.package_identification:_identify(src/urdf_test) by extension 'colcon_meta'
[0.348s] Level 1:colcon.colcon_core.package_identification:_identify(src/urdf_test) by extensions ['ros']
[0.348s] Level 1:colcon.colcon_core.package_identification:_identify(src/urdf_test) by extension 'ros'
[0.349s] DEBUG:colcon.colcon_core.package_identification:Package 'src/urdf_test' with type 'ros.ament_cmake' and name 'urdf_test'
[0.349s] Level 1:colcon.colcon_core.package_identification:_identify(src/urg) by extensions ['ignore', 'ignore_ament_install']
[0.349s] Level 1:colcon.colcon_core.package_identification:_identify(src/urg) by extension 'ignore'
[0.349s] Level 1:colcon.colcon_core.package_identification:_identify(src/urg) by extension 'ignore_ament_install'
[0.350s] Level 1:colcon.colcon_core.package_identification:_identify(src/urg) by extensions ['colcon_pkg']
[0.350s] Level 1:colcon.colcon_core.package_identification:_identify(src/urg) by extension 'colcon_pkg'
[0.350s] Level 1:colcon.colcon_core.package_identification:_identify(src/urg) by extensions ['colcon_meta']
[0.350s] Level 1:colcon.colcon_core.package_identification:_identify(src/urg) by extension 'colcon_meta'
[0.350s] Level 1:colcon.colcon_core.package_identification:_identify(src/urg) by extensions ['ros']
[0.350s] Level 1:colcon.colcon_core.package_identification:_identify(src/urg) by extension 'ros'
[0.351s] DEBUG:colcon.colcon_core.package_identification:Package 'src/urg' with type 'ros.ament_cmake' and name 'urg'
[0.351s] Level 1:colcon.colcon_core.package_identification:_identify(tools) by extensions ['ignore', 'ignore_ament_install']
[0.351s] Level 1:colcon.colcon_core.package_identification:_identify(tools) by extension 'ignore'
[0.351s] Level 1:colcon.colcon_core.package_identification:_identify(tools) by extension 'ignore_ament_install'
[0.352s] Level 1:colcon.colcon_core.package_identification:_identify(tools) by extensions ['colcon_pkg']
[0.352s] Level 1:colcon.colcon_core.package_identification:_identify(tools) by extension 'colcon_pkg'
[0.352s] Level 1:colcon.colcon_core.package_identification:_identify(tools) by extensions ['colcon_meta']
[0.352s] Level 1:colcon.colcon_core.package_identification:_identify(tools) by extension 'colcon_meta'
[0.352s] Level 1:colcon.colcon_core.package_identification:_identify(tools) by extensions ['ros']
[0.352s] Level 1:colcon.colcon_core.package_identification:_identify(tools) by extension 'ros'
[0.352s] Level 1:colcon.colcon_core.package_identification:_identify(tools) by extensions ['cmake', 'python']
[0.352s] Level 1:colcon.colcon_core.package_identification:_identify(tools) by extension 'cmake'
[0.352s] Level 1:colcon.colcon_core.package_identification:_identify(tools) by extension 'python'
[0.353s] Level 1:colcon.colcon_core.package_identification:_identify(tools) by extensions ['python_setup_py']
[0.353s] Level 1:colcon.colcon_core.package_identification:_identify(tools) by extension 'python_setup_py'
[0.353s] Level 1:colcon.colcon_core.package_discovery:discover_packages(recursive) using defaults
[0.353s] Level 1:colcon.colcon_core.package_discovery:discover_packages(ignore) discover
[0.353s] Level 1:colcon.colcon_core.package_discovery:discover_packages(ignore) using defaults
[0.353s] Level 1:colcon.colcon_core.package_discovery:discover_packages(path) discover
[0.353s] Level 1:colcon.colcon_core.package_discovery:discover_packages(path) using defaults
[0.381s] INFO:colcon.colcon_core.package_selection:Skipping not selected package 'csm' in 'src/csm'
[0.381s] INFO:colcon.colcon_core.package_selection:Skipping not selected package 'slam_toolbox' in 'src/slam_toolbox'
[0.381s] INFO:colcon.colcon_core.package_selection:Skipping not selected package 'socketcan_interface_msg' in 'src/socketcan_interface_msg'
[0.381s] INFO:colcon.colcon_core.package_selection:Skipping not selected package 'urdf_test' in 'src/urdf_test'
[0.381s] INFO:colcon.colcon_core.package_selection:Skipping not selected package 'urg' in 'src/urg'
[0.381s] INFO:colcon.colcon_core.package_selection:Skipping not selected package 'ros2_laser_scan_matcher' in 'src/ros2_laser_scan_matcher'
[0.381s] INFO:colcon.colcon_core.package_selection:Skipping not selected package 'socketcan_interface' in 'src/socketcan_interface'
[0.381s] INFO:colcon.colcon_core.package_selection:Skipping not selected package 'bno055_io' in 'src/bno055_io'
[0.382s] INFO:colcon.colcon_core.package_selection:Skipping not selected package 'main_executor' in 'src/main_executor'
[0.383s] Level 5:colcon.colcon_core.verb:set package 'lidar_vel' build argument 'cmake_args' from command line to 'None'
[0.383s] Level 5:colcon.colcon_core.verb:set package 'lidar_vel' build argument 'cmake_target' from command line to 'None'
[0.383s] Level 5:colcon.colcon_core.verb:set package 'lidar_vel' build argument 'cmake_target_skip_unavailable' from command line to 'False'
[0.383s] Level 5:colcon.colcon_core.verb:set package 'lidar_vel' build argument 'cmake_clean_cache' from command line to 'False'
[0.383s] Level 5:colcon.colcon_core.verb:set package 'lidar_vel' build argument 'cmake_clean_first' from command line to 'False'
[0.383s] Level 5:colcon.colcon_core.verb:set package 'lidar_vel' build argument 'cmake_force_configure' from command line to 'False'
[0.383s] Level 5:colcon.colcon_core.verb:set package 'lidar_vel' build argument 'ament_cmake_args' from command line to 'None'
[0.383s] Level 5:colcon.colcon_core.verb:set package 'lidar_vel' build argument 'catkin_cmake_args' from command line to 'None'
[0.384s] Level 5:colcon.colcon_core.verb:set package 'lidar_vel' build argument 'catkin_skip_building_tests' from command line to 'False'
[0.384s] DEBUG:colcon.colcon_core.verb:Building package 'lidar_vel' with the following arguments: {'ament_cmake_args': None, 'build_base': '/home/kazuma/ros2_ws_2/ros2_main/build/lidar_vel', 'catkin_cmake_args': None, 'catkin_skip_building_tests': False, 'cmake_args': None, 'cmake_clean_cache': False, 'cmake_clean_first': False, 'cmake_force_configure': False, 'cmake_target': None, 'cmake_target_skip_unavailable': False, 'install_base': '/home/kazuma/ros2_ws_2/ros2_main/install/lidar_vel', 'merge_install': False, 'path': '/home/kazuma/ros2_ws_2/ros2_main/src/lidar_vel', 'symlink_install': False, 'test_result_base': None}
[0.400s] INFO:colcon.colcon_core.executor:Executing jobs using 'parallel' executor
[0.404s] DEBUG:colcon.colcon_parallel_executor.executor.parallel:run_until_complete
[0.404s] INFO:colcon.colcon_ros.task.ament_cmake.build:Building ROS package in '/home/kazuma/ros2_ws_2/ros2_main/src/lidar_vel' with build type 'ament_cmake'
[0.404s] INFO:colcon.colcon_cmake.task.cmake.build:Building CMake package in '/home/kazuma/ros2_ws_2/ros2_main/src/lidar_vel'
[0.414s] INFO:colcon.colcon_core.plugin_system:Skipping extension 'colcon_core.shell.bat': Not used on non-Windows systems
[0.415s] INFO:colcon.colcon_core.shell:Skip shell extension 'powershell' for command environment: Not usable outside of PowerShell
[0.415s] DEBUG:colcon.colcon_core.shell:Skip shell extension 'dsv' for command environment
[0.550s] DEBUG:colcon.colcon_core.event_handler.log_command:Invoking command in '/home/kazuma/ros2_ws_2/ros2_main/build/lidar_vel': AMENT_PREFIX_PATH=/home/kazuma/ros2_ws_2/ros2_main/install/csm:${AMENT_PREFIX_PATH} CMAKE_PREFIX_PATH=/home/kazuma/ros2_ws_2/ros2_main/install/csm:/home/kazuma/ros2_ws/install/tutorial_topic:/home/kazuma/ros2_ws/install/tutorial_package:/home/kazuma/ros2_ws/install/turtlebot3_simulations:/home/kazuma/ros2_ws/install/turtlebot3_gazebo:/home/kazuma/ros2_ws/install/turtlebot3_fake_node:/home/kazuma/ros2_ws/install/nav2_system_tests:/home/kazuma/ros2_ws/install/nav2_bringup:/home/kazuma/ros2_ws/install/navigation2:/home/kazuma/ros2_ws/install/smac_planner:/home/kazuma/ros2_ws/install/slam_toolbox:/home/kazuma/ros2_ws/install/nav2_dwb_controller:/home/kazuma/ros2_ws/install/nav2_controller:/home/kazuma/ros2_ws/install/dwb_plugins:/home/kazuma/ros2_ws/install/dwb_critics:/home/kazuma/ros2_ws/install/dwb_core:/home/kazuma/ros2_ws/install/nav_2d_utils:/home/kazuma/ros2_ws/install/dwb_msgs:/home/kazuma/ros2_ws/install/nav_2d_msgs:/home/kazuma/ros2_ws/install/nav2_waypoint_follower:/home/kazuma/ros2_ws/install/nav2_regulated_pure_pursuit_controller:/home/kazuma/ros2_ws/install/nav2_recoveries:/home/kazuma/ros2_ws/install/nav2_planner:/home/kazuma/ros2_ws/install/nav2_navfn_planner:/home/kazuma/ros2_ws/install/nav2_core:/home/kazuma/ros2_ws/install/costmap_queue:/home/kazuma/ros2_ws/install/nav2_costmap_2d:/home/kazuma/ros2_ws/install/nav2_voxel_grid:/home/kazuma/ros2_ws/install/nav2_rviz_plugins:/home/kazuma/ros2_ws/install/nav2_map_server:/home/kazuma/ros2_ws/install/nav2_lifecycle_manager:/home/kazuma/ros2_ws/install/nav2_bt_navigator:/home/kazuma/ros2_ws/install/nav2_behavior_tree:/home/kazuma/ros2_ws/install/nav2_amcl:/home/kazuma/ros2_ws/install/nav2_util:/home/kazuma/ros2_ws/install/nav2_common:/home/kazuma/ros2_ws_2/install/urg:/home/kazuma/ros2_ws_2/install/urdf_tutorial:/home/kazuma/ros2_ws_2/install/turtlebot3_msgs:/home/kazuma/ros2_ws_2/install/turtlebot3_gazebo:/home/kazuma/ros2_ws_2/install/turtlebot3_description:/home/kazuma/ros2_ws_2/install/turtlebot3_cartographer:/home/kazuma/ros2_ws_2/install/nav2_system_tests:/home/kazuma/ros2_ws_2/install/nav2_bringup:/home/kazuma/ros2_ws_2/install/navigation2:/home/kazuma/ros2_ws_2/install/smac_planner:/home/kazuma/ros2_ws_2/install/slam_toolbox:/home/kazuma/ros2_ws_2/install/send_goal_2:/home/kazuma/ros2_ws_2/install/send_goal:/home/kazuma/ros2_ws_2/install/nav2_dwb_controller:/home/kazuma/ros2_ws_2/install/nav2_controller:/home/kazuma/ros2_ws_2/install/dwb_plugins:/home/kazuma/ros2_ws_2/install/dwb_critics:/home/kazuma/ros2_ws_2/install/dwb_core:/home/kazuma/ros2_ws_2/install/nav_2d_utils:/home/kazuma/ros2_ws_2/install/dwb_msgs:/home/kazuma/ros2_ws_2/install/nav_2d_msgs:/home/kazuma/ros2_ws_2/install/nav2_waypoint_follower:/home/kazuma/ros2_ws_2/install/nav2_regulated_pure_pursuit_controller:/home/kazuma/ros2_ws_2/install/nav2_recoveries:/home/kazuma/ros2_ws_2/install/nav2_planner:/home/kazuma/ros2_ws_2/install/nav2_navfn_planner:/home/kazuma/ros2_ws_2/install/nav2_core:/home/kazuma/ros2_ws_2/install/costmap_queue:/home/kazuma/ros2_ws_2/install/nav2_costmap_2d:/home/kazuma/ros2_ws_2/install/nav2_voxel_grid:/home/kazuma/ros2_ws_2/install/nav2_rviz_plugins:/home/kazuma/ros2_ws_2/install/nav2_map_server:/home/kazuma/ros2_ws_2/install/nav2_lifecycle_manager:/home/kazuma/ros2_ws_2/install/nav2_bt_navigator:/home/kazuma/ros2_ws_2/install/nav2_behavior_tree:/home/kazuma/ros2_ws_2/install/nav2_amcl:/home/kazuma/ros2_ws_2/install/nav2_util:/home/kazuma/ros2_ws_2/install/nav2_msgs:/home/kazuma/ros2_ws_2/install/nav2_common:/home/kazuma/ros2_ws_2/install/dynamixel_sdk_examples:/home/kazuma/ros2_ws_2/install/dynamixel_sdk_custom_interfaces:/home/kazuma/ros2_ws_2/install/dynamixel_sdk:/home/kazuma/ros2_ws/install/nav2_msgs:/home/kazuma/ros2_ws/install/nav2_gazebo_spawner:/home/kazuma/ros2_ws_2/install/turtlebot3_teleop:/home/kazuma/ros2_ws_2/install/turtlebot3_example:/home/kazuma/ros2_ws_2/install/nav2_gazebo_spawner:/opt/ros/foxy LD_LIBRARY_PATH=/home/kazuma/ros2_ws_2/ros2_main/install/csm/lib:${LD_LIBRARY_PATH} /usr/bin/cmake --build /home/kazuma/ros2_ws_2/ros2_main/build/lidar_vel -- -j8 -l8
[11.762s] DEBUG:colcon.colcon_core.event_handler.log_command:Invoked command in '/home/kazuma/ros2_ws_2/ros2_main/build/lidar_vel' returned '0': AMENT_PREFIX_PATH=/home/kazuma/ros2_ws_2/ros2_main/install/csm:${AMENT_PREFIX_PATH} CMAKE_PREFIX_PATH=/home/kazuma/ros2_ws_2/ros2_main/install/csm:/home/kazuma/ros2_ws/install/tutorial_topic:/home/kazuma/ros2_ws/install/tutorial_package:/home/kazuma/ros2_ws/install/turtlebot3_simulations:/home/kazuma/ros2_ws/install/turtlebot3_gazebo:/home/kazuma/ros2_ws/install/turtlebot3_fake_node:/home/kazuma/ros2_ws/install/nav2_system_tests:/home/kazuma/ros2_ws/install/nav2_bringup:/home/kazuma/ros2_ws/install/navigation2:/home/kazuma/ros2_ws/install/smac_planner:/home/kazuma/ros2_ws/install/slam_toolbox:/home/kazuma/ros2_ws/install/nav2_dwb_controller:/home/kazuma/ros2_ws/install/nav2_controller:/home/kazuma/ros2_ws/install/dwb_plugins:/home/kazuma/ros2_ws/install/dwb_critics:/home/kazuma/ros2_ws/install/dwb_core:/home/kazuma/ros2_ws/install/nav_2d_utils:/home/kazuma/ros2_ws/install/dwb_msgs:/home/kazuma/ros2_ws/install/nav_2d_msgs:/home/kazuma/ros2_ws/install/nav2_waypoint_follower:/home/kazuma/ros2_ws/install/nav2_regulated_pure_pursuit_controller:/home/kazuma/ros2_ws/install/nav2_recoveries:/home/kazuma/ros2_ws/install/nav2_planner:/home/kazuma/ros2_ws/install/nav2_navfn_planner:/home/kazuma/ros2_ws/install/nav2_core:/home/kazuma/ros2_ws/install/costmap_queue:/home/kazuma/ros2_ws/install/nav2_costmap_2d:/home/kazuma/ros2_ws/install/nav2_voxel_grid:/home/kazuma/ros2_ws/install/nav2_rviz_plugins:/home/kazuma/ros2_ws/install/nav2_map_server:/home/kazuma/ros2_ws/install/nav2_lifecycle_manager:/home/kazuma/ros2_ws/install/nav2_bt_navigator:/home/kazuma/ros2_ws/install/nav2_behavior_tree:/home/kazuma/ros2_ws/install/nav2_amcl:/home/kazuma/ros2_ws/install/nav2_util:/home/kazuma/ros2_ws/install/nav2_common:/home/kazuma/ros2_ws_2/install/urg:/home/kazuma/ros2_ws_2/install/urdf_tutorial:/home/kazuma/ros2_ws_2/install/turtlebot3_msgs:/home/kazuma/ros2_ws_2/install/turtlebot3_gazebo:/home/kazuma/ros2_ws_2/install/turtlebot3_description:/home/kazuma/ros2_ws_2/install/turtlebot3_cartographer:/home/kazuma/ros2_ws_2/install/nav2_system_tests:/home/kazuma/ros2_ws_2/install/nav2_bringup:/home/kazuma/ros2_ws_2/install/navigation2:/home/kazuma/ros2_ws_2/install/smac_planner:/home/kazuma/ros2_ws_2/install/slam_toolbox:/home/kazuma/ros2_ws_2/install/send_goal_2:/home/kazuma/ros2_ws_2/install/send_goal:/home/kazuma/ros2_ws_2/install/nav2_dwb_controller:/home/kazuma/ros2_ws_2/install/nav2_controller:/home/kazuma/ros2_ws_2/install/dwb_plugins:/home/kazuma/ros2_ws_2/install/dwb_critics:/home/kazuma/ros2_ws_2/install/dwb_core:/home/kazuma/ros2_ws_2/install/nav_2d_utils:/home/kazuma/ros2_ws_2/install/dwb_msgs:/home/kazuma/ros2_ws_2/install/nav_2d_msgs:/home/kazuma/ros2_ws_2/install/nav2_waypoint_follower:/home/kazuma/ros2_ws_2/install/nav2_regulated_pure_pursuit_controller:/home/kazuma/ros2_ws_2/install/nav2_recoveries:/home/kazuma/ros2_ws_2/install/nav2_planner:/home/kazuma/ros2_ws_2/install/nav2_navfn_planner:/home/kazuma/ros2_ws_2/install/nav2_core:/home/kazuma/ros2_ws_2/install/costmap_queue:/home/kazuma/ros2_ws_2/install/nav2_costmap_2d:/home/kazuma/ros2_ws_2/install/nav2_voxel_grid:/home/kazuma/ros2_ws_2/install/nav2_rviz_plugins:/home/kazuma/ros2_ws_2/install/nav2_map_server:/home/kazuma/ros2_ws_2/install/nav2_lifecycle_manager:/home/kazuma/ros2_ws_2/install/nav2_bt_navigator:/home/kazuma/ros2_ws_2/install/nav2_behavior_tree:/home/kazuma/ros2_ws_2/install/nav2_amcl:/home/kazuma/ros2_ws_2/install/nav2_util:/home/kazuma/ros2_ws_2/install/nav2_msgs:/home/kazuma/ros2_ws_2/install/nav2_common:/home/kazuma/ros2_ws_2/install/dynamixel_sdk_examples:/home/kazuma/ros2_ws_2/install/dynamixel_sdk_custom_interfaces:/home/kazuma/ros2_ws_2/install/dynamixel_sdk:/home/kazuma/ros2_ws/install/nav2_msgs:/home/kazuma/ros2_ws/install/nav2_gazebo_spawner:/home/kazuma/ros2_ws_2/install/turtlebot3_teleop:/home/kazuma/ros2_ws_2/install/turtlebot3_example:/home/kazuma/ros2_ws_2/install/nav2_gazebo_spawner:/opt/ros/foxy LD_LIBRARY_PATH=/home/kazuma/ros2_ws_2/ros2_main/install/csm/lib:${LD_LIBRARY_PATH} /usr/bin/cmake --build /home/kazuma/ros2_ws_2/ros2_main/build/lidar_vel -- -j8 -l8
[11.841s] DEBUG:colcon.colcon_core.event_handler.log_command:Invoking command in '/home/kazuma/ros2_ws_2/ros2_main/build/lidar_vel': AMENT_PREFIX_PATH=/home/kazuma/ros2_ws_2/ros2_main/install/csm:${AMENT_PREFIX_PATH} CMAKE_PREFIX_PATH=/home/kazuma/ros2_ws_2/ros2_main/install/csm:/home/kazuma/ros2_ws/install/tutorial_topic:/home/kazuma/ros2_ws/install/tutorial_package:/home/kazuma/ros2_ws/install/turtlebot3_simulations:/home/kazuma/ros2_ws/install/turtlebot3_gazebo:/home/kazuma/ros2_ws/install/turtlebot3_fake_node:/home/kazuma/ros2_ws/install/nav2_system_tests:/home/kazuma/ros2_ws/install/nav2_bringup:/home/kazuma/ros2_ws/install/navigation2:/home/kazuma/ros2_ws/install/smac_planner:/home/kazuma/ros2_ws/install/slam_toolbox:/home/kazuma/ros2_ws/install/nav2_dwb_controller:/home/kazuma/ros2_ws/install/nav2_controller:/home/kazuma/ros2_ws/install/dwb_plugins:/home/kazuma/ros2_ws/install/dwb_critics:/home/kazuma/ros2_ws/install/dwb_core:/home/kazuma/ros2_ws/install/nav_2d_utils:/home/kazuma/ros2_ws/install/dwb_msgs:/home/kazuma/ros2_ws/install/nav_2d_msgs:/home/kazuma/ros2_ws/install/nav2_waypoint_follower:/home/kazuma/ros2_ws/install/nav2_regulated_pure_pursuit_controller:/home/kazuma/ros2_ws/install/nav2_recoveries:/home/kazuma/ros2_ws/install/nav2_planner:/home/kazuma/ros2_ws/install/nav2_navfn_planner:/home/kazuma/ros2_ws/install/nav2_core:/home/kazuma/ros2_ws/install/costmap_queue:/home/kazuma/ros2_ws/install/nav2_costmap_2d:/home/kazuma/ros2_ws/install/nav2_voxel_grid:/home/kazuma/ros2_ws/install/nav2_rviz_plugins:/home/kazuma/ros2_ws/install/nav2_map_server:/home/kazuma/ros2_ws/install/nav2_lifecycle_manager:/home/kazuma/ros2_ws/install/nav2_bt_navigator:/home/kazuma/ros2_ws/install/nav2_behavior_tree:/home/kazuma/ros2_ws/install/nav2_amcl:/home/kazuma/ros2_ws/install/nav2_util:/home/kazuma/ros2_ws/install/nav2_common:/home/kazuma/ros2_ws_2/install/urg:/home/kazuma/ros2_ws_2/install/urdf_tutorial:/home/kazuma/ros2_ws_2/install/turtlebot3_msgs:/home/kazuma/ros2_ws_2/install/turtlebot3_gazebo:/home/kazuma/ros2_ws_2/install/turtlebot3_description:/home/kazuma/ros2_ws_2/install/turtlebot3_cartographer:/home/kazuma/ros2_ws_2/install/nav2_system_tests:/home/kazuma/ros2_ws_2/install/nav2_bringup:/home/kazuma/ros2_ws_2/install/navigation2:/home/kazuma/ros2_ws_2/install/smac_planner:/home/kazuma/ros2_ws_2/install/slam_toolbox:/home/kazuma/ros2_ws_2/install/send_goal_2:/home/kazuma/ros2_ws_2/install/send_goal:/home/kazuma/ros2_ws_2/install/nav2_dwb_controller:/home/kazuma/ros2_ws_2/install/nav2_controller:/home/kazuma/ros2_ws_2/install/dwb_plugins:/home/kazuma/ros2_ws_2/install/dwb_critics:/home/kazuma/ros2_ws_2/install/dwb_core:/home/kazuma/ros2_ws_2/install/nav_2d_utils:/home/kazuma/ros2_ws_2/install/dwb_msgs:/home/kazuma/ros2_ws_2/install/nav_2d_msgs:/home/kazuma/ros2_ws_2/install/nav2_waypoint_follower:/home/kazuma/ros2_ws_2/install/nav2_regulated_pure_pursuit_controller:/home/kazuma/ros2_ws_2/install/nav2_recoveries:/home/kazuma/ros2_ws_2/install/nav2_planner:/home/kazuma/ros2_ws_2/install/nav2_navfn_planner:/home/kazuma/ros2_ws_2/install/nav2_core:/home/kazuma/ros2_ws_2/install/costmap_queue:/home/kazuma/ros2_ws_2/install/nav2_costmap_2d:/home/kazuma/ros2_ws_2/install/nav2_voxel_grid:/home/kazuma/ros2_ws_2/install/nav2_rviz_plugins:/home/kazuma/ros2_ws_2/install/nav2_map_server:/home/kazuma/ros2_ws_2/install/nav2_lifecycle_manager:/home/kazuma/ros2_ws_2/install/nav2_bt_navigator:/home/kazuma/ros2_ws_2/install/nav2_behavior_tree:/home/kazuma/ros2_ws_2/install/nav2_amcl:/home/kazuma/ros2_ws_2/install/nav2_util:/home/kazuma/ros2_ws_2/install/nav2_msgs:/home/kazuma/ros2_ws_2/install/nav2_common:/home/kazuma/ros2_ws_2/install/dynamixel_sdk_examples:/home/kazuma/ros2_ws_2/install/dynamixel_sdk_custom_interfaces:/home/kazuma/ros2_ws_2/install/dynamixel_sdk:/home/kazuma/ros2_ws/install/nav2_msgs:/home/kazuma/ros2_ws/install/nav2_gazebo_spawner:/home/kazuma/ros2_ws_2/install/turtlebot3_teleop:/home/kazuma/ros2_ws_2/install/turtlebot3_example:/home/kazuma/ros2_ws_2/install/nav2_gazebo_spawner:/opt/ros/foxy LD_LIBRARY_PATH=/home/kazuma/ros2_ws_2/ros2_main/install/csm/lib:${LD_LIBRARY_PATH} /usr/bin/cmake --install /home/kazuma/ros2_ws_2/ros2_main/build/lidar_vel
[11.867s] Level 1:colcon.colcon_core.environment:create_environment_scripts_only(lidar_vel)
[11.869s] DEBUG:colcon.colcon_core.event_handler.log_command:Invoked command in '/home/kazuma/ros2_ws_2/ros2_main/build/lidar_vel' returned '0': AMENT_PREFIX_PATH=/home/kazuma/ros2_ws_2/ros2_main/install/csm:${AMENT_PREFIX_PATH} CMAKE_PREFIX_PATH=/home/kazuma/ros2_ws_2/ros2_main/install/csm:/home/kazuma/ros2_ws/install/tutorial_topic:/home/kazuma/ros2_ws/install/tutorial_package:/home/kazuma/ros2_ws/install/turtlebot3_simulations:/home/kazuma/ros2_ws/install/turtlebot3_gazebo:/home/kazuma/ros2_ws/install/turtlebot3_fake_node:/home/kazuma/ros2_ws/install/nav2_system_tests:/home/kazuma/ros2_ws/install/nav2_bringup:/home/kazuma/ros2_ws/install/navigation2:/home/kazuma/ros2_ws/install/smac_planner:/home/kazuma/ros2_ws/install/slam_toolbox:/home/kazuma/ros2_ws/install/nav2_dwb_controller:/home/kazuma/ros2_ws/install/nav2_controller:/home/kazuma/ros2_ws/install/dwb_plugins:/home/kazuma/ros2_ws/install/dwb_critics:/home/kazuma/ros2_ws/install/dwb_core:/home/kazuma/ros2_ws/install/nav_2d_utils:/home/kazuma/ros2_ws/install/dwb_msgs:/home/kazuma/ros2_ws/install/nav_2d_msgs:/home/kazuma/ros2_ws/install/nav2_waypoint_follower:/home/kazuma/ros2_ws/install/nav2_regulated_pure_pursuit_controller:/home/kazuma/ros2_ws/install/nav2_recoveries:/home/kazuma/ros2_ws/install/nav2_planner:/home/kazuma/ros2_ws/install/nav2_navfn_planner:/home/kazuma/ros2_ws/install/nav2_core:/home/kazuma/ros2_ws/install/costmap_queue:/home/kazuma/ros2_ws/install/nav2_costmap_2d:/home/kazuma/ros2_ws/install/nav2_voxel_grid:/home/kazuma/ros2_ws/install/nav2_rviz_plugins:/home/kazuma/ros2_ws/install/nav2_map_server:/home/kazuma/ros2_ws/install/nav2_lifecycle_manager:/home/kazuma/ros2_ws/install/nav2_bt_navigator:/home/kazuma/ros2_ws/install/nav2_behavior_tree:/home/kazuma/ros2_ws/install/nav2_amcl:/home/kazuma/ros2_ws/install/nav2_util:/home/kazuma/ros2_ws/install/nav2_common:/home/kazuma/ros2_ws_2/install/urg:/home/kazuma/ros2_ws_2/install/urdf_tutorial:/home/kazuma/ros2_ws_2/install/turtlebot3_msgs:/home/kazuma/ros2_ws_2/install/turtlebot3_gazebo:/home/kazuma/ros2_ws_2/install/turtlebot3_description:/home/kazuma/ros2_ws_2/install/turtlebot3_cartographer:/home/kazuma/ros2_ws_2/install/nav2_system_tests:/home/kazuma/ros2_ws_2/install/nav2_bringup:/home/kazuma/ros2_ws_2/install/navigation2:/home/kazuma/ros2_ws_2/install/smac_planner:/home/kazuma/ros2_ws_2/install/slam_toolbox:/home/kazuma/ros2_ws_2/install/send_goal_2:/home/kazuma/ros2_ws_2/install/send_goal:/home/kazuma/ros2_ws_2/install/nav2_dwb_controller:/home/kazuma/ros2_ws_2/install/nav2_controller:/home/kazuma/ros2_ws_2/install/dwb_plugins:/home/kazuma/ros2_ws_2/install/dwb_critics:/home/kazuma/ros2_ws_2/install/dwb_core:/home/kazuma/ros2_ws_2/install/nav_2d_utils:/home/kazuma/ros2_ws_2/install/dwb_msgs:/home/kazuma/ros2_ws_2/install/nav_2d_msgs:/home/kazuma/ros2_ws_2/install/nav2_waypoint_follower:/home/kazuma/ros2_ws_2/install/nav2_regulated_pure_pursuit_controller:/home/kazuma/ros2_ws_2/install/nav2_recoveries:/home/kazuma/ros2_ws_2/install/nav2_planner:/home/kazuma/ros2_ws_2/install/nav2_navfn_planner:/home/kazuma/ros2_ws_2/install/nav2_core:/home/kazuma/ros2_ws_2/install/costmap_queue:/home/kazuma/ros2_ws_2/install/nav2_costmap_2d:/home/kazuma/ros2_ws_2/install/nav2_voxel_grid:/home/kazuma/ros2_ws_2/install/nav2_rviz_plugins:/home/kazuma/ros2_ws_2/install/nav2_map_server:/home/kazuma/ros2_ws_2/install/nav2_lifecycle_manager:/home/kazuma/ros2_ws_2/install/nav2_bt_navigator:/home/kazuma/ros2_ws_2/install/nav2_behavior_tree:/home/kazuma/ros2_ws_2/install/nav2_amcl:/home/kazuma/ros2_ws_2/install/nav2_util:/home/kazuma/ros2_ws_2/install/nav2_msgs:/home/kazuma/ros2_ws_2/install/nav2_common:/home/kazuma/ros2_ws_2/install/dynamixel_sdk_examples:/home/kazuma/ros2_ws_2/install/dynamixel_sdk_custom_interfaces:/home/kazuma/ros2_ws_2/install/dynamixel_sdk:/home/kazuma/ros2_ws/install/nav2_msgs:/home/kazuma/ros2_ws/install/nav2_gazebo_spawner:/home/kazuma/ros2_ws_2/install/turtlebot3_teleop:/home/kazuma/ros2_ws_2/install/turtlebot3_example:/home/kazuma/ros2_ws_2/install/nav2_gazebo_spawner:/opt/ros/foxy LD_LIBRARY_PATH=/home/kazuma/ros2_ws_2/ros2_main/install/csm/lib:${LD_LIBRARY_PATH} /usr/bin/cmake --install /home/kazuma/ros2_ws_2/ros2_main/build/lidar_vel
[11.873s] Level 1:colcon.colcon_core.environment:checking '/home/kazuma/ros2_ws_2/ros2_main/install/lidar_vel' for CMake module files
[11.874s] Level 1:colcon.colcon_core.environment:checking '/home/kazuma/ros2_ws_2/ros2_main/install/lidar_vel' for CMake config files
[11.874s] Level 1:colcon.colcon_core.shell:create_environment_hook('lidar_vel', 'cmake_prefix_path')
[11.875s] INFO:colcon.colcon_core.shell:Creating environment hook '/home/kazuma/ros2_ws_2/ros2_main/install/lidar_vel/share/lidar_vel/hook/cmake_prefix_path.ps1'
[11.876s] INFO:colcon.colcon_core.shell:Creating environment descriptor '/home/kazuma/ros2_ws_2/ros2_main/install/lidar_vel/share/lidar_vel/hook/cmake_prefix_path.dsv'
[11.876s] INFO:colcon.colcon_core.shell:Creating environment hook '/home/kazuma/ros2_ws_2/ros2_main/install/lidar_vel/share/lidar_vel/hook/cmake_prefix_path.sh'
[11.877s] Level 1:colcon.colcon_core.environment:checking '/home/kazuma/ros2_ws_2/ros2_main/install/lidar_vel/lib'
[11.877s] Level 1:colcon.colcon_core.environment:checking '/home/kazuma/ros2_ws_2/ros2_main/install/lidar_vel/bin'
[11.877s] Level 1:colcon.colcon_core.environment:checking '/home/kazuma/ros2_ws_2/ros2_main/install/lidar_vel/lib/pkgconfig/lidar_vel.pc'
[11.878s] Level 1:colcon.colcon_core.environment:checking '/home/kazuma/ros2_ws_2/ros2_main/install/lidar_vel/lib/python3.8/site-packages'
[11.879s] INFO:colcon.colcon_core.shell:Creating package script '/home/kazuma/ros2_ws_2/ros2_main/install/lidar_vel/share/lidar_vel/package.ps1'
[11.880s] INFO:colcon.colcon_core.shell:Creating package descriptor '/home/kazuma/ros2_ws_2/ros2_main/install/lidar_vel/share/lidar_vel/package.dsv'
[11.881s] INFO:colcon.colcon_core.shell:Creating package script '/home/kazuma/ros2_ws_2/ros2_main/install/lidar_vel/share/lidar_vel/package.sh'
[11.883s] INFO:colcon.colcon_core.shell:Creating package script '/home/kazuma/ros2_ws_2/ros2_main/install/lidar_vel/share/lidar_vel/package.bash'
[11.883s] INFO:colcon.colcon_core.shell:Creating package script '/home/kazuma/ros2_ws_2/ros2_main/install/lidar_vel/share/lidar_vel/package.zsh'
[11.884s] Level 1:colcon.colcon_core.environment:create_file_with_runtime_dependencies(/home/kazuma/ros2_ws_2/ros2_main/install/lidar_vel/share/colcon-core/packages/lidar_vel)
[11.931s] Level 1:colcon.colcon_core.environment:create_environment_scripts_only(lidar_vel)
[11.932s] Level 1:colcon.colcon_core.environment:checking '/home/kazuma/ros2_ws_2/ros2_main/install/lidar_vel' for CMake module files
[11.933s] Level 1:colcon.colcon_core.environment:checking '/home/kazuma/ros2_ws_2/ros2_main/install/lidar_vel' for CMake config files
[11.933s] Level 1:colcon.colcon_core.shell:create_environment_hook('lidar_vel', 'cmake_prefix_path')
[11.934s] INFO:colcon.colcon_core.shell:Creating environment hook '/home/kazuma/ros2_ws_2/ros2_main/install/lidar_vel/share/lidar_vel/hook/cmake_prefix_path.ps1'
[11.935s] INFO:colcon.colcon_core.shell:Creating environment descriptor '/home/kazuma/ros2_ws_2/ros2_main/install/lidar_vel/share/lidar_vel/hook/cmake_prefix_path.dsv'
[11.936s] INFO:colcon.colcon_core.shell:Creating environment hook '/home/kazuma/ros2_ws_2/ros2_main/install/lidar_vel/share/lidar_vel/hook/cmake_prefix_path.sh'
[11.937s] Level 1:colcon.colcon_core.environment:checking '/home/kazuma/ros2_ws_2/ros2_main/install/lidar_vel/lib'
[11.937s] Level 1:colcon.colcon_core.environment:checking '/home/kazuma/ros2_ws_2/ros2_main/install/lidar_vel/bin'
[11.937s] Level 1:colcon.colcon_core.environment:checking '/home/kazuma/ros2_ws_2/ros2_main/install/lidar_vel/lib/pkgconfig/lidar_vel.pc'
[11.937s] Level 1:colcon.colcon_core.environment:checking '/home/kazuma/ros2_ws_2/ros2_main/install/lidar_vel/lib/python3.8/site-packages'
[11.939s] INFO:colcon.colcon_core.shell:Creating package script '/home/kazuma/ros2_ws_2/ros2_main/install/lidar_vel/share/lidar_vel/package.ps1'
[11.940s] INFO:colcon.colcon_core.shell:Creating package descriptor '/home/kazuma/ros2_ws_2/ros2_main/install/lidar_vel/share/lidar_vel/package.dsv'
[11.940s] INFO:colcon.colcon_core.shell:Creating package script '/home/kazuma/ros2_ws_2/ros2_main/install/lidar_vel/share/lidar_vel/package.sh'
[11.941s] INFO:colcon.colcon_core.shell:Creating package script '/home/kazuma/ros2_ws_2/ros2_main/install/lidar_vel/share/lidar_vel/package.bash'
[11.942s] INFO:colcon.colcon_core.shell:Creating package script '/home/kazuma/ros2_ws_2/ros2_main/install/lidar_vel/share/lidar_vel/package.zsh'
[11.942s] Level 1:colcon.colcon_core.environment:create_file_with_runtime_dependencies(/home/kazuma/ros2_ws_2/ros2_main/install/lidar_vel/share/colcon-core/packages/lidar_vel)
[11.943s] DEBUG:colcon.colcon_parallel_executor.executor.parallel:closing loop
[11.944s] DEBUG:colcon.colcon_parallel_executor.executor.parallel:loop closed
[11.944s] DEBUG:colcon.colcon_parallel_executor.executor.parallel:run_until_complete finished with '0'
[11.944s] DEBUG:colcon.colcon_core.event_reactor:joining thread
[12.005s] INFO:colcon.colcon_core.plugin_system:Skipping extension 'colcon_notification.desktop_notification.notify_send': Could not find 'notify-send'
[12.006s] INFO:colcon.colcon_core.plugin_system:Skipping extension 'colcon_notification.desktop_notification.terminal_notifier': Not used on non-Darwin systems
[12.006s] INFO:colcon.colcon_core.plugin_system:Skipping extension 'colcon_notification.desktop_notification.win32': Not used on non-Windows systems
[12.006s] INFO:colcon.colcon_notification.desktop_notification:Sending desktop notification using 'notify2'
[12.033s] DEBUG:colcon.colcon_notification.desktop_notification.notify2:Failed to initialize notify2: org.freedesktop.DBus.Error.ServiceUnknown: The name org.freedesktop.Notifications was not provided by any .service files
[12.034s] DEBUG:colcon.colcon_core.event_reactor:joined thread
[12.035s] INFO:colcon.colcon_core.shell:Creating prefix script '/home/kazuma/ros2_ws_2/ros2_main/install/local_setup.ps1'
[12.037s] INFO:colcon.colcon_core.shell:Creating prefix util module '/home/kazuma/ros2_ws_2/ros2_main/install/_local_setup_util_ps1.py'
[12.039s] INFO:colcon.colcon_core.shell:Creating prefix chain script '/home/kazuma/ros2_ws_2/ros2_main/install/setup.ps1'
[12.044s] INFO:colcon.colcon_core.shell:Creating prefix script '/home/kazuma/ros2_ws_2/ros2_main/install/local_setup.sh'
[12.045s] INFO:colcon.colcon_core.shell:Creating prefix util module '/home/kazuma/ros2_ws_2/ros2_main/install/_local_setup_util_sh.py'
[12.046s] INFO:colcon.colcon_core.shell:Creating prefix chain script '/home/kazuma/ros2_ws_2/ros2_main/install/setup.sh'
[12.054s] INFO:colcon.colcon_core.shell:Creating prefix script '/home/kazuma/ros2_ws_2/ros2_main/install/local_setup.bash'
[12.055s] INFO:colcon.colcon_core.shell:Creating prefix chain script '/home/kazuma/ros2_ws_2/ros2_main/install/setup.bash'
[12.061s] INFO:colcon.colcon_core.shell:Creating prefix script '/home/kazuma/ros2_ws_2/ros2_main/install/local_setup.zsh'
[12.061s] INFO:colcon.colcon_core.shell:Creating prefix chain script '/home/kazuma/ros2_ws_2/ros2_main/install/setup.zsh'
