[0.020s] Invoking command in '/home/ryuzot/ros2_main/build/socketcan_interface_msg': CMAKE_PREFIX_PATH=${CMAKE_PREFIX_PATH}:/opt/ros/galactic /usr/bin/cmake --build /home/ryuzot/ros2_main/build/socketcan_interface_msg -- -j24 -l24
[0.029s] ninja: no work to do.
[0.030s] Invoked command in '/home/ryuzot/ros2_main/build/socketcan_interface_msg' returned '0': CMAKE_PREFIX_PATH=${CMAKE_PREFIX_PATH}:/opt/ros/galactic /usr/bin/cmake --build /home/ryuzot/ros2_main/build/socketcan_interface_msg -- -j24 -l24
[0.051s] Invoking command in '/home/ryuzot/ros2_main/build/socketcan_interface_msg': CMAKE_PREFIX_PATH=${CMAKE_PREFIX_PATH}:/opt/ros/galactic /usr/bin/cmake --install /home/ryuzot/ros2_main/build/socketcan_interface_msg
[0.056s] -- Install configuration: ""
[0.057s] -- Execute custom install script
[0.057s] -- Up-to-date symlink: /home/ryuzot/ros2_main/install/socketcan_interface_msg/share/ament_index/resource_index/rosidl_interfaces/socketcan_interface_msg
[0.058s] -- Up-to-date symlink: /home/ryuzot/ros2_main/install/socketcan_interface_msg/include/socketcan_interface_msg/msg/detail/socketcan_if__functions.h
[0.058s] -- Up-to-date symlink: /home/ryuzot/ros2_main/install/socketcan_interface_msg/include/socketcan_interface_msg/msg/detail/socketcan_if__struct.h
[0.058s] -- Up-to-date symlink: /home/ryuzot/ros2_main/install/socketcan_interface_msg/include/socketcan_interface_msg/msg/detail/socketcan_if__type_support.h
[0.058s] -- Up-to-date symlink: /home/ryuzot/ros2_main/install/socketcan_interface_msg/include/socketcan_interface_msg/msg/rosidl_generator_c__visibility_control.h
[0.058s] -- Up-to-date symlink: /home/ryuzot/ros2_main/install/socketcan_interface_msg/include/socketcan_interface_msg/msg/socketcan_if.h
[0.058s] -- Up-to-date symlink: /home/ryuzot/ros2_main/install/socketcan_interface_msg/share/socketcan_interface_msg/environment/library_path.sh
[0.059s] -- Up-to-date symlink: /home/ryuzot/ros2_main/install/socketcan_interface_msg/share/socketcan_interface_msg/environment/library_path.dsv
[0.059s] -- Up-to-date symlink: /home/ryuzot/ros2_main/install/socketcan_interface_msg/include/socketcan_interface_msg/msg/detail/socketcan_if__rosidl_typesupport_fastrtps_c.h
[0.059s] -- Up-to-date symlink: /home/ryuzot/ros2_main/install/socketcan_interface_msg/include/socketcan_interface_msg/msg/rosidl_typesupport_fastrtps_c__visibility_control.h
[0.059s] -- Up-to-date symlink: /home/ryuzot/ros2_main/install/socketcan_interface_msg/lib/libsocketcan_interface_msg__rosidl_typesupport_fastrtps_c.so
[0.060s] -- Up-to-date symlink: /home/ryuzot/ros2_main/install/socketcan_interface_msg/include/socketcan_interface_msg/msg/detail/socketcan_if__rosidl_typesupport_fastrtps_cpp.hpp
[0.060s] -- Up-to-date symlink: /home/ryuzot/ros2_main/install/socketcan_interface_msg/include/socketcan_interface_msg/msg/rosidl_typesupport_fastrtps_cpp__visibility_control.h
[0.060s] -- Up-to-date symlink: /home/ryuzot/ros2_main/install/socketcan_interface_msg/lib/libsocketcan_interface_msg__rosidl_typesupport_fastrtps_cpp.so
[0.061s] -- Up-to-date symlink: /home/ryuzot/ros2_main/install/socketcan_interface_msg/include/socketcan_interface_msg/msg/detail/socketcan_if__rosidl_typesupport_introspection_c.h
[0.061s] -- Up-to-date symlink: /home/ryuzot/ros2_main/install/socketcan_interface_msg/include/socketcan_interface_msg/msg/rosidl_typesupport_introspection_c__visibility_control.h
[0.061s] -- Up-to-date symlink: /home/ryuzot/ros2_main/install/socketcan_interface_msg/include/socketcan_interface_msg/msg/detail/socketcan_if__builder.hpp
[0.061s] -- Up-to-date symlink: /home/ryuzot/ros2_main/install/socketcan_interface_msg/include/socketcan_interface_msg/msg/detail/socketcan_if__struct.hpp
[0.062s] -- Up-to-date symlink: /home/ryuzot/ros2_main/install/socketcan_interface_msg/include/socketcan_interface_msg/msg/detail/socketcan_if__traits.hpp
[0.062s] -- Up-to-date symlink: /home/ryuzot/ros2_main/install/socketcan_interface_msg/include/socketcan_interface_msg/msg/socketcan_if.hpp
[0.062s] -- Up-to-date symlink: /home/ryuzot/ros2_main/install/socketcan_interface_msg/include/socketcan_interface_msg/msg/detail/socketcan_if__rosidl_typesupport_introspection_cpp.hpp
[0.062s] -- Up-to-date symlink: /home/ryuzot/ros2_main/install/socketcan_interface_msg/share/socketcan_interface_msg/environment/pythonpath.sh
[0.062s] -- Up-to-date symlink: /home/ryuzot/ros2_main/install/socketcan_interface_msg/share/socketcan_interface_msg/environment/pythonpath.dsv
[0.063s] -- Up-to-date symlink: /home/ryuzot/ros2_main/install/socketcan_interface_msg/lib/python3.8/site-packages/socketcan_interface_msg/__init__.py
[0.063s] -- Up-to-date symlink: /home/ryuzot/ros2_main/install/socketcan_interface_msg/lib/python3.8/site-packages/socketcan_interface_msg/msg/__init__.py
[0.063s] -- Up-to-date symlink: /home/ryuzot/ros2_main/install/socketcan_interface_msg/lib/python3.8/site-packages/socketcan_interface_msg/msg/_socketcan_if.py
[0.063s] -- Up-to-date symlink: /home/ryuzot/ros2_main/install/socketcan_interface_msg/lib/python3.8/site-packages/socketcan_interface_msg/socketcan_interface_msg_s__rosidl_typesupport_fastrtps_c.cpython-38-x86_64-linux-gnu.so
[0.064s] -- Up-to-date symlink: /home/ryuzot/ros2_main/install/socketcan_interface_msg/lib/python3.8/site-packages/socketcan_interface_msg/socketcan_interface_msg_s__rosidl_typesupport_introspection_c.cpython-38-x86_64-linux-gnu.so
[0.064s] -- Up-to-date symlink: /home/ryuzot/ros2_main/install/socketcan_interface_msg/lib/python3.8/site-packages/socketcan_interface_msg/socketcan_interface_msg_s__rosidl_typesupport_c.cpython-38-x86_64-linux-gnu.so
[0.064s] -- Up-to-date symlink: /home/ryuzot/ros2_main/install/socketcan_interface_msg/lib/libsocketcan_interface_msg__python.so
[0.065s] -- Up-to-date symlink: /home/ryuzot/ros2_main/install/socketcan_interface_msg/share/socketcan_interface_msg/msg/SocketcanIF.idl
[0.065s] -- Up-to-date symlink: /home/ryuzot/ros2_main/install/socketcan_interface_msg/share/socketcan_interface_msg/msg/SocketcanIF.msg
[0.065s] -- Up-to-date symlink: /home/ryuzot/ros2_main/install/socketcan_interface_msg/share/ament_index/resource_index/package_run_dependencies/socketcan_interface_msg
[0.065s] -- Up-to-date symlink: /home/ryuzot/ros2_main/install/socketcan_interface_msg/share/ament_index/resource_index/parent_prefix_path/socketcan_interface_msg
[0.065s] -- Up-to-date symlink: /home/ryuzot/ros2_main/install/socketcan_interface_msg/share/socketcan_interface_msg/environment/ament_prefix_path.sh
[0.066s] -- Up-to-date symlink: /home/ryuzot/ros2_main/install/socketcan_interface_msg/share/socketcan_interface_msg/environment/ament_prefix_path.dsv
[0.066s] -- Up-to-date symlink: /home/ryuzot/ros2_main/install/socketcan_interface_msg/share/socketcan_interface_msg/environment/path.sh
[0.066s] -- Up-to-date symlink: /home/ryuzot/ros2_main/install/socketcan_interface_msg/share/socketcan_interface_msg/environment/path.dsv
[0.066s] -- Up-to-date symlink: /home/ryuzot/ros2_main/install/socketcan_interface_msg/share/socketcan_interface_msg/local_setup.bash
[0.066s] -- Up-to-date symlink: /home/ryuzot/ros2_main/install/socketcan_interface_msg/share/socketcan_interface_msg/local_setup.sh
[0.067s] -- Up-to-date symlink: /home/ryuzot/ros2_main/install/socketcan_interface_msg/share/socketcan_interface_msg/local_setup.zsh
[0.067s] -- Up-to-date symlink: /home/ryuzot/ros2_main/install/socketcan_interface_msg/share/socketcan_interface_msg/local_setup.dsv
[0.067s] -- Symlinking: /home/ryuzot/ros2_main/install/socketcan_interface_msg/share/socketcan_interface_msg/package.dsv
[0.073s] -- Up-to-date symlink: /home/ryuzot/ros2_main/install/socketcan_interface_msg/share/ament_index/resource_index/packages/socketcan_interface_msg
[0.073s] -- Up-to-date symlink: /home/ryuzot/ros2_main/install/socketcan_interface_msg/share/socketcan_interface_msg/cmake/rosidl_cmake-extras.cmake
[0.073s] -- Up-to-date symlink: /home/ryuzot/ros2_main/install/socketcan_interface_msg/share/socketcan_interface_msg/cmake/ament_cmake_export_dependencies-extras.cmake
[0.074s] -- Up-to-date symlink: /home/ryuzot/ros2_main/install/socketcan_interface_msg/share/socketcan_interface_msg/cmake/ament_cmake_export_libraries-extras.cmake
[0.074s] -- Up-to-date symlink: /home/ryuzot/ros2_main/install/socketcan_interface_msg/share/socketcan_interface_msg/cmake/ament_cmake_export_targets-extras.cmake
[0.074s] -- Up-to-date symlink: /home/ryuzot/ros2_main/install/socketcan_interface_msg/share/socketcan_interface_msg/cmake/ament_cmake_export_include_directories-extras.cmake
[0.074s] -- Up-to-date symlink: /home/ryuzot/ros2_main/install/socketcan_interface_msg/share/socketcan_interface_msg/cmake/rosidl_cmake_export_typesupport_libraries-extras.cmake
[0.074s] -- Up-to-date symlink: /home/ryuzot/ros2_main/install/socketcan_interface_msg/share/socketcan_interface_msg/cmake/rosidl_cmake_export_typesupport_targets-extras.cmake
[0.075s] -- Up-to-date symlink: /home/ryuzot/ros2_main/install/socketcan_interface_msg/share/socketcan_interface_msg/cmake/socketcan_interface_msgConfig.cmake
[0.075s] -- Up-to-date symlink: /home/ryuzot/ros2_main/install/socketcan_interface_msg/share/socketcan_interface_msg/cmake/socketcan_interface_msgConfig-version.cmake
[0.075s] -- Up-to-date symlink: /home/ryuzot/ros2_main/install/socketcan_interface_msg/share/socketcan_interface_msg/package.xml
[0.075s] -- Up-to-date: /home/ryuzot/ros2_main/install/socketcan_interface_msg/lib/libsocketcan_interface_msg__rosidl_generator_c.so
[0.076s] -- Up-to-date: /home/ryuzot/ros2_main/install/socketcan_interface_msg/lib/libsocketcan_interface_msg__rosidl_typesupport_introspection_c.so
[0.076s] -- Up-to-date: /home/ryuzot/ros2_main/install/socketcan_interface_msg/lib/libsocketcan_interface_msg__rosidl_typesupport_c.so
[0.076s] -- Up-to-date: /home/ryuzot/ros2_main/install/socketcan_interface_msg/lib/libsocketcan_interface_msg__rosidl_typesupport_introspection_cpp.so
[0.076s] -- Up-to-date: /home/ryuzot/ros2_main/install/socketcan_interface_msg/lib/libsocketcan_interface_msg__rosidl_typesupport_cpp.so
[0.099s] -- Up-to-date: /home/ryuzot/ros2_main/install/socketcan_interface_msg/share/socketcan_interface_msg/cmake/socketcan_interface_msg__rosidl_generator_cExport.cmake
[0.099s] -- Up-to-date: /home/ryuzot/ros2_main/install/socketcan_interface_msg/share/socketcan_interface_msg/cmake/socketcan_interface_msg__rosidl_generator_cExport-noconfig.cmake
[0.099s] -- Up-to-date: /home/ryuzot/ros2_main/install/socketcan_interface_msg/share/socketcan_interface_msg/cmake/socketcan_interface_msg__rosidl_typesupport_introspection_cExport.cmake
[0.099s] -- Up-to-date: /home/ryuzot/ros2_main/install/socketcan_interface_msg/share/socketcan_interface_msg/cmake/socketcan_interface_msg__rosidl_typesupport_introspection_cExport-noconfig.cmake
[0.100s] -- Up-to-date: /home/ryuzot/ros2_main/install/socketcan_interface_msg/share/socketcan_interface_msg/cmake/socketcan_interface_msg__rosidl_typesupport_cExport.cmake
[0.100s] -- Up-to-date: /home/ryuzot/ros2_main/install/socketcan_interface_msg/share/socketcan_interface_msg/cmake/socketcan_interface_msg__rosidl_typesupport_cExport-noconfig.cmake
[0.100s] -- Up-to-date: /home/ryuzot/ros2_main/install/socketcan_interface_msg/share/socketcan_interface_msg/cmake/socketcan_interface_msg__rosidl_generator_cppExport.cmake
[0.100s] -- Up-to-date: /home/ryuzot/ros2_main/install/socketcan_interface_msg/share/socketcan_interface_msg/cmake/socketcan_interface_msg__rosidl_typesupport_introspection_cppExport.cmake
[0.100s] -- Up-to-date: /home/ryuzot/ros2_main/install/socketcan_interface_msg/share/socketcan_interface_msg/cmake/socketcan_interface_msg__rosidl_typesupport_introspection_cppExport-noconfig.cmake
[0.100s] -- Up-to-date: /home/ryuzot/ros2_main/install/socketcan_interface_msg/share/socketcan_interface_msg/cmake/socketcan_interface_msg__rosidl_typesupport_cppExport.cmake
[0.100s] -- Up-to-date: /home/ryuzot/ros2_main/install/socketcan_interface_msg/share/socketcan_interface_msg/cmake/socketcan_interface_msg__rosidl_typesupport_cppExport-noconfig.cmake
[0.103s] Invoked command in '/home/ryuzot/ros2_main/build/socketcan_interface_msg' returned '0': CMAKE_PREFIX_PATH=${CMAKE_PREFIX_PATH}:/opt/ros/galactic /usr/bin/cmake --install /home/ryuzot/ros2_main/build/socketcan_interface_msg
