[0.029s] Invoking command in '/home/ryuzot/ros2_ws/build/main_executor': CMAKE_PREFIX_PATH=/opt/ros/galactic /usr/bin/cmake /home/ryuzot/ros2_ws/src/main_executor -DCMAKE_EXPORT_COMPILE_COMMANDS=ON -G Ninja -DCMAKE_INSTALL_PREFIX=/home/ryuzot/ros2_ws/install/main_executor
[0.210s] -- The C compiler identification is GNU 9.4.0
[0.487s] -- The CXX compiler identification is GNU 9.4.0
[0.636s] -- Check for working C compiler: /usr/bin/cc
[0.764s] -- Check for working C compiler: /usr/bin/cc -- works
[0.765s] -- Detecting C compiler ABI info
[0.890s] -- Detecting C compiler ABI info - done
[0.900s] -- Detecting C compile features
[0.901s] -- Detecting C compile features - done
[0.903s] -- Check for working CXX compiler: /usr/bin/c++
[1.035s] -- Check for working CXX compiler: /usr/bin/c++ -- works
[1.036s] -- Detecting CXX compiler ABI info
[1.170s] -- Detecting CXX compiler ABI info - done
[1.179s] -- Detecting CXX compile features
[1.180s] -- Detecting CXX compile features - done
[1.181s] -- Found rclcpp: 9.2.0 (/opt/ros/galactic/share/rclcpp/cmake)
[1.197s] -- Found PythonInterp: /usr/bin/python3 (found suitable version "3.8.10", minimum required is "3") 
[1.198s] -- Using PYTHON_EXECUTABLE: /usr/bin/python3
[1.487s] -- Using all available rosidl_typesupport_c: rosidl_typesupport_fastrtps_c;rosidl_typesupport_introspection_c
[1.492s] -- Found rosidl_adapter: 2.2.1 (/opt/ros/galactic/share/rosidl_adapter/cmake)
[3.181s] -- Found OpenSSL: /usr/lib/x86_64-linux-gnu/libcrypto.so (found version "1.1.1f")  
[4.984s] -- Found FastRTPS: /opt/ros/galactic/include  
[7.940s] -- Using all available rosidl_typesupport_cpp: rosidl_typesupport_fastrtps_cpp;rosidl_typesupport_introspection_cpp
[7.987s] -- Found rmw_implementation_cmake: 3.3.1 (/opt/ros/galactic/share/rmw_implementation_cmake/cmake)
[7.989s] -- Found rmw_cyclonedds_cpp: 0.22.4 (/opt/ros/galactic/share/rmw_cyclonedds_cpp/cmake)
[8.005s] -- Using RMW implementation 'rmw_cyclonedds_cpp' as default
[8.005s] -- Looking for pthread.h
[8.166s] -- Looking for pthread.h - found
[8.167s] -- Performing Test CMAKE_HAVE_LIBC_PTHREAD
[8.329s] -- Performing Test CMAKE_HAVE_LIBC_PTHREAD - Failed
[8.329s] -- Looking for pthread_create in pthreads
[8.482s] -- Looking for pthread_create in pthreads - not found
[8.482s] -- Looking for pthread_create in pthread
[8.631s] -- Looking for pthread_create in pthread - found
[8.632s] -- Found Threads: TRUE  
[8.753s] -- Found ament_lint_auto: 0.10.6 (/opt/ros/galactic/share/ament_lint_auto/cmake)
[8.803s] -- Added test 'copyright' to check source files copyright and LICENSE
[8.804s] -- Added test 'cppcheck' to perform static code analysis on C / C++ code
[8.804s] -- Configured cppcheck include dirs: $<BUILD_INTERFACE:/home/ryuzot/ros2_ws/src/main_executor/include>
[8.804s] -- Configured cppcheck exclude dirs and/or files: 
[8.805s] -- Added test 'cpplint' to check C / C++ code against the Google style
[8.805s] -- Configured cpplint exclude dirs and/or files: 
[8.805s] -- Added test 'lint_cmake' to check CMake code style
[8.806s] -- Added test 'uncrustify' to check C / C++ code style
[8.806s] -- Configured uncrustify additional arguments: 
[8.806s] -- Added test 'xmllint' to check XML markup files
[8.809s] -- Configuring done
[8.813s] -- Generating done
[8.814s] -- Build files have been written to: /home/ryuzot/ros2_ws/build/main_executor
