[0.019s] Invoking command in '/home/ryuzot/ros2_ws/.build/socketcan_interface_msg': CMAKE_PREFIX_PATH=${CMAKE_PREFIX_PATH}:/opt/ros/galactic /usr/bin/cmake /home/ryuzot/ros2_ws/src/socketcan_interface_msg -DCMAKE_EXPORT_COMPILE_COMMANDS=ON -G Ninja -DCMAKE_INSTALL_PREFIX=/home/ryuzot/ros2_ws/install/socketcan_interface_msg
[0.258s] -- The C compiler identification is GNU 9.4.0
[0.678s] -- The CXX compiler identification is GNU 9.4.0
[0.937s] -- Check for working C compiler: /usr/bin/cc
[1.116s] -- Check for working C compiler: /usr/bin/cc -- works
[1.118s] -- Detecting C compiler ABI info
[1.296s] -- Detecting C compiler ABI info - done
[1.306s] -- Detecting C compile features
[1.306s] -- Detecting C compile features - done
[1.308s] -- Check for working CXX compiler: /usr/bin/c++
[1.472s] -- Check for working CXX compiler: /usr/bin/c++ -- works
[1.473s] -- Detecting CXX compiler ABI info
[1.638s] -- Detecting CXX compiler ABI info - done
[1.648s] -- Detecting CXX compile features
[1.648s] -- Detecting CXX compile features - done
[1.650s] -- Found ament_cmake: 1.1.5 (/opt/ros/galactic/share/ament_cmake/cmake)
[1.668s] -- Found PythonInterp: /usr/bin/python3 (found suitable version "3.8.10", minimum required is "3") 
[1.668s] -- Using PYTHON_EXECUTABLE: /usr/bin/python3
[1.727s] -- Found rosidl_default_generators: 1.1.1 (/opt/ros/galactic/share/rosidl_default_generators/cmake)
[1.729s] -- Using all available rosidl_typesupport_c: rosidl_typesupport_fastrtps_c;rosidl_typesupport_introspection_c
[1.735s] -- Found rosidl_adapter: 2.2.1 (/opt/ros/galactic/share/rosidl_adapter/cmake)
[3.832s] -- Found OpenSSL: /usr/lib/x86_64-linux-gnu/libcrypto.so (found version "1.1.1f")  
[5.800s] -- Found FastRTPS: /opt/ros/galactic/include  
[9.345s] -- Using all available rosidl_typesupport_cpp: rosidl_typesupport_fastrtps_cpp;rosidl_typesupport_introspection_cpp
[9.381s] -- Found PythonInterp: /usr/bin/python3 (found version "3.8.10") 
[9.458s] -- Found ament_cmake_ros: 0.9.2 (/opt/ros/galactic/share/ament_cmake_ros/cmake)
[16.385s] -- Using all available rosidl_typesupport_c: rosidl_typesupport_fastrtps_c;rosidl_typesupport_introspection_c
[16.389s] -- Using all available rosidl_typesupport_cpp: rosidl_typesupport_fastrtps_cpp;rosidl_typesupport_introspection_cpp
[16.406s] -- Found PythonInterp: /usr/bin/python3 (found suitable version "3.8.10", minimum required is "3.5") 
[16.407s] -- Found python_cmake_module: 0.8.1 (/opt/ros/galactic/share/python_cmake_module/cmake)
[16.910s] -- Found PythonLibs: /usr/lib/x86_64-linux-gnu/libpython3.8.so (found suitable version "3.8.10", minimum required is "3.5") 
[16.910s] -- Using PYTHON_EXECUTABLE: /usr/bin/python3
[16.910s] -- Using PYTHON_INCLUDE_DIRS: /usr/include/python3.8
[16.911s] -- Using PYTHON_LIBRARIES: /usr/lib/x86_64-linux-gnu/libpython3.8.so
[16.926s] -- Found PythonExtra: .so  
[17.001s] -- Found ament_lint_auto: 0.10.6 (/opt/ros/galactic/share/ament_lint_auto/cmake)
[17.017s] -- Added test 'copyright' to check source files copyright and LICENSE
[17.018s] -- Added test 'lint_cmake' to check CMake code style
[17.019s] -- Added test 'xmllint' to check XML markup files
[17.022s] -- Configuring done
[17.036s] -- Generating done
[17.037s] -- Build files have been written to: /home/ryuzot/ros2_ws/.build/socketcan_interface_msg
[17.042s] Invoked command in '/home/ryuzot/ros2_ws/.build/socketcan_interface_msg' returned '0': CMAKE_PREFIX_PATH=${CMAKE_PREFIX_PATH}:/opt/ros/galactic /usr/bin/cmake /home/ryuzot/ros2_ws/src/socketcan_interface_msg -DCMAKE_EXPORT_COMPILE_COMMANDS=ON -G Ninja -DCMAKE_INSTALL_PREFIX=/home/ryuzot/ros2_ws/install/socketcan_interface_msg
[17.045s] Invoking command in '/home/ryuzot/ros2_ws/.build/socketcan_interface_msg': CMAKE_PREFIX_PATH=${CMAKE_PREFIX_PATH}:/opt/ros/galactic /usr/bin/cmake --build /home/ryuzot/ros2_ws/.build/socketcan_interface_msg -- -j24 -l24
[17.053s] 
[17.053s] [0/31] Generating C code for ROS interfaces[K
[17.215s] [0/31] Generating C++ code for ROS interfaces[K
[17.215s] [1/31] Generating C++ code for ROS interfaces[K
[17.215s] [1/31] Generating C++ type support for eProsima Fast-RTPS[K
[17.216s] [1/31] Generating C++ introspection for ROS interfaces[K
[17.217s] [1/31] Generating C++ type support dispatch for ROS interfaces[K
[17.217s] [2/31] Generating C code for ROS interfaces[K
[17.240s] [2/31] Building C object CMakeFiles/socketcan_interface_msg__rosidl_generator_c.dir/rosidl_generator_c/socketcan_interface_msg/msg/detail/socketcan_if__functions.c.o[K
[17.240s] [3/31] Building C object CMakeFiles/socketcan_interface_msg__rosidl_generator_c.dir/rosidl_generator_c/socketcan_interface_msg/msg/detail/socketcan_if__functions.c.o[K
[17.361s] [3/31] Linking C shared library libsocketcan_interface_msg__rosidl_generator_c.so[K
[17.361s] [4/31] Generating C++ type support dispatch for ROS interfaces[K
[17.367s] [4/31] Building CXX object CMakeFiles/socketcan_interface_msg__rosidl_typesupport_cpp.dir/rosidl_typesupport_cpp/socketcan_interface_msg/msg/socketcan_if__type_support.cpp.o[K
[17.367s] [5/31] Generating C++ introspection for ROS interfaces[K
[17.370s] [5/31] Building CXX object CMakeFiles/socketcan_interface_msg__rosidl_typesupport_introspection_cpp.dir/rosidl_typesupport_introspection_cpp/socketcan_interface_msg/msg/detail/socketcan_if__type_support.cpp.o[K
[17.370s] [6/31] Generating C++ type support for eProsima Fast-RTPS[K
[17.391s] [6/31] Building CXX object CMakeFiles/socketcan_interface_msg__rosidl_typesupport_fastrtps_cpp.dir/rosidl_typesupport_fastrtps_cpp/socketcan_interface_msg/msg/detail/dds_fastrtps/socketcan_if__type_support.cpp.o[K
[17.391s] [7/31] Linking C shared library libsocketcan_interface_msg__rosidl_generator_c.so[K
[17.391s] [7/31] Generating C introspection for ROS interfaces[K
[17.543s] [7/31] Generating C type support dispatch for ROS interfaces[K
[17.543s] [8/31] Generating C type support dispatch for ROS interfaces[K
[17.548s] [8/31] Building CXX object CMakeFiles/socketcan_interface_msg__rosidl_typesupport_c.dir/rosidl_typesupport_c/socketcan_interface_msg/msg/socketcan_if__type_support.cpp.o[K
[17.548s] [9/31] Generating C introspection for ROS interfaces[K
[17.558s] [9/31] Building C object CMakeFiles/socketcan_interface_msg__rosidl_typesupport_introspection_c.dir/rosidl_typesupport_introspection_c/socketcan_interface_msg/msg/detail/socketcan_if__type_support.c.o[K
[17.558s] [10/31] Building CXX object CMakeFiles/socketcan_interface_msg__rosidl_typesupport_c.dir/rosidl_typesupport_c/socketcan_interface_msg/msg/socketcan_if__type_support.cpp.o[K
[17.564s] [10/31] Linking CXX shared library libsocketcan_interface_msg__rosidl_typesupport_c.so[K
[17.564s] [11/31] Building CXX object CMakeFiles/socketcan_interface_msg__rosidl_typesupport_cpp.dir/rosidl_typesupport_cpp/socketcan_interface_msg/msg/socketcan_if__type_support.cpp.o[K
[17.565s] [11/31] Linking CXX shared library libsocketcan_interface_msg__rosidl_typesupport_cpp.so[K
[17.566s] [12/31] Building C object CMakeFiles/socketcan_interface_msg__rosidl_typesupport_introspection_c.dir/rosidl_typesupport_introspection_c/socketcan_interface_msg/msg/detail/socketcan_if__type_support.c.o[K
[17.582s] [12/31] Linking C shared library libsocketcan_interface_msg__rosidl_typesupport_introspection_c.so[K
[17.583s] [13/31] Building CXX object CMakeFiles/socketcan_interface_msg__rosidl_typesupport_introspection_cpp.dir/rosidl_typesupport_introspection_cpp/socketcan_interface_msg/msg/detail/socketcan_if__type_support.cpp.o[K
[17.680s] [13/31] Linking CXX shared library libsocketcan_interface_msg__rosidl_typesupport_introspection_cpp.so[K
[17.680s] [14/31] Building CXX object CMakeFiles/socketcan_interface_msg__rosidl_typesupport_fastrtps_cpp.dir/rosidl_typesupport_fastrtps_cpp/socketcan_interface_msg/msg/detail/dds_fastrtps/socketcan_if__type_support.cpp.o[K
[17.723s] [14/31] Linking CXX shared library libsocketcan_interface_msg__rosidl_typesupport_fastrtps_cpp.so[K
[17.729s] [15/31] Linking C shared library libsocketcan_interface_msg__rosidl_typesupport_introspection_c.so[K
[17.784s] [16/31] Linking CXX shared library libsocketcan_interface_msg__rosidl_typesupport_cpp.so[K
[17.830s] [17/31] Linking CXX shared library libsocketcan_interface_msg__rosidl_typesupport_c.so[K
[17.908s] [18/31] Linking CXX shared library libsocketcan_interface_msg__rosidl_typesupport_introspection_cpp.so[K
[17.908s] [19/31] Linking CXX shared library libsocketcan_interface_msg__rosidl_typesupport_fastrtps_cpp.so[K
[18.070s] [19/31] Generating C type support for eProsima Fast-RTPS[K
[18.070s] [20/31] Generating C type support for eProsima Fast-RTPS[K
[18.304s] [20/31] Building CXX object CMakeFiles/socketcan_interface_msg__rosidl_typesupport_fastrtps_c.dir/rosidl_typesupport_fastrtps_c/socketcan_interface_msg/msg/detail/socketcan_if__type_support_c.cpp.o[K
[18.304s] [21/31] Building CXX object CMakeFiles/socketcan_interface_msg__rosidl_typesupport_fastrtps_c.dir/rosidl_typesupport_fastrtps_c/socketcan_interface_msg/msg/detail/socketcan_if__type_support_c.cpp.o[K
[18.480s] [21/31] Linking CXX shared library libsocketcan_interface_msg__rosidl_typesupport_fastrtps_c.so[K
[18.480s] [22/31] Linking CXX shared library libsocketcan_interface_msg__rosidl_typesupport_fastrtps_c.so[K
[18.868s] [22/31] Generating Python code for ROS interfaces[K
[18.868s] [23/31] Generating Python code for ROS interfaces[K
[18.868s] [23/31] Building C object CMakeFiles/socketcan_interface_msg__rosidl_typesupport_fastrtps_c__pyext.dir/rosidl_generator_py/socketcan_interface_msg/_socketcan_interface_msg_s.ep.rosidl_typesupport_fastrtps_c.c.o[K
[18.868s] [23/31] Building C object CMakeFiles/socketcan_interface_msg__rosidl_typesupport_c__pyext.dir/rosidl_generator_py/socketcan_interface_msg/_socketcan_interface_msg_s.ep.rosidl_typesupport_c.c.o[K
[18.869s] [23/31] Building C object CMakeFiles/socketcan_interface_msg__rosidl_typesupport_introspection_c__pyext.dir/rosidl_generator_py/socketcan_interface_msg/_socketcan_interface_msg_s.ep.rosidl_typesupport_introspection_c.c.o[K
[18.952s] [23/31] Building C object CMakeFiles/socketcan_interface_msg__python.dir/rosidl_generator_py/socketcan_interface_msg/msg/_socketcan_if_s.c.o[K
[18.953s] [24/31] Building C object CMakeFiles/socketcan_interface_msg__rosidl_typesupport_c__pyext.dir/rosidl_generator_py/socketcan_interface_msg/_socketcan_interface_msg_s.ep.rosidl_typesupport_c.c.o[K
[18.953s] [25/31] Building C object CMakeFiles/socketcan_interface_msg__rosidl_typesupport_fastrtps_c__pyext.dir/rosidl_generator_py/socketcan_interface_msg/_socketcan_interface_msg_s.ep.rosidl_typesupport_fastrtps_c.c.o[K
[18.966s] [26/31] Building C object CMakeFiles/socketcan_interface_msg__rosidl_typesupport_introspection_c__pyext.dir/rosidl_generator_py/socketcan_interface_msg/_socketcan_interface_msg_s.ep.rosidl_typesupport_introspection_c.c.o[K
[18.966s] [27/31] Building C object CMakeFiles/socketcan_interface_msg__python.dir/rosidl_generator_py/socketcan_interface_msg/msg/_socketcan_if_s.c.o[K
[19.108s] [27/31] Linking C shared library rosidl_generator_py/socketcan_interface_msg/libsocketcan_interface_msg__python.so[K
[19.108s] [28/31] Linking C shared library rosidl_generator_py/socketcan_interface_msg/libsocketcan_interface_msg__python.so[K
[19.109s] [28/31] Linking CXX shared library rosidl_generator_py/socketcan_interface_msg/socketcan_interface_msg_s__rosidl_typesupport_fastrtps_c.cpython-38-x86_64-linux-gnu.so[K
[19.109s] [28/31] Linking C shared library rosidl_generator_py/socketcan_interface_msg/socketcan_interface_msg_s__rosidl_typesupport_c.cpython-38-x86_64-linux-gnu.so[K
[19.228s] [28/31] Linking C shared library rosidl_generator_py/socketcan_interface_msg/socketcan_interface_msg_s__rosidl_typesupport_introspection_c.cpython-38-x86_64-linux-gnu.so[K
[19.228s] [29/31] Linking C shared library rosidl_generator_py/socketcan_interface_msg/socketcan_interface_msg_s__rosidl_typesupport_c.cpython-38-x86_64-linux-gnu.so[K
[19.245s] [30/31] Linking C shared library rosidl_generator_py/socketcan_interface_msg/socketcan_interface_msg_s__rosidl_typesupport_introspection_c.cpython-38-x86_64-linux-gnu.so[K
[19.245s] [31/31] Linking CXX shared library rosidl_generator_py/socketcan_interface_msg/socketcan_interface_msg_s__rosidl_typesupport_fastrtps_c.cpython-38-x86_64-linux-gnu.so[K
[19.248s] Invoked command in '/home/ryuzot/ros2_ws/.build/socketcan_interface_msg' returned '0': CMAKE_PREFIX_PATH=${CMAKE_PREFIX_PATH}:/opt/ros/galactic /usr/bin/cmake --build /home/ryuzot/ros2_ws/.build/socketcan_interface_msg -- -j24 -l24
[19.266s] Invoking command in '/home/ryuzot/ros2_ws/.build/socketcan_interface_msg': CMAKE_PREFIX_PATH=${CMAKE_PREFIX_PATH}:/opt/ros/galactic /usr/bin/cmake --install /home/ryuzot/ros2_ws/.build/socketcan_interface_msg
[19.272s] -- Install configuration: ""
[19.272s] -- Installing: /home/ryuzot/ros2_ws/install/socketcan_interface_msg/share/ament_index/resource_index/rosidl_interfaces/socketcan_interface_msg
[19.272s] -- Up-to-date: /home/ryuzot/ros2_ws/install/socketcan_interface_msg/include/socketcan_interface_msg
[19.272s] -- Up-to-date: /home/ryuzot/ros2_ws/install/socketcan_interface_msg/include/socketcan_interface_msg/msg
[19.272s] -- Installing: /home/ryuzot/ros2_ws/install/socketcan_interface_msg/include/socketcan_interface_msg/msg/socketcan_if.h
[19.273s] -- Installing: /home/ryuzot/ros2_ws/install/socketcan_interface_msg/include/socketcan_interface_msg/msg/rosidl_generator_c__visibility_control.h
[19.273s] -- Up-to-date: /home/ryuzot/ros2_ws/install/socketcan_interface_msg/include/socketcan_interface_msg/msg/detail
[19.273s] -- Installing: /home/ryuzot/ros2_ws/install/socketcan_interface_msg/include/socketcan_interface_msg/msg/detail/socketcan_if__type_support.h
[19.273s] -- Installing: /home/ryuzot/ros2_ws/install/socketcan_interface_msg/include/socketcan_interface_msg/msg/detail/socketcan_if__functions.h
[19.273s] -- Installing: /home/ryuzot/ros2_ws/install/socketcan_interface_msg/include/socketcan_interface_msg/msg/detail/socketcan_if__struct.h
[19.273s] -- Installing: /home/ryuzot/ros2_ws/install/socketcan_interface_msg/include/socketcan_interface_msg/msg/detail/socketcan_if__functions.c
[19.273s] -- Up-to-date: /home/ryuzot/ros2_ws/install/socketcan_interface_msg/share/socketcan_interface_msg/environment/library_path.sh
[19.273s] -- Installing: /home/ryuzot/ros2_ws/install/socketcan_interface_msg/share/socketcan_interface_msg/environment/library_path.dsv
[19.273s] -- Installing: /home/ryuzot/ros2_ws/install/socketcan_interface_msg/lib/libsocketcan_interface_msg__rosidl_generator_c.so
[19.274s] -- Set runtime path of "/home/ryuzot/ros2_ws/install/socketcan_interface_msg/lib/libsocketcan_interface_msg__rosidl_generator_c.so" to ""
[19.274s] -- Up-to-date: /home/ryuzot/ros2_ws/install/socketcan_interface_msg/include/socketcan_interface_msg
[19.274s] -- Up-to-date: /home/ryuzot/ros2_ws/install/socketcan_interface_msg/include/socketcan_interface_msg/msg
[19.274s] -- Installing: /home/ryuzot/ros2_ws/install/socketcan_interface_msg/include/socketcan_interface_msg/msg/rosidl_typesupport_fastrtps_c__visibility_control.h
[19.274s] -- Up-to-date: /home/ryuzot/ros2_ws/install/socketcan_interface_msg/include/socketcan_interface_msg/msg/detail
[19.274s] -- Installing: /home/ryuzot/ros2_ws/install/socketcan_interface_msg/include/socketcan_interface_msg/msg/detail/socketcan_if__rosidl_typesupport_fastrtps_c.h
[19.275s] -- Installing: /home/ryuzot/ros2_ws/install/socketcan_interface_msg/lib/libsocketcan_interface_msg__rosidl_typesupport_fastrtps_c.so
[19.275s] -- Set runtime path of "/home/ryuzot/ros2_ws/install/socketcan_interface_msg/lib/libsocketcan_interface_msg__rosidl_typesupport_fastrtps_c.so" to ""
[19.275s] -- Up-to-date: /home/ryuzot/ros2_ws/install/socketcan_interface_msg/include/socketcan_interface_msg
[19.275s] -- Up-to-date: /home/ryuzot/ros2_ws/install/socketcan_interface_msg/include/socketcan_interface_msg/msg
[19.275s] -- Installing: /home/ryuzot/ros2_ws/install/socketcan_interface_msg/include/socketcan_interface_msg/msg/rosidl_typesupport_fastrtps_cpp__visibility_control.h
[19.275s] -- Up-to-date: /home/ryuzot/ros2_ws/install/socketcan_interface_msg/include/socketcan_interface_msg/msg/detail
[19.276s] -- Installing: /home/ryuzot/ros2_ws/install/socketcan_interface_msg/include/socketcan_interface_msg/msg/detail/socketcan_if__rosidl_typesupport_fastrtps_cpp.hpp
[19.276s] -- Up-to-date: /home/ryuzot/ros2_ws/install/socketcan_interface_msg/include/socketcan_interface_msg/msg/detail/dds_fastrtps
[19.276s] -- Installing: /home/ryuzot/ros2_ws/install/socketcan_interface_msg/lib/libsocketcan_interface_msg__rosidl_typesupport_fastrtps_cpp.so
[19.276s] -- Set runtime path of "/home/ryuzot/ros2_ws/install/socketcan_interface_msg/lib/libsocketcan_interface_msg__rosidl_typesupport_fastrtps_cpp.so" to ""
[19.276s] -- Up-to-date: /home/ryuzot/ros2_ws/install/socketcan_interface_msg/include/socketcan_interface_msg
[19.276s] -- Up-to-date: /home/ryuzot/ros2_ws/install/socketcan_interface_msg/include/socketcan_interface_msg/msg
[19.277s] -- Installing: /home/ryuzot/ros2_ws/install/socketcan_interface_msg/include/socketcan_interface_msg/msg/rosidl_typesupport_introspection_c__visibility_control.h
[19.277s] -- Up-to-date: /home/ryuzot/ros2_ws/install/socketcan_interface_msg/include/socketcan_interface_msg/msg/detail
[19.277s] -- Installing: /home/ryuzot/ros2_ws/install/socketcan_interface_msg/include/socketcan_interface_msg/msg/detail/socketcan_if__type_support.c
[19.277s] -- Installing: /home/ryuzot/ros2_ws/install/socketcan_interface_msg/include/socketcan_interface_msg/msg/detail/socketcan_if__rosidl_typesupport_introspection_c.h
[19.277s] -- Installing: /home/ryuzot/ros2_ws/install/socketcan_interface_msg/lib/libsocketcan_interface_msg__rosidl_typesupport_introspection_c.so
[19.277s] -- Set runtime path of "/home/ryuzot/ros2_ws/install/socketcan_interface_msg/lib/libsocketcan_interface_msg__rosidl_typesupport_introspection_c.so" to ""
[19.278s] -- Installing: /home/ryuzot/ros2_ws/install/socketcan_interface_msg/lib/libsocketcan_interface_msg__rosidl_typesupport_c.so
[19.278s] -- Set runtime path of "/home/ryuzot/ros2_ws/install/socketcan_interface_msg/lib/libsocketcan_interface_msg__rosidl_typesupport_c.so" to ""
[19.278s] -- Up-to-date: /home/ryuzot/ros2_ws/install/socketcan_interface_msg/include/socketcan_interface_msg
[19.278s] -- Up-to-date: /home/ryuzot/ros2_ws/install/socketcan_interface_msg/include/socketcan_interface_msg/msg
[19.278s] -- Installing: /home/ryuzot/ros2_ws/install/socketcan_interface_msg/include/socketcan_interface_msg/msg/socketcan_if.hpp
[19.279s] -- Up-to-date: /home/ryuzot/ros2_ws/install/socketcan_interface_msg/include/socketcan_interface_msg/msg/detail
[19.279s] -- Installing: /home/ryuzot/ros2_ws/install/socketcan_interface_msg/include/socketcan_interface_msg/msg/detail/socketcan_if__traits.hpp
[19.279s] -- Installing: /home/ryuzot/ros2_ws/install/socketcan_interface_msg/include/socketcan_interface_msg/msg/detail/socketcan_if__builder.hpp
[19.279s] -- Installing: /home/ryuzot/ros2_ws/install/socketcan_interface_msg/include/socketcan_interface_msg/msg/detail/socketcan_if__struct.hpp
[19.279s] -- Up-to-date: /home/ryuzot/ros2_ws/install/socketcan_interface_msg/include/socketcan_interface_msg
[19.279s] -- Up-to-date: /home/ryuzot/ros2_ws/install/socketcan_interface_msg/include/socketcan_interface_msg/msg
[19.279s] -- Up-to-date: /home/ryuzot/ros2_ws/install/socketcan_interface_msg/include/socketcan_interface_msg/msg/detail
[19.279s] -- Installing: /home/ryuzot/ros2_ws/install/socketcan_interface_msg/include/socketcan_interface_msg/msg/detail/socketcan_if__rosidl_typesupport_introspection_cpp.hpp
[19.279s] -- Installing: /home/ryuzot/ros2_ws/install/socketcan_interface_msg/include/socketcan_interface_msg/msg/detail/socketcan_if__type_support.cpp
[19.279s] -- Installing: /home/ryuzot/ros2_ws/install/socketcan_interface_msg/lib/libsocketcan_interface_msg__rosidl_typesupport_introspection_cpp.so
[19.280s] -- Set runtime path of "/home/ryuzot/ros2_ws/install/socketcan_interface_msg/lib/libsocketcan_interface_msg__rosidl_typesupport_introspection_cpp.so" to ""
[19.280s] -- Installing: /home/ryuzot/ros2_ws/install/socketcan_interface_msg/lib/libsocketcan_interface_msg__rosidl_typesupport_cpp.so
[19.280s] -- Set runtime path of "/home/ryuzot/ros2_ws/install/socketcan_interface_msg/lib/libsocketcan_interface_msg__rosidl_typesupport_cpp.so" to ""
[19.280s] -- Installing: /home/ryuzot/ros2_ws/install/socketcan_interface_msg/share/socketcan_interface_msg/environment/pythonpath.sh
[19.280s] -- Installing: /home/ryuzot/ros2_ws/install/socketcan_interface_msg/share/socketcan_interface_msg/environment/pythonpath.dsv
[19.280s] -- Installing: /home/ryuzot/ros2_ws/install/socketcan_interface_msg/lib/python3.8/site-packages/socketcan_interface_msg/__init__.py
[19.299s] Compiling '/home/ryuzot/ros2_ws/install/socketcan_interface_msg/lib/python3.8/site-packages/socketcan_interface_msg/__init__.py'...
[19.301s] -- Up-to-date: /home/ryuzot/ros2_ws/install/socketcan_interface_msg/lib/python3.8/site-packages/socketcan_interface_msg/msg
[19.301s] -- Installing: /home/ryuzot/ros2_ws/install/socketcan_interface_msg/lib/python3.8/site-packages/socketcan_interface_msg/msg/_socketcan_if_s.c
[19.302s] -- Installing: /home/ryuzot/ros2_ws/install/socketcan_interface_msg/lib/python3.8/site-packages/socketcan_interface_msg/msg/_socketcan_if.py
[19.302s] -- Installing: /home/ryuzot/ros2_ws/install/socketcan_interface_msg/lib/python3.8/site-packages/socketcan_interface_msg/msg/__init__.py
[19.302s] -- Installing: /home/ryuzot/ros2_ws/install/socketcan_interface_msg/lib/python3.8/site-packages/socketcan_interface_msg/socketcan_interface_msg_s__rosidl_typesupport_fastrtps_c.cpython-38-x86_64-linux-gnu.so
[19.303s] -- Set runtime path of "/home/ryuzot/ros2_ws/install/socketcan_interface_msg/lib/python3.8/site-packages/socketcan_interface_msg/socketcan_interface_msg_s__rosidl_typesupport_fastrtps_c.cpython-38-x86_64-linux-gnu.so" to ""
[19.303s] -- Installing: /home/ryuzot/ros2_ws/install/socketcan_interface_msg/lib/python3.8/site-packages/socketcan_interface_msg/socketcan_interface_msg_s__rosidl_typesupport_introspection_c.cpython-38-x86_64-linux-gnu.so
[19.303s] -- Set runtime path of "/home/ryuzot/ros2_ws/install/socketcan_interface_msg/lib/python3.8/site-packages/socketcan_interface_msg/socketcan_interface_msg_s__rosidl_typesupport_introspection_c.cpython-38-x86_64-linux-gnu.so" to ""
[19.304s] -- Installing: /home/ryuzot/ros2_ws/install/socketcan_interface_msg/lib/python3.8/site-packages/socketcan_interface_msg/socketcan_interface_msg_s__rosidl_typesupport_c.cpython-38-x86_64-linux-gnu.so
[19.304s] -- Set runtime path of "/home/ryuzot/ros2_ws/install/socketcan_interface_msg/lib/python3.8/site-packages/socketcan_interface_msg/socketcan_interface_msg_s__rosidl_typesupport_c.cpython-38-x86_64-linux-gnu.so" to ""
[19.304s] -- Installing: /home/ryuzot/ros2_ws/install/socketcan_interface_msg/lib/libsocketcan_interface_msg__python.so
[19.305s] -- Set runtime path of "/home/ryuzot/ros2_ws/install/socketcan_interface_msg/lib/libsocketcan_interface_msg__python.so" to ""
[19.305s] -- Installing: /home/ryuzot/ros2_ws/install/socketcan_interface_msg/share/socketcan_interface_msg/msg/SocketcanIF.idl
[19.305s] -- Up-to-date: /home/ryuzot/ros2_ws/install/socketcan_interface_msg/share/socketcan_interface_msg/msg/SocketcanIF.msg
[19.305s] -- Installing: /home/ryuzot/ros2_ws/install/socketcan_interface_msg/share/ament_index/resource_index/package_run_dependencies/socketcan_interface_msg
[19.305s] -- Installing: /home/ryuzot/ros2_ws/install/socketcan_interface_msg/share/ament_index/resource_index/parent_prefix_path/socketcan_interface_msg
[19.305s] -- Up-to-date: /home/ryuzot/ros2_ws/install/socketcan_interface_msg/share/socketcan_interface_msg/environment/ament_prefix_path.sh
[19.305s] -- Installing: /home/ryuzot/ros2_ws/install/socketcan_interface_msg/share/socketcan_interface_msg/environment/ament_prefix_path.dsv
[19.306s] -- Up-to-date: /home/ryuzot/ros2_ws/install/socketcan_interface_msg/share/socketcan_interface_msg/environment/path.sh
[19.306s] -- Installing: /home/ryuzot/ros2_ws/install/socketcan_interface_msg/share/socketcan_interface_msg/environment/path.dsv
[19.306s] -- Installing: /home/ryuzot/ros2_ws/install/socketcan_interface_msg/share/socketcan_interface_msg/local_setup.bash
[19.306s] -- Installing: /home/ryuzot/ros2_ws/install/socketcan_interface_msg/share/socketcan_interface_msg/local_setup.sh
[19.306s] -- Installing: /home/ryuzot/ros2_ws/install/socketcan_interface_msg/share/socketcan_interface_msg/local_setup.zsh
[19.306s] -- Installing: /home/ryuzot/ros2_ws/install/socketcan_interface_msg/share/socketcan_interface_msg/local_setup.dsv
[19.306s] -- Installing: /home/ryuzot/ros2_ws/install/socketcan_interface_msg/share/socketcan_interface_msg/package.dsv
[19.306s] -- Installing: /home/ryuzot/ros2_ws/install/socketcan_interface_msg/share/ament_index/resource_index/packages/socketcan_interface_msg
[19.307s] -- Installing: /home/ryuzot/ros2_ws/install/socketcan_interface_msg/share/socketcan_interface_msg/cmake/socketcan_interface_msg__rosidl_generator_cExport.cmake
[19.307s] -- Installing: /home/ryuzot/ros2_ws/install/socketcan_interface_msg/share/socketcan_interface_msg/cmake/socketcan_interface_msg__rosidl_generator_cExport-noconfig.cmake
[19.307s] -- Installing: /home/ryuzot/ros2_ws/install/socketcan_interface_msg/share/socketcan_interface_msg/cmake/socketcan_interface_msg__rosidl_typesupport_introspection_cExport.cmake
[19.307s] -- Installing: /home/ryuzot/ros2_ws/install/socketcan_interface_msg/share/socketcan_interface_msg/cmake/socketcan_interface_msg__rosidl_typesupport_introspection_cExport-noconfig.cmake
[19.307s] -- Installing: /home/ryuzot/ros2_ws/install/socketcan_interface_msg/share/socketcan_interface_msg/cmake/socketcan_interface_msg__rosidl_typesupport_cExport.cmake
[19.307s] -- Installing: /home/ryuzot/ros2_ws/install/socketcan_interface_msg/share/socketcan_interface_msg/cmake/socketcan_interface_msg__rosidl_typesupport_cExport-noconfig.cmake
[19.308s] -- Installing: /home/ryuzot/ros2_ws/install/socketcan_interface_msg/share/socketcan_interface_msg/cmake/socketcan_interface_msg__rosidl_generator_cppExport.cmake
[19.308s] -- Installing: /home/ryuzot/ros2_ws/install/socketcan_interface_msg/share/socketcan_interface_msg/cmake/socketcan_interface_msg__rosidl_typesupport_introspection_cppExport.cmake
[19.308s] -- Installing: /home/ryuzot/ros2_ws/install/socketcan_interface_msg/share/socketcan_interface_msg/cmake/socketcan_interface_msg__rosidl_typesupport_introspection_cppExport-noconfig.cmake
[19.308s] -- Installing: /home/ryuzot/ros2_ws/install/socketcan_interface_msg/share/socketcan_interface_msg/cmake/socketcan_interface_msg__rosidl_typesupport_cppExport.cmake
[19.309s] -- Installing: /home/ryuzot/ros2_ws/install/socketcan_interface_msg/share/socketcan_interface_msg/cmake/socketcan_interface_msg__rosidl_typesupport_cppExport-noconfig.cmake
[19.309s] -- Installing: /home/ryuzot/ros2_ws/install/socketcan_interface_msg/share/socketcan_interface_msg/cmake/rosidl_cmake-extras.cmake
[19.309s] -- Installing: /home/ryuzot/ros2_ws/install/socketcan_interface_msg/share/socketcan_interface_msg/cmake/ament_cmake_export_dependencies-extras.cmake
[19.309s] -- Installing: /home/ryuzot/ros2_ws/install/socketcan_interface_msg/share/socketcan_interface_msg/cmake/ament_cmake_export_libraries-extras.cmake
[19.309s] -- Installing: /home/ryuzot/ros2_ws/install/socketcan_interface_msg/share/socketcan_interface_msg/cmake/ament_cmake_export_targets-extras.cmake
[19.309s] -- Installing: /home/ryuzot/ros2_ws/install/socketcan_interface_msg/share/socketcan_interface_msg/cmake/ament_cmake_export_include_directories-extras.cmake
[19.310s] -- Installing: /home/ryuzot/ros2_ws/install/socketcan_interface_msg/share/socketcan_interface_msg/cmake/rosidl_cmake_export_typesupport_libraries-extras.cmake
[19.310s] -- Installing: /home/ryuzot/ros2_ws/install/socketcan_interface_msg/share/socketcan_interface_msg/cmake/rosidl_cmake_export_typesupport_targets-extras.cmake
[19.310s] -- Installing: /home/ryuzot/ros2_ws/install/socketcan_interface_msg/share/socketcan_interface_msg/cmake/socketcan_interface_msgConfig.cmake
[19.310s] -- Installing: /home/ryuzot/ros2_ws/install/socketcan_interface_msg/share/socketcan_interface_msg/cmake/socketcan_interface_msgConfig-version.cmake
[19.310s] -- Up-to-date: /home/ryuzot/ros2_ws/install/socketcan_interface_msg/share/socketcan_interface_msg/package.xml
[19.312s] Invoked command in '/home/ryuzot/ros2_ws/.build/socketcan_interface_msg' returned '0': CMAKE_PREFIX_PATH=${CMAKE_PREFIX_PATH}:/opt/ros/galactic /usr/bin/cmake --install /home/ryuzot/ros2_ws/.build/socketcan_interface_msg
