[0.219s] Invoking command in '/home/ryuzot/ros2_ws/build/socketcan_interface': CMAKE_PREFIX_PATH=/home/ryuzot/ros2_ws/install/socketcan_interface_msg:/home/ryuzot/ros2_ws/install/main_executor:/home/ryuzot/ros2_ws/install/socketcan_interface:/opt/ros/galactic LD_LIBRARY_PATH=/home/ryuzot/ros2_ws/install/socketcan_interface_msg/lib:/home/ryuzot/ros2_ws/install/socketcan_interface/lib:/opt/ros/galactic/opt/yaml_cpp_vendor/lib:/opt/ros/galactic/opt/rviz_ogre_vendor/lib:/opt/ros/galactic/lib/x86_64-linux-gnu:/opt/ros/galactic/lib /usr/bin/cmake --build /home/ryuzot/ros2_ws/build/socketcan_interface -- -j24 -l24
[0.225s] 
[0.225s] [0/1] Re-running CMake...[K
[0.241s] -- Found ament_cmake: 1.1.5 (/opt/ros/galactic/share/ament_cmake/cmake)
[0.262s] -- Using PYTHON_EXECUTABLE: /usr/bin/python3
[0.309s] -- Override CMake install command with custom implementation using symlinks instead of copying resources
[0.328s] -- Found rclcpp: 9.2.0 (/opt/ros/galactic/share/rclcpp/cmake)
[0.573s] -- Using all available rosidl_typesupport_c: rosidl_typesupport_fastrtps_c;rosidl_typesupport_introspection_c
[0.578s] -- Found rosidl_adapter: 2.2.1 (/opt/ros/galactic/share/rosidl_adapter/cmake)
[6.415s] -- Using all available rosidl_typesupport_cpp: rosidl_typesupport_fastrtps_cpp;rosidl_typesupport_introspection_cpp
[6.475s] -- Found rmw_implementation_cmake: 3.3.1 (/opt/ros/galactic/share/rmw_implementation_cmake/cmake)
[6.478s] -- Found rmw_cyclonedds_cpp: 0.22.4 (/opt/ros/galactic/share/rmw_cyclonedds_cpp/cmake)
[6.498s] -- Using RMW implementation 'rmw_cyclonedds_cpp' as default
[6.636s] -- Found socketcan_interface_msg: 0.0.0 (/home/ryuzot/ros2_ws/install/socketcan_interface_msg/share/socketcan_interface_msg/cmake)
[6.646s] -- Found ament_lint_auto: 0.10.6 (/opt/ros/galactic/share/ament_lint_auto/cmake)
[6.711s] -- Added test 'copyright' to check source files copyright and LICENSE
[6.711s] -- Added test 'cppcheck' to perform static code analysis on C / C++ code
[6.712s] -- Configured cppcheck include dirs: /home/ryuzot/ros2_ws/src/socketcan_interface/include;$<BUILD_INTERFACE:/home/ryuzot/ros2_ws/src/socketcan_interface/include>
[6.712s] -- Configured cppcheck exclude dirs and/or files: 
[6.712s] -- Added test 'cpplint' to check C / C++ code against the Google style
[6.712s] -- Configured cpplint exclude dirs and/or files: 
[6.713s] -- Added test 'lint_cmake' to check CMake code style
[6.714s] -- Added test 'uncrustify' to check C / C++ code style
[6.714s] -- Configured uncrustify additional arguments: 
[6.714s] -- Added test 'xmllint' to check XML markup files
[6.718s] -- Configuring done
[6.723s] -- Generating done
[6.725s] -- Build files have been written to: /home/ryuzot/ros2_ws/build/socketcan_interface
[6.732s] 
[6.736s] [0/2] Building CXX object CMakeFiles/socketcan_interface_node.dir/src/socketcan_interface_node.cpp.o[K
[6.736s] [1/2] Building CXX object CMakeFiles/socketcan_interface_node.dir/src/socketcan_interface_node.cpp.o[K
[6.736s] [31mFAILED: [0mCMakeFiles/socketcan_interface_node.dir/src/socketcan_interface_node.cpp.o 
[6.736s] /usr/bin/c++  -DDEFAULT_RMW_IMPLEMENTATION=rmw_cyclonedds_cpp -DRCUTILS_ENABLE_FAULT_INJECTION -DSOCKETCAN_INTERFACE_LIBRARY -I/home/ryuzot/ros2_ws/src/socketcan_interface/include -isystem /home/ryuzot/ros2_ws/install/socketcan_interface_msg/include -isystem /opt/ros/galactic/include -std=c++20   -Wall -Wextra -Wpedantic -std=gnu++2a -MD -MT CMakeFiles/socketcan_interface_node.dir/src/socketcan_interface_node.cpp.o -MF CMakeFiles/socketcan_interface_node.dir/src/socketcan_interface_node.cpp.o.d -o CMakeFiles/socketcan_interface_node.dir/src/socketcan_interface_node.cpp.o -c /home/ryuzot/ros2_ws/src/socketcan_interface/src/socketcan_interface_node.cpp
[6.736s] c++: error: unrecognized command line option ‘-std=c++20’; did you mean ‘-std=c++2a’?
[6.736s] ninja: build stopped: subcommand failed.
[6.738s] Invoked command in '/home/ryuzot/ros2_ws/build/socketcan_interface' returned '1': CMAKE_PREFIX_PATH=/home/ryuzot/ros2_ws/install/socketcan_interface_msg:/home/ryuzot/ros2_ws/install/main_executor:/home/ryuzot/ros2_ws/install/socketcan_interface:/opt/ros/galactic LD_LIBRARY_PATH=/home/ryuzot/ros2_ws/install/socketcan_interface_msg/lib:/home/ryuzot/ros2_ws/install/socketcan_interface/lib:/opt/ros/galactic/opt/yaml_cpp_vendor/lib:/opt/ros/galactic/opt/rviz_ogre_vendor/lib:/opt/ros/galactic/lib/x86_64-linux-gnu:/opt/ros/galactic/lib /usr/bin/cmake --build /home/ryuzot/ros2_ws/build/socketcan_interface -- -j24 -l24
