[0.304s] Invoking command in '/home/ryuzot/ros2_ws/build/main_executor': CMAKE_PREFIX_PATH=/home/ryuzot/ros2_ws/install/socketcan_interface:/home/ryuzot/ros2_ws/install/socketcan_interface_msg:/home/ryuzot/ros2_ws/install/main_executor:/opt/ros/galactic LD_LIBRARY_PATH=/home/ryuzot/ros2_ws/install/socketcan_interface_msg/lib:/home/ryuzot/ros2_ws/install/socketcan_interface/lib:/opt/ros/galactic/opt/yaml_cpp_vendor/lib:/opt/ros/galactic/opt/rviz_ogre_vendor/lib:/opt/ros/galactic/lib/x86_64-linux-gnu:/opt/ros/galactic/lib /usr/bin/cmake --build /home/ryuzot/ros2_ws/build/main_executor -- -j24 -l24
[0.311s] 
[0.311s] [0/1] Re-running CMake...[K
[0.322s] -- Found rclcpp: 9.2.0 (/opt/ros/galactic/share/rclcpp/cmake)
[0.337s] -- Using PYTHON_EXECUTABLE: /usr/bin/python3
[0.376s] -- Override CMake install command with custom implementation using symlinks instead of copying resources
[0.577s] -- Using all available rosidl_typesupport_c: rosidl_typesupport_fastrtps_c;rosidl_typesupport_introspection_c
[0.579s] -- Found rosidl_adapter: 2.2.1 (/opt/ros/galactic/share/rosidl_adapter/cmake)
[6.200s] -- Using all available rosidl_typesupport_cpp: rosidl_typesupport_fastrtps_cpp;rosidl_typesupport_introspection_cpp
[6.241s] -- Found rmw_implementation_cmake: 3.3.1 (/opt/ros/galactic/share/rmw_implementation_cmake/cmake)
[6.242s] -- Found rmw_cyclonedds_cpp: 0.22.4 (/opt/ros/galactic/share/rmw_cyclonedds_cpp/cmake)
[6.257s] -- Using RMW implementation 'rmw_cyclonedds_cpp' as default
[6.375s] -- Found socketcan_interface: 0.0.0 (/home/ryuzot/ros2_ws/install/socketcan_interface/share/socketcan_interface/cmake)
[6.385s] -- Found ament_lint_auto: 0.10.6 (/opt/ros/galactic/share/ament_lint_auto/cmake)
[6.433s] -- Added test 'copyright' to check source files copyright and LICENSE
[6.434s] -- Added test 'cppcheck' to perform static code analysis on C / C++ code
[6.434s] -- Configured cppcheck include dirs: $<BUILD_INTERFACE:/home/ryuzot/ros2_ws/src/main_executor/include>
[6.434s] -- Configured cppcheck exclude dirs and/or files: 
[6.435s] -- Added test 'cpplint' to check C / C++ code against the Google style
[6.435s] -- Configured cpplint exclude dirs and/or files: 
[6.435s] -- Added test 'lint_cmake' to check CMake code style
[6.435s] -- Added test 'uncrustify' to check C / C++ code style
[6.435s] -- Configured uncrustify additional arguments: 
[6.436s] -- Added test 'xmllint' to check XML markup files
[6.437s] -- Configuring done
[6.442s] -- Generating done
[6.443s] -- Build files have been written to: /home/ryuzot/ros2_ws/build/main_executor
[6.450s] 
[6.809s] [0/1] Linking CXX executable main_exec[K
[6.809s] [1/1] Linking CXX executable main_exec[K
[6.811s] Invoked command in '/home/ryuzot/ros2_ws/build/main_executor' returned '0': CMAKE_PREFIX_PATH=/home/ryuzot/ros2_ws/install/socketcan_interface:/home/ryuzot/ros2_ws/install/socketcan_interface_msg:/home/ryuzot/ros2_ws/install/main_executor:/opt/ros/galactic LD_LIBRARY_PATH=/home/ryuzot/ros2_ws/install/socketcan_interface_msg/lib:/home/ryuzot/ros2_ws/install/socketcan_interface/lib:/opt/ros/galactic/opt/yaml_cpp_vendor/lib:/opt/ros/galactic/opt/rviz_ogre_vendor/lib:/opt/ros/galactic/lib/x86_64-linux-gnu:/opt/ros/galactic/lib /usr/bin/cmake --build /home/ryuzot/ros2_ws/build/main_executor -- -j24 -l24
[6.825s] Invoking command in '/home/ryuzot/ros2_ws/build/main_executor': CMAKE_PREFIX_PATH=/home/ryuzot/ros2_ws/install/socketcan_interface:/home/ryuzot/ros2_ws/install/socketcan_interface_msg:/home/ryuzot/ros2_ws/install/main_executor:/opt/ros/galactic LD_LIBRARY_PATH=/home/ryuzot/ros2_ws/install/socketcan_interface_msg/lib:/home/ryuzot/ros2_ws/install/socketcan_interface/lib:/opt/ros/galactic/opt/yaml_cpp_vendor/lib:/opt/ros/galactic/opt/rviz_ogre_vendor/lib:/opt/ros/galactic/lib/x86_64-linux-gnu:/opt/ros/galactic/lib /usr/bin/cmake --install /home/ryuzot/ros2_ws/build/main_executor
[6.830s] -- Install configuration: ""
[6.831s] -- Execute custom install script
[6.831s] -- Up-to-date symlink: /home/ryuzot/ros2_ws/install/main_executor/lib/main_executor/main_exec
[6.831s] -- Up-to-date symlink: /home/ryuzot/ros2_ws/install/main_executor/share/ament_index/resource_index/package_run_dependencies/main_executor
[6.832s] -- Up-to-date symlink: /home/ryuzot/ros2_ws/install/main_executor/share/ament_index/resource_index/parent_prefix_path/main_executor
[6.832s] -- Up-to-date symlink: /home/ryuzot/ros2_ws/install/main_executor/share/main_executor/environment/ament_prefix_path.sh
[6.832s] -- Up-to-date symlink: /home/ryuzot/ros2_ws/install/main_executor/share/main_executor/environment/ament_prefix_path.dsv
[6.832s] -- Up-to-date symlink: /home/ryuzot/ros2_ws/install/main_executor/share/main_executor/environment/path.sh
[6.833s] -- Up-to-date symlink: /home/ryuzot/ros2_ws/install/main_executor/share/main_executor/environment/path.dsv
[6.833s] -- Up-to-date symlink: /home/ryuzot/ros2_ws/install/main_executor/share/main_executor/local_setup.bash
[6.833s] -- Up-to-date symlink: /home/ryuzot/ros2_ws/install/main_executor/share/main_executor/local_setup.sh
[6.833s] -- Up-to-date symlink: /home/ryuzot/ros2_ws/install/main_executor/share/main_executor/local_setup.zsh
[6.834s] -- Up-to-date symlink: /home/ryuzot/ros2_ws/install/main_executor/share/main_executor/local_setup.dsv
[6.834s] -- Symlinking: /home/ryuzot/ros2_ws/install/main_executor/share/main_executor/package.dsv
[6.840s] -- Up-to-date symlink: /home/ryuzot/ros2_ws/install/main_executor/share/ament_index/resource_index/packages/main_executor
[6.840s] -- Up-to-date symlink: /home/ryuzot/ros2_ws/install/main_executor/share/main_executor/cmake/main_executorConfig.cmake
[6.840s] -- Up-to-date symlink: /home/ryuzot/ros2_ws/install/main_executor/share/main_executor/cmake/main_executorConfig-version.cmake
[6.840s] -- Up-to-date symlink: /home/ryuzot/ros2_ws/install/main_executor/share/main_executor/package.xml
[6.842s] Invoked command in '/home/ryuzot/ros2_ws/build/main_executor' returned '0': CMAKE_PREFIX_PATH=/home/ryuzot/ros2_ws/install/socketcan_interface:/home/ryuzot/ros2_ws/install/socketcan_interface_msg:/home/ryuzot/ros2_ws/install/main_executor:/opt/ros/galactic LD_LIBRARY_PATH=/home/ryuzot/ros2_ws/install/socketcan_interface_msg/lib:/home/ryuzot/ros2_ws/install/socketcan_interface/lib:/opt/ros/galactic/opt/yaml_cpp_vendor/lib:/opt/ros/galactic/opt/rviz_ogre_vendor/lib:/opt/ros/galactic/lib/x86_64-linux-gnu:/opt/ros/galactic/lib /usr/bin/cmake --install /home/ryuzot/ros2_ws/build/main_executor
