-- Found ament_cmake: 1.1.5 (/opt/ros/galactic/share/ament_cmake/cmake)
-- Using PYTHON_EXECUTABLE: /usr/bin/python3
-- Override CMake install command with custom implementation using symlinks instead of copying resources
-- Found rclcpp: 9.2.0 (/opt/ros/galactic/share/rclcpp/cmake)
-- Using all available rosidl_typesupport_c: rosidl_typesupport_fastrtps_c;rosidl_typesupport_introspection_c
-- Found rosidl_adapter: 2.2.1 (/opt/ros/galactic/share/rosidl_adapter/cmake)
-- Using all available rosidl_typesupport_cpp: rosidl_typesupport_fastrtps_cpp;rosidl_typesupport_introspection_cpp
-- Found rmw_implementation_cmake: 3.3.1 (/opt/ros/galactic/share/rmw_implementation_cmake/cmake)
-- Found rmw_cyclonedds_cpp: 0.22.4 (/opt/ros/galactic/share/rmw_cyclonedds_cpp/cmake)
-- Using RMW implementation 'rmw_cyclonedds_cpp' as default
-- Found socketcan_interface_msg: 0.0.0 (/home/ryuzot/ros2_main/install/socketcan_interface_msg/share/socketcan_interface_msg/cmake)
-- Found ament_lint_auto: 0.10.6 (/opt/ros/galactic/share/ament_lint_auto/cmake)
-- Added test 'copyright' to check source files copyright and LICENSE
-- Added test 'cppcheck' to perform static code analysis on C / C++ code
-- Configured cppcheck include dirs: /home/ryuzot/ros2_main/src/socketcan_interface/include;$<BUILD_INTERFACE:/home/ryuzot/ros2_main/src/socketcan_interface/include>
-- Configured cppcheck exclude dirs and/or files: 
-- Added test 'cpplint' to check C / C++ code against the Google style
-- Configured cpplint exclude dirs and/or files: 
-- Added test 'lint_cmake' to check CMake code style
-- Added test 'uncrustify' to check C / C++ code style
-- Configured uncrustify additional arguments: 
-- Added test 'xmllint' to check XML markup files
-- Configuring done
-- Generating done
-- Build files have been written to: /home/ryuzot/ros2_main/build/socketcan_interface
ninja: no work to do.
-- Install configuration: ""
-- Execute custom install script
-- Up-to-date symlink: /home/ryuzot/ros2_main/install/socketcan_interface/share/socketcan_interface/environment/library_path.sh
-- Up-to-date symlink: /home/ryuzot/ros2_main/install/socketcan_interface/share/socketcan_interface/environment/library_path.dsv
-- Up-to-date symlink: /home/ryuzot/ros2_main/install/socketcan_interface/share/socketcan_interface/environment/library_path.sh
-- Up-to-date symlink: /home/ryuzot/ros2_main/install/socketcan_interface/share/socketcan_interface/environment/library_path.dsv
-- Up-to-date symlink: /home/ryuzot/ros2_main/install/socketcan_interface/include/include/socketcan_interface/socketcan_interface_node.hpp
-- Up-to-date symlink: /home/ryuzot/ros2_main/install/socketcan_interface/include/include/socketcan_interface/visibility.h
-- Up-to-date symlink: /home/ryuzot/ros2_main/install/socketcan_interface/share/ament_index/resource_index/package_run_dependencies/socketcan_interface
-- Up-to-date symlink: /home/ryuzot/ros2_main/install/socketcan_interface/share/ament_index/resource_index/parent_prefix_path/socketcan_interface
-- Up-to-date symlink: /home/ryuzot/ros2_main/install/socketcan_interface/share/socketcan_interface/environment/ament_prefix_path.sh
-- Up-to-date symlink: /home/ryuzot/ros2_main/install/socketcan_interface/share/socketcan_interface/environment/ament_prefix_path.dsv
-- Up-to-date symlink: /home/ryuzot/ros2_main/install/socketcan_interface/share/socketcan_interface/environment/path.sh
-- Up-to-date symlink: /home/ryuzot/ros2_main/install/socketcan_interface/share/socketcan_interface/environment/path.dsv
-- Up-to-date symlink: /home/ryuzot/ros2_main/install/socketcan_interface/share/socketcan_interface/local_setup.bash
-- Up-to-date symlink: /home/ryuzot/ros2_main/install/socketcan_interface/share/socketcan_interface/local_setup.sh
-- Up-to-date symlink: /home/ryuzot/ros2_main/install/socketcan_interface/share/socketcan_interface/local_setup.zsh
-- Up-to-date symlink: /home/ryuzot/ros2_main/install/socketcan_interface/share/socketcan_interface/local_setup.dsv
-- Symlinking: /home/ryuzot/ros2_main/install/socketcan_interface/share/socketcan_interface/package.dsv
-- Up-to-date symlink: /home/ryuzot/ros2_main/install/socketcan_interface/share/ament_index/resource_index/packages/socketcan_interface
-- Up-to-date symlink: /home/ryuzot/ros2_main/install/socketcan_interface/share/socketcan_interface/cmake/ament_cmake_export_targets-extras.cmake
-- Up-to-date symlink: /home/ryuzot/ros2_main/install/socketcan_interface/share/socketcan_interface/cmake/ament_cmake_export_dependencies-extras.cmake
-- Up-to-date symlink: /home/ryuzot/ros2_main/install/socketcan_interface/share/socketcan_interface/cmake/socketcan_interfaceConfig.cmake
-- Up-to-date symlink: /home/ryuzot/ros2_main/install/socketcan_interface/share/socketcan_interface/cmake/socketcan_interfaceConfig-version.cmake
-- Up-to-date symlink: /home/ryuzot/ros2_main/install/socketcan_interface/share/socketcan_interface/package.xml
-- Up-to-date: /home/ryuzot/ros2_main/install/socketcan_interface/lib/libsocketcan_interface_node.a
-- Up-to-date: /home/ryuzot/ros2_main/install/socketcan_interface/share/socketcan_interface/cmake/export_socketcan_interfaceExport.cmake
-- Installing: /home/ryuzot/ros2_main/install/socketcan_interface/share/socketcan_interface/cmake/export_socketcan_interfaceExport-noconfig.cmake
