[0.199s] Invoking command in '/home/ryuzot/ros2_main/build/socketcan_interface': CMAKE_PREFIX_PATH=/home/ryuzot/ros2_main/install/socketcan_interface_msg:/home/ryuzot/ros2_main/install/socketcan_interface:/opt/ros/galactic LD_LIBRARY_PATH=/home/ryuzot/ros2_main/install/socketcan_interface_msg/lib:/home/ryuzot/ros2_main/install/socketcan_interface/lib:/opt/ros/galactic/opt/yaml_cpp_vendor/lib:/opt/ros/galactic/opt/rviz_ogre_vendor/lib:/opt/ros/galactic/lib/x86_64-linux-gnu:/opt/ros/galactic/lib /usr/bin/cmake /home/ryuzot/ros2_main/src/socketcan_interface -DAMENT_CMAKE_SYMLINK_INSTALL=1 -DCMAKE_INSTALL_PREFIX=/home/ryuzot/ros2_main/install/socketcan_interface
[0.208s] -- Found ament_cmake: 1.1.5 (/opt/ros/galactic/share/ament_cmake/cmake)
[0.224s] -- Using PYTHON_EXECUTABLE: /usr/bin/python3
[0.261s] -- Override CMake install command with custom implementation using symlinks instead of copying resources
[0.267s] -- Found rclcpp: 9.2.0 (/opt/ros/galactic/share/rclcpp/cmake)
[0.503s] -- Using all available rosidl_typesupport_c: rosidl_typesupport_fastrtps_c;rosidl_typesupport_introspection_c
[0.506s] -- Found rosidl_adapter: 2.2.1 (/opt/ros/galactic/share/rosidl_adapter/cmake)
[7.350s] -- Using all available rosidl_typesupport_cpp: rosidl_typesupport_fastrtps_cpp;rosidl_typesupport_introspection_cpp
[7.392s] -- Found rmw_implementation_cmake: 3.3.1 (/opt/ros/galactic/share/rmw_implementation_cmake/cmake)
[7.394s] -- Found rmw_cyclonedds_cpp: 0.22.4 (/opt/ros/galactic/share/rmw_cyclonedds_cpp/cmake)
[7.409s] -- Using RMW implementation 'rmw_cyclonedds_cpp' as default
[7.521s] -- Found socketcan_interface_msg: 0.0.0 (/home/ryuzot/ros2_main/install/socketcan_interface_msg/share/socketcan_interface_msg/cmake)
[7.534s] -- Found ament_lint_auto: 0.10.6 (/opt/ros/galactic/share/ament_lint_auto/cmake)
[7.580s] -- Added test 'copyright' to check source files copyright and LICENSE
[7.580s] -- Added test 'cppcheck' to perform static code analysis on C / C++ code
[7.580s] -- Configured cppcheck include dirs: /home/ryuzot/ros2_main/src/socketcan_interface/include;$<BUILD_INTERFACE:/home/ryuzot/ros2_main/src/socketcan_interface/include>
[7.581s] -- Configured cppcheck exclude dirs and/or files: 
[7.581s] -- Added test 'cpplint' to check C / C++ code against the Google style
[7.581s] -- Configured cpplint exclude dirs and/or files: 
[7.581s] -- Added test 'lint_cmake' to check CMake code style
[7.582s] -- Added test 'uncrustify' to check C / C++ code style
[7.582s] -- Configured uncrustify additional arguments: 
[7.583s] -- Added test 'xmllint' to check XML markup files
[7.585s] -- Configuring done
[7.589s] -- Generating done
[7.590s] -- Build files have been written to: /home/ryuzot/ros2_main/build/socketcan_interface
[7.596s] Invoked command in '/home/ryuzot/ros2_main/build/socketcan_interface' returned '0': CMAKE_PREFIX_PATH=/home/ryuzot/ros2_main/install/socketcan_interface_msg:/home/ryuzot/ros2_main/install/socketcan_interface:/opt/ros/galactic LD_LIBRARY_PATH=/home/ryuzot/ros2_main/install/socketcan_interface_msg/lib:/home/ryuzot/ros2_main/install/socketcan_interface/lib:/opt/ros/galactic/opt/yaml_cpp_vendor/lib:/opt/ros/galactic/opt/rviz_ogre_vendor/lib:/opt/ros/galactic/lib/x86_64-linux-gnu:/opt/ros/galactic/lib /usr/bin/cmake /home/ryuzot/ros2_main/src/socketcan_interface -DAMENT_CMAKE_SYMLINK_INSTALL=1 -DCMAKE_INSTALL_PREFIX=/home/ryuzot/ros2_main/install/socketcan_interface
[7.599s] Invoking command in '/home/ryuzot/ros2_main/build/socketcan_interface': CMAKE_PREFIX_PATH=/home/ryuzot/ros2_main/install/socketcan_interface_msg:/home/ryuzot/ros2_main/install/socketcan_interface:/opt/ros/galactic LD_LIBRARY_PATH=/home/ryuzot/ros2_main/install/socketcan_interface_msg/lib:/home/ryuzot/ros2_main/install/socketcan_interface/lib:/opt/ros/galactic/opt/yaml_cpp_vendor/lib:/opt/ros/galactic/opt/rviz_ogre_vendor/lib:/opt/ros/galactic/lib/x86_64-linux-gnu:/opt/ros/galactic/lib /usr/bin/cmake --build /home/ryuzot/ros2_main/build/socketcan_interface -- -j24 -l24
[7.607s] ninja: no work to do.
[7.609s] Invoked command in '/home/ryuzot/ros2_main/build/socketcan_interface' returned '0': CMAKE_PREFIX_PATH=/home/ryuzot/ros2_main/install/socketcan_interface_msg:/home/ryuzot/ros2_main/install/socketcan_interface:/opt/ros/galactic LD_LIBRARY_PATH=/home/ryuzot/ros2_main/install/socketcan_interface_msg/lib:/home/ryuzot/ros2_main/install/socketcan_interface/lib:/opt/ros/galactic/opt/yaml_cpp_vendor/lib:/opt/ros/galactic/opt/rviz_ogre_vendor/lib:/opt/ros/galactic/lib/x86_64-linux-gnu:/opt/ros/galactic/lib /usr/bin/cmake --build /home/ryuzot/ros2_main/build/socketcan_interface -- -j24 -l24
[7.624s] Invoking command in '/home/ryuzot/ros2_main/build/socketcan_interface': CMAKE_PREFIX_PATH=/home/ryuzot/ros2_main/install/socketcan_interface_msg:/home/ryuzot/ros2_main/install/socketcan_interface:/opt/ros/galactic LD_LIBRARY_PATH=/home/ryuzot/ros2_main/install/socketcan_interface_msg/lib:/home/ryuzot/ros2_main/install/socketcan_interface/lib:/opt/ros/galactic/opt/yaml_cpp_vendor/lib:/opt/ros/galactic/opt/rviz_ogre_vendor/lib:/opt/ros/galactic/lib/x86_64-linux-gnu:/opt/ros/galactic/lib /usr/bin/cmake --install /home/ryuzot/ros2_main/build/socketcan_interface
[7.628s] -- Install configuration: ""
[7.629s] -- Execute custom install script
[7.629s] -- Up-to-date symlink: /home/ryuzot/ros2_main/install/socketcan_interface/share/socketcan_interface/environment/library_path.sh
[7.630s] -- Up-to-date symlink: /home/ryuzot/ros2_main/install/socketcan_interface/share/socketcan_interface/environment/library_path.dsv
[7.630s] -- Up-to-date symlink: /home/ryuzot/ros2_main/install/socketcan_interface/share/socketcan_interface/environment/library_path.sh
[7.630s] -- Up-to-date symlink: /home/ryuzot/ros2_main/install/socketcan_interface/share/socketcan_interface/environment/library_path.dsv
[7.630s] -- Up-to-date symlink: /home/ryuzot/ros2_main/install/socketcan_interface/include/include/socketcan_interface/socketcan_interface_node.hpp
[7.631s] -- Up-to-date symlink: /home/ryuzot/ros2_main/install/socketcan_interface/include/include/socketcan_interface/visibility.h
[7.631s] -- Up-to-date symlink: /home/ryuzot/ros2_main/install/socketcan_interface/share/ament_index/resource_index/package_run_dependencies/socketcan_interface
[7.631s] -- Up-to-date symlink: /home/ryuzot/ros2_main/install/socketcan_interface/share/ament_index/resource_index/parent_prefix_path/socketcan_interface
[7.631s] -- Up-to-date symlink: /home/ryuzot/ros2_main/install/socketcan_interface/share/socketcan_interface/environment/ament_prefix_path.sh
[7.631s] -- Up-to-date symlink: /home/ryuzot/ros2_main/install/socketcan_interface/share/socketcan_interface/environment/ament_prefix_path.dsv
[7.632s] -- Up-to-date symlink: /home/ryuzot/ros2_main/install/socketcan_interface/share/socketcan_interface/environment/path.sh
[7.632s] -- Up-to-date symlink: /home/ryuzot/ros2_main/install/socketcan_interface/share/socketcan_interface/environment/path.dsv
[7.632s] -- Up-to-date symlink: /home/ryuzot/ros2_main/install/socketcan_interface/share/socketcan_interface/local_setup.bash
[7.632s] -- Up-to-date symlink: /home/ryuzot/ros2_main/install/socketcan_interface/share/socketcan_interface/local_setup.sh
[7.632s] -- Up-to-date symlink: /home/ryuzot/ros2_main/install/socketcan_interface/share/socketcan_interface/local_setup.zsh
[7.633s] -- Up-to-date symlink: /home/ryuzot/ros2_main/install/socketcan_interface/share/socketcan_interface/local_setup.dsv
[7.633s] -- Symlinking: /home/ryuzot/ros2_main/install/socketcan_interface/share/socketcan_interface/package.dsv
[7.638s] -- Up-to-date symlink: /home/ryuzot/ros2_main/install/socketcan_interface/share/ament_index/resource_index/packages/socketcan_interface
[7.639s] -- Up-to-date symlink: /home/ryuzot/ros2_main/install/socketcan_interface/share/socketcan_interface/cmake/ament_cmake_export_targets-extras.cmake
[7.639s] -- Up-to-date symlink: /home/ryuzot/ros2_main/install/socketcan_interface/share/socketcan_interface/cmake/ament_cmake_export_dependencies-extras.cmake
[7.639s] -- Up-to-date symlink: /home/ryuzot/ros2_main/install/socketcan_interface/share/socketcan_interface/cmake/socketcan_interfaceConfig.cmake
[7.639s] -- Up-to-date symlink: /home/ryuzot/ros2_main/install/socketcan_interface/share/socketcan_interface/cmake/socketcan_interfaceConfig-version.cmake
[7.639s] -- Up-to-date symlink: /home/ryuzot/ros2_main/install/socketcan_interface/share/socketcan_interface/package.xml
[7.640s] -- Up-to-date: /home/ryuzot/ros2_main/install/socketcan_interface/lib/libsocketcan_interface_node.a
[7.640s] -- Up-to-date: /home/ryuzot/ros2_main/install/socketcan_interface/share/socketcan_interface/cmake/export_socketcan_interfaceExport.cmake
[7.640s] -- Installing: /home/ryuzot/ros2_main/install/socketcan_interface/share/socketcan_interface/cmake/export_socketcan_interfaceExport-noconfig.cmake
[7.645s] Invoked command in '/home/ryuzot/ros2_main/build/socketcan_interface' returned '0': CMAKE_PREFIX_PATH=/home/ryuzot/ros2_main/install/socketcan_interface_msg:/home/ryuzot/ros2_main/install/socketcan_interface:/opt/ros/galactic LD_LIBRARY_PATH=/home/ryuzot/ros2_main/install/socketcan_interface_msg/lib:/home/ryuzot/ros2_main/install/socketcan_interface/lib:/opt/ros/galactic/opt/yaml_cpp_vendor/lib:/opt/ros/galactic/opt/rviz_ogre_vendor/lib:/opt/ros/galactic/lib/x86_64-linux-gnu:/opt/ros/galactic/lib /usr/bin/cmake --install /home/ryuzot/ros2_main/build/socketcan_interface
