[0.015s] Invoking command in '/home/ryuzot/ros2_main/build/socketcan_interface_msg': CMAKE_PREFIX_PATH=/opt/ros/galactic /usr/bin/cmake /home/ryuzot/ros2_main/src/socketcan_interface_msg -DCMAKE_EXPORT_COMPILE_COMMANDS=ON -G Ninja -DAMENT_CMAKE_SYMLINK_INSTALL=1 -DCMAKE_INSTALL_PREFIX=/home/ryuzot/ros2_main/install/socketcan_interface_msg
[0.259s] -- The C compiler identification is GNU 9.4.0
[0.634s] -- The CXX compiler identification is GNU 9.4.0
[0.843s] -- Check for working C compiler: /usr/bin/cc
[0.995s] -- Check for working C compiler: /usr/bin/cc -- works
[0.996s] -- Detecting C compiler ABI info
[1.172s] -- Detecting C compiler ABI info - done
[1.182s] -- Detecting C compile features
[1.183s] -- Detecting C compile features - done
[1.185s] -- Check for working CXX compiler: /usr/bin/c++
[1.365s] -- Check for working CXX compiler: /usr/bin/c++ -- works
[1.366s] -- Detecting CXX compiler ABI info
[1.547s] -- Detecting CXX compiler ABI info - done
[1.558s] -- Detecting CXX compile features
[1.559s] -- Detecting CXX compile features - done
[1.560s] -- Found ament_cmake: 1.1.5 (/opt/ros/galactic/share/ament_cmake/cmake)
[1.579s] -- Found PythonInterp: /usr/bin/python3 (found suitable version "3.8.10", minimum required is "3") 
[1.579s] -- Using PYTHON_EXECUTABLE: /usr/bin/python3
[1.616s] -- Override CMake install command with custom implementation using symlinks instead of copying resources
[1.633s] -- Found rosidl_default_generators: 1.1.1 (/opt/ros/galactic/share/rosidl_default_generators/cmake)
[1.635s] -- Using all available rosidl_typesupport_c: rosidl_typesupport_fastrtps_c;rosidl_typesupport_introspection_c
[1.641s] -- Found rosidl_adapter: 2.2.1 (/opt/ros/galactic/share/rosidl_adapter/cmake)
[3.880s] -- Found OpenSSL: /usr/lib/x86_64-linux-gnu/libcrypto.so (found version "1.1.1f")  
[5.866s] -- Found FastRTPS: /opt/ros/galactic/include  
[9.412s] -- Using all available rosidl_typesupport_cpp: rosidl_typesupport_fastrtps_cpp;rosidl_typesupport_introspection_cpp
[9.456s] -- Found PythonInterp: /usr/bin/python3 (found version "3.8.10") 
[9.547s] -- Found ament_cmake_ros: 0.9.2 (/opt/ros/galactic/share/ament_cmake_ros/cmake)
[15.122s] -- Using all available rosidl_typesupport_c: rosidl_typesupport_fastrtps_c;rosidl_typesupport_introspection_c
[15.127s] -- Using all available rosidl_typesupport_cpp: rosidl_typesupport_fastrtps_cpp;rosidl_typesupport_introspection_cpp
[15.145s] -- Found PythonInterp: /usr/bin/python3 (found suitable version "3.8.10", minimum required is "3.5") 
[15.146s] -- Found python_cmake_module: 0.8.1 (/opt/ros/galactic/share/python_cmake_module/cmake)
[15.666s] -- Found PythonLibs: /usr/lib/x86_64-linux-gnu/libpython3.8.so (found suitable version "3.8.10", minimum required is "3.5") 
[15.666s] -- Using PYTHON_EXECUTABLE: /usr/bin/python3
[15.666s] -- Using PYTHON_INCLUDE_DIRS: /usr/include/python3.8
[15.666s] -- Using PYTHON_LIBRARIES: /usr/lib/x86_64-linux-gnu/libpython3.8.so
[15.682s] -- Found PythonExtra: .so  
[15.766s] -- Found ament_lint_auto: 0.10.6 (/opt/ros/galactic/share/ament_lint_auto/cmake)
[15.783s] -- Added test 'copyright' to check source files copyright and LICENSE
[15.783s] -- Added test 'lint_cmake' to check CMake code style
[15.784s] -- Added test 'xmllint' to check XML markup files
[15.788s] -- Configuring done
[15.803s] -- Generating done
[15.804s] -- Build files have been written to: /home/ryuzot/ros2_main/build/socketcan_interface_msg
[15.812s] Invoked command in '/home/ryuzot/ros2_main/build/socketcan_interface_msg' returned '0': CMAKE_PREFIX_PATH=/opt/ros/galactic /usr/bin/cmake /home/ryuzot/ros2_main/src/socketcan_interface_msg -DCMAKE_EXPORT_COMPILE_COMMANDS=ON -G Ninja -DAMENT_CMAKE_SYMLINK_INSTALL=1 -DCMAKE_INSTALL_PREFIX=/home/ryuzot/ros2_main/install/socketcan_interface_msg
[15.814s] Invoking command in '/home/ryuzot/ros2_main/build/socketcan_interface_msg': CMAKE_PREFIX_PATH=/opt/ros/galactic /usr/bin/cmake --build /home/ryuzot/ros2_main/build/socketcan_interface_msg -- -j24 -l24
[15.821s] 
[15.822s] [0/31] Generating C code for ROS interfaces[K
[15.990s] [0/31] Generating C++ code for ROS interfaces[K
[15.990s] [1/31] Generating C code for ROS interfaces[K
[15.993s] [1/31] Building C object CMakeFiles/socketcan_interface_msg__rosidl_generator_c.dir/rosidl_generator_c/socketcan_interface_msg/msg/detail/socketcan_if__functions.c.o[K
[15.993s] [2/31] Generating C++ code for ROS interfaces[K
[15.993s] [2/31] Generating C++ type support for eProsima Fast-RTPS[K
[15.994s] [2/31] Generating C++ introspection for ROS interfaces[K
[16.011s] [2/31] Generating C++ type support dispatch for ROS interfaces[K
[16.011s] [3/31] Building C object CMakeFiles/socketcan_interface_msg__rosidl_generator_c.dir/rosidl_generator_c/socketcan_interface_msg/msg/detail/socketcan_if__functions.c.o[K
[16.134s] [3/31] Linking C shared library libsocketcan_interface_msg__rosidl_generator_c.so[K
[16.135s] [4/31] Generating C++ type support dispatch for ROS interfaces[K
[16.157s] [4/31] Building CXX object CMakeFiles/socketcan_interface_msg__rosidl_typesupport_cpp.dir/rosidl_typesupport_cpp/socketcan_interface_msg/msg/socketcan_if__type_support.cpp.o[K
[16.158s] [5/31] Linking C shared library libsocketcan_interface_msg__rosidl_generator_c.so[K
[16.158s] [5/31] Generating C introspection for ROS interfaces[K
[16.190s] [5/31] Generating C type support dispatch for ROS interfaces[K
[16.190s] [6/31] Generating C++ type support for eProsima Fast-RTPS[K
[16.197s] [6/31] Building CXX object CMakeFiles/socketcan_interface_msg__rosidl_typesupport_fastrtps_cpp.dir/rosidl_typesupport_fastrtps_cpp/socketcan_interface_msg/msg/detail/dds_fastrtps/socketcan_if__type_support.cpp.o[K
[16.197s] [7/31] Generating C++ introspection for ROS interfaces[K
[16.305s] [7/31] Building CXX object CMakeFiles/socketcan_interface_msg__rosidl_typesupport_introspection_cpp.dir/rosidl_typesupport_introspection_cpp/socketcan_interface_msg/msg/detail/socketcan_if__type_support.cpp.o[K
[16.305s] [8/31] Generating C type support dispatch for ROS interfaces[K
[16.318s] [8/31] Building CXX object CMakeFiles/socketcan_interface_msg__rosidl_typesupport_c.dir/rosidl_typesupport_c/socketcan_interface_msg/msg/socketcan_if__type_support.cpp.o[K
[16.318s] [9/31] Generating C introspection for ROS interfaces[K
[16.320s] [9/31] Building C object CMakeFiles/socketcan_interface_msg__rosidl_typesupport_introspection_c.dir/rosidl_typesupport_introspection_c/socketcan_interface_msg/msg/detail/socketcan_if__type_support.c.o[K
[16.320s] [10/31] Building CXX object CMakeFiles/socketcan_interface_msg__rosidl_typesupport_c.dir/rosidl_typesupport_c/socketcan_interface_msg/msg/socketcan_if__type_support.cpp.o[K
[16.335s] [10/31] Linking CXX shared library libsocketcan_interface_msg__rosidl_typesupport_c.so[K
[16.335s] [11/31] Building C object CMakeFiles/socketcan_interface_msg__rosidl_typesupport_introspection_c.dir/rosidl_typesupport_introspection_c/socketcan_interface_msg/msg/detail/socketcan_if__type_support.c.o[K
[16.356s] [11/31] Linking C shared library libsocketcan_interface_msg__rosidl_typesupport_introspection_c.so[K
[16.357s] [12/31] Building CXX object CMakeFiles/socketcan_interface_msg__rosidl_typesupport_cpp.dir/rosidl_typesupport_cpp/socketcan_interface_msg/msg/socketcan_if__type_support.cpp.o[K
[16.430s] [12/31] Linking CXX shared library libsocketcan_interface_msg__rosidl_typesupport_cpp.so[K
[16.430s] [13/31] Building CXX object CMakeFiles/socketcan_interface_msg__rosidl_typesupport_introspection_cpp.dir/rosidl_typesupport_introspection_cpp/socketcan_interface_msg/msg/detail/socketcan_if__type_support.cpp.o[K
[16.516s] [13/31] Linking CXX shared library libsocketcan_interface_msg__rosidl_typesupport_introspection_cpp.so[K
[16.524s] [14/31] Linking CXX shared library libsocketcan_interface_msg__rosidl_typesupport_c.so[K
[16.545s] [15/31] Linking C shared library libsocketcan_interface_msg__rosidl_typesupport_introspection_c.so[K
[16.546s] [16/31] Building CXX object CMakeFiles/socketcan_interface_msg__rosidl_typesupport_fastrtps_cpp.dir/rosidl_typesupport_fastrtps_cpp/socketcan_interface_msg/msg/detail/dds_fastrtps/socketcan_if__type_support.cpp.o[K
[16.577s] [16/31] Linking CXX shared library libsocketcan_interface_msg__rosidl_typesupport_fastrtps_cpp.so[K
[16.626s] [17/31] Linking CXX shared library libsocketcan_interface_msg__rosidl_typesupport_cpp.so[K
[16.739s] [18/31] Linking CXX shared library libsocketcan_interface_msg__rosidl_typesupport_introspection_cpp.so[K
[16.739s] [19/31] Linking CXX shared library libsocketcan_interface_msg__rosidl_typesupport_fastrtps_cpp.so[K
[16.892s] [19/31] Generating C type support for eProsima Fast-RTPS[K
[16.893s] [20/31] Generating C type support for eProsima Fast-RTPS[K
[17.196s] [20/31] Building CXX object CMakeFiles/socketcan_interface_msg__rosidl_typesupport_fastrtps_c.dir/rosidl_typesupport_fastrtps_c/socketcan_interface_msg/msg/detail/socketcan_if__type_support_c.cpp.o[K
[17.196s] [21/31] Building CXX object CMakeFiles/socketcan_interface_msg__rosidl_typesupport_fastrtps_c.dir/rosidl_typesupport_fastrtps_c/socketcan_interface_msg/msg/detail/socketcan_if__type_support_c.cpp.o[K
[17.390s] [21/31] Linking CXX shared library libsocketcan_interface_msg__rosidl_typesupport_fastrtps_c.so[K
[17.390s] [22/31] Linking CXX shared library libsocketcan_interface_msg__rosidl_typesupport_fastrtps_c.so[K
[17.695s] [22/31] Generating Python code for ROS interfaces[K
[17.695s] [23/31] Generating Python code for ROS interfaces[K
[17.695s] [23/31] Building C object CMakeFiles/socketcan_interface_msg__rosidl_typesupport_fastrtps_c__pyext.dir/rosidl_generator_py/socketcan_interface_msg/_socketcan_interface_msg_s.ep.rosidl_typesupport_fastrtps_c.c.o[K
[17.695s] [23/31] Building C object CMakeFiles/socketcan_interface_msg__rosidl_typesupport_c__pyext.dir/rosidl_generator_py/socketcan_interface_msg/_socketcan_interface_msg_s.ep.rosidl_typesupport_c.c.o[K
[17.695s] [23/31] Building C object CMakeFiles/socketcan_interface_msg__rosidl_typesupport_introspection_c__pyext.dir/rosidl_generator_py/socketcan_interface_msg/_socketcan_interface_msg_s.ep.rosidl_typesupport_introspection_c.c.o[K
[17.753s] [23/31] Building C object CMakeFiles/socketcan_interface_msg__python.dir/rosidl_generator_py/socketcan_interface_msg/msg/_socketcan_if_s.c.o[K
[17.754s] [24/31] Building C object CMakeFiles/socketcan_interface_msg__rosidl_typesupport_c__pyext.dir/rosidl_generator_py/socketcan_interface_msg/_socketcan_interface_msg_s.ep.rosidl_typesupport_c.c.o[K
[17.755s] [25/31] Building C object CMakeFiles/socketcan_interface_msg__rosidl_typesupport_introspection_c__pyext.dir/rosidl_generator_py/socketcan_interface_msg/_socketcan_interface_msg_s.ep.rosidl_typesupport_introspection_c.c.o[K
[17.759s] [26/31] Building C object CMakeFiles/socketcan_interface_msg__rosidl_typesupport_fastrtps_c__pyext.dir/rosidl_generator_py/socketcan_interface_msg/_socketcan_interface_msg_s.ep.rosidl_typesupport_fastrtps_c.c.o[K
[17.759s] [27/31] Building C object CMakeFiles/socketcan_interface_msg__python.dir/rosidl_generator_py/socketcan_interface_msg/msg/_socketcan_if_s.c.o[K
[17.887s] [27/31] Linking C shared library rosidl_generator_py/socketcan_interface_msg/libsocketcan_interface_msg__python.so[K
[17.887s] [28/31] Linking C shared library rosidl_generator_py/socketcan_interface_msg/libsocketcan_interface_msg__python.so[K
[17.887s] [28/31] Linking CXX shared library rosidl_generator_py/socketcan_interface_msg/socketcan_interface_msg_s__rosidl_typesupport_fastrtps_c.cpython-38-x86_64-linux-gnu.so[K
[17.887s] [28/31] Linking C shared library rosidl_generator_py/socketcan_interface_msg/socketcan_interface_msg_s__rosidl_typesupport_c.cpython-38-x86_64-linux-gnu.so[K
[18.020s] [28/31] Linking C shared library rosidl_generator_py/socketcan_interface_msg/socketcan_interface_msg_s__rosidl_typesupport_introspection_c.cpython-38-x86_64-linux-gnu.so[K
[18.036s] [29/31] Linking C shared library rosidl_generator_py/socketcan_interface_msg/socketcan_interface_msg_s__rosidl_typesupport_c.cpython-38-x86_64-linux-gnu.so[K
[18.038s] [30/31] Linking C shared library rosidl_generator_py/socketcan_interface_msg/socketcan_interface_msg_s__rosidl_typesupport_introspection_c.cpython-38-x86_64-linux-gnu.so[K
[18.038s] [31/31] Linking CXX shared library rosidl_generator_py/socketcan_interface_msg/socketcan_interface_msg_s__rosidl_typesupport_fastrtps_c.cpython-38-x86_64-linux-gnu.so[K
[18.040s] Invoked command in '/home/ryuzot/ros2_main/build/socketcan_interface_msg' returned '0': CMAKE_PREFIX_PATH=/opt/ros/galactic /usr/bin/cmake --build /home/ryuzot/ros2_main/build/socketcan_interface_msg -- -j24 -l24
[18.061s] Invoking command in '/home/ryuzot/ros2_main/build/socketcan_interface_msg': CMAKE_PREFIX_PATH=/opt/ros/galactic /usr/bin/cmake --install /home/ryuzot/ros2_main/build/socketcan_interface_msg
[18.067s] -- Install configuration: ""
[18.068s] -- Execute custom install script
[18.068s] -- Symlinking: /home/ryuzot/ros2_main/install/socketcan_interface_msg/share/ament_index/resource_index/rosidl_interfaces/socketcan_interface_msg
[18.074s] -- Symlinking: /home/ryuzot/ros2_main/install/socketcan_interface_msg/include/socketcan_interface_msg/msg/detail/socketcan_if__functions.h
[18.080s] -- Symlinking: /home/ryuzot/ros2_main/install/socketcan_interface_msg/include/socketcan_interface_msg/msg/detail/socketcan_if__struct.h
[18.085s] -- Symlinking: /home/ryuzot/ros2_main/install/socketcan_interface_msg/include/socketcan_interface_msg/msg/detail/socketcan_if__type_support.h
[18.090s] -- Symlinking: /home/ryuzot/ros2_main/install/socketcan_interface_msg/include/socketcan_interface_msg/msg/rosidl_generator_c__visibility_control.h
[18.095s] -- Symlinking: /home/ryuzot/ros2_main/install/socketcan_interface_msg/include/socketcan_interface_msg/msg/socketcan_if.h
[18.101s] -- Symlinking: /home/ryuzot/ros2_main/install/socketcan_interface_msg/share/socketcan_interface_msg/environment/library_path.sh
[18.106s] -- Symlinking: /home/ryuzot/ros2_main/install/socketcan_interface_msg/share/socketcan_interface_msg/environment/library_path.dsv
[18.111s] -- Symlinking: /home/ryuzot/ros2_main/install/socketcan_interface_msg/include/socketcan_interface_msg/msg/detail/socketcan_if__rosidl_typesupport_fastrtps_c.h
[18.117s] -- Symlinking: /home/ryuzot/ros2_main/install/socketcan_interface_msg/include/socketcan_interface_msg/msg/rosidl_typesupport_fastrtps_c__visibility_control.h
[18.122s] -- Symlinking: /home/ryuzot/ros2_main/install/socketcan_interface_msg/lib/libsocketcan_interface_msg__rosidl_typesupport_fastrtps_c.so
[18.128s] -- Symlinking: /home/ryuzot/ros2_main/install/socketcan_interface_msg/include/socketcan_interface_msg/msg/detail/socketcan_if__rosidl_typesupport_fastrtps_cpp.hpp
[18.133s] -- Symlinking: /home/ryuzot/ros2_main/install/socketcan_interface_msg/include/socketcan_interface_msg/msg/rosidl_typesupport_fastrtps_cpp__visibility_control.h
[18.139s] -- Symlinking: /home/ryuzot/ros2_main/install/socketcan_interface_msg/lib/libsocketcan_interface_msg__rosidl_typesupport_fastrtps_cpp.so
[18.145s] -- Symlinking: /home/ryuzot/ros2_main/install/socketcan_interface_msg/include/socketcan_interface_msg/msg/detail/socketcan_if__rosidl_typesupport_introspection_c.h
[18.150s] -- Symlinking: /home/ryuzot/ros2_main/install/socketcan_interface_msg/include/socketcan_interface_msg/msg/rosidl_typesupport_introspection_c__visibility_control.h
[18.156s] -- Symlinking: /home/ryuzot/ros2_main/install/socketcan_interface_msg/include/socketcan_interface_msg/msg/detail/socketcan_if__builder.hpp
[18.161s] -- Symlinking: /home/ryuzot/ros2_main/install/socketcan_interface_msg/include/socketcan_interface_msg/msg/detail/socketcan_if__struct.hpp
[18.167s] -- Symlinking: /home/ryuzot/ros2_main/install/socketcan_interface_msg/include/socketcan_interface_msg/msg/detail/socketcan_if__traits.hpp
[18.171s] -- Symlinking: /home/ryuzot/ros2_main/install/socketcan_interface_msg/include/socketcan_interface_msg/msg/socketcan_if.hpp
[18.177s] -- Symlinking: /home/ryuzot/ros2_main/install/socketcan_interface_msg/include/socketcan_interface_msg/msg/detail/socketcan_if__rosidl_typesupport_introspection_cpp.hpp
[18.183s] -- Symlinking: /home/ryuzot/ros2_main/install/socketcan_interface_msg/share/socketcan_interface_msg/environment/pythonpath.sh
[18.188s] -- Symlinking: /home/ryuzot/ros2_main/install/socketcan_interface_msg/share/socketcan_interface_msg/environment/pythonpath.dsv
[18.194s] -- Symlinking: /home/ryuzot/ros2_main/install/socketcan_interface_msg/lib/python3.8/site-packages/socketcan_interface_msg/__init__.py
[18.199s] -- Symlinking: /home/ryuzot/ros2_main/install/socketcan_interface_msg/lib/python3.8/site-packages/socketcan_interface_msg/msg/__init__.py
[18.204s] -- Symlinking: /home/ryuzot/ros2_main/install/socketcan_interface_msg/lib/python3.8/site-packages/socketcan_interface_msg/msg/_socketcan_if.py
[18.210s] -- Symlinking: /home/ryuzot/ros2_main/install/socketcan_interface_msg/lib/python3.8/site-packages/socketcan_interface_msg/socketcan_interface_msg_s__rosidl_typesupport_fastrtps_c.cpython-38-x86_64-linux-gnu.so
[18.215s] -- Symlinking: /home/ryuzot/ros2_main/install/socketcan_interface_msg/lib/python3.8/site-packages/socketcan_interface_msg/socketcan_interface_msg_s__rosidl_typesupport_introspection_c.cpython-38-x86_64-linux-gnu.so
[18.221s] -- Symlinking: /home/ryuzot/ros2_main/install/socketcan_interface_msg/lib/python3.8/site-packages/socketcan_interface_msg/socketcan_interface_msg_s__rosidl_typesupport_c.cpython-38-x86_64-linux-gnu.so
[18.227s] -- Symlinking: /home/ryuzot/ros2_main/install/socketcan_interface_msg/lib/libsocketcan_interface_msg__python.so
[18.232s] -- Symlinking: /home/ryuzot/ros2_main/install/socketcan_interface_msg/share/socketcan_interface_msg/msg/SocketcanIF.idl
[18.237s] -- Symlinking: /home/ryuzot/ros2_main/install/socketcan_interface_msg/share/socketcan_interface_msg/msg/SocketcanIF.msg
[18.242s] -- Symlinking: /home/ryuzot/ros2_main/install/socketcan_interface_msg/share/ament_index/resource_index/package_run_dependencies/socketcan_interface_msg
[18.247s] -- Symlinking: /home/ryuzot/ros2_main/install/socketcan_interface_msg/share/ament_index/resource_index/parent_prefix_path/socketcan_interface_msg
[18.253s] -- Symlinking: /home/ryuzot/ros2_main/install/socketcan_interface_msg/share/socketcan_interface_msg/environment/ament_prefix_path.sh
[18.258s] -- Symlinking: /home/ryuzot/ros2_main/install/socketcan_interface_msg/share/socketcan_interface_msg/environment/ament_prefix_path.dsv
[18.263s] -- Symlinking: /home/ryuzot/ros2_main/install/socketcan_interface_msg/share/socketcan_interface_msg/environment/path.sh
[18.269s] -- Symlinking: /home/ryuzot/ros2_main/install/socketcan_interface_msg/share/socketcan_interface_msg/environment/path.dsv
[18.273s] -- Symlinking: /home/ryuzot/ros2_main/install/socketcan_interface_msg/share/socketcan_interface_msg/local_setup.bash
[18.278s] -- Symlinking: /home/ryuzot/ros2_main/install/socketcan_interface_msg/share/socketcan_interface_msg/local_setup.sh
[18.284s] -- Symlinking: /home/ryuzot/ros2_main/install/socketcan_interface_msg/share/socketcan_interface_msg/local_setup.zsh
[18.290s] -- Symlinking: /home/ryuzot/ros2_main/install/socketcan_interface_msg/share/socketcan_interface_msg/local_setup.dsv
[18.295s] -- Symlinking: /home/ryuzot/ros2_main/install/socketcan_interface_msg/share/socketcan_interface_msg/package.dsv
[18.301s] -- Symlinking: /home/ryuzot/ros2_main/install/socketcan_interface_msg/share/ament_index/resource_index/packages/socketcan_interface_msg
[18.306s] -- Symlinking: /home/ryuzot/ros2_main/install/socketcan_interface_msg/share/socketcan_interface_msg/cmake/rosidl_cmake-extras.cmake
[18.312s] -- Symlinking: /home/ryuzot/ros2_main/install/socketcan_interface_msg/share/socketcan_interface_msg/cmake/ament_cmake_export_dependencies-extras.cmake
[18.317s] -- Symlinking: /home/ryuzot/ros2_main/install/socketcan_interface_msg/share/socketcan_interface_msg/cmake/ament_cmake_export_libraries-extras.cmake
[18.323s] -- Symlinking: /home/ryuzot/ros2_main/install/socketcan_interface_msg/share/socketcan_interface_msg/cmake/ament_cmake_export_targets-extras.cmake
[18.328s] -- Symlinking: /home/ryuzot/ros2_main/install/socketcan_interface_msg/share/socketcan_interface_msg/cmake/ament_cmake_export_include_directories-extras.cmake
[18.333s] -- Symlinking: /home/ryuzot/ros2_main/install/socketcan_interface_msg/share/socketcan_interface_msg/cmake/rosidl_cmake_export_typesupport_libraries-extras.cmake
[18.339s] -- Symlinking: /home/ryuzot/ros2_main/install/socketcan_interface_msg/share/socketcan_interface_msg/cmake/rosidl_cmake_export_typesupport_targets-extras.cmake
[18.344s] -- Symlinking: /home/ryuzot/ros2_main/install/socketcan_interface_msg/share/socketcan_interface_msg/cmake/socketcan_interface_msgConfig.cmake
[18.348s] -- Symlinking: /home/ryuzot/ros2_main/install/socketcan_interface_msg/share/socketcan_interface_msg/cmake/socketcan_interface_msgConfig-version.cmake
[18.354s] -- Symlinking: /home/ryuzot/ros2_main/install/socketcan_interface_msg/share/socketcan_interface_msg/package.xml
[18.358s] -- Installing: /home/ryuzot/ros2_main/install/socketcan_interface_msg/lib/libsocketcan_interface_msg__rosidl_generator_c.so
[18.359s] -- Set runtime path of "/home/ryuzot/ros2_main/install/socketcan_interface_msg/lib/libsocketcan_interface_msg__rosidl_generator_c.so" to ""
[18.359s] -- Installing: /home/ryuzot/ros2_main/install/socketcan_interface_msg/lib/libsocketcan_interface_msg__rosidl_typesupport_introspection_c.so
[18.359s] -- Set runtime path of "/home/ryuzot/ros2_main/install/socketcan_interface_msg/lib/libsocketcan_interface_msg__rosidl_typesupport_introspection_c.so" to ""
[18.359s] -- Installing: /home/ryuzot/ros2_main/install/socketcan_interface_msg/lib/libsocketcan_interface_msg__rosidl_typesupport_c.so
[18.359s] -- Set runtime path of "/home/ryuzot/ros2_main/install/socketcan_interface_msg/lib/libsocketcan_interface_msg__rosidl_typesupport_c.so" to ""
[18.360s] -- Installing: /home/ryuzot/ros2_main/install/socketcan_interface_msg/lib/libsocketcan_interface_msg__rosidl_typesupport_introspection_cpp.so
[18.360s] -- Set runtime path of "/home/ryuzot/ros2_main/install/socketcan_interface_msg/lib/libsocketcan_interface_msg__rosidl_typesupport_introspection_cpp.so" to ""
[18.360s] -- Installing: /home/ryuzot/ros2_main/install/socketcan_interface_msg/lib/libsocketcan_interface_msg__rosidl_typesupport_cpp.so
[18.360s] -- Set runtime path of "/home/ryuzot/ros2_main/install/socketcan_interface_msg/lib/libsocketcan_interface_msg__rosidl_typesupport_cpp.so" to ""
[18.384s] Compiling '/home/ryuzot/ros2_main/install/socketcan_interface_msg/lib/python3.8/site-packages/socketcan_interface_msg/__init__.py'...
[18.387s] -- Installing: /home/ryuzot/ros2_main/install/socketcan_interface_msg/share/socketcan_interface_msg/cmake/socketcan_interface_msg__rosidl_generator_cExport.cmake
[18.387s] -- Installing: /home/ryuzot/ros2_main/install/socketcan_interface_msg/share/socketcan_interface_msg/cmake/socketcan_interface_msg__rosidl_generator_cExport-noconfig.cmake
[18.387s] -- Installing: /home/ryuzot/ros2_main/install/socketcan_interface_msg/share/socketcan_interface_msg/cmake/socketcan_interface_msg__rosidl_typesupport_introspection_cExport.cmake
[18.388s] -- Installing: /home/ryuzot/ros2_main/install/socketcan_interface_msg/share/socketcan_interface_msg/cmake/socketcan_interface_msg__rosidl_typesupport_introspection_cExport-noconfig.cmake
[18.388s] -- Installing: /home/ryuzot/ros2_main/install/socketcan_interface_msg/share/socketcan_interface_msg/cmake/socketcan_interface_msg__rosidl_typesupport_cExport.cmake
[18.388s] -- Installing: /home/ryuzot/ros2_main/install/socketcan_interface_msg/share/socketcan_interface_msg/cmake/socketcan_interface_msg__rosidl_typesupport_cExport-noconfig.cmake
[18.388s] -- Installing: /home/ryuzot/ros2_main/install/socketcan_interface_msg/share/socketcan_interface_msg/cmake/socketcan_interface_msg__rosidl_generator_cppExport.cmake
[18.388s] -- Installing: /home/ryuzot/ros2_main/install/socketcan_interface_msg/share/socketcan_interface_msg/cmake/socketcan_interface_msg__rosidl_typesupport_introspection_cppExport.cmake
[18.388s] -- Installing: /home/ryuzot/ros2_main/install/socketcan_interface_msg/share/socketcan_interface_msg/cmake/socketcan_interface_msg__rosidl_typesupport_introspection_cppExport-noconfig.cmake
[18.388s] -- Installing: /home/ryuzot/ros2_main/install/socketcan_interface_msg/share/socketcan_interface_msg/cmake/socketcan_interface_msg__rosidl_typesupport_cppExport.cmake
[18.389s] -- Installing: /home/ryuzot/ros2_main/install/socketcan_interface_msg/share/socketcan_interface_msg/cmake/socketcan_interface_msg__rosidl_typesupport_cppExport-noconfig.cmake
[18.392s] Invoked command in '/home/ryuzot/ros2_main/build/socketcan_interface_msg' returned '0': CMAKE_PREFIX_PATH=/opt/ros/galactic /usr/bin/cmake --install /home/ryuzot/ros2_main/build/socketcan_interface_msg
