[0.286s] Invoking command in '/home/ryuzot/ros2_ws/build/main_executor': AMENT_PREFIX_PATH=/home/ryuzot/ros2_ws/install/socketcan_interface:/home/ryuzot/ros2_ws/install/socketcan_interface_msg:${AMENT_PREFIX_PATH} CMAKE_PREFIX_PATH=/home/ryuzot/ros2_ws/install/socketcan_interface:/home/ryuzot/ros2_ws/install/socketcan_interface_msg:/opt/ros/galactic LD_LIBRARY_PATH=/home/ryuzot/ros2_ws/install/socketcan_interface/lib:/home/ryuzot/ros2_ws/install/socketcan_interface_msg/lib:${LD_LIBRARY_PATH} PYTHONPATH=/home/ryuzot/ros2_ws/install/socketcan_interface_msg/lib/python3.8/site-packages:${PYTHONPATH} /usr/bin/cmake --build /home/ryuzot/ros2_ws/build/main_executor -- -j24 -l24
[0.294s] 
[2.283s] [0/2] Building CXX object CMakeFiles/main_exec.dir/src/main.cpp.o[K
[2.283s] [1/2] Building CXX object CMakeFiles/main_exec.dir/src/main.cpp.o[K
[2.283s] [31mFAILED: [0mCMakeFiles/main_exec.dir/src/main.cpp.o 
[2.283s] /usr/bin/c++  -DDEFAULT_RMW_IMPLEMENTATION=rmw_cyclonedds_cpp -DRCUTILS_ENABLE_FAULT_INJECTION -I/home/ryuzot/ros2_ws/src/main_executor/include -isystem /home/ryuzot/ros2_ws/install/socketcan_interface/include -isystem /opt/ros/galactic/include -isystem /home/ryuzot/ros2_ws/install/socketcan_interface_msg/include -Wall -Wextra -Wpedantic -std=gnu++17 -MD -MT CMakeFiles/main_exec.dir/src/main.cpp.o -MF CMakeFiles/main_exec.dir/src/main.cpp.o.d -o CMakeFiles/main_exec.dir/src/main.cpp.o -c /home/ryuzot/ros2_ws/src/main_executor/src/main.cpp
[2.283s] In file included from /usr/include/x86_64-linux-gnu/c++/9/bits/c++allocator.h:33,
[2.283s]                  from /usr/include/c++/9/bits/allocator.h:46,
[2.283s]                  from /usr/include/c++/9/memory:63,
[2.283s]                  from /opt/ros/galactic/include/rclcpp/rclcpp.hpp:154,
[2.283s]                  from /home/ryuzot/ros2_ws/src/main_executor/src/main.cpp:5:
[2.283s] /usr/include/c++/9/ext/new_allocator.h: In instantiation of ‘void __gnu_cxx::new_allocator<_Tp>::construct(_Up*, _Args&& ...) [with _Up = socketcan_interface::SocketcanInterface; _Args = {}; _Tp = socketcan_interface::SocketcanInterface]’:
[2.284s] /usr/include/c++/9/bits/alloc_traits.h:483:4:   required from ‘static void std::allocator_traits<std::allocator<_Tp1> >::construct(std::allocator_traits<std::allocator<_Tp1> >::allocator_type&, _Up*, _Args&& ...) [with _Up = socketcan_interface::SocketcanInterface; _Args = {}; _Tp = socketcan_interface::SocketcanInterface; std::allocator_traits<std::allocator<_Tp1> >::allocator_type = std::allocator<socketcan_interface::SocketcanInterface>]’
[2.284s] /usr/include/c++/9/bits/shared_ptr_base.h:548:39:   required from ‘std::_Sp_counted_ptr_inplace<_Tp, _Alloc, _Lp>::_Sp_counted_ptr_inplace(_Alloc, _Args&& ...) [with _Args = {}; _Tp = socketcan_interface::SocketcanInterface; _Alloc = std::allocator<socketcan_interface::SocketcanInterface>; __gnu_cxx::_Lock_policy _Lp = __gnu_cxx::_S_atomic]’
[2.284s] /usr/include/c++/9/bits/shared_ptr_base.h:679:16:   required from ‘std::__shared_count<_Lp>::__shared_count(_Tp*&, std::_Sp_alloc_shared_tag<_Alloc>, _Args&& ...) [with _Tp = socketcan_interface::SocketcanInterface; _Alloc = std::allocator<socketcan_interface::SocketcanInterface>; _Args = {}; __gnu_cxx::_Lock_policy _Lp = __gnu_cxx::_S_atomic]’
[2.284s] /usr/include/c++/9/bits/shared_ptr_base.h:1344:71:   required from ‘std::__shared_ptr<_Tp, _Lp>::__shared_ptr(std::_Sp_alloc_shared_tag<_Tp>, _Args&& ...) [with _Alloc = std::allocator<socketcan_interface::SocketcanInterface>; _Args = {}; _Tp = socketcan_interface::SocketcanInterface; __gnu_cxx::_Lock_policy _Lp = __gnu_cxx::_S_atomic]’
[2.284s] /usr/include/c++/9/bits/shared_ptr.h:359:59:   required from ‘std::shared_ptr<_Tp>::shared_ptr(std::_Sp_alloc_shared_tag<_Tp>, _Args&& ...) [with _Alloc = std::allocator<socketcan_interface::SocketcanInterface>; _Args = {}; _Tp = socketcan_interface::SocketcanInterface]’
[2.284s] /usr/include/c++/9/bits/shared_ptr.h:701:14:   required from ‘std::shared_ptr<_Tp> std::allocate_shared(const _Alloc&, _Args&& ...) [with _Tp = socketcan_interface::SocketcanInterface; _Alloc = std::allocator<socketcan_interface::SocketcanInterface>; _Args = {}]’
[2.284s] /usr/include/c++/9/bits/shared_ptr.h:717:39:   required from ‘std::shared_ptr<_Tp> std::make_shared(_Args&& ...) [with _Tp = socketcan_interface::SocketcanInterface; _Args = {}]’
[2.285s] /home/ryuzot/ros2_ws/src/main_executor/src/main.cpp:12:85:   required from here
[2.285s] /usr/include/c++/9/ext/new_allocator.h:146:4: error: no matching function for call to ‘socketcan_interface::SocketcanInterface::SocketcanInterface()’
[2.285s]   146 |  { ::new((void *)__p) _Up(std::forward<_Args>(__args)...); }
[2.285s]       |    ^~~~~~~~~~~~~~~~~~~~~~~~~~~~~~~~~~~~~~~~~~~~~~~~~~~~~~
[2.285s] In file included from /home/ryuzot/ros2_ws/src/main_executor/src/main.cpp:6:
[2.286s] /home/ryuzot/ros2_ws/src/socketcan_interface/include/socketcan_interface/socketcan_interface_node.hpp:32:9: note: candidate: ‘socketcan_interface::SocketcanInterface::SocketcanInterface(const string&, const rclcpp::NodeOptions&)’
[2.286s]    32 |         SocketcanInterface(const std::string& name_space, const rclcpp::NodeOptions& options = rclcpp::NodeOptions());
[2.286s]       |         ^~~~~~~~~~~~~~~~~~
[2.286s] /home/ryuzot/ros2_ws/src/socketcan_interface/include/socketcan_interface/socketcan_interface_node.hpp:32:9: note:   candidate expects 2 arguments, 0 provided
[2.287s] /home/ryuzot/ros2_ws/src/socketcan_interface/include/socketcan_interface/socketcan_interface_node.hpp:29:9: note: candidate: ‘socketcan_interface::SocketcanInterface::SocketcanInterface(rclcpp::NodeOptions)’
[2.287s]    29 |         SocketcanInterface(rclcpp::NodeOptions options);
[2.287s]       |         ^~~~~~~~~~~~~~~~~~
[2.287s] /home/ryuzot/ros2_ws/src/socketcan_interface/include/socketcan_interface/socketcan_interface_node.hpp:29:9: note:   candidate expects 1 argument, 0 provided
[2.287s] ninja: build stopped: subcommand failed.
[2.288s] Invoked command in '/home/ryuzot/ros2_ws/build/main_executor' returned '1': AMENT_PREFIX_PATH=/home/ryuzot/ros2_ws/install/socketcan_interface:/home/ryuzot/ros2_ws/install/socketcan_interface_msg:${AMENT_PREFIX_PATH} CMAKE_PREFIX_PATH=/home/ryuzot/ros2_ws/install/socketcan_interface:/home/ryuzot/ros2_ws/install/socketcan_interface_msg:/opt/ros/galactic LD_LIBRARY_PATH=/home/ryuzot/ros2_ws/install/socketcan_interface/lib:/home/ryuzot/ros2_ws/install/socketcan_interface_msg/lib:${LD_LIBRARY_PATH} PYTHONPATH=/home/ryuzot/ros2_ws/install/socketcan_interface_msg/lib/python3.8/site-packages:${PYTHONPATH} /usr/bin/cmake --build /home/ryuzot/ros2_ws/build/main_executor -- -j24 -l24
