-- Found ament_cmake: 1.1.5 (/opt/ros/galactic/share/ament_cmake/cmake)
-- Using PYTHON_EXECUTABLE: /usr/bin/python3
-- Found rclcpp: 9.2.0 (/opt/ros/galactic/share/rclcpp/cmake)
-- Using all available rosidl_typesupport_c: rosidl_typesupport_fastrtps_c;rosidl_typesupport_introspection_c
-- Found rosidl_adapter: 2.2.1 (/opt/ros/galactic/share/rosidl_adapter/cmake)
-- Using all available rosidl_typesupport_cpp: rosidl_typesupport_fastrtps_cpp;rosidl_typesupport_introspection_cpp
-- Found rmw_implementation_cmake: 3.3.1 (/opt/ros/galactic/share/rmw_implementation_cmake/cmake)
-- Found rmw_cyclonedds_cpp: 0.22.4 (/opt/ros/galactic/share/rmw_cyclonedds_cpp/cmake)
-- Using RMW implementation 'rmw_cyclonedds_cpp' as default
-- Found socketcan_interface_msg: 0.0.0 (/home/ryuzot/ros2_ws/install/socketcan_interface_msg/share/socketcan_interface_msg/cmake)
-- Found ament_lint_auto: 0.10.6 (/opt/ros/galactic/share/ament_lint_auto/cmake)
-- Added test 'copyright' to check source files copyright and LICENSE
-- Added test 'cppcheck' to perform static code analysis on C / C++ code
-- Configured cppcheck include dirs: 
-- Configured cppcheck exclude dirs and/or files: 
-- Added test 'cpplint' to check C / C++ code against the Google style
-- Configured cpplint exclude dirs and/or files: 
-- Added test 'lint_cmake' to check CMake code style
-- Added test 'uncrustify' to check C / C++ code style
-- Configured uncrustify additional arguments: 
-- Added test 'xmllint' to check XML markup files
-- Configuring done
-- Generating done
-- Build files have been written to: /home/ryuzot/ros2_ws/build/socketcan_interface

[0/1] Re-running CMake...[K
-- Found ament_cmake: 1.1.5 (/opt/ros/galactic/share/ament_cmake/cmake)
-- Using PYTHON_EXECUTABLE: /usr/bin/python3
-- Found rclcpp: 9.2.0 (/opt/ros/galactic/share/rclcpp/cmake)
-- Using all available rosidl_typesupport_c: rosidl_typesupport_fastrtps_c;rosidl_typesupport_introspection_c
-- Found rosidl_adapter: 2.2.1 (/opt/ros/galactic/share/rosidl_adapter/cmake)
-- Using all available rosidl_typesupport_cpp: rosidl_typesupport_fastrtps_cpp;rosidl_typesupport_introspection_cpp
-- Found rmw_implementation_cmake: 3.3.1 (/opt/ros/galactic/share/rmw_implementation_cmake/cmake)
-- Found rmw_cyclonedds_cpp: 0.22.4 (/opt/ros/galactic/share/rmw_cyclonedds_cpp/cmake)
-- Using RMW implementation 'rmw_cyclonedds_cpp' as default
-- Found socketcan_interface_msg: 0.0.0 (/home/ryuzot/ros2_ws/install/socketcan_interface_msg/share/socketcan_interface_msg/cmake)
-- Found ament_lint_auto: 0.10.6 (/opt/ros/galactic/share/ament_lint_auto/cmake)
-- Added test 'copyright' to check source files copyright and LICENSE
-- Added test 'cppcheck' to perform static code analysis on C / C++ code
-- Configured cppcheck include dirs: 
-- Configured cppcheck exclude dirs and/or files: 
-- Added test 'cpplint' to check C / C++ code against the Google style
-- Configured cpplint exclude dirs and/or files: 
-- Added test 'lint_cmake' to check CMake code style
-- Added test 'uncrustify' to check C / C++ code style
-- Configured uncrustify additional arguments: 
-- Added test 'xmllint' to check XML markup files
-- Configuring done
-- Generating done
-- Build files have been written to: /home/ryuzot/ros2_ws/build/socketcan_interface

[0/1] Linking CXX executable publisher[K
[1/1] Linking CXX executable publisher[K
[31mFAILED: [0mpublisher 
: && /usr/bin/c++     CMakeFiles/publisher.dir/src/socketcan_interface_publisher.cpp.o  -o publisher  -Wl,-rpath,/opt/ros/galactic/lib:/home/ryuzot/ros2_ws/install/socketcan_interface_msg/lib:  /opt/ros/galactic/lib/librclcpp.so  /home/ryuzot/ros2_ws/install/socketcan_interface_msg/lib/libsocketcan_interface_msg__rosidl_typesupport_introspection_c.so  /home/ryuzot/ros2_ws/install/socketcan_interface_msg/lib/libsocketcan_interface_msg__rosidl_typesupport_c.so  /home/ryuzot/ros2_ws/install/socketcan_interface_msg/lib/libsocketcan_interface_msg__rosidl_typesupport_introspection_cpp.so  /home/ryuzot/ros2_ws/install/socketcan_interface_msg/lib/libsocketcan_interface_msg__rosidl_typesupport_cpp.so  -lpthread  /opt/ros/galactic/lib/libament_index_cpp.so  /opt/ros/galactic/lib/liblibstatistics_collector.so  /opt/ros/galactic/lib/liblibstatistics_collector_test_msgs__rosidl_typesupport_introspection_c.so  /opt/ros/galactic/lib/liblibstatistics_collector_test_msgs__rosidl_generator_c.so  /opt/ros/galactic/lib/liblibstatistics_collector_test_msgs__rosidl_typesupport_c.so  /opt/ros/galactic/lib/liblibstatistics_collector_test_msgs__rosidl_typesupport_introspection_cpp.so  /opt/ros/galactic/lib/liblibstatistics_collector_test_msgs__rosidl_typesupport_cpp.so  /opt/ros/galactic/lib/libstd_msgs__rosidl_typesupport_introspection_c.so  /opt/ros/galactic/lib/libstd_msgs__rosidl_generator_c.so  /opt/ros/galactic/lib/libstd_msgs__rosidl_typesupport_c.so  /opt/ros/galactic/lib/libstd_msgs__rosidl_typesupport_introspection_cpp.so  /opt/ros/galactic/lib/libstd_msgs__rosidl_typesupport_cpp.so  /opt/ros/galactic/lib/librcl.so  /opt/ros/galactic/lib/librcl_interfaces__rosidl_typesupport_introspection_c.so  /opt/ros/galactic/lib/librcl_interfaces__rosidl_generator_c.so  /opt/ros/galactic/lib/librcl_interfaces__rosidl_typesupport_c.so  /opt/ros/galactic/lib/librcl_interfaces__rosidl_typesupport_introspection_cpp.so  /opt/ros/galactic/lib/librcl_interfaces__rosidl_typesupport_cpp.so  /opt/ros/galactic/lib/librmw_implementation.so  /opt/ros/galactic/lib/librcl_logging_spdlog.so  /opt/ros/galactic/lib/librcl_logging_interface.so  /opt/ros/galactic/lib/librcl_yaml_param_parser.so  /opt/ros/galactic/lib/librmw.so  /opt/ros/galactic/lib/libyaml.so  /opt/ros/galactic/lib/librosgraph_msgs__rosidl_typesupport_introspection_c.so  /opt/ros/galactic/lib/librosgraph_msgs__rosidl_generator_c.so  /opt/ros/galactic/lib/librosgraph_msgs__rosidl_typesupport_c.so  /opt/ros/galactic/lib/librosgraph_msgs__rosidl_typesupport_introspection_cpp.so  /opt/ros/galactic/lib/librosgraph_msgs__rosidl_typesupport_cpp.so  /opt/ros/galactic/lib/libstatistics_msgs__rosidl_typesupport_introspection_c.so  /opt/ros/galactic/lib/libstatistics_msgs__rosidl_generator_c.so  /opt/ros/galactic/lib/libstatistics_msgs__rosidl_typesupport_c.so  /opt/ros/galactic/lib/libstatistics_msgs__rosidl_typesupport_introspection_cpp.so  /opt/ros/galactic/lib/libstatistics_msgs__rosidl_typesupport_cpp.so  /opt/ros/galactic/lib/libbuiltin_interfaces__rosidl_typesupport_introspection_c.so  /opt/ros/galactic/lib/libbuiltin_interfaces__rosidl_generator_c.so  /opt/ros/galactic/lib/libbuiltin_interfaces__rosidl_typesupport_c.so  /opt/ros/galactic/lib/libbuiltin_interfaces__rosidl_typesupport_introspection_cpp.so  /opt/ros/galactic/lib/libbuiltin_interfaces__rosidl_typesupport_cpp.so  /opt/ros/galactic/lib/libtracetools.so  /home/ryuzot/ros2_ws/install/socketcan_interface_msg/lib/libsocketcan_interface_msg__rosidl_generator_c.so  /opt/ros/galactic/lib/librosidl_typesupport_introspection_cpp.so  /opt/ros/galactic/lib/librosidl_typesupport_introspection_c.so  /opt/ros/galactic/lib/librosidl_typesupport_cpp.so  /opt/ros/galactic/lib/librosidl_typesupport_c.so  /opt/ros/galactic/lib/librcpputils.so  /opt/ros/galactic/lib/librosidl_runtime_c.so  /opt/ros/galactic/lib/librcutils.so  -ldl && :
/usr/bin/ld: /usr/lib/gcc/x86_64-linux-gnu/9/../../../x86_64-linux-gnu/Scrt1.o: in function `_start':
(.text+0x24): undefined reference to `main'
collect2: error: ld returned 1 exit status
ninja: build stopped: subcommand failed.
