[0.213s] Invoking command in '/home/ryuzot/ros2_ws/build/socketcan_interface': CMAKE_PREFIX_PATH=/home/ryuzot/ros2_ws/install/socketcan_interface_msg:/home/ryuzot/ros2_ws/install/main_executor:/home/ryuzot/ros2_ws/install/socketcan_interface:/opt/ros/galactic LD_LIBRARY_PATH=/home/ryuzot/ros2_ws/install/socketcan_interface_msg/lib:/home/ryuzot/ros2_ws/install/socketcan_interface/lib:/opt/ros/galactic/opt/yaml_cpp_vendor/lib:/opt/ros/galactic/opt/rviz_ogre_vendor/lib:/opt/ros/galactic/lib/x86_64-linux-gnu:/opt/ros/galactic/lib /usr/bin/cmake --build /home/ryuzot/ros2_ws/build/socketcan_interface -- -j24 -l24
[0.219s] 
[0.219s] [0/1] Re-running CMake...[K
[0.236s] -- Found ament_cmake: 1.1.5 (/opt/ros/galactic/share/ament_cmake/cmake)
[0.256s] -- Using PYTHON_EXECUTABLE: /usr/bin/python3
[0.303s] -- Override CMake install command with custom implementation using symlinks instead of copying resources
[0.323s] -- Found rclcpp: 9.2.0 (/opt/ros/galactic/share/rclcpp/cmake)
[0.573s] -- Using all available rosidl_typesupport_c: rosidl_typesupport_fastrtps_c;rosidl_typesupport_introspection_c
[0.577s] -- Found rosidl_adapter: 2.2.1 (/opt/ros/galactic/share/rosidl_adapter/cmake)
[6.556s] -- Using all available rosidl_typesupport_cpp: rosidl_typesupport_fastrtps_cpp;rosidl_typesupport_introspection_cpp
[6.617s] -- Found rmw_implementation_cmake: 3.3.1 (/opt/ros/galactic/share/rmw_implementation_cmake/cmake)
[6.621s] -- Found rmw_cyclonedds_cpp: 0.22.4 (/opt/ros/galactic/share/rmw_cyclonedds_cpp/cmake)
[6.641s] -- Using RMW implementation 'rmw_cyclonedds_cpp' as default
[8.137s] CMake Error at CMakeLists.txt:11 (find_package):
[8.137s]   By not providing "Find../socketcan_interface_msg.cmake" in
[8.137s]   CMAKE_MODULE_PATH this project has asked CMake to find a package
[8.137s]   configuration file provided by "../socketcan_interface_msg", but CMake did
[8.137s]   not find one.
[8.137s] 
[8.137s]   Could not find a package configuration file provided by
[8.137s]   "../socketcan_interface_msg" with any of the following names:
[8.137s] 
[8.137s]     ../socketcan_interface_msgConfig.cmake
[8.137s]     ../socketcan_interface_msg-config.cmake
[8.138s] 
[8.138s]   Add the installation prefix of "../socketcan_interface_msg" to
[8.138s]   CMAKE_PREFIX_PATH or set "../socketcan_interface_msg_DIR" to a directory
[8.138s]   containing one of the above files.  If "../socketcan_interface_msg"
[8.138s]   provides a separate development package or SDK, be sure it has been
[8.138s]   installed.
[8.138s] 
[8.138s] 
[8.138s] -- Configuring incomplete, errors occurred!
[8.138s] See also "/home/ryuzot/ros2_ws/build/socketcan_interface/CMakeFiles/CMakeOutput.log".
[8.138s] See also "/home/ryuzot/ros2_ws/build/socketcan_interface/CMakeFiles/CMakeError.log".
[8.142s] [31mFAILED: [0mbuild.ninja 
[8.142s] /usr/bin/cmake -S/home/ryuzot/ros2_ws/src/socketcan_interface -B/home/ryuzot/ros2_ws/build/socketcan_interface
[8.143s] ninja: error: rebuilding 'build.ninja': subcommand failed
[8.144s] Invoked command in '/home/ryuzot/ros2_ws/build/socketcan_interface' returned '1': CMAKE_PREFIX_PATH=/home/ryuzot/ros2_ws/install/socketcan_interface_msg:/home/ryuzot/ros2_ws/install/main_executor:/home/ryuzot/ros2_ws/install/socketcan_interface:/opt/ros/galactic LD_LIBRARY_PATH=/home/ryuzot/ros2_ws/install/socketcan_interface_msg/lib:/home/ryuzot/ros2_ws/install/socketcan_interface/lib:/opt/ros/galactic/opt/yaml_cpp_vendor/lib:/opt/ros/galactic/opt/rviz_ogre_vendor/lib:/opt/ros/galactic/lib/x86_64-linux-gnu:/opt/ros/galactic/lib /usr/bin/cmake --build /home/ryuzot/ros2_ws/build/socketcan_interface -- -j24 -l24
