[0.226s] Invoking command in '/home/ryuzot/ros2_ws/build/socketcan_interface': CMAKE_PREFIX_PATH=/home/ryuzot/ros2_ws/install/socketcan_interface_msg:/home/ryuzot/ros2_ws/install/main_executor:/home/ryuzot/ros2_ws/install/socketcan_interface:/opt/ros/galactic LD_LIBRARY_PATH=/home/ryuzot/ros2_ws/install/socketcan_interface_msg/lib:/home/ryuzot/ros2_ws/install/socketcan_interface/lib:/opt/ros/galactic/opt/yaml_cpp_vendor/lib:/opt/ros/galactic/opt/rviz_ogre_vendor/lib:/opt/ros/galactic/lib/x86_64-linux-gnu:/opt/ros/galactic/lib /usr/bin/cmake --build /home/ryuzot/ros2_ws/build/socketcan_interface -- -j24 -l24
[0.233s] 
[3.219s] [0/2] Building CXX object CMakeFiles/socketcan_interface_node.dir/src/socketcan_interface_node.cpp.o[K
[3.219s] [1/2] Building CXX object CMakeFiles/socketcan_interface_node.dir/src/socketcan_interface_node.cpp.o[K
[3.219s] [31mFAILED: [0mCMakeFiles/socketcan_interface_node.dir/src/socketcan_interface_node.cpp.o 
[3.219s] /usr/bin/c++  -DDEFAULT_RMW_IMPLEMENTATION=rmw_cyclonedds_cpp -DRCUTILS_ENABLE_FAULT_INJECTION -DSOCKETCAN_INTERFACE_LIBRARY -I/home/ryuzot/ros2_ws/src/socketcan_interface/include -isystem /home/ryuzot/ros2_ws/install/socketcan_interface_msg/include -isystem /opt/ros/galactic/include -Wall -Wextra -Wpedantic -std=gnu++17 -MD -MT CMakeFiles/socketcan_interface_node.dir/src/socketcan_interface_node.cpp.o -MF CMakeFiles/socketcan_interface_node.dir/src/socketcan_interface_node.cpp.o.d -o CMakeFiles/socketcan_interface_node.dir/src/socketcan_interface_node.cpp.o -c /home/ryuzot/ros2_ws/src/socketcan_interface/src/socketcan_interface_node.cpp
[3.219s] In file included from /home/ryuzot/ros2_ws/src/socketcan_interface/src/socketcan_interface_node.cpp:11:
[3.219s] /usr/include/x86_64-linux-gnu/bits/fcntl.h:20:3: error: #error "Never use <bits/fcntl.h> directly; include <fcntl.h> instead."
[3.219s]    20 | # error "Never use <bits/fcntl.h> directly; include <fcntl.h> instead."
[3.220s]       |   ^~~~~
[3.220s] In file included from /usr/include/x86_64-linux-gnu/bits/fcntl.h:61,
[3.220s]                  from /home/ryuzot/ros2_ws/src/socketcan_interface/src/socketcan_interface_node.cpp:11:
[3.220s] /usr/include/x86_64-linux-gnu/bits/fcntl-linux.h:20:3: error: #error "Never use <bits/fcntl-linux.h> directly; include <fcntl.h> instead."
[3.220s]    20 | # error "Never use <bits/fcntl-linux.h> directly; include <fcntl.h> instead."
[3.220s]       |   ^~~~~
[3.220s] In file included from /usr/include/fcntl.h:35,
[3.221s]                  from /home/ryuzot/ros2_ws/src/socketcan_interface/src/socketcan_interface_node.cpp:12:
[3.221s] /usr/include/x86_64-linux-gnu/bits/fcntl.h:35:8: error: redefinition of ‘struct flock’
[3.221s]    35 | struct flock
[3.221s]       |        ^~~~~
[3.221s] In file included from /home/ryuzot/ros2_ws/src/socketcan_interface/src/socketcan_interface_node.cpp:11:
[3.221s] /usr/include/x86_64-linux-gnu/bits/fcntl.h:35:8: note: previous definition of ‘struct flock’
[3.222s]    35 | struct flock
[3.222s]       |        ^~~~~
[3.222s] In file included from /usr/include/fcntl.h:35,
[3.222s]                  from /home/ryuzot/ros2_ws/src/socketcan_interface/src/socketcan_interface_node.cpp:12:
[3.222s] /usr/include/x86_64-linux-gnu/bits/fcntl.h:50:8: error: redefinition of ‘struct flock64’
[3.222s]    50 | struct flock64
[3.223s]       |        ^~~~~~~
[3.223s] In file included from /home/ryuzot/ros2_ws/src/socketcan_interface/src/socketcan_interface_node.cpp:11:
[3.223s] /usr/include/x86_64-linux-gnu/bits/fcntl.h:50:8: note: previous definition of ‘struct flock64’
[3.223s]    50 | struct flock64
[3.223s]       |        ^~~~~~~
[3.223s] In file included from /usr/include/x86_64-linux-gnu/bits/fcntl.h:61,
[3.224s]                  from /usr/include/fcntl.h:35,
[3.224s]                  from /home/ryuzot/ros2_ws/src/socketcan_interface/src/socketcan_interface_node.cpp:12:
[3.224s] /usr/include/x86_64-linux-gnu/bits/fcntl-linux.h:265:6: error: multiple definition of ‘enum __pid_type’
[3.224s]   265 | enum __pid_type
[3.224s]       |      ^~~~~~~~~~
[3.224s] In file included from /usr/include/x86_64-linux-gnu/bits/fcntl.h:61,
[3.225s]                  from /home/ryuzot/ros2_ws/src/socketcan_interface/src/socketcan_interface_node.cpp:11:
[3.225s] /usr/include/x86_64-linux-gnu/bits/fcntl-linux.h:265:6: note: previous definition here
[3.225s]   265 | enum __pid_type
[3.226s]       |      ^~~~~~~~~~
[3.226s] In file included from /usr/include/x86_64-linux-gnu/bits/fcntl.h:61,
[3.227s]                  from /usr/include/fcntl.h:35,
[3.227s]                  from /home/ryuzot/ros2_ws/src/socketcan_interface/src/socketcan_interface_node.cpp:12:
[3.227s] /usr/include/x86_64-linux-gnu/bits/fcntl-linux.h:274:8: error: redefinition of ‘struct f_owner_ex’
[3.229s]   274 | struct f_owner_ex
[3.229s]       |        ^~~~~~~~~~
[3.229s] In file included from /usr/include/x86_64-linux-gnu/bits/fcntl.h:61,
[3.229s]                  from /home/ryuzot/ros2_ws/src/socketcan_interface/src/socketcan_interface_node.cpp:11:
[3.229s] /usr/include/x86_64-linux-gnu/bits/fcntl-linux.h:274:8: note: previous definition of ‘struct f_owner_ex’
[3.230s]   274 | struct f_owner_ex
[3.230s]       |        ^~~~~~~~~~
[3.230s] In file included from /usr/include/x86_64-linux-gnu/bits/fcntl.h:61,
[3.230s]                  from /usr/include/fcntl.h:35,
[3.230s]                  from /home/ryuzot/ros2_ws/src/socketcan_interface/src/socketcan_interface_node.cpp:12:
[3.230s] /usr/include/x86_64-linux-gnu/bits/fcntl-linux.h:357:8: error: redefinition of ‘struct file_handle’
[3.230s]   357 | struct file_handle
[3.230s]       |        ^~~~~~~~~~~
[3.230s] In file included from /usr/include/x86_64-linux-gnu/bits/fcntl.h:61,
[3.230s]                  from /home/ryuzot/ros2_ws/src/socketcan_interface/src/socketcan_interface_node.cpp:11:
[3.230s] /usr/include/x86_64-linux-gnu/bits/fcntl-linux.h:357:8: note: previous definition of ‘struct file_handle’
[3.230s]   357 | struct file_handle
[3.230s]       |        ^~~~~~~~~~~
[3.230s] /home/ryuzot/ros2_ws/src/socketcan_interface/src/socketcan_interface_node.cpp: In constructor ‘socketcan_interface::SocketcanInterface::SocketcanInterface(const string&, const rclcpp::NodeOptions&)’:
[3.230s] /home/ryuzot/ros2_ws/src/socketcan_interface/src/socketcan_interface_node.cpp:21:63: warning: unused parameter ‘name_space’ [-Wunused-parameter]
[3.230s]    21 |     SocketcanInterface::SocketcanInterface(const std::string &name_space, const rclcpp::NodeOptions &options)
[3.230s]       |                                            ~~~~~~~~~~~~~~~~~~~^~~~~~~~~~
[3.230s] ninja: build stopped: subcommand failed.
[3.231s] Invoked command in '/home/ryuzot/ros2_ws/build/socketcan_interface' returned '1': CMAKE_PREFIX_PATH=/home/ryuzot/ros2_ws/install/socketcan_interface_msg:/home/ryuzot/ros2_ws/install/main_executor:/home/ryuzot/ros2_ws/install/socketcan_interface:/opt/ros/galactic LD_LIBRARY_PATH=/home/ryuzot/ros2_ws/install/socketcan_interface_msg/lib:/home/ryuzot/ros2_ws/install/socketcan_interface/lib:/opt/ros/galactic/opt/yaml_cpp_vendor/lib:/opt/ros/galactic/opt/rviz_ogre_vendor/lib:/opt/ros/galactic/lib/x86_64-linux-gnu:/opt/ros/galactic/lib /usr/bin/cmake --build /home/ryuzot/ros2_ws/build/socketcan_interface -- -j24 -l24
