[0.020s] Invoking command in '/home/ryuzot/ros2_main/build/socketcan_interface_msg': CMAKE_PREFIX_PATH=${CMAKE_PREFIX_PATH}:/opt/ros/galactic /usr/bin/cmake /home/ryuzot/ros2_main/src/socketcan_interface_msg -DCMAKE_EXPORT_COMPILE_COMMANDS=ON -G Ninja -DAMENT_CMAKE_SYMLINK_INSTALL=1 -DCMAKE_INSTALL_PREFIX=/home/ryuzot/ros2_main/install/socketcan_interface_msg
[0.267s] -- The C compiler identification is GNU 9.4.0
[0.666s] -- The CXX compiler identification is GNU 9.4.0
[0.887s] -- Check for working C compiler: /usr/bin/cc
[1.069s] -- Check for working C compiler: /usr/bin/cc -- works
[1.069s] -- Detecting C compiler ABI info
[1.205s] -- Detecting C compiler ABI info - done
[1.214s] -- Detecting C compile features
[1.215s] -- Detecting C compile features - done
[1.217s] -- Check for working CXX compiler: /usr/bin/c++
[1.395s] -- Check for working CXX compiler: /usr/bin/c++ -- works
[1.396s] -- Detecting CXX compiler ABI info
[1.576s] -- Detecting CXX compiler ABI info - done
[1.585s] -- Detecting CXX compile features
[1.586s] -- Detecting CXX compile features - done
[1.587s] -- Found ament_cmake: 1.1.5 (/opt/ros/galactic/share/ament_cmake/cmake)
[1.605s] -- Found PythonInterp: /usr/bin/python3 (found suitable version "3.8.10", minimum required is "3") 
[1.605s] -- Using PYTHON_EXECUTABLE: /usr/bin/python3
[1.643s] -- Override CMake install command with custom implementation using symlinks instead of copying resources
[1.660s] -- Found rosidl_default_generators: 1.1.1 (/opt/ros/galactic/share/rosidl_default_generators/cmake)
[1.662s] -- Using all available rosidl_typesupport_c: rosidl_typesupport_fastrtps_c;rosidl_typesupport_introspection_c
[1.668s] -- Found rosidl_adapter: 2.2.1 (/opt/ros/galactic/share/rosidl_adapter/cmake)
[3.340s] -- Found OpenSSL: /usr/lib/x86_64-linux-gnu/libcrypto.so (found version "1.1.1f")  
[4.721s] -- Found FastRTPS: /opt/ros/galactic/include  
[7.419s] -- Using all available rosidl_typesupport_cpp: rosidl_typesupport_fastrtps_cpp;rosidl_typesupport_introspection_cpp
[7.456s] -- Found PythonInterp: /usr/bin/python3 (found version "3.8.10") 
[7.538s] -- Found ament_cmake_ros: 0.9.2 (/opt/ros/galactic/share/ament_cmake_ros/cmake)
[13.733s] -- Using all available rosidl_typesupport_c: rosidl_typesupport_fastrtps_c;rosidl_typesupport_introspection_c
[13.739s] -- Using all available rosidl_typesupport_cpp: rosidl_typesupport_fastrtps_cpp;rosidl_typesupport_introspection_cpp
[13.756s] -- Found PythonInterp: /usr/bin/python3 (found suitable version "3.8.10", minimum required is "3.5") 
[13.757s] -- Found python_cmake_module: 0.8.1 (/opt/ros/galactic/share/python_cmake_module/cmake)
[14.465s] -- Found PythonLibs: /usr/lib/x86_64-linux-gnu/libpython3.8.so (found suitable version "3.8.10", minimum required is "3.5") 
[14.465s] -- Using PYTHON_EXECUTABLE: /usr/bin/python3
[14.465s] -- Using PYTHON_INCLUDE_DIRS: /usr/include/python3.8
[14.466s] -- Using PYTHON_LIBRARIES: /usr/lib/x86_64-linux-gnu/libpython3.8.so
[14.483s] -- Found PythonExtra: .so  
[14.570s] -- Found ament_lint_auto: 0.10.6 (/opt/ros/galactic/share/ament_lint_auto/cmake)
[14.591s] -- Added test 'copyright' to check source files copyright and LICENSE
[14.591s] -- Added test 'lint_cmake' to check CMake code style
[14.592s] -- Added test 'xmllint' to check XML markup files
[14.597s] -- Configuring done
[14.617s] -- Generating done
[14.618s] -- Build files have been written to: /home/ryuzot/ros2_main/build/socketcan_interface_msg
[14.629s] Invoked command in '/home/ryuzot/ros2_main/build/socketcan_interface_msg' returned '0': CMAKE_PREFIX_PATH=${CMAKE_PREFIX_PATH}:/opt/ros/galactic /usr/bin/cmake /home/ryuzot/ros2_main/src/socketcan_interface_msg -DCMAKE_EXPORT_COMPILE_COMMANDS=ON -G Ninja -DAMENT_CMAKE_SYMLINK_INSTALL=1 -DCMAKE_INSTALL_PREFIX=/home/ryuzot/ros2_main/install/socketcan_interface_msg
[14.632s] Invoking command in '/home/ryuzot/ros2_main/build/socketcan_interface_msg': CMAKE_PREFIX_PATH=${CMAKE_PREFIX_PATH}:/opt/ros/galactic /usr/bin/cmake --build /home/ryuzot/ros2_main/build/socketcan_interface_msg -- -j24 -l24
[14.641s] 
[14.641s] [0/31] Generating C code for ROS interfaces[K
[14.799s] [0/31] Generating C++ code for ROS interfaces[K
[14.799s] [1/31] Generating C code for ROS interfaces[K
[14.802s] [1/31] Building C object CMakeFiles/socketcan_interface_msg__rosidl_generator_c.dir/rosidl_generator_c/socketcan_interface_msg/msg/detail/socketcan_if__functions.c.o[K
[14.802s] [2/31] Generating C++ code for ROS interfaces[K
[14.802s] [2/31] Generating C++ type support for eProsima Fast-RTPS[K
[14.803s] [2/31] Generating C++ introspection for ROS interfaces[K
[14.820s] [2/31] Generating C++ type support dispatch for ROS interfaces[K
[14.820s] [3/31] Building C object CMakeFiles/socketcan_interface_msg__rosidl_generator_c.dir/rosidl_generator_c/socketcan_interface_msg/msg/detail/socketcan_if__functions.c.o[K
[14.949s] [3/31] Linking C shared library libsocketcan_interface_msg__rosidl_generator_c.so[K
[14.949s] [4/31] Generating C++ type support dispatch for ROS interfaces[K
[14.971s] [4/31] Building CXX object CMakeFiles/socketcan_interface_msg__rosidl_typesupport_cpp.dir/rosidl_typesupport_cpp/socketcan_interface_msg/msg/socketcan_if__type_support.cpp.o[K
[14.971s] [5/31] Linking C shared library libsocketcan_interface_msg__rosidl_generator_c.so[K
[14.971s] [5/31] Generating C introspection for ROS interfaces[K
[14.972s] [5/31] Generating C type support dispatch for ROS interfaces[K
[14.972s] [6/31] Generating C++ introspection for ROS interfaces[K
[14.981s] [6/31] Building CXX object CMakeFiles/socketcan_interface_msg__rosidl_typesupport_introspection_cpp.dir/rosidl_typesupport_introspection_cpp/socketcan_interface_msg/msg/detail/socketcan_if__type_support.cpp.o[K
[14.982s] [7/31] Generating C++ type support for eProsima Fast-RTPS[K
[15.127s] [7/31] Building CXX object CMakeFiles/socketcan_interface_msg__rosidl_typesupport_fastrtps_cpp.dir/rosidl_typesupport_fastrtps_cpp/socketcan_interface_msg/msg/detail/dds_fastrtps/socketcan_if__type_support.cpp.o[K
[15.127s] [8/31] Generating C type support dispatch for ROS interfaces[K
[15.142s] [8/31] Building CXX object CMakeFiles/socketcan_interface_msg__rosidl_typesupport_c.dir/rosidl_typesupport_c/socketcan_interface_msg/msg/socketcan_if__type_support.cpp.o[K
[15.142s] [9/31] Generating C introspection for ROS interfaces[K
[15.143s] [9/31] Building C object CMakeFiles/socketcan_interface_msg__rosidl_typesupport_introspection_c.dir/rosidl_typesupport_introspection_c/socketcan_interface_msg/msg/detail/socketcan_if__type_support.c.o[K
[15.143s] [10/31] Building CXX object CMakeFiles/socketcan_interface_msg__rosidl_typesupport_c.dir/rosidl_typesupport_c/socketcan_interface_msg/msg/socketcan_if__type_support.cpp.o[K
[15.159s] [10/31] Linking CXX shared library libsocketcan_interface_msg__rosidl_typesupport_c.so[K
[15.159s] [11/31] Building C object CMakeFiles/socketcan_interface_msg__rosidl_typesupport_introspection_c.dir/rosidl_typesupport_introspection_c/socketcan_interface_msg/msg/detail/socketcan_if__type_support.c.o[K
[15.180s] [11/31] Linking C shared library libsocketcan_interface_msg__rosidl_typesupport_introspection_c.so[K
[15.180s] [12/31] Building CXX object CMakeFiles/socketcan_interface_msg__rosidl_typesupport_cpp.dir/rosidl_typesupport_cpp/socketcan_interface_msg/msg/socketcan_if__type_support.cpp.o[K
[15.222s] [12/31] Linking CXX shared library libsocketcan_interface_msg__rosidl_typesupport_cpp.so[K
[15.222s] [13/31] Building CXX object CMakeFiles/socketcan_interface_msg__rosidl_typesupport_introspection_cpp.dir/rosidl_typesupport_introspection_cpp/socketcan_interface_msg/msg/detail/socketcan_if__type_support.cpp.o[K
[15.337s] [13/31] Linking CXX shared library libsocketcan_interface_msg__rosidl_typesupport_introspection_cpp.so[K
[15.337s] [14/31] Building CXX object CMakeFiles/socketcan_interface_msg__rosidl_typesupport_fastrtps_cpp.dir/rosidl_typesupport_fastrtps_cpp/socketcan_interface_msg/msg/detail/dds_fastrtps/socketcan_if__type_support.cpp.o[K
[15.389s] [14/31] Linking CXX shared library libsocketcan_interface_msg__rosidl_typesupport_fastrtps_cpp.so[K
[15.405s] [15/31] Linking CXX shared library libsocketcan_interface_msg__rosidl_typesupport_c.so[K
[15.433s] [16/31] Linking C shared library libsocketcan_interface_msg__rosidl_typesupport_introspection_c.so[K
[15.493s] [17/31] Linking CXX shared library libsocketcan_interface_msg__rosidl_typesupport_cpp.so[K
[15.555s] [18/31] Linking CXX shared library libsocketcan_interface_msg__rosidl_typesupport_introspection_cpp.so[K
[15.555s] [19/31] Linking CXX shared library libsocketcan_interface_msg__rosidl_typesupport_fastrtps_cpp.so[K
[15.714s] [19/31] Generating C type support for eProsima Fast-RTPS[K
[15.714s] [20/31] Generating C type support for eProsima Fast-RTPS[K
[16.000s] [20/31] Building CXX object CMakeFiles/socketcan_interface_msg__rosidl_typesupport_fastrtps_c.dir/rosidl_typesupport_fastrtps_c/socketcan_interface_msg/msg/detail/socketcan_if__type_support_c.cpp.o[K
[16.000s] [21/31] Building CXX object CMakeFiles/socketcan_interface_msg__rosidl_typesupport_fastrtps_c.dir/rosidl_typesupport_fastrtps_c/socketcan_interface_msg/msg/detail/socketcan_if__type_support_c.cpp.o[K
[16.202s] [21/31] Linking CXX shared library libsocketcan_interface_msg__rosidl_typesupport_fastrtps_c.so[K
[16.202s] [22/31] Linking CXX shared library libsocketcan_interface_msg__rosidl_typesupport_fastrtps_c.so[K
[16.480s] [22/31] Generating Python code for ROS interfaces[K
[16.480s] [23/31] Generating Python code for ROS interfaces[K
[16.480s] [23/31] Building C object CMakeFiles/socketcan_interface_msg__rosidl_typesupport_fastrtps_c__pyext.dir/rosidl_generator_py/socketcan_interface_msg/_socketcan_interface_msg_s.ep.rosidl_typesupport_fastrtps_c.c.o[K
[16.480s] [23/31] Building C object CMakeFiles/socketcan_interface_msg__rosidl_typesupport_c__pyext.dir/rosidl_generator_py/socketcan_interface_msg/_socketcan_interface_msg_s.ep.rosidl_typesupport_c.c.o[K
[16.480s] [23/31] Building C object CMakeFiles/socketcan_interface_msg__rosidl_typesupport_introspection_c__pyext.dir/rosidl_generator_py/socketcan_interface_msg/_socketcan_interface_msg_s.ep.rosidl_typesupport_introspection_c.c.o[K
[16.534s] [23/31] Building C object CMakeFiles/socketcan_interface_msg__python.dir/rosidl_generator_py/socketcan_interface_msg/msg/_socketcan_if_s.c.o[K
[16.534s] [24/31] Building C object CMakeFiles/socketcan_interface_msg__rosidl_typesupport_c__pyext.dir/rosidl_generator_py/socketcan_interface_msg/_socketcan_interface_msg_s.ep.rosidl_typesupport_c.c.o[K
[16.535s] [25/31] Building C object CMakeFiles/socketcan_interface_msg__rosidl_typesupport_fastrtps_c__pyext.dir/rosidl_generator_py/socketcan_interface_msg/_socketcan_interface_msg_s.ep.rosidl_typesupport_fastrtps_c.c.o[K
[16.546s] [26/31] Building C object CMakeFiles/socketcan_interface_msg__rosidl_typesupport_introspection_c__pyext.dir/rosidl_generator_py/socketcan_interface_msg/_socketcan_interface_msg_s.ep.rosidl_typesupport_introspection_c.c.o[K
[16.546s] [27/31] Building C object CMakeFiles/socketcan_interface_msg__python.dir/rosidl_generator_py/socketcan_interface_msg/msg/_socketcan_if_s.c.o[K
[16.707s] [27/31] Linking C shared library rosidl_generator_py/socketcan_interface_msg/libsocketcan_interface_msg__python.so[K
[16.707s] [28/31] Linking C shared library rosidl_generator_py/socketcan_interface_msg/libsocketcan_interface_msg__python.so[K
[16.708s] [28/31] Linking CXX shared library rosidl_generator_py/socketcan_interface_msg/socketcan_interface_msg_s__rosidl_typesupport_fastrtps_c.cpython-38-x86_64-linux-gnu.so[K
[16.708s] [28/31] Linking C shared library rosidl_generator_py/socketcan_interface_msg/socketcan_interface_msg_s__rosidl_typesupport_c.cpython-38-x86_64-linux-gnu.so[K
[16.837s] [28/31] Linking C shared library rosidl_generator_py/socketcan_interface_msg/socketcan_interface_msg_s__rosidl_typesupport_introspection_c.cpython-38-x86_64-linux-gnu.so[K
[16.838s] [29/31] Linking C shared library rosidl_generator_py/socketcan_interface_msg/socketcan_interface_msg_s__rosidl_typesupport_c.cpython-38-x86_64-linux-gnu.so[K
[16.862s] [30/31] Linking C shared library rosidl_generator_py/socketcan_interface_msg/socketcan_interface_msg_s__rosidl_typesupport_introspection_c.cpython-38-x86_64-linux-gnu.so[K
[16.862s] [31/31] Linking CXX shared library rosidl_generator_py/socketcan_interface_msg/socketcan_interface_msg_s__rosidl_typesupport_fastrtps_c.cpython-38-x86_64-linux-gnu.so[K
[16.864s] Invoked command in '/home/ryuzot/ros2_main/build/socketcan_interface_msg' returned '0': CMAKE_PREFIX_PATH=${CMAKE_PREFIX_PATH}:/opt/ros/galactic /usr/bin/cmake --build /home/ryuzot/ros2_main/build/socketcan_interface_msg -- -j24 -l24
[16.885s] Invoking command in '/home/ryuzot/ros2_main/build/socketcan_interface_msg': CMAKE_PREFIX_PATH=${CMAKE_PREFIX_PATH}:/opt/ros/galactic /usr/bin/cmake --install /home/ryuzot/ros2_main/build/socketcan_interface_msg
[16.890s] -- Install configuration: ""
[16.891s] -- Execute custom install script
[16.891s] -- Symlinking: /home/ryuzot/ros2_main/install/socketcan_interface_msg/share/ament_index/resource_index/rosidl_interfaces/socketcan_interface_msg
[16.899s] -- Symlinking: /home/ryuzot/ros2_main/install/socketcan_interface_msg/include/socketcan_interface_msg/msg/detail/socketcan_if__functions.h
[16.904s] -- Symlinking: /home/ryuzot/ros2_main/install/socketcan_interface_msg/include/socketcan_interface_msg/msg/detail/socketcan_if__struct.h
[16.909s] -- Symlinking: /home/ryuzot/ros2_main/install/socketcan_interface_msg/include/socketcan_interface_msg/msg/detail/socketcan_if__type_support.h
[16.915s] -- Symlinking: /home/ryuzot/ros2_main/install/socketcan_interface_msg/include/socketcan_interface_msg/msg/rosidl_generator_c__visibility_control.h
[16.921s] -- Symlinking: /home/ryuzot/ros2_main/install/socketcan_interface_msg/include/socketcan_interface_msg/msg/socketcan_if.h
[16.927s] -- Symlinking: /home/ryuzot/ros2_main/install/socketcan_interface_msg/share/socketcan_interface_msg/environment/library_path.sh
[16.933s] -- Symlinking: /home/ryuzot/ros2_main/install/socketcan_interface_msg/share/socketcan_interface_msg/environment/library_path.dsv
[16.939s] -- Symlinking: /home/ryuzot/ros2_main/install/socketcan_interface_msg/include/socketcan_interface_msg/msg/detail/socketcan_if__rosidl_typesupport_fastrtps_c.h
[16.945s] -- Symlinking: /home/ryuzot/ros2_main/install/socketcan_interface_msg/include/socketcan_interface_msg/msg/rosidl_typesupport_fastrtps_c__visibility_control.h
[16.951s] -- Symlinking: /home/ryuzot/ros2_main/install/socketcan_interface_msg/lib/libsocketcan_interface_msg__rosidl_typesupport_fastrtps_c.so
[16.957s] -- Symlinking: /home/ryuzot/ros2_main/install/socketcan_interface_msg/include/socketcan_interface_msg/msg/detail/socketcan_if__rosidl_typesupport_fastrtps_cpp.hpp
[16.965s] -- Symlinking: /home/ryuzot/ros2_main/install/socketcan_interface_msg/include/socketcan_interface_msg/msg/rosidl_typesupport_fastrtps_cpp__visibility_control.h
[16.972s] -- Symlinking: /home/ryuzot/ros2_main/install/socketcan_interface_msg/lib/libsocketcan_interface_msg__rosidl_typesupport_fastrtps_cpp.so
[16.979s] -- Symlinking: /home/ryuzot/ros2_main/install/socketcan_interface_msg/include/socketcan_interface_msg/msg/detail/socketcan_if__rosidl_typesupport_introspection_c.h
[16.985s] -- Symlinking: /home/ryuzot/ros2_main/install/socketcan_interface_msg/include/socketcan_interface_msg/msg/rosidl_typesupport_introspection_c__visibility_control.h
[16.992s] -- Symlinking: /home/ryuzot/ros2_main/install/socketcan_interface_msg/include/socketcan_interface_msg/msg/detail/socketcan_if__builder.hpp
[16.998s] -- Symlinking: /home/ryuzot/ros2_main/install/socketcan_interface_msg/include/socketcan_interface_msg/msg/detail/socketcan_if__struct.hpp
[17.005s] -- Symlinking: /home/ryuzot/ros2_main/install/socketcan_interface_msg/include/socketcan_interface_msg/msg/detail/socketcan_if__traits.hpp
[17.011s] -- Symlinking: /home/ryuzot/ros2_main/install/socketcan_interface_msg/include/socketcan_interface_msg/msg/socketcan_if.hpp
[17.018s] -- Symlinking: /home/ryuzot/ros2_main/install/socketcan_interface_msg/include/socketcan_interface_msg/msg/detail/socketcan_if__rosidl_typesupport_introspection_cpp.hpp
[17.025s] -- Symlinking: /home/ryuzot/ros2_main/install/socketcan_interface_msg/share/socketcan_interface_msg/environment/pythonpath.sh
[17.031s] -- Symlinking: /home/ryuzot/ros2_main/install/socketcan_interface_msg/share/socketcan_interface_msg/environment/pythonpath.dsv
[17.037s] -- Symlinking: /home/ryuzot/ros2_main/install/socketcan_interface_msg/lib/python3.8/site-packages/socketcan_interface_msg/__init__.py
[17.044s] -- Symlinking: /home/ryuzot/ros2_main/install/socketcan_interface_msg/lib/python3.8/site-packages/socketcan_interface_msg/msg/__init__.py
[17.050s] -- Symlinking: /home/ryuzot/ros2_main/install/socketcan_interface_msg/lib/python3.8/site-packages/socketcan_interface_msg/msg/_socketcan_if.py
[17.057s] -- Symlinking: /home/ryuzot/ros2_main/install/socketcan_interface_msg/lib/python3.8/site-packages/socketcan_interface_msg/socketcan_interface_msg_s__rosidl_typesupport_fastrtps_c.cpython-38-x86_64-linux-gnu.so
[17.063s] -- Symlinking: /home/ryuzot/ros2_main/install/socketcan_interface_msg/lib/python3.8/site-packages/socketcan_interface_msg/socketcan_interface_msg_s__rosidl_typesupport_introspection_c.cpython-38-x86_64-linux-gnu.so
[17.071s] -- Symlinking: /home/ryuzot/ros2_main/install/socketcan_interface_msg/lib/python3.8/site-packages/socketcan_interface_msg/socketcan_interface_msg_s__rosidl_typesupport_c.cpython-38-x86_64-linux-gnu.so
[17.077s] -- Symlinking: /home/ryuzot/ros2_main/install/socketcan_interface_msg/lib/libsocketcan_interface_msg__python.so
[17.084s] -- Symlinking: /home/ryuzot/ros2_main/install/socketcan_interface_msg/share/socketcan_interface_msg/msg/SocketcanIF.idl
[17.091s] -- Symlinking: /home/ryuzot/ros2_main/install/socketcan_interface_msg/share/socketcan_interface_msg/msg/SocketcanIF.msg
[17.098s] -- Symlinking: /home/ryuzot/ros2_main/install/socketcan_interface_msg/share/ament_index/resource_index/package_run_dependencies/socketcan_interface_msg
[17.104s] -- Symlinking: /home/ryuzot/ros2_main/install/socketcan_interface_msg/share/ament_index/resource_index/parent_prefix_path/socketcan_interface_msg
[17.115s] -- Symlinking: /home/ryuzot/ros2_main/install/socketcan_interface_msg/share/socketcan_interface_msg/environment/ament_prefix_path.sh
[17.121s] -- Symlinking: /home/ryuzot/ros2_main/install/socketcan_interface_msg/share/socketcan_interface_msg/environment/ament_prefix_path.dsv
[17.128s] -- Symlinking: /home/ryuzot/ros2_main/install/socketcan_interface_msg/share/socketcan_interface_msg/environment/path.sh
[17.137s] -- Symlinking: /home/ryuzot/ros2_main/install/socketcan_interface_msg/share/socketcan_interface_msg/environment/path.dsv
[17.145s] -- Symlinking: /home/ryuzot/ros2_main/install/socketcan_interface_msg/share/socketcan_interface_msg/local_setup.bash
[17.154s] -- Symlinking: /home/ryuzot/ros2_main/install/socketcan_interface_msg/share/socketcan_interface_msg/local_setup.sh
[17.162s] -- Symlinking: /home/ryuzot/ros2_main/install/socketcan_interface_msg/share/socketcan_interface_msg/local_setup.zsh
[17.169s] -- Symlinking: /home/ryuzot/ros2_main/install/socketcan_interface_msg/share/socketcan_interface_msg/local_setup.dsv
[17.175s] -- Symlinking: /home/ryuzot/ros2_main/install/socketcan_interface_msg/share/socketcan_interface_msg/package.dsv
[17.181s] -- Symlinking: /home/ryuzot/ros2_main/install/socketcan_interface_msg/share/ament_index/resource_index/packages/socketcan_interface_msg
[17.189s] -- Symlinking: /home/ryuzot/ros2_main/install/socketcan_interface_msg/share/socketcan_interface_msg/cmake/rosidl_cmake-extras.cmake
[17.196s] -- Symlinking: /home/ryuzot/ros2_main/install/socketcan_interface_msg/share/socketcan_interface_msg/cmake/ament_cmake_export_dependencies-extras.cmake
[17.203s] -- Symlinking: /home/ryuzot/ros2_main/install/socketcan_interface_msg/share/socketcan_interface_msg/cmake/ament_cmake_export_libraries-extras.cmake
[17.210s] -- Symlinking: /home/ryuzot/ros2_main/install/socketcan_interface_msg/share/socketcan_interface_msg/cmake/ament_cmake_export_targets-extras.cmake
[17.216s] -- Symlinking: /home/ryuzot/ros2_main/install/socketcan_interface_msg/share/socketcan_interface_msg/cmake/ament_cmake_export_include_directories-extras.cmake
[17.222s] -- Symlinking: /home/ryuzot/ros2_main/install/socketcan_interface_msg/share/socketcan_interface_msg/cmake/rosidl_cmake_export_typesupport_libraries-extras.cmake
[17.228s] -- Symlinking: /home/ryuzot/ros2_main/install/socketcan_interface_msg/share/socketcan_interface_msg/cmake/rosidl_cmake_export_typesupport_targets-extras.cmake
[17.235s] -- Symlinking: /home/ryuzot/ros2_main/install/socketcan_interface_msg/share/socketcan_interface_msg/cmake/socketcan_interface_msgConfig.cmake
[17.240s] -- Symlinking: /home/ryuzot/ros2_main/install/socketcan_interface_msg/share/socketcan_interface_msg/cmake/socketcan_interface_msgConfig-version.cmake
[17.247s] -- Symlinking: /home/ryuzot/ros2_main/install/socketcan_interface_msg/share/socketcan_interface_msg/package.xml
[17.253s] -- Installing: /home/ryuzot/ros2_main/install/socketcan_interface_msg/lib/libsocketcan_interface_msg__rosidl_generator_c.so
[17.254s] -- Set runtime path of "/home/ryuzot/ros2_main/install/socketcan_interface_msg/lib/libsocketcan_interface_msg__rosidl_generator_c.so" to ""
[17.254s] -- Installing: /home/ryuzot/ros2_main/install/socketcan_interface_msg/lib/libsocketcan_interface_msg__rosidl_typesupport_introspection_c.so
[17.254s] -- Set runtime path of "/home/ryuzot/ros2_main/install/socketcan_interface_msg/lib/libsocketcan_interface_msg__rosidl_typesupport_introspection_c.so" to ""
[17.254s] -- Installing: /home/ryuzot/ros2_main/install/socketcan_interface_msg/lib/libsocketcan_interface_msg__rosidl_typesupport_c.so
[17.255s] -- Set runtime path of "/home/ryuzot/ros2_main/install/socketcan_interface_msg/lib/libsocketcan_interface_msg__rosidl_typesupport_c.so" to ""
[17.255s] -- Installing: /home/ryuzot/ros2_main/install/socketcan_interface_msg/lib/libsocketcan_interface_msg__rosidl_typesupport_introspection_cpp.so
[17.255s] -- Set runtime path of "/home/ryuzot/ros2_main/install/socketcan_interface_msg/lib/libsocketcan_interface_msg__rosidl_typesupport_introspection_cpp.so" to ""
[17.255s] -- Installing: /home/ryuzot/ros2_main/install/socketcan_interface_msg/lib/libsocketcan_interface_msg__rosidl_typesupport_cpp.so
[17.255s] -- Set runtime path of "/home/ryuzot/ros2_main/install/socketcan_interface_msg/lib/libsocketcan_interface_msg__rosidl_typesupport_cpp.so" to ""
[17.279s] Compiling '/home/ryuzot/ros2_main/install/socketcan_interface_msg/lib/python3.8/site-packages/socketcan_interface_msg/__init__.py'...
[17.282s] -- Installing: /home/ryuzot/ros2_main/install/socketcan_interface_msg/share/socketcan_interface_msg/cmake/socketcan_interface_msg__rosidl_generator_cExport.cmake
[17.282s] -- Installing: /home/ryuzot/ros2_main/install/socketcan_interface_msg/share/socketcan_interface_msg/cmake/socketcan_interface_msg__rosidl_generator_cExport-noconfig.cmake
[17.283s] -- Installing: /home/ryuzot/ros2_main/install/socketcan_interface_msg/share/socketcan_interface_msg/cmake/socketcan_interface_msg__rosidl_typesupport_introspection_cExport.cmake
[17.283s] -- Installing: /home/ryuzot/ros2_main/install/socketcan_interface_msg/share/socketcan_interface_msg/cmake/socketcan_interface_msg__rosidl_typesupport_introspection_cExport-noconfig.cmake
[17.283s] -- Installing: /home/ryuzot/ros2_main/install/socketcan_interface_msg/share/socketcan_interface_msg/cmake/socketcan_interface_msg__rosidl_typesupport_cExport.cmake
[17.283s] -- Installing: /home/ryuzot/ros2_main/install/socketcan_interface_msg/share/socketcan_interface_msg/cmake/socketcan_interface_msg__rosidl_typesupport_cExport-noconfig.cmake
[17.283s] -- Installing: /home/ryuzot/ros2_main/install/socketcan_interface_msg/share/socketcan_interface_msg/cmake/socketcan_interface_msg__rosidl_generator_cppExport.cmake
[17.283s] -- Installing: /home/ryuzot/ros2_main/install/socketcan_interface_msg/share/socketcan_interface_msg/cmake/socketcan_interface_msg__rosidl_typesupport_introspection_cppExport.cmake
[17.283s] -- Installing: /home/ryuzot/ros2_main/install/socketcan_interface_msg/share/socketcan_interface_msg/cmake/socketcan_interface_msg__rosidl_typesupport_introspection_cppExport-noconfig.cmake
[17.283s] -- Installing: /home/ryuzot/ros2_main/install/socketcan_interface_msg/share/socketcan_interface_msg/cmake/socketcan_interface_msg__rosidl_typesupport_cppExport.cmake
[17.283s] -- Installing: /home/ryuzot/ros2_main/install/socketcan_interface_msg/share/socketcan_interface_msg/cmake/socketcan_interface_msg__rosidl_typesupport_cppExport-noconfig.cmake
[17.287s] Invoked command in '/home/ryuzot/ros2_main/build/socketcan_interface_msg' returned '0': CMAKE_PREFIX_PATH=${CMAKE_PREFIX_PATH}:/opt/ros/galactic /usr/bin/cmake --install /home/ryuzot/ros2_main/build/socketcan_interface_msg
