[0.018s] Invoking command in '/home/ryuzot/ros2_ws/build/socketcan_interface_msg': CMAKE_PREFIX_PATH=/opt/ros/galactic /usr/bin/cmake /home/ryuzot/ros2_ws/src/socketcan_interface_msg -DCMAKE_EXPORT_COMPILE_COMMANDS=ON -G Ninja -DAMENT_CMAKE_SYMLINK_INSTALL=1 -DCMAKE_INSTALL_PREFIX=/home/ryuzot/ros2_ws/install/socketcan_interface_msg
[0.028s] -- Found ament_cmake: 1.1.5 (/opt/ros/galactic/share/ament_cmake/cmake)
[0.044s] -- Found PythonInterp: /usr/bin/python3 (found suitable version "3.8.10", minimum required is "3") 
[0.044s] -- Using PYTHON_EXECUTABLE: /usr/bin/python3
[0.097s] -- Override CMake install command with custom implementation using symlinks instead of copying resources
[0.104s] -- Found rosidl_default_generators: 1.1.1 (/opt/ros/galactic/share/rosidl_default_generators/cmake)
[0.105s] -- Using all available rosidl_typesupport_c: rosidl_typesupport_fastrtps_c;rosidl_typesupport_introspection_c
[0.108s] -- Found rosidl_adapter: 2.2.1 (/opt/ros/galactic/share/rosidl_adapter/cmake)
[7.050s] -- Using all available rosidl_typesupport_cpp: rosidl_typesupport_fastrtps_cpp;rosidl_typesupport_introspection_cpp
[7.083s] -- Found PythonInterp: /usr/bin/python3 (found version "3.8.10") 
[7.162s] -- Found ament_cmake_ros: 0.9.2 (/opt/ros/galactic/share/ament_cmake_ros/cmake)
[12.987s] -- Using all available rosidl_typesupport_c: rosidl_typesupport_fastrtps_c;rosidl_typesupport_introspection_c
[12.992s] -- Using all available rosidl_typesupport_cpp: rosidl_typesupport_fastrtps_cpp;rosidl_typesupport_introspection_cpp
[13.009s] -- Found PythonInterp: /usr/bin/python3 (found suitable version "3.8.10", minimum required is "3.5") 
[13.009s] -- Found python_cmake_module: 0.8.1 (/opt/ros/galactic/share/python_cmake_module/cmake)
[13.025s] -- Using PYTHON_EXECUTABLE: /usr/bin/python3
[13.025s] -- Using PYTHON_INCLUDE_DIRS: /usr/include/python3.8
[13.025s] -- Using PYTHON_LIBRARIES: /usr/lib/x86_64-linux-gnu/libpython3.8.so
[13.037s] -- Found ament_lint_auto: 0.10.6 (/opt/ros/galactic/share/ament_lint_auto/cmake)
[13.046s] -- Added test 'copyright' to check source files copyright and LICENSE
[13.047s] -- Added test 'lint_cmake' to check CMake code style
[13.048s] -- Added test 'xmllint' to check XML markup files
[13.051s] -- Configuring done
[13.064s] -- Generating done
[13.065s] -- Build files have been written to: /home/ryuzot/ros2_ws/build/socketcan_interface_msg
[13.074s] Invoked command in '/home/ryuzot/ros2_ws/build/socketcan_interface_msg' returned '0': CMAKE_PREFIX_PATH=/opt/ros/galactic /usr/bin/cmake /home/ryuzot/ros2_ws/src/socketcan_interface_msg -DCMAKE_EXPORT_COMPILE_COMMANDS=ON -G Ninja -DAMENT_CMAKE_SYMLINK_INSTALL=1 -DCMAKE_INSTALL_PREFIX=/home/ryuzot/ros2_ws/install/socketcan_interface_msg
[13.074s] Invoking command in '/home/ryuzot/ros2_ws/build/socketcan_interface_msg': CMAKE_PREFIX_PATH=/opt/ros/galactic /usr/bin/cmake --build /home/ryuzot/ros2_ws/build/socketcan_interface_msg -- -j24 -l24
[13.082s] 
[13.082s] [0/1] Re-running CMake...[K
[13.093s] -- Found ament_cmake: 1.1.5 (/opt/ros/galactic/share/ament_cmake/cmake)
[13.110s] -- Found PythonInterp: /usr/bin/python3 (found suitable version "3.8.10", minimum required is "3") 
[13.110s] -- Using PYTHON_EXECUTABLE: /usr/bin/python3
[13.147s] -- Override CMake install command with custom implementation using symlinks instead of copying resources
[13.152s] -- Found rosidl_default_generators: 1.1.1 (/opt/ros/galactic/share/rosidl_default_generators/cmake)
[13.154s] -- Using all available rosidl_typesupport_c: rosidl_typesupport_fastrtps_c;rosidl_typesupport_introspection_c
[13.157s] -- Found rosidl_adapter: 2.2.1 (/opt/ros/galactic/share/rosidl_adapter/cmake)
[19.804s] -- Using all available rosidl_typesupport_cpp: rosidl_typesupport_fastrtps_cpp;rosidl_typesupport_introspection_cpp
[19.837s] -- Found PythonInterp: /usr/bin/python3 (found version "3.8.10") 
[19.918s] -- Found ament_cmake_ros: 0.9.2 (/opt/ros/galactic/share/ament_cmake_ros/cmake)
[25.605s] -- Using all available rosidl_typesupport_c: rosidl_typesupport_fastrtps_c;rosidl_typesupport_introspection_c
[25.610s] -- Using all available rosidl_typesupport_cpp: rosidl_typesupport_fastrtps_cpp;rosidl_typesupport_introspection_cpp
[25.628s] -- Found PythonInterp: /usr/bin/python3 (found suitable version "3.8.10", minimum required is "3.5") 
[25.628s] -- Found python_cmake_module: 0.8.1 (/opt/ros/galactic/share/python_cmake_module/cmake)
[25.646s] -- Using PYTHON_EXECUTABLE: /usr/bin/python3
[25.646s] -- Using PYTHON_INCLUDE_DIRS: /usr/include/python3.8
[25.646s] -- Using PYTHON_LIBRARIES: /usr/lib/x86_64-linux-gnu/libpython3.8.so
[25.658s] -- Found ament_lint_auto: 0.10.6 (/opt/ros/galactic/share/ament_lint_auto/cmake)
[25.667s] -- Added test 'copyright' to check source files copyright and LICENSE
[25.668s] -- Added test 'lint_cmake' to check CMake code style
[25.669s] -- Added test 'xmllint' to check XML markup files
[25.672s] -- Configuring done
[25.686s] -- Generating done
[25.688s] -- Build files have been written to: /home/ryuzot/ros2_ws/build/socketcan_interface_msg
[25.696s] ninja: no work to do.
[25.698s] Invoked command in '/home/ryuzot/ros2_ws/build/socketcan_interface_msg' returned '0': CMAKE_PREFIX_PATH=/opt/ros/galactic /usr/bin/cmake --build /home/ryuzot/ros2_ws/build/socketcan_interface_msg -- -j24 -l24
[25.718s] Invoking command in '/home/ryuzot/ros2_ws/build/socketcan_interface_msg': CMAKE_PREFIX_PATH=/opt/ros/galactic /usr/bin/cmake --install /home/ryuzot/ros2_ws/build/socketcan_interface_msg
[25.723s] -- Install configuration: ""
[25.723s] -- Execute custom install script
[25.724s] -- Up-to-date symlink: /home/ryuzot/ros2_ws/install/socketcan_interface_msg/share/ament_index/resource_index/rosidl_interfaces/socketcan_interface_msg
[25.724s] -- Up-to-date symlink: /home/ryuzot/ros2_ws/install/socketcan_interface_msg/include/socketcan_interface_msg/msg/detail/socketcan_if__functions.h
[25.724s] -- Up-to-date symlink: /home/ryuzot/ros2_ws/install/socketcan_interface_msg/include/socketcan_interface_msg/msg/detail/socketcan_if__struct.h
[25.724s] -- Up-to-date symlink: /home/ryuzot/ros2_ws/install/socketcan_interface_msg/include/socketcan_interface_msg/msg/detail/socketcan_if__type_support.h
[25.725s] -- Up-to-date symlink: /home/ryuzot/ros2_ws/install/socketcan_interface_msg/include/socketcan_interface_msg/msg/rosidl_generator_c__visibility_control.h
[25.725s] -- Up-to-date symlink: /home/ryuzot/ros2_ws/install/socketcan_interface_msg/include/socketcan_interface_msg/msg/socketcan_if.h
[25.725s] -- Up-to-date symlink: /home/ryuzot/ros2_ws/install/socketcan_interface_msg/share/socketcan_interface_msg/environment/library_path.sh
[25.725s] -- Up-to-date symlink: /home/ryuzot/ros2_ws/install/socketcan_interface_msg/share/socketcan_interface_msg/environment/library_path.dsv
[25.726s] -- Up-to-date symlink: /home/ryuzot/ros2_ws/install/socketcan_interface_msg/include/socketcan_interface_msg/msg/detail/socketcan_if__rosidl_typesupport_fastrtps_c.h
[25.726s] -- Up-to-date symlink: /home/ryuzot/ros2_ws/install/socketcan_interface_msg/include/socketcan_interface_msg/msg/rosidl_typesupport_fastrtps_c__visibility_control.h
[25.726s] -- Up-to-date symlink: /home/ryuzot/ros2_ws/install/socketcan_interface_msg/lib/libsocketcan_interface_msg__rosidl_typesupport_fastrtps_c.so
[25.727s] -- Up-to-date symlink: /home/ryuzot/ros2_ws/install/socketcan_interface_msg/include/socketcan_interface_msg/msg/detail/socketcan_if__rosidl_typesupport_fastrtps_cpp.hpp
[25.727s] -- Up-to-date symlink: /home/ryuzot/ros2_ws/install/socketcan_interface_msg/include/socketcan_interface_msg/msg/rosidl_typesupport_fastrtps_cpp__visibility_control.h
[25.727s] -- Up-to-date symlink: /home/ryuzot/ros2_ws/install/socketcan_interface_msg/lib/libsocketcan_interface_msg__rosidl_typesupport_fastrtps_cpp.so
[25.727s] -- Up-to-date symlink: /home/ryuzot/ros2_ws/install/socketcan_interface_msg/include/socketcan_interface_msg/msg/detail/socketcan_if__rosidl_typesupport_introspection_c.h
[25.727s] -- Up-to-date symlink: /home/ryuzot/ros2_ws/install/socketcan_interface_msg/include/socketcan_interface_msg/msg/rosidl_typesupport_introspection_c__visibility_control.h
[25.728s] -- Up-to-date symlink: /home/ryuzot/ros2_ws/install/socketcan_interface_msg/include/socketcan_interface_msg/msg/detail/socketcan_if__builder.hpp
[25.728s] -- Up-to-date symlink: /home/ryuzot/ros2_ws/install/socketcan_interface_msg/include/socketcan_interface_msg/msg/detail/socketcan_if__struct.hpp
[25.728s] -- Up-to-date symlink: /home/ryuzot/ros2_ws/install/socketcan_interface_msg/include/socketcan_interface_msg/msg/detail/socketcan_if__traits.hpp
[25.728s] -- Up-to-date symlink: /home/ryuzot/ros2_ws/install/socketcan_interface_msg/include/socketcan_interface_msg/msg/socketcan_if.hpp
[25.729s] -- Up-to-date symlink: /home/ryuzot/ros2_ws/install/socketcan_interface_msg/include/socketcan_interface_msg/msg/detail/socketcan_if__rosidl_typesupport_introspection_cpp.hpp
[25.729s] -- Up-to-date symlink: /home/ryuzot/ros2_ws/install/socketcan_interface_msg/share/socketcan_interface_msg/environment/pythonpath.sh
[25.729s] -- Up-to-date symlink: /home/ryuzot/ros2_ws/install/socketcan_interface_msg/share/socketcan_interface_msg/environment/pythonpath.dsv
[25.729s] -- Up-to-date symlink: /home/ryuzot/ros2_ws/install/socketcan_interface_msg/lib/python3.8/site-packages/socketcan_interface_msg/__init__.py
[25.730s] -- Up-to-date symlink: /home/ryuzot/ros2_ws/install/socketcan_interface_msg/lib/python3.8/site-packages/socketcan_interface_msg/msg/__init__.py
[25.730s] -- Up-to-date symlink: /home/ryuzot/ros2_ws/install/socketcan_interface_msg/lib/python3.8/site-packages/socketcan_interface_msg/msg/_socketcan_if.py
[25.730s] -- Up-to-date symlink: /home/ryuzot/ros2_ws/install/socketcan_interface_msg/lib/python3.8/site-packages/socketcan_interface_msg/socketcan_interface_msg_s__rosidl_typesupport_fastrtps_c.cpython-38-x86_64-linux-gnu.so
[25.731s] -- Up-to-date symlink: /home/ryuzot/ros2_ws/install/socketcan_interface_msg/lib/python3.8/site-packages/socketcan_interface_msg/socketcan_interface_msg_s__rosidl_typesupport_introspection_c.cpython-38-x86_64-linux-gnu.so
[25.731s] -- Up-to-date symlink: /home/ryuzot/ros2_ws/install/socketcan_interface_msg/lib/python3.8/site-packages/socketcan_interface_msg/socketcan_interface_msg_s__rosidl_typesupport_c.cpython-38-x86_64-linux-gnu.so
[25.731s] -- Up-to-date symlink: /home/ryuzot/ros2_ws/install/socketcan_interface_msg/lib/libsocketcan_interface_msg__python.so
[25.731s] -- Up-to-date symlink: /home/ryuzot/ros2_ws/install/socketcan_interface_msg/share/socketcan_interface_msg/msg/SocketcanIF.idl
[25.732s] -- Up-to-date symlink: /home/ryuzot/ros2_ws/install/socketcan_interface_msg/share/socketcan_interface_msg/msg/SocketcanIF.msg
[25.732s] -- Up-to-date symlink: /home/ryuzot/ros2_ws/install/socketcan_interface_msg/share/ament_index/resource_index/package_run_dependencies/socketcan_interface_msg
[25.732s] -- Up-to-date symlink: /home/ryuzot/ros2_ws/install/socketcan_interface_msg/share/ament_index/resource_index/parent_prefix_path/socketcan_interface_msg
[25.732s] -- Up-to-date symlink: /home/ryuzot/ros2_ws/install/socketcan_interface_msg/share/socketcan_interface_msg/environment/ament_prefix_path.sh
[25.732s] -- Up-to-date symlink: /home/ryuzot/ros2_ws/install/socketcan_interface_msg/share/socketcan_interface_msg/environment/ament_prefix_path.dsv
[25.733s] -- Up-to-date symlink: /home/ryuzot/ros2_ws/install/socketcan_interface_msg/share/socketcan_interface_msg/environment/path.sh
[25.733s] -- Up-to-date symlink: /home/ryuzot/ros2_ws/install/socketcan_interface_msg/share/socketcan_interface_msg/environment/path.dsv
[25.733s] -- Up-to-date symlink: /home/ryuzot/ros2_ws/install/socketcan_interface_msg/share/socketcan_interface_msg/local_setup.bash
[25.733s] -- Up-to-date symlink: /home/ryuzot/ros2_ws/install/socketcan_interface_msg/share/socketcan_interface_msg/local_setup.sh
[25.733s] -- Up-to-date symlink: /home/ryuzot/ros2_ws/install/socketcan_interface_msg/share/socketcan_interface_msg/local_setup.zsh
[25.734s] -- Up-to-date symlink: /home/ryuzot/ros2_ws/install/socketcan_interface_msg/share/socketcan_interface_msg/local_setup.dsv
[25.734s] -- Symlinking: /home/ryuzot/ros2_ws/install/socketcan_interface_msg/share/socketcan_interface_msg/package.dsv
[25.740s] -- Up-to-date symlink: /home/ryuzot/ros2_ws/install/socketcan_interface_msg/share/ament_index/resource_index/packages/socketcan_interface_msg
[25.740s] -- Up-to-date symlink: /home/ryuzot/ros2_ws/install/socketcan_interface_msg/share/socketcan_interface_msg/cmake/rosidl_cmake-extras.cmake
[25.740s] -- Up-to-date symlink: /home/ryuzot/ros2_ws/install/socketcan_interface_msg/share/socketcan_interface_msg/cmake/ament_cmake_export_dependencies-extras.cmake
[25.741s] -- Up-to-date symlink: /home/ryuzot/ros2_ws/install/socketcan_interface_msg/share/socketcan_interface_msg/cmake/ament_cmake_export_libraries-extras.cmake
[25.741s] -- Up-to-date symlink: /home/ryuzot/ros2_ws/install/socketcan_interface_msg/share/socketcan_interface_msg/cmake/ament_cmake_export_targets-extras.cmake
[25.741s] -- Up-to-date symlink: /home/ryuzot/ros2_ws/install/socketcan_interface_msg/share/socketcan_interface_msg/cmake/ament_cmake_export_include_directories-extras.cmake
[25.741s] -- Up-to-date symlink: /home/ryuzot/ros2_ws/install/socketcan_interface_msg/share/socketcan_interface_msg/cmake/rosidl_cmake_export_typesupport_libraries-extras.cmake
[25.741s] -- Up-to-date symlink: /home/ryuzot/ros2_ws/install/socketcan_interface_msg/share/socketcan_interface_msg/cmake/rosidl_cmake_export_typesupport_targets-extras.cmake
[25.742s] -- Up-to-date symlink: /home/ryuzot/ros2_ws/install/socketcan_interface_msg/share/socketcan_interface_msg/cmake/socketcan_interface_msgConfig.cmake
[25.742s] -- Up-to-date symlink: /home/ryuzot/ros2_ws/install/socketcan_interface_msg/share/socketcan_interface_msg/cmake/socketcan_interface_msgConfig-version.cmake
[25.742s] -- Up-to-date symlink: /home/ryuzot/ros2_ws/install/socketcan_interface_msg/share/socketcan_interface_msg/package.xml
[25.742s] -- Up-to-date: /home/ryuzot/ros2_ws/install/socketcan_interface_msg/lib/libsocketcan_interface_msg__rosidl_generator_c.so
[25.742s] -- Up-to-date: /home/ryuzot/ros2_ws/install/socketcan_interface_msg/lib/libsocketcan_interface_msg__rosidl_typesupport_introspection_c.so
[25.743s] -- Up-to-date: /home/ryuzot/ros2_ws/install/socketcan_interface_msg/lib/libsocketcan_interface_msg__rosidl_typesupport_c.so
[25.743s] -- Up-to-date: /home/ryuzot/ros2_ws/install/socketcan_interface_msg/lib/libsocketcan_interface_msg__rosidl_typesupport_introspection_cpp.so
[25.743s] -- Up-to-date: /home/ryuzot/ros2_ws/install/socketcan_interface_msg/lib/libsocketcan_interface_msg__rosidl_typesupport_cpp.so
[25.764s] Compiling '/home/ryuzot/ros2_ws/install/socketcan_interface_msg/lib/python3.8/site-packages/socketcan_interface_msg/__init__.py'...
[25.767s] -- Up-to-date: /home/ryuzot/ros2_ws/install/socketcan_interface_msg/share/socketcan_interface_msg/cmake/socketcan_interface_msg__rosidl_generator_cExport.cmake
[25.767s] -- Installing: /home/ryuzot/ros2_ws/install/socketcan_interface_msg/share/socketcan_interface_msg/cmake/socketcan_interface_msg__rosidl_generator_cExport-noconfig.cmake
[25.767s] -- Up-to-date: /home/ryuzot/ros2_ws/install/socketcan_interface_msg/share/socketcan_interface_msg/cmake/socketcan_interface_msg__rosidl_typesupport_introspection_cExport.cmake
[25.767s] -- Installing: /home/ryuzot/ros2_ws/install/socketcan_interface_msg/share/socketcan_interface_msg/cmake/socketcan_interface_msg__rosidl_typesupport_introspection_cExport-noconfig.cmake
[25.768s] -- Up-to-date: /home/ryuzot/ros2_ws/install/socketcan_interface_msg/share/socketcan_interface_msg/cmake/socketcan_interface_msg__rosidl_typesupport_cExport.cmake
[25.768s] -- Installing: /home/ryuzot/ros2_ws/install/socketcan_interface_msg/share/socketcan_interface_msg/cmake/socketcan_interface_msg__rosidl_typesupport_cExport-noconfig.cmake
[25.768s] -- Up-to-date: /home/ryuzot/ros2_ws/install/socketcan_interface_msg/share/socketcan_interface_msg/cmake/socketcan_interface_msg__rosidl_generator_cppExport.cmake
[25.768s] -- Up-to-date: /home/ryuzot/ros2_ws/install/socketcan_interface_msg/share/socketcan_interface_msg/cmake/socketcan_interface_msg__rosidl_typesupport_introspection_cppExport.cmake
[25.768s] -- Installing: /home/ryuzot/ros2_ws/install/socketcan_interface_msg/share/socketcan_interface_msg/cmake/socketcan_interface_msg__rosidl_typesupport_introspection_cppExport-noconfig.cmake
[25.768s] -- Up-to-date: /home/ryuzot/ros2_ws/install/socketcan_interface_msg/share/socketcan_interface_msg/cmake/socketcan_interface_msg__rosidl_typesupport_cppExport.cmake
[25.768s] -- Installing: /home/ryuzot/ros2_ws/install/socketcan_interface_msg/share/socketcan_interface_msg/cmake/socketcan_interface_msg__rosidl_typesupport_cppExport-noconfig.cmake
[25.772s] Invoked command in '/home/ryuzot/ros2_ws/build/socketcan_interface_msg' returned '0': CMAKE_PREFIX_PATH=/opt/ros/galactic /usr/bin/cmake --install /home/ryuzot/ros2_ws/build/socketcan_interface_msg
