[0.270s] Invoking command in '/home/ryuzot/ros2_ws/build/main_executor': AMENT_PREFIX_PATH=/home/ryuzot/ros2_ws/install/socketcan_interface:${AMENT_PREFIX_PATH} CMAKE_PREFIX_PATH=/home/ryuzot/ros2_ws/install/socketcan_interface:/home/ryuzot/ros2_ws/install/socketcan_interface_msg:/home/ryuzot/ros2_ws/install/main_executor:/opt/ros/galactic LD_LIBRARY_PATH=/home/ryuzot/ros2_ws/install/socketcan_interface/lib:${LD_LIBRARY_PATH} /usr/bin/cmake --build /home/ryuzot/ros2_ws/build/main_executor -- -j24 -l24
[0.277s] 
[0.277s] [0/1] Re-running CMake...[K
[0.288s] -- Found rclcpp: 9.2.0 (/opt/ros/galactic/share/rclcpp/cmake)
[0.304s] -- Using PYTHON_EXECUTABLE: /usr/bin/python3
[0.588s] -- Using all available rosidl_typesupport_c: rosidl_typesupport_fastrtps_c;rosidl_typesupport_introspection_c
[0.591s] -- Found rosidl_adapter: 2.2.1 (/opt/ros/galactic/share/rosidl_adapter/cmake)
[6.774s] -- Using all available rosidl_typesupport_cpp: rosidl_typesupport_fastrtps_cpp;rosidl_typesupport_introspection_cpp
[6.815s] -- Found rmw_implementation_cmake: 3.3.1 (/opt/ros/galactic/share/rmw_implementation_cmake/cmake)
[6.816s] -- Found rmw_cyclonedds_cpp: 0.22.4 (/opt/ros/galactic/share/rmw_cyclonedds_cpp/cmake)
[6.831s] -- Using RMW implementation 'rmw_cyclonedds_cpp' as default
[6.944s] -- Found socketcan_interface: 0.0.0 (/home/ryuzot/ros2_ws/install/socketcan_interface/share/socketcan_interface/cmake)
[6.953s] -- Found ament_lint_auto: 0.10.6 (/opt/ros/galactic/share/ament_lint_auto/cmake)
[6.997s] -- Added test 'copyright' to check source files copyright and LICENSE
[6.998s] -- Added test 'cppcheck' to perform static code analysis on C / C++ code
[6.998s] -- Configured cppcheck include dirs: $<BUILD_INTERFACE:/home/ryuzot/ros2_ws/src/main_executor/include>
[6.998s] -- Configured cppcheck exclude dirs and/or files: 
[6.999s] -- Added test 'cpplint' to check C / C++ code against the Google style
[6.999s] -- Configured cpplint exclude dirs and/or files: 
[6.999s] -- Added test 'lint_cmake' to check CMake code style
[6.999s] -- Added test 'uncrustify' to check C / C++ code style
[6.999s] -- Configured uncrustify additional arguments: 
[7.000s] -- Added test 'xmllint' to check XML markup files
[7.001s] -- Configuring done
[7.005s] -- Generating done
[7.006s] -- Build files have been written to: /home/ryuzot/ros2_ws/build/main_executor
[7.014s] 
[8.747s] [0/2] Building CXX object CMakeFiles/main_exec.dir/src/main.cpp.o[K
[8.747s] [1/2] Building CXX object CMakeFiles/main_exec.dir/src/main.cpp.o[K
[8.961s] [1/2] Linking CXX executable main_exec[K
[8.961s] [2/2] Linking CXX executable main_exec[K
[8.963s] Invoked command in '/home/ryuzot/ros2_ws/build/main_executor' returned '0': AMENT_PREFIX_PATH=/home/ryuzot/ros2_ws/install/socketcan_interface:${AMENT_PREFIX_PATH} CMAKE_PREFIX_PATH=/home/ryuzot/ros2_ws/install/socketcan_interface:/home/ryuzot/ros2_ws/install/socketcan_interface_msg:/home/ryuzot/ros2_ws/install/main_executor:/opt/ros/galactic LD_LIBRARY_PATH=/home/ryuzot/ros2_ws/install/socketcan_interface/lib:${LD_LIBRARY_PATH} /usr/bin/cmake --build /home/ryuzot/ros2_ws/build/main_executor -- -j24 -l24
[8.977s] Invoking command in '/home/ryuzot/ros2_ws/build/main_executor': AMENT_PREFIX_PATH=/home/ryuzot/ros2_ws/install/socketcan_interface:${AMENT_PREFIX_PATH} CMAKE_PREFIX_PATH=/home/ryuzot/ros2_ws/install/socketcan_interface:/home/ryuzot/ros2_ws/install/socketcan_interface_msg:/home/ryuzot/ros2_ws/install/main_executor:/opt/ros/galactic LD_LIBRARY_PATH=/home/ryuzot/ros2_ws/install/socketcan_interface/lib:${LD_LIBRARY_PATH} /usr/bin/cmake --install /home/ryuzot/ros2_ws/build/main_executor
[8.982s] -- Install configuration: ""
[8.982s] -- Installing: /home/ryuzot/ros2_ws/install/main_executor/lib/main_executor/main_exec
[8.982s] -- Set runtime path of "/home/ryuzot/ros2_ws/install/main_executor/lib/main_executor/main_exec" to ""
[8.983s] -- Up-to-date: /home/ryuzot/ros2_ws/install/main_executor/share/ament_index/resource_index/package_run_dependencies/main_executor
[8.983s] -- Up-to-date: /home/ryuzot/ros2_ws/install/main_executor/share/ament_index/resource_index/parent_prefix_path/main_executor
[8.983s] -- Up-to-date: /home/ryuzot/ros2_ws/install/main_executor/share/main_executor/environment/ament_prefix_path.sh
[8.983s] -- Installing: /home/ryuzot/ros2_ws/install/main_executor/share/main_executor/environment/ament_prefix_path.dsv
[8.983s] -- Up-to-date: /home/ryuzot/ros2_ws/install/main_executor/share/main_executor/environment/path.sh
[8.984s] -- Installing: /home/ryuzot/ros2_ws/install/main_executor/share/main_executor/environment/path.dsv
[8.984s] -- Up-to-date: /home/ryuzot/ros2_ws/install/main_executor/share/main_executor/local_setup.bash
[8.984s] -- Up-to-date: /home/ryuzot/ros2_ws/install/main_executor/share/main_executor/local_setup.sh
[8.984s] -- Up-to-date: /home/ryuzot/ros2_ws/install/main_executor/share/main_executor/local_setup.zsh
[8.984s] -- Installing: /home/ryuzot/ros2_ws/install/main_executor/share/main_executor/local_setup.dsv
[8.984s] -- Installing: /home/ryuzot/ros2_ws/install/main_executor/share/main_executor/package.dsv
[8.985s] -- Up-to-date: /home/ryuzot/ros2_ws/install/main_executor/share/ament_index/resource_index/packages/main_executor
[8.985s] -- Up-to-date: /home/ryuzot/ros2_ws/install/main_executor/share/main_executor/cmake/main_executorConfig.cmake
[8.985s] -- Up-to-date: /home/ryuzot/ros2_ws/install/main_executor/share/main_executor/cmake/main_executorConfig-version.cmake
[8.985s] -- Up-to-date: /home/ryuzot/ros2_ws/install/main_executor/share/main_executor/package.xml
[8.990s] Invoked command in '/home/ryuzot/ros2_ws/build/main_executor' returned '0': AMENT_PREFIX_PATH=/home/ryuzot/ros2_ws/install/socketcan_interface:${AMENT_PREFIX_PATH} CMAKE_PREFIX_PATH=/home/ryuzot/ros2_ws/install/socketcan_interface:/home/ryuzot/ros2_ws/install/socketcan_interface_msg:/home/ryuzot/ros2_ws/install/main_executor:/opt/ros/galactic LD_LIBRARY_PATH=/home/ryuzot/ros2_ws/install/socketcan_interface/lib:${LD_LIBRARY_PATH} /usr/bin/cmake --install /home/ryuzot/ros2_ws/build/main_executor
