[0.234s] Invoking command in '/home/ryuzot/ros2_ws/build/socketcan_interface': CMAKE_PREFIX_PATH=/home/ryuzot/ros2_ws/install/socketcan_interface_msg:/home/ryuzot/ros2_ws/install/socketcan_interface:/home/ryuzot/ros2_ws/install/main_executor:/opt/ros/galactic LD_LIBRARY_PATH=/home/ryuzot/ros2_ws/install/socketcan_interface_msg/lib:/home/ryuzot/ros2_ws/install/socketcan_interface/lib:/opt/ros/galactic/opt/yaml_cpp_vendor/lib:/opt/ros/galactic/opt/rviz_ogre_vendor/lib:/opt/ros/galactic/lib/x86_64-linux-gnu:/opt/ros/galactic/lib /usr/bin/cmake --build /home/ryuzot/ros2_ws/build/socketcan_interface -- -j24 -l24
[0.241s] 
[0.241s] [0/1] Re-running CMake...[K
[0.253s] -- Found ament_cmake: 1.1.5 (/opt/ros/galactic/share/ament_cmake/cmake)
[0.269s] -- Using PYTHON_EXECUTABLE: /usr/bin/python3
[0.310s] -- Override CMake install command with custom implementation using symlinks instead of copying resources
[0.316s] -- Found rclcpp: 9.2.0 (/opt/ros/galactic/share/rclcpp/cmake)
[0.594s] -- Using all available rosidl_typesupport_c: rosidl_typesupport_fastrtps_c;rosidl_typesupport_introspection_c
[0.596s] -- Found rosidl_adapter: 2.2.1 (/opt/ros/galactic/share/rosidl_adapter/cmake)
[7.421s] -- Using all available rosidl_typesupport_cpp: rosidl_typesupport_fastrtps_cpp;rosidl_typesupport_introspection_cpp
[7.463s] -- Found rmw_implementation_cmake: 3.3.1 (/opt/ros/galactic/share/rmw_implementation_cmake/cmake)
[7.464s] -- Found rmw_cyclonedds_cpp: 0.22.4 (/opt/ros/galactic/share/rmw_cyclonedds_cpp/cmake)
[7.479s] -- Using RMW implementation 'rmw_cyclonedds_cpp' as default
[7.595s] -- Found socketcan_interface_msg: 0.0.0 (/home/ryuzot/ros2_ws/install/socketcan_interface_msg/share/socketcan_interface_msg/cmake)
[7.603s] -- Found ament_lint_auto: 0.10.6 (/opt/ros/galactic/share/ament_lint_auto/cmake)
[7.650s] -- Added test 'copyright' to check source files copyright and LICENSE
[7.650s] -- Added test 'cppcheck' to perform static code analysis on C / C++ code
[7.651s] -- Configured cppcheck include dirs: /home/ryuzot/ros2_ws/src/socketcan_interface/include;$<BUILD_INTERFACE:/home/ryuzot/ros2_ws/src/socketcan_interface/include>
[7.651s] -- Configured cppcheck exclude dirs and/or files: 
[7.651s] -- Added test 'cpplint' to check C / C++ code against the Google style
[7.651s] -- Configured cpplint exclude dirs and/or files: 
[7.652s] -- Added test 'lint_cmake' to check CMake code style
[7.652s] -- Added test 'uncrustify' to check C / C++ code style
[7.652s] -- Configured uncrustify additional arguments: 
[7.652s] -- Added test 'xmllint' to check XML markup files
[7.655s] -- Configuring done
[7.659s] -- Generating done
[7.660s] -- Build files have been written to: /home/ryuzot/ros2_ws/build/socketcan_interface
[7.667s] ninja: no work to do.
[7.668s] Invoked command in '/home/ryuzot/ros2_ws/build/socketcan_interface' returned '0': CMAKE_PREFIX_PATH=/home/ryuzot/ros2_ws/install/socketcan_interface_msg:/home/ryuzot/ros2_ws/install/socketcan_interface:/home/ryuzot/ros2_ws/install/main_executor:/opt/ros/galactic LD_LIBRARY_PATH=/home/ryuzot/ros2_ws/install/socketcan_interface_msg/lib:/home/ryuzot/ros2_ws/install/socketcan_interface/lib:/opt/ros/galactic/opt/yaml_cpp_vendor/lib:/opt/ros/galactic/opt/rviz_ogre_vendor/lib:/opt/ros/galactic/lib/x86_64-linux-gnu:/opt/ros/galactic/lib /usr/bin/cmake --build /home/ryuzot/ros2_ws/build/socketcan_interface -- -j24 -l24
[7.683s] Invoking command in '/home/ryuzot/ros2_ws/build/socketcan_interface': CMAKE_PREFIX_PATH=/home/ryuzot/ros2_ws/install/socketcan_interface_msg:/home/ryuzot/ros2_ws/install/socketcan_interface:/home/ryuzot/ros2_ws/install/main_executor:/opt/ros/galactic LD_LIBRARY_PATH=/home/ryuzot/ros2_ws/install/socketcan_interface_msg/lib:/home/ryuzot/ros2_ws/install/socketcan_interface/lib:/opt/ros/galactic/opt/yaml_cpp_vendor/lib:/opt/ros/galactic/opt/rviz_ogre_vendor/lib:/opt/ros/galactic/lib/x86_64-linux-gnu:/opt/ros/galactic/lib /usr/bin/cmake --install /home/ryuzot/ros2_ws/build/socketcan_interface
[7.687s] -- Install configuration: ""
[7.688s] -- Execute custom install script
[7.688s] -- Up-to-date symlink: /home/ryuzot/ros2_ws/install/socketcan_interface/share/socketcan_interface/environment/library_path.sh
[7.688s] -- Up-to-date symlink: /home/ryuzot/ros2_ws/install/socketcan_interface/share/socketcan_interface/environment/library_path.dsv
[7.688s] -- Up-to-date symlink: /home/ryuzot/ros2_ws/install/socketcan_interface/share/socketcan_interface/environment/library_path.sh
[7.688s] -- Up-to-date symlink: /home/ryuzot/ros2_ws/install/socketcan_interface/share/socketcan_interface/environment/library_path.dsv
[7.689s] -- Up-to-date symlink: /home/ryuzot/ros2_ws/install/socketcan_interface/share/ament_index/resource_index/package_run_dependencies/socketcan_interface
[7.689s] -- Up-to-date symlink: /home/ryuzot/ros2_ws/install/socketcan_interface/share/ament_index/resource_index/parent_prefix_path/socketcan_interface
[7.689s] -- Up-to-date symlink: /home/ryuzot/ros2_ws/install/socketcan_interface/share/socketcan_interface/environment/ament_prefix_path.sh
[7.690s] -- Up-to-date symlink: /home/ryuzot/ros2_ws/install/socketcan_interface/share/socketcan_interface/environment/ament_prefix_path.dsv
[7.690s] -- Up-to-date symlink: /home/ryuzot/ros2_ws/install/socketcan_interface/share/socketcan_interface/environment/path.sh
[7.690s] -- Up-to-date symlink: /home/ryuzot/ros2_ws/install/socketcan_interface/share/socketcan_interface/environment/path.dsv
[7.690s] -- Up-to-date symlink: /home/ryuzot/ros2_ws/install/socketcan_interface/share/socketcan_interface/local_setup.bash
[7.690s] -- Up-to-date symlink: /home/ryuzot/ros2_ws/install/socketcan_interface/share/socketcan_interface/local_setup.sh
[7.691s] -- Up-to-date symlink: /home/ryuzot/ros2_ws/install/socketcan_interface/share/socketcan_interface/local_setup.zsh
[7.691s] -- Up-to-date symlink: /home/ryuzot/ros2_ws/install/socketcan_interface/share/socketcan_interface/local_setup.dsv
[7.691s] -- Symlinking: /home/ryuzot/ros2_ws/install/socketcan_interface/share/socketcan_interface/package.dsv
[7.697s] -- Up-to-date symlink: /home/ryuzot/ros2_ws/install/socketcan_interface/share/ament_index/resource_index/packages/socketcan_interface
[7.697s] -- Up-to-date symlink: /home/ryuzot/ros2_ws/install/socketcan_interface/share/socketcan_interface/cmake/ament_cmake_export_targets-extras.cmake
[7.697s] -- Up-to-date symlink: /home/ryuzot/ros2_ws/install/socketcan_interface/share/socketcan_interface/cmake/ament_cmake_export_dependencies-extras.cmake
[7.698s] -- Up-to-date symlink: /home/ryuzot/ros2_ws/install/socketcan_interface/share/socketcan_interface/cmake/socketcan_interfaceConfig.cmake
[7.698s] -- Up-to-date symlink: /home/ryuzot/ros2_ws/install/socketcan_interface/share/socketcan_interface/cmake/socketcan_interfaceConfig-version.cmake
[7.698s] -- Up-to-date symlink: /home/ryuzot/ros2_ws/install/socketcan_interface/share/socketcan_interface/package.xml
[7.698s] -- Up-to-date: /home/ryuzot/ros2_ws/install/socketcan_interface/lib/libsocketcan_interface_node.a
[7.698s] -- Up-to-date: /home/ryuzot/ros2_ws/install/socketcan_interface/share/socketcan_interface/cmake/export_socketcan_interfaceExport.cmake
[7.698s] -- Installing: /home/ryuzot/ros2_ws/install/socketcan_interface/share/socketcan_interface/cmake/export_socketcan_interfaceExport-noconfig.cmake
[7.703s] Invoked command in '/home/ryuzot/ros2_ws/build/socketcan_interface' returned '0': CMAKE_PREFIX_PATH=/home/ryuzot/ros2_ws/install/socketcan_interface_msg:/home/ryuzot/ros2_ws/install/socketcan_interface:/home/ryuzot/ros2_ws/install/main_executor:/opt/ros/galactic LD_LIBRARY_PATH=/home/ryuzot/ros2_ws/install/socketcan_interface_msg/lib:/home/ryuzot/ros2_ws/install/socketcan_interface/lib:/opt/ros/galactic/opt/yaml_cpp_vendor/lib:/opt/ros/galactic/opt/rviz_ogre_vendor/lib:/opt/ros/galactic/lib/x86_64-linux-gnu:/opt/ros/galactic/lib /usr/bin/cmake --install /home/ryuzot/ros2_ws/build/socketcan_interface
