[0.267s] Invoking command in '/home/ryuzot/ros2_ws/build/main_executor': CMAKE_PREFIX_PATH=${CMAKE_PREFIX_PATH}:/opt/ros/galactic LD_LIBRARY_PATH=/home/ryuzot/ros2_ws/install/socketcan_interface_msg/lib:/home/ryuzot/ros2_ws/install/socketcan_interface/lib:/opt/ros/galactic/opt/yaml_cpp_vendor/lib:/opt/ros/galactic/opt/rviz_ogre_vendor/lib:/opt/ros/galactic/lib/x86_64-linux-gnu:/opt/ros/galactic/lib /usr/bin/cmake --build /home/ryuzot/ros2_ws/build/main_executor -- -j24 -l24
[0.274s] 
[0.274s] [0/1] Re-running CMake...[K
[0.285s] -- Found rclcpp: 9.2.0 (/opt/ros/galactic/share/rclcpp/cmake)
[0.300s] -- Using PYTHON_EXECUTABLE: /usr/bin/python3
[0.337s] -- Override CMake install command with custom implementation using symlinks instead of copying resources
[0.579s] -- Using all available rosidl_typesupport_c: rosidl_typesupport_fastrtps_c;rosidl_typesupport_introspection_c
[0.581s] -- Found rosidl_adapter: 2.2.1 (/opt/ros/galactic/share/rosidl_adapter/cmake)
[7.467s] -- Using all available rosidl_typesupport_cpp: rosidl_typesupport_fastrtps_cpp;rosidl_typesupport_introspection_cpp
[7.511s] -- Found rmw_implementation_cmake: 3.3.1 (/opt/ros/galactic/share/rmw_implementation_cmake/cmake)
[7.512s] -- Found rmw_cyclonedds_cpp: 0.22.4 (/opt/ros/galactic/share/rmw_cyclonedds_cpp/cmake)
[7.527s] -- Using RMW implementation 'rmw_cyclonedds_cpp' as default
[7.647s] -- Found socketcan_interface: 0.0.0 (/home/ryuzot/ros2_ws/install/socketcan_interface/share/socketcan_interface/cmake)
[7.657s] -- Found ament_lint_auto: 0.10.6 (/opt/ros/galactic/share/ament_lint_auto/cmake)
[7.707s] -- Added test 'copyright' to check source files copyright and LICENSE
[7.707s] -- Added test 'cppcheck' to perform static code analysis on C / C++ code
[7.707s] -- Configured cppcheck include dirs: $<BUILD_INTERFACE:/home/ryuzot/ros2_ws/src/main_executor/include>
[7.707s] -- Configured cppcheck exclude dirs and/or files: 
[7.708s] -- Added test 'cpplint' to check C / C++ code against the Google style
[7.708s] -- Configured cpplint exclude dirs and/or files: 
[7.708s] -- Added test 'lint_cmake' to check CMake code style
[7.709s] -- Added test 'uncrustify' to check C / C++ code style
[7.709s] -- Configured uncrustify additional arguments: 
[7.709s] -- Added test 'xmllint' to check XML markup files
[7.711s] -- Configuring done
[7.715s] -- Generating done
[7.716s] -- Build files have been written to: /home/ryuzot/ros2_ws/build/main_executor
[7.722s] ninja: no work to do.
[7.724s] Invoked command in '/home/ryuzot/ros2_ws/build/main_executor' returned '0': CMAKE_PREFIX_PATH=${CMAKE_PREFIX_PATH}:/opt/ros/galactic LD_LIBRARY_PATH=/home/ryuzot/ros2_ws/install/socketcan_interface_msg/lib:/home/ryuzot/ros2_ws/install/socketcan_interface/lib:/opt/ros/galactic/opt/yaml_cpp_vendor/lib:/opt/ros/galactic/opt/rviz_ogre_vendor/lib:/opt/ros/galactic/lib/x86_64-linux-gnu:/opt/ros/galactic/lib /usr/bin/cmake --build /home/ryuzot/ros2_ws/build/main_executor -- -j24 -l24
[7.738s] Invoking command in '/home/ryuzot/ros2_ws/build/main_executor': CMAKE_PREFIX_PATH=${CMAKE_PREFIX_PATH}:/opt/ros/galactic LD_LIBRARY_PATH=/home/ryuzot/ros2_ws/install/socketcan_interface_msg/lib:/home/ryuzot/ros2_ws/install/socketcan_interface/lib:/opt/ros/galactic/opt/yaml_cpp_vendor/lib:/opt/ros/galactic/opt/rviz_ogre_vendor/lib:/opt/ros/galactic/lib/x86_64-linux-gnu:/opt/ros/galactic/lib /usr/bin/cmake --install /home/ryuzot/ros2_ws/build/main_executor
[7.743s] -- Install configuration: ""
[7.744s] -- Execute custom install script
[7.744s] -- Up-to-date symlink: /home/ryuzot/ros2_ws/install/main_executor/lib/main_executor/main_exec
[7.744s] -- Up-to-date symlink: /home/ryuzot/ros2_ws/install/main_executor/share/ament_index/resource_index/package_run_dependencies/main_executor
[7.745s] -- Up-to-date symlink: /home/ryuzot/ros2_ws/install/main_executor/share/ament_index/resource_index/parent_prefix_path/main_executor
[7.745s] -- Up-to-date symlink: /home/ryuzot/ros2_ws/install/main_executor/share/main_executor/environment/ament_prefix_path.sh
[7.745s] -- Up-to-date symlink: /home/ryuzot/ros2_ws/install/main_executor/share/main_executor/environment/ament_prefix_path.dsv
[7.745s] -- Up-to-date symlink: /home/ryuzot/ros2_ws/install/main_executor/share/main_executor/environment/path.sh
[7.745s] -- Up-to-date symlink: /home/ryuzot/ros2_ws/install/main_executor/share/main_executor/environment/path.dsv
[7.746s] -- Up-to-date symlink: /home/ryuzot/ros2_ws/install/main_executor/share/main_executor/local_setup.bash
[7.746s] -- Up-to-date symlink: /home/ryuzot/ros2_ws/install/main_executor/share/main_executor/local_setup.sh
[7.746s] -- Up-to-date symlink: /home/ryuzot/ros2_ws/install/main_executor/share/main_executor/local_setup.zsh
[7.746s] -- Up-to-date symlink: /home/ryuzot/ros2_ws/install/main_executor/share/main_executor/local_setup.dsv
[7.746s] -- Symlinking: /home/ryuzot/ros2_ws/install/main_executor/share/main_executor/package.dsv
[7.753s] -- Up-to-date symlink: /home/ryuzot/ros2_ws/install/main_executor/share/ament_index/resource_index/packages/main_executor
[7.753s] -- Up-to-date symlink: /home/ryuzot/ros2_ws/install/main_executor/share/main_executor/cmake/main_executorConfig.cmake
[7.753s] -- Up-to-date symlink: /home/ryuzot/ros2_ws/install/main_executor/share/main_executor/cmake/main_executorConfig-version.cmake
[7.753s] -- Up-to-date symlink: /home/ryuzot/ros2_ws/install/main_executor/share/main_executor/package.xml
[7.755s] Invoked command in '/home/ryuzot/ros2_ws/build/main_executor' returned '0': CMAKE_PREFIX_PATH=${CMAKE_PREFIX_PATH}:/opt/ros/galactic LD_LIBRARY_PATH=/home/ryuzot/ros2_ws/install/socketcan_interface_msg/lib:/home/ryuzot/ros2_ws/install/socketcan_interface/lib:/opt/ros/galactic/opt/yaml_cpp_vendor/lib:/opt/ros/galactic/opt/rviz_ogre_vendor/lib:/opt/ros/galactic/lib/x86_64-linux-gnu:/opt/ros/galactic/lib /usr/bin/cmake --install /home/ryuzot/ros2_ws/build/main_executor
