[0.159s] Invoking command in '/home/kazuma/ros2_ws_2/ros2_main/build/lidar_vel': AMENT_PREFIX_PATH=/home/kazuma/ros2_ws_2/ros2_main/install/csm:${AMENT_PREFIX_PATH} CMAKE_PREFIX_PATH=/home/kazuma/ros2_ws_2/ros2_main/install/csm:/home/kazuma/ros2_ws/install/tutorial_topic:/home/kazuma/ros2_ws/install/tutorial_package:/home/kazuma/ros2_ws/install/turtlebot3_simulations:/home/kazuma/ros2_ws/install/turtlebot3_gazebo:/home/kazuma/ros2_ws/install/turtlebot3_fake_node:/home/kazuma/ros2_ws/install/nav2_system_tests:/home/kazuma/ros2_ws/install/nav2_bringup:/home/kazuma/ros2_ws/install/navigation2:/home/kazuma/ros2_ws/install/smac_planner:/home/kazuma/ros2_ws/install/slam_toolbox:/home/kazuma/ros2_ws/install/nav2_dwb_controller:/home/kazuma/ros2_ws/install/nav2_controller:/home/kazuma/ros2_ws/install/dwb_plugins:/home/kazuma/ros2_ws/install/dwb_critics:/home/kazuma/ros2_ws/install/dwb_core:/home/kazuma/ros2_ws/install/nav_2d_utils:/home/kazuma/ros2_ws/install/dwb_msgs:/home/kazuma/ros2_ws/install/nav_2d_msgs:/home/kazuma/ros2_ws/install/nav2_waypoint_follower:/home/kazuma/ros2_ws/install/nav2_regulated_pure_pursuit_controller:/home/kazuma/ros2_ws/install/nav2_recoveries:/home/kazuma/ros2_ws/install/nav2_planner:/home/kazuma/ros2_ws/install/nav2_navfn_planner:/home/kazuma/ros2_ws/install/nav2_core:/home/kazuma/ros2_ws/install/costmap_queue:/home/kazuma/ros2_ws/install/nav2_costmap_2d:/home/kazuma/ros2_ws/install/nav2_voxel_grid:/home/kazuma/ros2_ws/install/nav2_rviz_plugins:/home/kazuma/ros2_ws/install/nav2_map_server:/home/kazuma/ros2_ws/install/nav2_lifecycle_manager:/home/kazuma/ros2_ws/install/nav2_bt_navigator:/home/kazuma/ros2_ws/install/nav2_behavior_tree:/home/kazuma/ros2_ws/install/nav2_amcl:/home/kazuma/ros2_ws/install/nav2_util:/home/kazuma/ros2_ws/install/nav2_common:/home/kazuma/ros2_ws_2/install/urg:/home/kazuma/ros2_ws_2/install/urdf_tutorial:/home/kazuma/ros2_ws_2/install/turtlebot3_msgs:/home/kazuma/ros2_ws_2/install/turtlebot3_gazebo:/home/kazuma/ros2_ws_2/install/turtlebot3_description:/home/kazuma/ros2_ws_2/install/turtlebot3_cartographer:/home/kazuma/ros2_ws_2/install/nav2_system_tests:/home/kazuma/ros2_ws_2/install/nav2_bringup:/home/kazuma/ros2_ws_2/install/navigation2:/home/kazuma/ros2_ws_2/install/smac_planner:/home/kazuma/ros2_ws_2/install/slam_toolbox:/home/kazuma/ros2_ws_2/install/send_goal_2:/home/kazuma/ros2_ws_2/install/send_goal:/home/kazuma/ros2_ws_2/install/nav2_dwb_controller:/home/kazuma/ros2_ws_2/install/nav2_controller:/home/kazuma/ros2_ws_2/install/dwb_plugins:/home/kazuma/ros2_ws_2/install/dwb_critics:/home/kazuma/ros2_ws_2/install/dwb_core:/home/kazuma/ros2_ws_2/install/nav_2d_utils:/home/kazuma/ros2_ws_2/install/dwb_msgs:/home/kazuma/ros2_ws_2/install/nav_2d_msgs:/home/kazuma/ros2_ws_2/install/nav2_waypoint_follower:/home/kazuma/ros2_ws_2/install/nav2_regulated_pure_pursuit_controller:/home/kazuma/ros2_ws_2/install/nav2_recoveries:/home/kazuma/ros2_ws_2/install/nav2_planner:/home/kazuma/ros2_ws_2/install/nav2_navfn_planner:/home/kazuma/ros2_ws_2/install/nav2_core:/home/kazuma/ros2_ws_2/install/costmap_queue:/home/kazuma/ros2_ws_2/install/nav2_costmap_2d:/home/kazuma/ros2_ws_2/install/nav2_voxel_grid:/home/kazuma/ros2_ws_2/install/nav2_rviz_plugins:/home/kazuma/ros2_ws_2/install/nav2_map_server:/home/kazuma/ros2_ws_2/install/nav2_lifecycle_manager:/home/kazuma/ros2_ws_2/install/nav2_bt_navigator:/home/kazuma/ros2_ws_2/install/nav2_behavior_tree:/home/kazuma/ros2_ws_2/install/nav2_amcl:/home/kazuma/ros2_ws_2/install/nav2_util:/home/kazuma/ros2_ws_2/install/nav2_msgs:/home/kazuma/ros2_ws_2/install/nav2_common:/home/kazuma/ros2_ws_2/install/dynamixel_sdk_examples:/home/kazuma/ros2_ws_2/install/dynamixel_sdk_custom_interfaces:/home/kazuma/ros2_ws_2/install/dynamixel_sdk:/home/kazuma/ros2_ws/install/nav2_msgs:/home/kazuma/ros2_ws/install/nav2_gazebo_spawner:/home/kazuma/ros2_ws_2/install/turtlebot3_teleop:/home/kazuma/ros2_ws_2/install/turtlebot3_example:/home/kazuma/ros2_ws_2/install/nav2_gazebo_spawner:/opt/ros/foxy LD_LIBRARY_PATH=/home/kazuma/ros2_ws_2/ros2_main/install/csm/lib:${LD_LIBRARY_PATH} /usr/bin/cmake --build /home/kazuma/ros2_ws_2/ros2_main/build/lidar_vel -- -j8 -l8
[0.223s] [35m[1mScanning dependencies of target lidar_vel[0m
[0.271s] [ 50%] [32mBuilding CXX object CMakeFiles/lidar_vel.dir/src/lidar_vel.cpp.o[0m
[4.026s] In file included from [01m[K/home/kazuma/ros2_ws_2/ros2_main/src/lidar_vel/src/lidar_vel.cpp:1[m[K:
[4.026s] [01m[K/home/kazuma/ros2_ws_2/ros2_main/src/lidar_vel/include/lidar_vel/lidar_vel.h:20:1:[m[K [01;31m[Kerror: [m[Kexpected ‘[01m[K{[m[K’ before ‘[01m[Kclass[m[K’
[4.026s]    20 | [01;31m[Kclass[m[K LidarVel: public rclcpp::Node
[4.026s]       | [01;31m[K^~~~~[m[K
[4.072s] [01m[K/home/kazuma/ros2_ws_2/ros2_main/src/lidar_vel/include/lidar_vel/lidar_vel.h:91:1:[m[K [01;31m[Kerror: [m[Kexpected declaration before ‘[01m[K}[m[K’ token
[4.073s]    91 | [01;31m[K}[m[K  // namespace lidar_vel
[4.073s]       | [01;31m[K^[m[K
[4.073s] [01m[K/home/kazuma/ros2_ws_2/ros2_main/src/lidar_vel/src/lidar_vel.cpp:11:19:[m[K [01;31m[Kerror: [m[Kdefinition of ‘[01m[Kvoid LidarVel::add_parameter(const string&, const rclcpp::ParameterValue&, const string&, const string&, bool)[m[K’ is not in namespace enclosing ‘[01m[KLidarVel[m[K’ [[01;31m[K-fpermissive[m[K]
[4.073s]    11 |     bool read_only[01;31m[K)[m[K
[4.074s]       |                   [01;31m[K^[m[K
[4.074s] [01m[K/home/kazuma/ros2_ws_2/ros2_main/src/lidar_vel/src/lidar_vel.cpp:24:20:[m[K [01;31m[Kerror: [m[Kdefinition of ‘[01m[KLidarVel::LidarVel()[m[K’ is not in namespace enclosing ‘[01m[KLidarVel[m[K’ [[01;31m[K-fpermissive[m[K]
[4.074s]    24 | LidarVel::LidarVel([01;31m[K)[m[K : Node("lidar_vel"), initialized_(false)
[4.074s]       |                    [01;31m[K^[m[K
[4.097s] [01m[K/home/kazuma/ros2_ws_2/ros2_main/src/lidar_vel/src/lidar_vel.cpp:[m[K In constructor ‘[01m[KLidarVel::LidarVel()[m[K’:
[4.097s] [01m[K/home/kazuma/ros2_ws_2/ros2_main/src/lidar_vel/src/lidar_vel.cpp:206:70:[m[K [01;31m[Kerror: [m[K‘[01m[Klidar_vel[m[K’ was not declared in this scope; did you mean ‘[01m[KLidarVel[m[K’?
[4.097s]   206 |   vel_publisher_ = this->create_publisher<geometry_msgs::msg::Twist>([01;31m[Klidar_vel[m[K, rclcpp::SystemDefaultsQoS());
[4.097s]       |                                                                      [01;31m[K^~~~~~~~~[m[K
[4.097s]       |                                                                      [32m[KLidarVel[m[K
[4.115s] [01m[K/home/kazuma/ros2_ws_2/ros2_main/src/lidar_vel/src/lidar_vel.cpp:[m[K At global scope:
[4.115s] [01m[K/home/kazuma/ros2_ws_2/ros2_main/src/lidar_vel/src/lidar_vel.cpp:402:3:[m[K [01;31m[Kerror: [m[Kexpected unqualified-id before ‘[01m[Kif[m[K’
[4.115s]   402 |   [01;31m[Kif[m[K (publish_tf_)
[4.115s]       |   [01;31m[K^~[m[K
[4.116s] [01m[K/home/kazuma/ros2_ws_2/ros2_main/src/lidar_vel/src/lidar_vel.cpp:421:3:[m[K [01;31m[Kerror: [m[Kexpected unqualified-id before ‘[01m[Kif[m[K’
[4.116s]   421 |   [01;31m[Kif[m[K (newKeyframeNeeded(corr_ch))
[4.116s]       |   [01;31m[K^~[m[K
[4.116s] [01m[K/home/kazuma/ros2_ws_2/ros2_main/src/lidar_vel/src/lidar_vel.cpp:429:3:[m[K [01;31m[Kerror: [m[Kexpected unqualified-id before ‘[01m[Kelse[m[K’
[4.116s]   429 |   [01;31m[Kelse[m[K
[4.116s]       |   [01;31m[K^~~~[m[K
[4.122s] [01m[K/home/kazuma/ros2_ws_2/ros2_main/src/lidar_vel/src/lidar_vel.cpp:434:3:[m[K [01;31m[Kerror: [m[K‘[01m[Klast_icp_time_[m[K’ does not name a type
[4.123s]   434 |   [01;31m[Klast_icp_time_[m[K = now();
[4.123s]       |   [01;31m[K^~~~~~~~~~~~~~[m[K
[4.123s] [01m[K/home/kazuma/ros2_ws_2/ros2_main/src/lidar_vel/src/lidar_vel.cpp:435:3:[m[K [01;31m[Kerror: [m[Kexpected unqualified-id before ‘[01m[Kreturn[m[K’
[4.123s]   435 |   [01;31m[Kreturn[m[K true;
[4.124s]       |   [01;31m[K^~~~~~[m[K
[4.124s] [01m[K/home/kazuma/ros2_ws_2/ros2_main/src/lidar_vel/src/lidar_vel.cpp:436:1:[m[K [01;31m[Kerror: [m[Kexpected declaration before ‘[01m[K}[m[K’ token
[4.124s]   436 | [01;31m[K}[m[K
[4.125s]       | [01;31m[K^[m[K
[4.125s] [01m[K/home/kazuma/ros2_ws_2/ros2_main/src/lidar_vel/src/lidar_vel.cpp:495:1:[m[K [01;31m[Kerror: [m[Kexpected declaration before ‘[01m[K}[m[K’ token
[4.125s]   495 | [01;31m[K}[m[K  // namespace lidar_vel
[4.125s]       | [01;31m[K^[m[K
[6.765s] [01m[K/home/kazuma/ros2_ws_2/ros2_main/src/lidar_vel/src/lidar_vel.cpp:[m[K In member function ‘[01m[Kbool LidarVel::processScan(laser_data*&, const rclcpp::Time&)[m[K’:
[6.766s] [01m[K/home/kazuma/ros2_ws_2/ros2_main/src/lidar_vel/src/lidar_vel.cpp:399:3:[m[K [01;35m[Kwarning: [m[Kcontrol reaches end of non-void function [[01;35m[K-Wreturn-type[m[K]
[6.766s]   399 |   [01;35m[K}[m[K
[6.766s]       |   [01;35m[K^[m[K
[6.811s] make[2]: *** [CMakeFiles/lidar_vel.dir/build.make:63: CMakeFiles/lidar_vel.dir/src/lidar_vel.cpp.o] Error 1
[6.811s] make[1]: *** [CMakeFiles/Makefile2:78: CMakeFiles/lidar_vel.dir/all] Error 2
[6.812s] make: *** [Makefile:141: all] Error 2
[6.814s] Invoked command in '/home/kazuma/ros2_ws_2/ros2_main/build/lidar_vel' returned '2': AMENT_PREFIX_PATH=/home/kazuma/ros2_ws_2/ros2_main/install/csm:${AMENT_PREFIX_PATH} CMAKE_PREFIX_PATH=/home/kazuma/ros2_ws_2/ros2_main/install/csm:/home/kazuma/ros2_ws/install/tutorial_topic:/home/kazuma/ros2_ws/install/tutorial_package:/home/kazuma/ros2_ws/install/turtlebot3_simulations:/home/kazuma/ros2_ws/install/turtlebot3_gazebo:/home/kazuma/ros2_ws/install/turtlebot3_fake_node:/home/kazuma/ros2_ws/install/nav2_system_tests:/home/kazuma/ros2_ws/install/nav2_bringup:/home/kazuma/ros2_ws/install/navigation2:/home/kazuma/ros2_ws/install/smac_planner:/home/kazuma/ros2_ws/install/slam_toolbox:/home/kazuma/ros2_ws/install/nav2_dwb_controller:/home/kazuma/ros2_ws/install/nav2_controller:/home/kazuma/ros2_ws/install/dwb_plugins:/home/kazuma/ros2_ws/install/dwb_critics:/home/kazuma/ros2_ws/install/dwb_core:/home/kazuma/ros2_ws/install/nav_2d_utils:/home/kazuma/ros2_ws/install/dwb_msgs:/home/kazuma/ros2_ws/install/nav_2d_msgs:/home/kazuma/ros2_ws/install/nav2_waypoint_follower:/home/kazuma/ros2_ws/install/nav2_regulated_pure_pursuit_controller:/home/kazuma/ros2_ws/install/nav2_recoveries:/home/kazuma/ros2_ws/install/nav2_planner:/home/kazuma/ros2_ws/install/nav2_navfn_planner:/home/kazuma/ros2_ws/install/nav2_core:/home/kazuma/ros2_ws/install/costmap_queue:/home/kazuma/ros2_ws/install/nav2_costmap_2d:/home/kazuma/ros2_ws/install/nav2_voxel_grid:/home/kazuma/ros2_ws/install/nav2_rviz_plugins:/home/kazuma/ros2_ws/install/nav2_map_server:/home/kazuma/ros2_ws/install/nav2_lifecycle_manager:/home/kazuma/ros2_ws/install/nav2_bt_navigator:/home/kazuma/ros2_ws/install/nav2_behavior_tree:/home/kazuma/ros2_ws/install/nav2_amcl:/home/kazuma/ros2_ws/install/nav2_util:/home/kazuma/ros2_ws/install/nav2_common:/home/kazuma/ros2_ws_2/install/urg:/home/kazuma/ros2_ws_2/install/urdf_tutorial:/home/kazuma/ros2_ws_2/install/turtlebot3_msgs:/home/kazuma/ros2_ws_2/install/turtlebot3_gazebo:/home/kazuma/ros2_ws_2/install/turtlebot3_description:/home/kazuma/ros2_ws_2/install/turtlebot3_cartographer:/home/kazuma/ros2_ws_2/install/nav2_system_tests:/home/kazuma/ros2_ws_2/install/nav2_bringup:/home/kazuma/ros2_ws_2/install/navigation2:/home/kazuma/ros2_ws_2/install/smac_planner:/home/kazuma/ros2_ws_2/install/slam_toolbox:/home/kazuma/ros2_ws_2/install/send_goal_2:/home/kazuma/ros2_ws_2/install/send_goal:/home/kazuma/ros2_ws_2/install/nav2_dwb_controller:/home/kazuma/ros2_ws_2/install/nav2_controller:/home/kazuma/ros2_ws_2/install/dwb_plugins:/home/kazuma/ros2_ws_2/install/dwb_critics:/home/kazuma/ros2_ws_2/install/dwb_core:/home/kazuma/ros2_ws_2/install/nav_2d_utils:/home/kazuma/ros2_ws_2/install/dwb_msgs:/home/kazuma/ros2_ws_2/install/nav_2d_msgs:/home/kazuma/ros2_ws_2/install/nav2_waypoint_follower:/home/kazuma/ros2_ws_2/install/nav2_regulated_pure_pursuit_controller:/home/kazuma/ros2_ws_2/install/nav2_recoveries:/home/kazuma/ros2_ws_2/install/nav2_planner:/home/kazuma/ros2_ws_2/install/nav2_navfn_planner:/home/kazuma/ros2_ws_2/install/nav2_core:/home/kazuma/ros2_ws_2/install/costmap_queue:/home/kazuma/ros2_ws_2/install/nav2_costmap_2d:/home/kazuma/ros2_ws_2/install/nav2_voxel_grid:/home/kazuma/ros2_ws_2/install/nav2_rviz_plugins:/home/kazuma/ros2_ws_2/install/nav2_map_server:/home/kazuma/ros2_ws_2/install/nav2_lifecycle_manager:/home/kazuma/ros2_ws_2/install/nav2_bt_navigator:/home/kazuma/ros2_ws_2/install/nav2_behavior_tree:/home/kazuma/ros2_ws_2/install/nav2_amcl:/home/kazuma/ros2_ws_2/install/nav2_util:/home/kazuma/ros2_ws_2/install/nav2_msgs:/home/kazuma/ros2_ws_2/install/nav2_common:/home/kazuma/ros2_ws_2/install/dynamixel_sdk_examples:/home/kazuma/ros2_ws_2/install/dynamixel_sdk_custom_interfaces:/home/kazuma/ros2_ws_2/install/dynamixel_sdk:/home/kazuma/ros2_ws/install/nav2_msgs:/home/kazuma/ros2_ws/install/nav2_gazebo_spawner:/home/kazuma/ros2_ws_2/install/turtlebot3_teleop:/home/kazuma/ros2_ws_2/install/turtlebot3_example:/home/kazuma/ros2_ws_2/install/nav2_gazebo_spawner:/opt/ros/foxy LD_LIBRARY_PATH=/home/kazuma/ros2_ws_2/ros2_main/install/csm/lib:${LD_LIBRARY_PATH} /usr/bin/cmake --build /home/kazuma/ros2_ws_2/ros2_main/build/lidar_vel -- -j8 -l8
