[0.285s] Invoking command in '/home/ryuzot/ros2_ws/build/main_executor': AMENT_PREFIX_PATH=/home/ryuzot/ros2_ws/install/socketcan_interface:${AMENT_PREFIX_PATH} CMAKE_PREFIX_PATH=/home/ryuzot/ros2_ws/install/socketcan_interface:/home/ryuzot/ros2_ws/install/socketcan_interface_msg:/home/ryuzot/ros2_ws/install/main_executor:/opt/ros/galactic LD_LIBRARY_PATH=/home/ryuzot/ros2_ws/install/socketcan_interface/lib:${LD_LIBRARY_PATH} /usr/bin/cmake --build /home/ryuzot/ros2_ws/build/main_executor -- -j24 -l24
[0.291s] 
[0.291s] [0/1] Re-running CMake...[K
[0.302s] -- Found rclcpp: 9.2.0 (/opt/ros/galactic/share/rclcpp/cmake)
[0.318s] -- Using PYTHON_EXECUTABLE: /usr/bin/python3
[0.579s] -- Using all available rosidl_typesupport_c: rosidl_typesupport_fastrtps_c;rosidl_typesupport_introspection_c
[0.582s] -- Found rosidl_adapter: 2.2.1 (/opt/ros/galactic/share/rosidl_adapter/cmake)
[6.420s] -- Using all available rosidl_typesupport_cpp: rosidl_typesupport_fastrtps_cpp;rosidl_typesupport_introspection_cpp
[6.462s] -- Found rmw_implementation_cmake: 3.3.1 (/opt/ros/galactic/share/rmw_implementation_cmake/cmake)
[6.463s] -- Found rmw_cyclonedds_cpp: 0.22.4 (/opt/ros/galactic/share/rmw_cyclonedds_cpp/cmake)
[6.478s] -- Using RMW implementation 'rmw_cyclonedds_cpp' as default
[6.593s] -- Found socketcan_interface: 0.0.0 (/home/ryuzot/ros2_ws/install/socketcan_interface/share/socketcan_interface/cmake)
[6.602s] -- Found ament_lint_auto: 0.10.6 (/opt/ros/galactic/share/ament_lint_auto/cmake)
[6.647s] -- Added test 'copyright' to check source files copyright and LICENSE
[6.648s] -- Added test 'cppcheck' to perform static code analysis on C / C++ code
[6.648s] -- Configured cppcheck include dirs: $<BUILD_INTERFACE:/home/ryuzot/ros2_ws/src/main_executor/include>
[6.648s] -- Configured cppcheck exclude dirs and/or files: 
[6.648s] -- Added test 'cpplint' to check C / C++ code against the Google style
[6.648s] -- Configured cpplint exclude dirs and/or files: 
[6.649s] -- Added test 'lint_cmake' to check CMake code style
[6.649s] -- Added test 'uncrustify' to check C / C++ code style
[6.649s] -- Configured uncrustify additional arguments: 
[6.649s] -- Added test 'xmllint' to check XML markup files
[6.651s] -- Configuring done
[6.655s] -- Generating done
[6.656s] -- Build files have been written to: /home/ryuzot/ros2_ws/build/main_executor
[6.664s] ninja: no work to do.
[6.666s] Invoked command in '/home/ryuzot/ros2_ws/build/main_executor' returned '0': AMENT_PREFIX_PATH=/home/ryuzot/ros2_ws/install/socketcan_interface:${AMENT_PREFIX_PATH} CMAKE_PREFIX_PATH=/home/ryuzot/ros2_ws/install/socketcan_interface:/home/ryuzot/ros2_ws/install/socketcan_interface_msg:/home/ryuzot/ros2_ws/install/main_executor:/opt/ros/galactic LD_LIBRARY_PATH=/home/ryuzot/ros2_ws/install/socketcan_interface/lib:${LD_LIBRARY_PATH} /usr/bin/cmake --build /home/ryuzot/ros2_ws/build/main_executor -- -j24 -l24
[6.680s] Invoking command in '/home/ryuzot/ros2_ws/build/main_executor': AMENT_PREFIX_PATH=/home/ryuzot/ros2_ws/install/socketcan_interface:${AMENT_PREFIX_PATH} CMAKE_PREFIX_PATH=/home/ryuzot/ros2_ws/install/socketcan_interface:/home/ryuzot/ros2_ws/install/socketcan_interface_msg:/home/ryuzot/ros2_ws/install/main_executor:/opt/ros/galactic LD_LIBRARY_PATH=/home/ryuzot/ros2_ws/install/socketcan_interface/lib:${LD_LIBRARY_PATH} /usr/bin/cmake --install /home/ryuzot/ros2_ws/build/main_executor
[6.685s] -- Install configuration: ""
[6.685s] -- Up-to-date: /home/ryuzot/ros2_ws/install/main_executor/lib/main_executor/main_exec
[6.685s] -- Installing: /home/ryuzot/ros2_ws/install/main_executor/share/ament_index/resource_index/package_run_dependencies/main_executor
[6.685s] -- Installing: /home/ryuzot/ros2_ws/install/main_executor/share/ament_index/resource_index/parent_prefix_path/main_executor
[6.686s] -- Up-to-date: /home/ryuzot/ros2_ws/install/main_executor/share/main_executor/environment/ament_prefix_path.sh
[6.686s] -- Installing: /home/ryuzot/ros2_ws/install/main_executor/share/main_executor/environment/ament_prefix_path.dsv
[6.686s] -- Up-to-date: /home/ryuzot/ros2_ws/install/main_executor/share/main_executor/environment/path.sh
[6.686s] -- Installing: /home/ryuzot/ros2_ws/install/main_executor/share/main_executor/environment/path.dsv
[6.686s] -- Up-to-date: /home/ryuzot/ros2_ws/install/main_executor/share/main_executor/local_setup.bash
[6.687s] -- Up-to-date: /home/ryuzot/ros2_ws/install/main_executor/share/main_executor/local_setup.sh
[6.687s] -- Up-to-date: /home/ryuzot/ros2_ws/install/main_executor/share/main_executor/local_setup.zsh
[6.687s] -- Installing: /home/ryuzot/ros2_ws/install/main_executor/share/main_executor/local_setup.dsv
[6.687s] -- Installing: /home/ryuzot/ros2_ws/install/main_executor/share/main_executor/package.dsv
[6.687s] -- Up-to-date: /home/ryuzot/ros2_ws/install/main_executor/share/ament_index/resource_index/packages/main_executor
[6.688s] -- Up-to-date: /home/ryuzot/ros2_ws/install/main_executor/share/main_executor/cmake/main_executorConfig.cmake
[6.688s] -- Up-to-date: /home/ryuzot/ros2_ws/install/main_executor/share/main_executor/cmake/main_executorConfig-version.cmake
[6.688s] -- Installing: /home/ryuzot/ros2_ws/install/main_executor/share/main_executor/package.xml
[6.693s] Invoked command in '/home/ryuzot/ros2_ws/build/main_executor' returned '0': AMENT_PREFIX_PATH=/home/ryuzot/ros2_ws/install/socketcan_interface:${AMENT_PREFIX_PATH} CMAKE_PREFIX_PATH=/home/ryuzot/ros2_ws/install/socketcan_interface:/home/ryuzot/ros2_ws/install/socketcan_interface_msg:/home/ryuzot/ros2_ws/install/main_executor:/opt/ros/galactic LD_LIBRARY_PATH=/home/ryuzot/ros2_ws/install/socketcan_interface/lib:${LD_LIBRARY_PATH} /usr/bin/cmake --install /home/ryuzot/ros2_ws/build/main_executor
