[0.255s] DEBUG:colcon:Command line arguments: ['/usr/bin/colcon', 'build', '--packages-select', 'ros2_laser_scan_matcher']
[0.255s] DEBUG:colcon:Parsed command line arguments: Namespace(allow_overriding=[], ament_cmake_args=None, base_paths=['.'], build_base='build', catkin_cmake_args=None, catkin_skip_building_tests=False, cmake_args=None, cmake_clean_cache=False, cmake_clean_first=False, cmake_force_configure=False, cmake_target=None, cmake_target_skip_unavailable=False, continue_on_error=False, event_handlers=None, executor='parallel', ignore_user_meta=False, install_base='install', log_base=None, log_level=None, main=<bound method BuildVerb.main of <colcon_core.verb.build.BuildVerb object at 0x7f31e5f6d6a0>>, merge_install=False, metas=['./colcon.meta'], packages_above=None, packages_above_and_dependencies=None, packages_above_depth=None, packages_end=None, packages_ignore=None, packages_ignore_regex=None, packages_select=['ros2_laser_scan_matcher'], packages_select_build_failed=False, packages_select_by_dep=None, packages_select_regex=None, packages_select_test_failures=False, packages_skip=None, packages_skip_build_finished=False, packages_skip_by_dep=None, packages_skip_regex=None, packages_skip_test_passed=False, packages_skip_up_to=None, packages_start=None, packages_up_to=None, packages_up_to_regex=None, parallel_workers=8, paths=None, symlink_install=False, test_result_base=None, verb_extension=<colcon_core.verb.build.BuildVerb object at 0x7f31e5f6d6a0>, verb_name='build', verb_parser=<colcon_defaults.argument_parser.defaults.DefaultArgumentsDecorator object at 0x7f31e5f6dbe0>)
[0.259s] Level 1:colcon.colcon_core.package_discovery:discover_packages(colcon_meta) check parameters
[0.259s] Level 1:colcon.colcon_core.package_discovery:discover_packages(recursive) check parameters
[0.259s] Level 1:colcon.colcon_core.package_discovery:discover_packages(ignore) check parameters
[0.259s] Level 1:colcon.colcon_core.package_discovery:discover_packages(path) check parameters
[0.259s] Level 1:colcon.colcon_core.package_discovery:discover_packages(colcon_meta) discover
[0.259s] Level 1:colcon.colcon_core.package_discovery:discover_packages(recursive) discover
[0.259s] INFO:colcon.colcon_core.package_discovery:Crawling recursively for packages in '/home/kazuma/ros2_ws_2/ros2_main'
[0.260s] Level 1:colcon.colcon_core.package_identification:_identify(.) by extensions ['ignore', 'ignore_ament_install']
[0.260s] Level 1:colcon.colcon_core.package_identification:_identify(.) by extension 'ignore'
[0.260s] Level 1:colcon.colcon_core.package_identification:_identify(.) by extension 'ignore_ament_install'
[0.260s] Level 1:colcon.colcon_core.package_identification:_identify(.) by extensions ['colcon_pkg']
[0.260s] Level 1:colcon.colcon_core.package_identification:_identify(.) by extension 'colcon_pkg'
[0.260s] Level 1:colcon.colcon_core.package_identification:_identify(.) by extensions ['colcon_meta']
[0.261s] Level 1:colcon.colcon_core.package_identification:_identify(.) by extension 'colcon_meta'
[0.261s] Level 1:colcon.colcon_core.package_identification:_identify(.) by extensions ['ros']
[0.261s] Level 1:colcon.colcon_core.package_identification:_identify(.) by extension 'ros'
[0.272s] Level 1:colcon.colcon_core.package_identification:_identify(.) by extensions ['cmake', 'python']
[0.272s] Level 1:colcon.colcon_core.package_identification:_identify(.) by extension 'cmake'
[0.272s] Level 1:colcon.colcon_core.package_identification:_identify(.) by extension 'python'
[0.272s] Level 1:colcon.colcon_core.package_identification:_identify(.) by extensions ['python_setup_py']
[0.273s] Level 1:colcon.colcon_core.package_identification:_identify(.) by extension 'python_setup_py'
[0.273s] Level 1:colcon.colcon_core.package_identification:_identify(build) by extensions ['ignore', 'ignore_ament_install']
[0.273s] Level 1:colcon.colcon_core.package_identification:_identify(build) by extension 'ignore'
[0.273s] Level 1:colcon.colcon_core.package_identification:_identify(build) ignored
[0.273s] Level 1:colcon.colcon_core.package_identification:_identify(install) by extensions ['ignore', 'ignore_ament_install']
[0.273s] Level 1:colcon.colcon_core.package_identification:_identify(install) by extension 'ignore'
[0.273s] Level 1:colcon.colcon_core.package_identification:_identify(install) ignored
[0.274s] Level 1:colcon.colcon_core.package_identification:_identify(log) by extensions ['ignore', 'ignore_ament_install']
[0.274s] Level 1:colcon.colcon_core.package_identification:_identify(log) by extension 'ignore'
[0.274s] Level 1:colcon.colcon_core.package_identification:_identify(log) ignored
[0.274s] Level 1:colcon.colcon_core.package_identification:_identify(src) by extensions ['ignore', 'ignore_ament_install']
[0.274s] Level 1:colcon.colcon_core.package_identification:_identify(src) by extension 'ignore'
[0.274s] Level 1:colcon.colcon_core.package_identification:_identify(src) by extension 'ignore_ament_install'
[0.274s] Level 1:colcon.colcon_core.package_identification:_identify(src) by extensions ['colcon_pkg']
[0.274s] Level 1:colcon.colcon_core.package_identification:_identify(src) by extension 'colcon_pkg'
[0.274s] Level 1:colcon.colcon_core.package_identification:_identify(src) by extensions ['colcon_meta']
[0.275s] Level 1:colcon.colcon_core.package_identification:_identify(src) by extension 'colcon_meta'
[0.275s] Level 1:colcon.colcon_core.package_identification:_identify(src) by extensions ['ros']
[0.275s] Level 1:colcon.colcon_core.package_identification:_identify(src) by extension 'ros'
[0.275s] Level 1:colcon.colcon_core.package_identification:_identify(src) by extensions ['cmake', 'python']
[0.275s] Level 1:colcon.colcon_core.package_identification:_identify(src) by extension 'cmake'
[0.275s] Level 1:colcon.colcon_core.package_identification:_identify(src) by extension 'python'
[0.275s] Level 1:colcon.colcon_core.package_identification:_identify(src) by extensions ['python_setup_py']
[0.275s] Level 1:colcon.colcon_core.package_identification:_identify(src) by extension 'python_setup_py'
[0.276s] Level 1:colcon.colcon_core.package_identification:_identify(src/bno055_io) by extensions ['ignore', 'ignore_ament_install']
[0.276s] Level 1:colcon.colcon_core.package_identification:_identify(src/bno055_io) by extension 'ignore'
[0.276s] Level 1:colcon.colcon_core.package_identification:_identify(src/bno055_io) by extension 'ignore_ament_install'
[0.276s] Level 1:colcon.colcon_core.package_identification:_identify(src/bno055_io) by extensions ['colcon_pkg']
[0.276s] Level 1:colcon.colcon_core.package_identification:_identify(src/bno055_io) by extension 'colcon_pkg'
[0.276s] Level 1:colcon.colcon_core.package_identification:_identify(src/bno055_io) by extensions ['colcon_meta']
[0.276s] Level 1:colcon.colcon_core.package_identification:_identify(src/bno055_io) by extension 'colcon_meta'
[0.276s] Level 1:colcon.colcon_core.package_identification:_identify(src/bno055_io) by extensions ['ros']
[0.276s] Level 1:colcon.colcon_core.package_identification:_identify(src/bno055_io) by extension 'ros'
[0.279s] DEBUG:colcon.colcon_core.package_identification:Package 'src/bno055_io' with type 'ros.ament_cmake' and name 'bno055_io'
[0.279s] Level 1:colcon.colcon_core.package_identification:_identify(src/csm) by extensions ['ignore', 'ignore_ament_install']
[0.279s] Level 1:colcon.colcon_core.package_identification:_identify(src/csm) by extension 'ignore'
[0.279s] Level 1:colcon.colcon_core.package_identification:_identify(src/csm) by extension 'ignore_ament_install'
[0.279s] Level 1:colcon.colcon_core.package_identification:_identify(src/csm) by extensions ['colcon_pkg']
[0.279s] Level 1:colcon.colcon_core.package_identification:_identify(src/csm) by extension 'colcon_pkg'
[0.280s] Level 1:colcon.colcon_core.package_identification:_identify(src/csm) by extensions ['colcon_meta']
[0.280s] Level 1:colcon.colcon_core.package_identification:_identify(src/csm) by extension 'colcon_meta'
[0.280s] Level 1:colcon.colcon_core.package_identification:_identify(src/csm) by extensions ['ros']
[0.280s] Level 1:colcon.colcon_core.package_identification:_identify(src/csm) by extension 'ros'
[0.280s] DEBUG:colcon.colcon_core.package_identification:Package 'src/csm' with type 'ros.ament_cmake' and name 'csm'
[0.280s] Level 1:colcon.colcon_core.package_identification:_identify(src/lidar_vel) by extensions ['ignore', 'ignore_ament_install']
[0.281s] Level 1:colcon.colcon_core.package_identification:_identify(src/lidar_vel) by extension 'ignore'
[0.281s] Level 1:colcon.colcon_core.package_identification:_identify(src/lidar_vel) by extension 'ignore_ament_install'
[0.281s] Level 1:colcon.colcon_core.package_identification:_identify(src/lidar_vel) by extensions ['colcon_pkg']
[0.281s] Level 1:colcon.colcon_core.package_identification:_identify(src/lidar_vel) by extension 'colcon_pkg'
[0.281s] Level 1:colcon.colcon_core.package_identification:_identify(src/lidar_vel) by extensions ['colcon_meta']
[0.281s] Level 1:colcon.colcon_core.package_identification:_identify(src/lidar_vel) by extension 'colcon_meta'
[0.281s] Level 1:colcon.colcon_core.package_identification:_identify(src/lidar_vel) by extensions ['ros']
[0.281s] Level 1:colcon.colcon_core.package_identification:_identify(src/lidar_vel) by extension 'ros'
[0.282s] DEBUG:colcon.colcon_core.package_identification:Package 'src/lidar_vel' with type 'ros.ament_cmake' and name 'lidar_vel'
[0.283s] Level 1:colcon.colcon_core.package_identification:_identify(src/main_executor) by extensions ['ignore', 'ignore_ament_install']
[0.283s] Level 1:colcon.colcon_core.package_identification:_identify(src/main_executor) by extension 'ignore'
[0.283s] Level 1:colcon.colcon_core.package_identification:_identify(src/main_executor) by extension 'ignore_ament_install'
[0.283s] Level 1:colcon.colcon_core.package_identification:_identify(src/main_executor) by extensions ['colcon_pkg']
[0.283s] Level 1:colcon.colcon_core.package_identification:_identify(src/main_executor) by extension 'colcon_pkg'
[0.283s] Level 1:colcon.colcon_core.package_identification:_identify(src/main_executor) by extensions ['colcon_meta']
[0.283s] Level 1:colcon.colcon_core.package_identification:_identify(src/main_executor) by extension 'colcon_meta'
[0.283s] Level 1:colcon.colcon_core.package_identification:_identify(src/main_executor) by extensions ['ros']
[0.283s] Level 1:colcon.colcon_core.package_identification:_identify(src/main_executor) by extension 'ros'
[0.284s] DEBUG:colcon.colcon_core.package_identification:Package 'src/main_executor' with type 'ros.ament_cmake' and name 'main_executor'
[0.284s] Level 1:colcon.colcon_core.package_identification:_identify(src/ros2_laser_scan_matcher) by extensions ['ignore', 'ignore_ament_install']
[0.284s] Level 1:colcon.colcon_core.package_identification:_identify(src/ros2_laser_scan_matcher) by extension 'ignore'
[0.284s] Level 1:colcon.colcon_core.package_identification:_identify(src/ros2_laser_scan_matcher) by extension 'ignore_ament_install'
[0.284s] Level 1:colcon.colcon_core.package_identification:_identify(src/ros2_laser_scan_matcher) by extensions ['colcon_pkg']
[0.284s] Level 1:colcon.colcon_core.package_identification:_identify(src/ros2_laser_scan_matcher) by extension 'colcon_pkg'
[0.285s] Level 1:colcon.colcon_core.package_identification:_identify(src/ros2_laser_scan_matcher) by extensions ['colcon_meta']
[0.285s] Level 1:colcon.colcon_core.package_identification:_identify(src/ros2_laser_scan_matcher) by extension 'colcon_meta'
[0.285s] Level 1:colcon.colcon_core.package_identification:_identify(src/ros2_laser_scan_matcher) by extensions ['ros']
[0.285s] Level 1:colcon.colcon_core.package_identification:_identify(src/ros2_laser_scan_matcher) by extension 'ros'
[0.286s] DEBUG:colcon.colcon_core.package_identification:Package 'src/ros2_laser_scan_matcher' with type 'ros.ament_cmake' and name 'ros2_laser_scan_matcher'
[0.286s] Level 1:colcon.colcon_core.package_identification:_identify(src/slam_toolbox) by extensions ['ignore', 'ignore_ament_install']
[0.286s] Level 1:colcon.colcon_core.package_identification:_identify(src/slam_toolbox) by extension 'ignore'
[0.286s] Level 1:colcon.colcon_core.package_identification:_identify(src/slam_toolbox) by extension 'ignore_ament_install'
[0.286s] Level 1:colcon.colcon_core.package_identification:_identify(src/slam_toolbox) by extensions ['colcon_pkg']
[0.286s] Level 1:colcon.colcon_core.package_identification:_identify(src/slam_toolbox) by extension 'colcon_pkg'
[0.286s] Level 1:colcon.colcon_core.package_identification:_identify(src/slam_toolbox) by extensions ['colcon_meta']
[0.286s] Level 1:colcon.colcon_core.package_identification:_identify(src/slam_toolbox) by extension 'colcon_meta'
[0.286s] Level 1:colcon.colcon_core.package_identification:_identify(src/slam_toolbox) by extensions ['ros']
[0.286s] Level 1:colcon.colcon_core.package_identification:_identify(src/slam_toolbox) by extension 'ros'
[0.288s] DEBUG:colcon.colcon_core.package_identification:Package 'src/slam_toolbox' with type 'ros.ament_cmake' and name 'slam_toolbox'
[0.288s] Level 1:colcon.colcon_core.package_identification:_identify(src/socketcan_interface) by extensions ['ignore', 'ignore_ament_install']
[0.288s] Level 1:colcon.colcon_core.package_identification:_identify(src/socketcan_interface) by extension 'ignore'
[0.288s] Level 1:colcon.colcon_core.package_identification:_identify(src/socketcan_interface) by extension 'ignore_ament_install'
[0.289s] Level 1:colcon.colcon_core.package_identification:_identify(src/socketcan_interface) by extensions ['colcon_pkg']
[0.289s] Level 1:colcon.colcon_core.package_identification:_identify(src/socketcan_interface) by extension 'colcon_pkg'
[0.289s] Level 1:colcon.colcon_core.package_identification:_identify(src/socketcan_interface) by extensions ['colcon_meta']
[0.289s] Level 1:colcon.colcon_core.package_identification:_identify(src/socketcan_interface) by extension 'colcon_meta'
[0.289s] Level 1:colcon.colcon_core.package_identification:_identify(src/socketcan_interface) by extensions ['ros']
[0.289s] Level 1:colcon.colcon_core.package_identification:_identify(src/socketcan_interface) by extension 'ros'
[0.289s] DEBUG:colcon.colcon_core.package_identification:Package 'src/socketcan_interface' with type 'ros.ament_cmake' and name 'socketcan_interface'
[0.290s] Level 1:colcon.colcon_core.package_identification:_identify(src/socketcan_interface_msg) by extensions ['ignore', 'ignore_ament_install']
[0.290s] Level 1:colcon.colcon_core.package_identification:_identify(src/socketcan_interface_msg) by extension 'ignore'
[0.290s] Level 1:colcon.colcon_core.package_identification:_identify(src/socketcan_interface_msg) by extension 'ignore_ament_install'
[0.290s] Level 1:colcon.colcon_core.package_identification:_identify(src/socketcan_interface_msg) by extensions ['colcon_pkg']
[0.290s] Level 1:colcon.colcon_core.package_identification:_identify(src/socketcan_interface_msg) by extension 'colcon_pkg'
[0.291s] Level 1:colcon.colcon_core.package_identification:_identify(src/socketcan_interface_msg) by extensions ['colcon_meta']
[0.291s] Level 1:colcon.colcon_core.package_identification:_identify(src/socketcan_interface_msg) by extension 'colcon_meta'
[0.291s] Level 1:colcon.colcon_core.package_identification:_identify(src/socketcan_interface_msg) by extensions ['ros']
[0.291s] Level 1:colcon.colcon_core.package_identification:_identify(src/socketcan_interface_msg) by extension 'ros'
[0.292s] DEBUG:colcon.colcon_core.package_identification:Package 'src/socketcan_interface_msg' with type 'ros.ament_cmake' and name 'socketcan_interface_msg'
[0.292s] Level 1:colcon.colcon_core.package_identification:_identify(src/urdf_test) by extensions ['ignore', 'ignore_ament_install']
[0.292s] Level 1:colcon.colcon_core.package_identification:_identify(src/urdf_test) by extension 'ignore'
[0.292s] Level 1:colcon.colcon_core.package_identification:_identify(src/urdf_test) by extension 'ignore_ament_install'
[0.293s] Level 1:colcon.colcon_core.package_identification:_identify(src/urdf_test) by extensions ['colcon_pkg']
[0.293s] Level 1:colcon.colcon_core.package_identification:_identify(src/urdf_test) by extension 'colcon_pkg'
[0.293s] Level 1:colcon.colcon_core.package_identification:_identify(src/urdf_test) by extensions ['colcon_meta']
[0.293s] Level 1:colcon.colcon_core.package_identification:_identify(src/urdf_test) by extension 'colcon_meta'
[0.293s] Level 1:colcon.colcon_core.package_identification:_identify(src/urdf_test) by extensions ['ros']
[0.293s] Level 1:colcon.colcon_core.package_identification:_identify(src/urdf_test) by extension 'ros'
[0.294s] DEBUG:colcon.colcon_core.package_identification:Package 'src/urdf_test' with type 'ros.ament_cmake' and name 'urdf_test'
[0.294s] Level 1:colcon.colcon_core.package_identification:_identify(src/urg) by extensions ['ignore', 'ignore_ament_install']
[0.294s] Level 1:colcon.colcon_core.package_identification:_identify(src/urg) by extension 'ignore'
[0.294s] Level 1:colcon.colcon_core.package_identification:_identify(src/urg) by extension 'ignore_ament_install'
[0.294s] Level 1:colcon.colcon_core.package_identification:_identify(src/urg) by extensions ['colcon_pkg']
[0.294s] Level 1:colcon.colcon_core.package_identification:_identify(src/urg) by extension 'colcon_pkg'
[0.295s] Level 1:colcon.colcon_core.package_identification:_identify(src/urg) by extensions ['colcon_meta']
[0.295s] Level 1:colcon.colcon_core.package_identification:_identify(src/urg) by extension 'colcon_meta'
[0.295s] Level 1:colcon.colcon_core.package_identification:_identify(src/urg) by extensions ['ros']
[0.295s] Level 1:colcon.colcon_core.package_identification:_identify(src/urg) by extension 'ros'
[0.295s] DEBUG:colcon.colcon_core.package_identification:Package 'src/urg' with type 'ros.ament_cmake' and name 'urg'
[0.295s] Level 1:colcon.colcon_core.package_identification:_identify(tools) by extensions ['ignore', 'ignore_ament_install']
[0.296s] Level 1:colcon.colcon_core.package_identification:_identify(tools) by extension 'ignore'
[0.296s] Level 1:colcon.colcon_core.package_identification:_identify(tools) by extension 'ignore_ament_install'
[0.296s] Level 1:colcon.colcon_core.package_identification:_identify(tools) by extensions ['colcon_pkg']
[0.296s] Level 1:colcon.colcon_core.package_identification:_identify(tools) by extension 'colcon_pkg'
[0.296s] Level 1:colcon.colcon_core.package_identification:_identify(tools) by extensions ['colcon_meta']
[0.296s] Level 1:colcon.colcon_core.package_identification:_identify(tools) by extension 'colcon_meta'
[0.296s] Level 1:colcon.colcon_core.package_identification:_identify(tools) by extensions ['ros']
[0.296s] Level 1:colcon.colcon_core.package_identification:_identify(tools) by extension 'ros'
[0.296s] Level 1:colcon.colcon_core.package_identification:_identify(tools) by extensions ['cmake', 'python']
[0.296s] Level 1:colcon.colcon_core.package_identification:_identify(tools) by extension 'cmake'
[0.296s] Level 1:colcon.colcon_core.package_identification:_identify(tools) by extension 'python'
[0.297s] Level 1:colcon.colcon_core.package_identification:_identify(tools) by extensions ['python_setup_py']
[0.297s] Level 1:colcon.colcon_core.package_identification:_identify(tools) by extension 'python_setup_py'
[0.297s] Level 1:colcon.colcon_core.package_discovery:discover_packages(recursive) using defaults
[0.297s] Level 1:colcon.colcon_core.package_discovery:discover_packages(ignore) discover
[0.297s] Level 1:colcon.colcon_core.package_discovery:discover_packages(ignore) using defaults
[0.297s] Level 1:colcon.colcon_core.package_discovery:discover_packages(path) discover
[0.297s] Level 1:colcon.colcon_core.package_discovery:discover_packages(path) using defaults
[0.316s] INFO:colcon.colcon_core.package_selection:Skipping not selected package 'csm' in 'src/csm'
[0.316s] INFO:colcon.colcon_core.package_selection:Skipping not selected package 'slam_toolbox' in 'src/slam_toolbox'
[0.316s] INFO:colcon.colcon_core.package_selection:Skipping not selected package 'socketcan_interface_msg' in 'src/socketcan_interface_msg'
[0.316s] INFO:colcon.colcon_core.package_selection:Skipping not selected package 'urdf_test' in 'src/urdf_test'
[0.316s] INFO:colcon.colcon_core.package_selection:Skipping not selected package 'urg' in 'src/urg'
[0.316s] INFO:colcon.colcon_core.package_selection:Skipping not selected package 'lidar_vel' in 'src/lidar_vel'
[0.316s] INFO:colcon.colcon_core.package_selection:Skipping not selected package 'socketcan_interface' in 'src/socketcan_interface'
[0.316s] INFO:colcon.colcon_core.package_selection:Skipping not selected package 'bno055_io' in 'src/bno055_io'
[0.316s] INFO:colcon.colcon_core.package_selection:Skipping not selected package 'main_executor' in 'src/main_executor'
[0.317s] Level 5:colcon.colcon_core.verb:set package 'ros2_laser_scan_matcher' build argument 'cmake_args' from command line to 'None'
[0.317s] Level 5:colcon.colcon_core.verb:set package 'ros2_laser_scan_matcher' build argument 'cmake_target' from command line to 'None'
[0.317s] Level 5:colcon.colcon_core.verb:set package 'ros2_laser_scan_matcher' build argument 'cmake_target_skip_unavailable' from command line to 'False'
[0.317s] Level 5:colcon.colcon_core.verb:set package 'ros2_laser_scan_matcher' build argument 'cmake_clean_cache' from command line to 'False'
[0.317s] Level 5:colcon.colcon_core.verb:set package 'ros2_laser_scan_matcher' build argument 'cmake_clean_first' from command line to 'False'
[0.317s] Level 5:colcon.colcon_core.verb:set package 'ros2_laser_scan_matcher' build argument 'cmake_force_configure' from command line to 'False'
[0.317s] Level 5:colcon.colcon_core.verb:set package 'ros2_laser_scan_matcher' build argument 'ament_cmake_args' from command line to 'None'
[0.317s] Level 5:colcon.colcon_core.verb:set package 'ros2_laser_scan_matcher' build argument 'catkin_cmake_args' from command line to 'None'
[0.317s] Level 5:colcon.colcon_core.verb:set package 'ros2_laser_scan_matcher' build argument 'catkin_skip_building_tests' from command line to 'False'
[0.317s] DEBUG:colcon.colcon_core.verb:Building package 'ros2_laser_scan_matcher' with the following arguments: {'ament_cmake_args': None, 'build_base': '/home/kazuma/ros2_ws_2/ros2_main/build/ros2_laser_scan_matcher', 'catkin_cmake_args': None, 'catkin_skip_building_tests': False, 'cmake_args': None, 'cmake_clean_cache': False, 'cmake_clean_first': False, 'cmake_force_configure': False, 'cmake_target': None, 'cmake_target_skip_unavailable': False, 'install_base': '/home/kazuma/ros2_ws_2/ros2_main/install/ros2_laser_scan_matcher', 'merge_install': False, 'path': '/home/kazuma/ros2_ws_2/ros2_main/src/ros2_laser_scan_matcher', 'symlink_install': False, 'test_result_base': None}
[0.326s] INFO:colcon.colcon_core.executor:Executing jobs using 'parallel' executor
[0.328s] DEBUG:colcon.colcon_parallel_executor.executor.parallel:run_until_complete
[0.329s] INFO:colcon.colcon_ros.task.ament_cmake.build:Building ROS package in '/home/kazuma/ros2_ws_2/ros2_main/src/ros2_laser_scan_matcher' with build type 'ament_cmake'
[0.329s] INFO:colcon.colcon_cmake.task.cmake.build:Building CMake package in '/home/kazuma/ros2_ws_2/ros2_main/src/ros2_laser_scan_matcher'
[0.336s] INFO:colcon.colcon_core.plugin_system:Skipping extension 'colcon_core.shell.bat': Not used on non-Windows systems
[0.337s] INFO:colcon.colcon_core.shell:Skip shell extension 'powershell' for command environment: Not usable outside of PowerShell
[0.337s] DEBUG:colcon.colcon_core.shell:Skip shell extension 'dsv' for command environment
[0.476s] DEBUG:colcon.colcon_core.event_handler.log_command:Invoking command in '/home/kazuma/ros2_ws_2/ros2_main/build/ros2_laser_scan_matcher': AMENT_PREFIX_PATH=/home/kazuma/ros2_ws_2/ros2_main/install/csm:${AMENT_PREFIX_PATH} CMAKE_PREFIX_PATH=/home/kazuma/ros2_ws_2/ros2_main/install/csm:/home/kazuma/ros2_ws/install/tutorial_topic:/home/kazuma/ros2_ws/install/tutorial_package:/home/kazuma/ros2_ws/install/turtlebot3_simulations:/home/kazuma/ros2_ws/install/turtlebot3_gazebo:/home/kazuma/ros2_ws/install/turtlebot3_fake_node:/home/kazuma/ros2_ws/install/nav2_system_tests:/home/kazuma/ros2_ws/install/nav2_bringup:/home/kazuma/ros2_ws/install/navigation2:/home/kazuma/ros2_ws/install/smac_planner:/home/kazuma/ros2_ws/install/slam_toolbox:/home/kazuma/ros2_ws/install/nav2_dwb_controller:/home/kazuma/ros2_ws/install/nav2_controller:/home/kazuma/ros2_ws/install/dwb_plugins:/home/kazuma/ros2_ws/install/dwb_critics:/home/kazuma/ros2_ws/install/dwb_core:/home/kazuma/ros2_ws/install/nav_2d_utils:/home/kazuma/ros2_ws/install/dwb_msgs:/home/kazuma/ros2_ws/install/nav_2d_msgs:/home/kazuma/ros2_ws/install/nav2_waypoint_follower:/home/kazuma/ros2_ws/install/nav2_regulated_pure_pursuit_controller:/home/kazuma/ros2_ws/install/nav2_recoveries:/home/kazuma/ros2_ws/install/nav2_planner:/home/kazuma/ros2_ws/install/nav2_navfn_planner:/home/kazuma/ros2_ws/install/nav2_core:/home/kazuma/ros2_ws/install/costmap_queue:/home/kazuma/ros2_ws/install/nav2_costmap_2d:/home/kazuma/ros2_ws/install/nav2_voxel_grid:/home/kazuma/ros2_ws/install/nav2_rviz_plugins:/home/kazuma/ros2_ws/install/nav2_map_server:/home/kazuma/ros2_ws/install/nav2_lifecycle_manager:/home/kazuma/ros2_ws/install/nav2_bt_navigator:/home/kazuma/ros2_ws/install/nav2_behavior_tree:/home/kazuma/ros2_ws/install/nav2_amcl:/home/kazuma/ros2_ws/install/nav2_util:/home/kazuma/ros2_ws/install/nav2_common:/home/kazuma/ros2_ws_2/install/urg:/home/kazuma/ros2_ws_2/install/urdf_tutorial:/home/kazuma/ros2_ws_2/install/turtlebot3_msgs:/home/kazuma/ros2_ws_2/install/turtlebot3_gazebo:/home/kazuma/ros2_ws_2/install/turtlebot3_description:/home/kazuma/ros2_ws_2/install/turtlebot3_cartographer:/home/kazuma/ros2_ws_2/install/nav2_system_tests:/home/kazuma/ros2_ws_2/install/nav2_bringup:/home/kazuma/ros2_ws_2/install/navigation2:/home/kazuma/ros2_ws_2/install/smac_planner:/home/kazuma/ros2_ws_2/install/slam_toolbox:/home/kazuma/ros2_ws_2/install/send_goal_2:/home/kazuma/ros2_ws_2/install/send_goal:/home/kazuma/ros2_ws_2/install/nav2_dwb_controller:/home/kazuma/ros2_ws_2/install/nav2_controller:/home/kazuma/ros2_ws_2/install/dwb_plugins:/home/kazuma/ros2_ws_2/install/dwb_critics:/home/kazuma/ros2_ws_2/install/dwb_core:/home/kazuma/ros2_ws_2/install/nav_2d_utils:/home/kazuma/ros2_ws_2/install/dwb_msgs:/home/kazuma/ros2_ws_2/install/nav_2d_msgs:/home/kazuma/ros2_ws_2/install/nav2_waypoint_follower:/home/kazuma/ros2_ws_2/install/nav2_regulated_pure_pursuit_controller:/home/kazuma/ros2_ws_2/install/nav2_recoveries:/home/kazuma/ros2_ws_2/install/nav2_planner:/home/kazuma/ros2_ws_2/install/nav2_navfn_planner:/home/kazuma/ros2_ws_2/install/nav2_core:/home/kazuma/ros2_ws_2/install/costmap_queue:/home/kazuma/ros2_ws_2/install/nav2_costmap_2d:/home/kazuma/ros2_ws_2/install/nav2_voxel_grid:/home/kazuma/ros2_ws_2/install/nav2_rviz_plugins:/home/kazuma/ros2_ws_2/install/nav2_map_server:/home/kazuma/ros2_ws_2/install/nav2_lifecycle_manager:/home/kazuma/ros2_ws_2/install/nav2_bt_navigator:/home/kazuma/ros2_ws_2/install/nav2_behavior_tree:/home/kazuma/ros2_ws_2/install/nav2_amcl:/home/kazuma/ros2_ws_2/install/nav2_util:/home/kazuma/ros2_ws_2/install/nav2_msgs:/home/kazuma/ros2_ws_2/install/nav2_common:/home/kazuma/ros2_ws_2/install/dynamixel_sdk_examples:/home/kazuma/ros2_ws_2/install/dynamixel_sdk_custom_interfaces:/home/kazuma/ros2_ws_2/install/dynamixel_sdk:/home/kazuma/ros2_ws/install/nav2_msgs:/home/kazuma/ros2_ws/install/nav2_gazebo_spawner:/home/kazuma/ros2_ws_2/install/turtlebot3_teleop:/home/kazuma/ros2_ws_2/install/turtlebot3_example:/home/kazuma/ros2_ws_2/install/nav2_gazebo_spawner:/opt/ros/foxy LD_LIBRARY_PATH=/home/kazuma/ros2_ws_2/ros2_main/install/csm/lib:${LD_LIBRARY_PATH} /usr/bin/cmake /home/kazuma/ros2_ws_2/ros2_main/src/ros2_laser_scan_matcher -DCMAKE_INSTALL_PREFIX=/home/kazuma/ros2_ws_2/ros2_main/install/ros2_laser_scan_matcher
[9.639s] DEBUG:colcon.colcon_core.event_handler.log_command:Invoked command in '/home/kazuma/ros2_ws_2/ros2_main/build/ros2_laser_scan_matcher' returned '0': AMENT_PREFIX_PATH=/home/kazuma/ros2_ws_2/ros2_main/install/csm:${AMENT_PREFIX_PATH} CMAKE_PREFIX_PATH=/home/kazuma/ros2_ws_2/ros2_main/install/csm:/home/kazuma/ros2_ws/install/tutorial_topic:/home/kazuma/ros2_ws/install/tutorial_package:/home/kazuma/ros2_ws/install/turtlebot3_simulations:/home/kazuma/ros2_ws/install/turtlebot3_gazebo:/home/kazuma/ros2_ws/install/turtlebot3_fake_node:/home/kazuma/ros2_ws/install/nav2_system_tests:/home/kazuma/ros2_ws/install/nav2_bringup:/home/kazuma/ros2_ws/install/navigation2:/home/kazuma/ros2_ws/install/smac_planner:/home/kazuma/ros2_ws/install/slam_toolbox:/home/kazuma/ros2_ws/install/nav2_dwb_controller:/home/kazuma/ros2_ws/install/nav2_controller:/home/kazuma/ros2_ws/install/dwb_plugins:/home/kazuma/ros2_ws/install/dwb_critics:/home/kazuma/ros2_ws/install/dwb_core:/home/kazuma/ros2_ws/install/nav_2d_utils:/home/kazuma/ros2_ws/install/dwb_msgs:/home/kazuma/ros2_ws/install/nav_2d_msgs:/home/kazuma/ros2_ws/install/nav2_waypoint_follower:/home/kazuma/ros2_ws/install/nav2_regulated_pure_pursuit_controller:/home/kazuma/ros2_ws/install/nav2_recoveries:/home/kazuma/ros2_ws/install/nav2_planner:/home/kazuma/ros2_ws/install/nav2_navfn_planner:/home/kazuma/ros2_ws/install/nav2_core:/home/kazuma/ros2_ws/install/costmap_queue:/home/kazuma/ros2_ws/install/nav2_costmap_2d:/home/kazuma/ros2_ws/install/nav2_voxel_grid:/home/kazuma/ros2_ws/install/nav2_rviz_plugins:/home/kazuma/ros2_ws/install/nav2_map_server:/home/kazuma/ros2_ws/install/nav2_lifecycle_manager:/home/kazuma/ros2_ws/install/nav2_bt_navigator:/home/kazuma/ros2_ws/install/nav2_behavior_tree:/home/kazuma/ros2_ws/install/nav2_amcl:/home/kazuma/ros2_ws/install/nav2_util:/home/kazuma/ros2_ws/install/nav2_common:/home/kazuma/ros2_ws_2/install/urg:/home/kazuma/ros2_ws_2/install/urdf_tutorial:/home/kazuma/ros2_ws_2/install/turtlebot3_msgs:/home/kazuma/ros2_ws_2/install/turtlebot3_gazebo:/home/kazuma/ros2_ws_2/install/turtlebot3_description:/home/kazuma/ros2_ws_2/install/turtlebot3_cartographer:/home/kazuma/ros2_ws_2/install/nav2_system_tests:/home/kazuma/ros2_ws_2/install/nav2_bringup:/home/kazuma/ros2_ws_2/install/navigation2:/home/kazuma/ros2_ws_2/install/smac_planner:/home/kazuma/ros2_ws_2/install/slam_toolbox:/home/kazuma/ros2_ws_2/install/send_goal_2:/home/kazuma/ros2_ws_2/install/send_goal:/home/kazuma/ros2_ws_2/install/nav2_dwb_controller:/home/kazuma/ros2_ws_2/install/nav2_controller:/home/kazuma/ros2_ws_2/install/dwb_plugins:/home/kazuma/ros2_ws_2/install/dwb_critics:/home/kazuma/ros2_ws_2/install/dwb_core:/home/kazuma/ros2_ws_2/install/nav_2d_utils:/home/kazuma/ros2_ws_2/install/dwb_msgs:/home/kazuma/ros2_ws_2/install/nav_2d_msgs:/home/kazuma/ros2_ws_2/install/nav2_waypoint_follower:/home/kazuma/ros2_ws_2/install/nav2_regulated_pure_pursuit_controller:/home/kazuma/ros2_ws_2/install/nav2_recoveries:/home/kazuma/ros2_ws_2/install/nav2_planner:/home/kazuma/ros2_ws_2/install/nav2_navfn_planner:/home/kazuma/ros2_ws_2/install/nav2_core:/home/kazuma/ros2_ws_2/install/costmap_queue:/home/kazuma/ros2_ws_2/install/nav2_costmap_2d:/home/kazuma/ros2_ws_2/install/nav2_voxel_grid:/home/kazuma/ros2_ws_2/install/nav2_rviz_plugins:/home/kazuma/ros2_ws_2/install/nav2_map_server:/home/kazuma/ros2_ws_2/install/nav2_lifecycle_manager:/home/kazuma/ros2_ws_2/install/nav2_bt_navigator:/home/kazuma/ros2_ws_2/install/nav2_behavior_tree:/home/kazuma/ros2_ws_2/install/nav2_amcl:/home/kazuma/ros2_ws_2/install/nav2_util:/home/kazuma/ros2_ws_2/install/nav2_msgs:/home/kazuma/ros2_ws_2/install/nav2_common:/home/kazuma/ros2_ws_2/install/dynamixel_sdk_examples:/home/kazuma/ros2_ws_2/install/dynamixel_sdk_custom_interfaces:/home/kazuma/ros2_ws_2/install/dynamixel_sdk:/home/kazuma/ros2_ws/install/nav2_msgs:/home/kazuma/ros2_ws/install/nav2_gazebo_spawner:/home/kazuma/ros2_ws_2/install/turtlebot3_teleop:/home/kazuma/ros2_ws_2/install/turtlebot3_example:/home/kazuma/ros2_ws_2/install/nav2_gazebo_spawner:/opt/ros/foxy LD_LIBRARY_PATH=/home/kazuma/ros2_ws_2/ros2_main/install/csm/lib:${LD_LIBRARY_PATH} /usr/bin/cmake /home/kazuma/ros2_ws_2/ros2_main/src/ros2_laser_scan_matcher -DCMAKE_INSTALL_PREFIX=/home/kazuma/ros2_ws_2/ros2_main/install/ros2_laser_scan_matcher
[9.643s] DEBUG:colcon.colcon_core.event_handler.log_command:Invoking command in '/home/kazuma/ros2_ws_2/ros2_main/build/ros2_laser_scan_matcher': AMENT_PREFIX_PATH=/home/kazuma/ros2_ws_2/ros2_main/install/csm:${AMENT_PREFIX_PATH} CMAKE_PREFIX_PATH=/home/kazuma/ros2_ws_2/ros2_main/install/csm:/home/kazuma/ros2_ws/install/tutorial_topic:/home/kazuma/ros2_ws/install/tutorial_package:/home/kazuma/ros2_ws/install/turtlebot3_simulations:/home/kazuma/ros2_ws/install/turtlebot3_gazebo:/home/kazuma/ros2_ws/install/turtlebot3_fake_node:/home/kazuma/ros2_ws/install/nav2_system_tests:/home/kazuma/ros2_ws/install/nav2_bringup:/home/kazuma/ros2_ws/install/navigation2:/home/kazuma/ros2_ws/install/smac_planner:/home/kazuma/ros2_ws/install/slam_toolbox:/home/kazuma/ros2_ws/install/nav2_dwb_controller:/home/kazuma/ros2_ws/install/nav2_controller:/home/kazuma/ros2_ws/install/dwb_plugins:/home/kazuma/ros2_ws/install/dwb_critics:/home/kazuma/ros2_ws/install/dwb_core:/home/kazuma/ros2_ws/install/nav_2d_utils:/home/kazuma/ros2_ws/install/dwb_msgs:/home/kazuma/ros2_ws/install/nav_2d_msgs:/home/kazuma/ros2_ws/install/nav2_waypoint_follower:/home/kazuma/ros2_ws/install/nav2_regulated_pure_pursuit_controller:/home/kazuma/ros2_ws/install/nav2_recoveries:/home/kazuma/ros2_ws/install/nav2_planner:/home/kazuma/ros2_ws/install/nav2_navfn_planner:/home/kazuma/ros2_ws/install/nav2_core:/home/kazuma/ros2_ws/install/costmap_queue:/home/kazuma/ros2_ws/install/nav2_costmap_2d:/home/kazuma/ros2_ws/install/nav2_voxel_grid:/home/kazuma/ros2_ws/install/nav2_rviz_plugins:/home/kazuma/ros2_ws/install/nav2_map_server:/home/kazuma/ros2_ws/install/nav2_lifecycle_manager:/home/kazuma/ros2_ws/install/nav2_bt_navigator:/home/kazuma/ros2_ws/install/nav2_behavior_tree:/home/kazuma/ros2_ws/install/nav2_amcl:/home/kazuma/ros2_ws/install/nav2_util:/home/kazuma/ros2_ws/install/nav2_common:/home/kazuma/ros2_ws_2/install/urg:/home/kazuma/ros2_ws_2/install/urdf_tutorial:/home/kazuma/ros2_ws_2/install/turtlebot3_msgs:/home/kazuma/ros2_ws_2/install/turtlebot3_gazebo:/home/kazuma/ros2_ws_2/install/turtlebot3_description:/home/kazuma/ros2_ws_2/install/turtlebot3_cartographer:/home/kazuma/ros2_ws_2/install/nav2_system_tests:/home/kazuma/ros2_ws_2/install/nav2_bringup:/home/kazuma/ros2_ws_2/install/navigation2:/home/kazuma/ros2_ws_2/install/smac_planner:/home/kazuma/ros2_ws_2/install/slam_toolbox:/home/kazuma/ros2_ws_2/install/send_goal_2:/home/kazuma/ros2_ws_2/install/send_goal:/home/kazuma/ros2_ws_2/install/nav2_dwb_controller:/home/kazuma/ros2_ws_2/install/nav2_controller:/home/kazuma/ros2_ws_2/install/dwb_plugins:/home/kazuma/ros2_ws_2/install/dwb_critics:/home/kazuma/ros2_ws_2/install/dwb_core:/home/kazuma/ros2_ws_2/install/nav_2d_utils:/home/kazuma/ros2_ws_2/install/dwb_msgs:/home/kazuma/ros2_ws_2/install/nav_2d_msgs:/home/kazuma/ros2_ws_2/install/nav2_waypoint_follower:/home/kazuma/ros2_ws_2/install/nav2_regulated_pure_pursuit_controller:/home/kazuma/ros2_ws_2/install/nav2_recoveries:/home/kazuma/ros2_ws_2/install/nav2_planner:/home/kazuma/ros2_ws_2/install/nav2_navfn_planner:/home/kazuma/ros2_ws_2/install/nav2_core:/home/kazuma/ros2_ws_2/install/costmap_queue:/home/kazuma/ros2_ws_2/install/nav2_costmap_2d:/home/kazuma/ros2_ws_2/install/nav2_voxel_grid:/home/kazuma/ros2_ws_2/install/nav2_rviz_plugins:/home/kazuma/ros2_ws_2/install/nav2_map_server:/home/kazuma/ros2_ws_2/install/nav2_lifecycle_manager:/home/kazuma/ros2_ws_2/install/nav2_bt_navigator:/home/kazuma/ros2_ws_2/install/nav2_behavior_tree:/home/kazuma/ros2_ws_2/install/nav2_amcl:/home/kazuma/ros2_ws_2/install/nav2_util:/home/kazuma/ros2_ws_2/install/nav2_msgs:/home/kazuma/ros2_ws_2/install/nav2_common:/home/kazuma/ros2_ws_2/install/dynamixel_sdk_examples:/home/kazuma/ros2_ws_2/install/dynamixel_sdk_custom_interfaces:/home/kazuma/ros2_ws_2/install/dynamixel_sdk:/home/kazuma/ros2_ws/install/nav2_msgs:/home/kazuma/ros2_ws/install/nav2_gazebo_spawner:/home/kazuma/ros2_ws_2/install/turtlebot3_teleop:/home/kazuma/ros2_ws_2/install/turtlebot3_example:/home/kazuma/ros2_ws_2/install/nav2_gazebo_spawner:/opt/ros/foxy LD_LIBRARY_PATH=/home/kazuma/ros2_ws_2/ros2_main/install/csm/lib:${LD_LIBRARY_PATH} /usr/bin/cmake --build /home/kazuma/ros2_ws_2/ros2_main/build/ros2_laser_scan_matcher -- -j8 -l8
[20.381s] DEBUG:colcon.colcon_core.event_handler.log_command:Invoked command in '/home/kazuma/ros2_ws_2/ros2_main/build/ros2_laser_scan_matcher' returned '0': AMENT_PREFIX_PATH=/home/kazuma/ros2_ws_2/ros2_main/install/csm:${AMENT_PREFIX_PATH} CMAKE_PREFIX_PATH=/home/kazuma/ros2_ws_2/ros2_main/install/csm:/home/kazuma/ros2_ws/install/tutorial_topic:/home/kazuma/ros2_ws/install/tutorial_package:/home/kazuma/ros2_ws/install/turtlebot3_simulations:/home/kazuma/ros2_ws/install/turtlebot3_gazebo:/home/kazuma/ros2_ws/install/turtlebot3_fake_node:/home/kazuma/ros2_ws/install/nav2_system_tests:/home/kazuma/ros2_ws/install/nav2_bringup:/home/kazuma/ros2_ws/install/navigation2:/home/kazuma/ros2_ws/install/smac_planner:/home/kazuma/ros2_ws/install/slam_toolbox:/home/kazuma/ros2_ws/install/nav2_dwb_controller:/home/kazuma/ros2_ws/install/nav2_controller:/home/kazuma/ros2_ws/install/dwb_plugins:/home/kazuma/ros2_ws/install/dwb_critics:/home/kazuma/ros2_ws/install/dwb_core:/home/kazuma/ros2_ws/install/nav_2d_utils:/home/kazuma/ros2_ws/install/dwb_msgs:/home/kazuma/ros2_ws/install/nav_2d_msgs:/home/kazuma/ros2_ws/install/nav2_waypoint_follower:/home/kazuma/ros2_ws/install/nav2_regulated_pure_pursuit_controller:/home/kazuma/ros2_ws/install/nav2_recoveries:/home/kazuma/ros2_ws/install/nav2_planner:/home/kazuma/ros2_ws/install/nav2_navfn_planner:/home/kazuma/ros2_ws/install/nav2_core:/home/kazuma/ros2_ws/install/costmap_queue:/home/kazuma/ros2_ws/install/nav2_costmap_2d:/home/kazuma/ros2_ws/install/nav2_voxel_grid:/home/kazuma/ros2_ws/install/nav2_rviz_plugins:/home/kazuma/ros2_ws/install/nav2_map_server:/home/kazuma/ros2_ws/install/nav2_lifecycle_manager:/home/kazuma/ros2_ws/install/nav2_bt_navigator:/home/kazuma/ros2_ws/install/nav2_behavior_tree:/home/kazuma/ros2_ws/install/nav2_amcl:/home/kazuma/ros2_ws/install/nav2_util:/home/kazuma/ros2_ws/install/nav2_common:/home/kazuma/ros2_ws_2/install/urg:/home/kazuma/ros2_ws_2/install/urdf_tutorial:/home/kazuma/ros2_ws_2/install/turtlebot3_msgs:/home/kazuma/ros2_ws_2/install/turtlebot3_gazebo:/home/kazuma/ros2_ws_2/install/turtlebot3_description:/home/kazuma/ros2_ws_2/install/turtlebot3_cartographer:/home/kazuma/ros2_ws_2/install/nav2_system_tests:/home/kazuma/ros2_ws_2/install/nav2_bringup:/home/kazuma/ros2_ws_2/install/navigation2:/home/kazuma/ros2_ws_2/install/smac_planner:/home/kazuma/ros2_ws_2/install/slam_toolbox:/home/kazuma/ros2_ws_2/install/send_goal_2:/home/kazuma/ros2_ws_2/install/send_goal:/home/kazuma/ros2_ws_2/install/nav2_dwb_controller:/home/kazuma/ros2_ws_2/install/nav2_controller:/home/kazuma/ros2_ws_2/install/dwb_plugins:/home/kazuma/ros2_ws_2/install/dwb_critics:/home/kazuma/ros2_ws_2/install/dwb_core:/home/kazuma/ros2_ws_2/install/nav_2d_utils:/home/kazuma/ros2_ws_2/install/dwb_msgs:/home/kazuma/ros2_ws_2/install/nav_2d_msgs:/home/kazuma/ros2_ws_2/install/nav2_waypoint_follower:/home/kazuma/ros2_ws_2/install/nav2_regulated_pure_pursuit_controller:/home/kazuma/ros2_ws_2/install/nav2_recoveries:/home/kazuma/ros2_ws_2/install/nav2_planner:/home/kazuma/ros2_ws_2/install/nav2_navfn_planner:/home/kazuma/ros2_ws_2/install/nav2_core:/home/kazuma/ros2_ws_2/install/costmap_queue:/home/kazuma/ros2_ws_2/install/nav2_costmap_2d:/home/kazuma/ros2_ws_2/install/nav2_voxel_grid:/home/kazuma/ros2_ws_2/install/nav2_rviz_plugins:/home/kazuma/ros2_ws_2/install/nav2_map_server:/home/kazuma/ros2_ws_2/install/nav2_lifecycle_manager:/home/kazuma/ros2_ws_2/install/nav2_bt_navigator:/home/kazuma/ros2_ws_2/install/nav2_behavior_tree:/home/kazuma/ros2_ws_2/install/nav2_amcl:/home/kazuma/ros2_ws_2/install/nav2_util:/home/kazuma/ros2_ws_2/install/nav2_msgs:/home/kazuma/ros2_ws_2/install/nav2_common:/home/kazuma/ros2_ws_2/install/dynamixel_sdk_examples:/home/kazuma/ros2_ws_2/install/dynamixel_sdk_custom_interfaces:/home/kazuma/ros2_ws_2/install/dynamixel_sdk:/home/kazuma/ros2_ws/install/nav2_msgs:/home/kazuma/ros2_ws/install/nav2_gazebo_spawner:/home/kazuma/ros2_ws_2/install/turtlebot3_teleop:/home/kazuma/ros2_ws_2/install/turtlebot3_example:/home/kazuma/ros2_ws_2/install/nav2_gazebo_spawner:/opt/ros/foxy LD_LIBRARY_PATH=/home/kazuma/ros2_ws_2/ros2_main/install/csm/lib:${LD_LIBRARY_PATH} /usr/bin/cmake --build /home/kazuma/ros2_ws_2/ros2_main/build/ros2_laser_scan_matcher -- -j8 -l8
[20.437s] DEBUG:colcon.colcon_core.event_handler.log_command:Invoking command in '/home/kazuma/ros2_ws_2/ros2_main/build/ros2_laser_scan_matcher': AMENT_PREFIX_PATH=/home/kazuma/ros2_ws_2/ros2_main/install/csm:${AMENT_PREFIX_PATH} CMAKE_PREFIX_PATH=/home/kazuma/ros2_ws_2/ros2_main/install/csm:/home/kazuma/ros2_ws/install/tutorial_topic:/home/kazuma/ros2_ws/install/tutorial_package:/home/kazuma/ros2_ws/install/turtlebot3_simulations:/home/kazuma/ros2_ws/install/turtlebot3_gazebo:/home/kazuma/ros2_ws/install/turtlebot3_fake_node:/home/kazuma/ros2_ws/install/nav2_system_tests:/home/kazuma/ros2_ws/install/nav2_bringup:/home/kazuma/ros2_ws/install/navigation2:/home/kazuma/ros2_ws/install/smac_planner:/home/kazuma/ros2_ws/install/slam_toolbox:/home/kazuma/ros2_ws/install/nav2_dwb_controller:/home/kazuma/ros2_ws/install/nav2_controller:/home/kazuma/ros2_ws/install/dwb_plugins:/home/kazuma/ros2_ws/install/dwb_critics:/home/kazuma/ros2_ws/install/dwb_core:/home/kazuma/ros2_ws/install/nav_2d_utils:/home/kazuma/ros2_ws/install/dwb_msgs:/home/kazuma/ros2_ws/install/nav_2d_msgs:/home/kazuma/ros2_ws/install/nav2_waypoint_follower:/home/kazuma/ros2_ws/install/nav2_regulated_pure_pursuit_controller:/home/kazuma/ros2_ws/install/nav2_recoveries:/home/kazuma/ros2_ws/install/nav2_planner:/home/kazuma/ros2_ws/install/nav2_navfn_planner:/home/kazuma/ros2_ws/install/nav2_core:/home/kazuma/ros2_ws/install/costmap_queue:/home/kazuma/ros2_ws/install/nav2_costmap_2d:/home/kazuma/ros2_ws/install/nav2_voxel_grid:/home/kazuma/ros2_ws/install/nav2_rviz_plugins:/home/kazuma/ros2_ws/install/nav2_map_server:/home/kazuma/ros2_ws/install/nav2_lifecycle_manager:/home/kazuma/ros2_ws/install/nav2_bt_navigator:/home/kazuma/ros2_ws/install/nav2_behavior_tree:/home/kazuma/ros2_ws/install/nav2_amcl:/home/kazuma/ros2_ws/install/nav2_util:/home/kazuma/ros2_ws/install/nav2_common:/home/kazuma/ros2_ws_2/install/urg:/home/kazuma/ros2_ws_2/install/urdf_tutorial:/home/kazuma/ros2_ws_2/install/turtlebot3_msgs:/home/kazuma/ros2_ws_2/install/turtlebot3_gazebo:/home/kazuma/ros2_ws_2/install/turtlebot3_description:/home/kazuma/ros2_ws_2/install/turtlebot3_cartographer:/home/kazuma/ros2_ws_2/install/nav2_system_tests:/home/kazuma/ros2_ws_2/install/nav2_bringup:/home/kazuma/ros2_ws_2/install/navigation2:/home/kazuma/ros2_ws_2/install/smac_planner:/home/kazuma/ros2_ws_2/install/slam_toolbox:/home/kazuma/ros2_ws_2/install/send_goal_2:/home/kazuma/ros2_ws_2/install/send_goal:/home/kazuma/ros2_ws_2/install/nav2_dwb_controller:/home/kazuma/ros2_ws_2/install/nav2_controller:/home/kazuma/ros2_ws_2/install/dwb_plugins:/home/kazuma/ros2_ws_2/install/dwb_critics:/home/kazuma/ros2_ws_2/install/dwb_core:/home/kazuma/ros2_ws_2/install/nav_2d_utils:/home/kazuma/ros2_ws_2/install/dwb_msgs:/home/kazuma/ros2_ws_2/install/nav_2d_msgs:/home/kazuma/ros2_ws_2/install/nav2_waypoint_follower:/home/kazuma/ros2_ws_2/install/nav2_regulated_pure_pursuit_controller:/home/kazuma/ros2_ws_2/install/nav2_recoveries:/home/kazuma/ros2_ws_2/install/nav2_planner:/home/kazuma/ros2_ws_2/install/nav2_navfn_planner:/home/kazuma/ros2_ws_2/install/nav2_core:/home/kazuma/ros2_ws_2/install/costmap_queue:/home/kazuma/ros2_ws_2/install/nav2_costmap_2d:/home/kazuma/ros2_ws_2/install/nav2_voxel_grid:/home/kazuma/ros2_ws_2/install/nav2_rviz_plugins:/home/kazuma/ros2_ws_2/install/nav2_map_server:/home/kazuma/ros2_ws_2/install/nav2_lifecycle_manager:/home/kazuma/ros2_ws_2/install/nav2_bt_navigator:/home/kazuma/ros2_ws_2/install/nav2_behavior_tree:/home/kazuma/ros2_ws_2/install/nav2_amcl:/home/kazuma/ros2_ws_2/install/nav2_util:/home/kazuma/ros2_ws_2/install/nav2_msgs:/home/kazuma/ros2_ws_2/install/nav2_common:/home/kazuma/ros2_ws_2/install/dynamixel_sdk_examples:/home/kazuma/ros2_ws_2/install/dynamixel_sdk_custom_interfaces:/home/kazuma/ros2_ws_2/install/dynamixel_sdk:/home/kazuma/ros2_ws/install/nav2_msgs:/home/kazuma/ros2_ws/install/nav2_gazebo_spawner:/home/kazuma/ros2_ws_2/install/turtlebot3_teleop:/home/kazuma/ros2_ws_2/install/turtlebot3_example:/home/kazuma/ros2_ws_2/install/nav2_gazebo_spawner:/opt/ros/foxy LD_LIBRARY_PATH=/home/kazuma/ros2_ws_2/ros2_main/install/csm/lib:${LD_LIBRARY_PATH} /usr/bin/cmake --install /home/kazuma/ros2_ws_2/ros2_main/build/ros2_laser_scan_matcher
[20.461s] Level 1:colcon.colcon_core.environment:create_environment_scripts_only(ros2_laser_scan_matcher)
[20.461s] DEBUG:colcon.colcon_core.event_handler.log_command:Invoked command in '/home/kazuma/ros2_ws_2/ros2_main/build/ros2_laser_scan_matcher' returned '0': AMENT_PREFIX_PATH=/home/kazuma/ros2_ws_2/ros2_main/install/csm:${AMENT_PREFIX_PATH} CMAKE_PREFIX_PATH=/home/kazuma/ros2_ws_2/ros2_main/install/csm:/home/kazuma/ros2_ws/install/tutorial_topic:/home/kazuma/ros2_ws/install/tutorial_package:/home/kazuma/ros2_ws/install/turtlebot3_simulations:/home/kazuma/ros2_ws/install/turtlebot3_gazebo:/home/kazuma/ros2_ws/install/turtlebot3_fake_node:/home/kazuma/ros2_ws/install/nav2_system_tests:/home/kazuma/ros2_ws/install/nav2_bringup:/home/kazuma/ros2_ws/install/navigation2:/home/kazuma/ros2_ws/install/smac_planner:/home/kazuma/ros2_ws/install/slam_toolbox:/home/kazuma/ros2_ws/install/nav2_dwb_controller:/home/kazuma/ros2_ws/install/nav2_controller:/home/kazuma/ros2_ws/install/dwb_plugins:/home/kazuma/ros2_ws/install/dwb_critics:/home/kazuma/ros2_ws/install/dwb_core:/home/kazuma/ros2_ws/install/nav_2d_utils:/home/kazuma/ros2_ws/install/dwb_msgs:/home/kazuma/ros2_ws/install/nav_2d_msgs:/home/kazuma/ros2_ws/install/nav2_waypoint_follower:/home/kazuma/ros2_ws/install/nav2_regulated_pure_pursuit_controller:/home/kazuma/ros2_ws/install/nav2_recoveries:/home/kazuma/ros2_ws/install/nav2_planner:/home/kazuma/ros2_ws/install/nav2_navfn_planner:/home/kazuma/ros2_ws/install/nav2_core:/home/kazuma/ros2_ws/install/costmap_queue:/home/kazuma/ros2_ws/install/nav2_costmap_2d:/home/kazuma/ros2_ws/install/nav2_voxel_grid:/home/kazuma/ros2_ws/install/nav2_rviz_plugins:/home/kazuma/ros2_ws/install/nav2_map_server:/home/kazuma/ros2_ws/install/nav2_lifecycle_manager:/home/kazuma/ros2_ws/install/nav2_bt_navigator:/home/kazuma/ros2_ws/install/nav2_behavior_tree:/home/kazuma/ros2_ws/install/nav2_amcl:/home/kazuma/ros2_ws/install/nav2_util:/home/kazuma/ros2_ws/install/nav2_common:/home/kazuma/ros2_ws_2/install/urg:/home/kazuma/ros2_ws_2/install/urdf_tutorial:/home/kazuma/ros2_ws_2/install/turtlebot3_msgs:/home/kazuma/ros2_ws_2/install/turtlebot3_gazebo:/home/kazuma/ros2_ws_2/install/turtlebot3_description:/home/kazuma/ros2_ws_2/install/turtlebot3_cartographer:/home/kazuma/ros2_ws_2/install/nav2_system_tests:/home/kazuma/ros2_ws_2/install/nav2_bringup:/home/kazuma/ros2_ws_2/install/navigation2:/home/kazuma/ros2_ws_2/install/smac_planner:/home/kazuma/ros2_ws_2/install/slam_toolbox:/home/kazuma/ros2_ws_2/install/send_goal_2:/home/kazuma/ros2_ws_2/install/send_goal:/home/kazuma/ros2_ws_2/install/nav2_dwb_controller:/home/kazuma/ros2_ws_2/install/nav2_controller:/home/kazuma/ros2_ws_2/install/dwb_plugins:/home/kazuma/ros2_ws_2/install/dwb_critics:/home/kazuma/ros2_ws_2/install/dwb_core:/home/kazuma/ros2_ws_2/install/nav_2d_utils:/home/kazuma/ros2_ws_2/install/dwb_msgs:/home/kazuma/ros2_ws_2/install/nav_2d_msgs:/home/kazuma/ros2_ws_2/install/nav2_waypoint_follower:/home/kazuma/ros2_ws_2/install/nav2_regulated_pure_pursuit_controller:/home/kazuma/ros2_ws_2/install/nav2_recoveries:/home/kazuma/ros2_ws_2/install/nav2_planner:/home/kazuma/ros2_ws_2/install/nav2_navfn_planner:/home/kazuma/ros2_ws_2/install/nav2_core:/home/kazuma/ros2_ws_2/install/costmap_queue:/home/kazuma/ros2_ws_2/install/nav2_costmap_2d:/home/kazuma/ros2_ws_2/install/nav2_voxel_grid:/home/kazuma/ros2_ws_2/install/nav2_rviz_plugins:/home/kazuma/ros2_ws_2/install/nav2_map_server:/home/kazuma/ros2_ws_2/install/nav2_lifecycle_manager:/home/kazuma/ros2_ws_2/install/nav2_bt_navigator:/home/kazuma/ros2_ws_2/install/nav2_behavior_tree:/home/kazuma/ros2_ws_2/install/nav2_amcl:/home/kazuma/ros2_ws_2/install/nav2_util:/home/kazuma/ros2_ws_2/install/nav2_msgs:/home/kazuma/ros2_ws_2/install/nav2_common:/home/kazuma/ros2_ws_2/install/dynamixel_sdk_examples:/home/kazuma/ros2_ws_2/install/dynamixel_sdk_custom_interfaces:/home/kazuma/ros2_ws_2/install/dynamixel_sdk:/home/kazuma/ros2_ws/install/nav2_msgs:/home/kazuma/ros2_ws/install/nav2_gazebo_spawner:/home/kazuma/ros2_ws_2/install/turtlebot3_teleop:/home/kazuma/ros2_ws_2/install/turtlebot3_example:/home/kazuma/ros2_ws_2/install/nav2_gazebo_spawner:/opt/ros/foxy LD_LIBRARY_PATH=/home/kazuma/ros2_ws_2/ros2_main/install/csm/lib:${LD_LIBRARY_PATH} /usr/bin/cmake --install /home/kazuma/ros2_ws_2/ros2_main/build/ros2_laser_scan_matcher
[20.466s] Level 1:colcon.colcon_core.environment:checking '/home/kazuma/ros2_ws_2/ros2_main/install/ros2_laser_scan_matcher' for CMake module files
[20.468s] Level 1:colcon.colcon_core.environment:checking '/home/kazuma/ros2_ws_2/ros2_main/install/ros2_laser_scan_matcher' for CMake config files
[20.468s] Level 1:colcon.colcon_core.shell:create_environment_hook('ros2_laser_scan_matcher', 'cmake_prefix_path')
[20.469s] INFO:colcon.colcon_core.shell:Creating environment hook '/home/kazuma/ros2_ws_2/ros2_main/install/ros2_laser_scan_matcher/share/ros2_laser_scan_matcher/hook/cmake_prefix_path.ps1'
[20.469s] INFO:colcon.colcon_core.shell:Creating environment descriptor '/home/kazuma/ros2_ws_2/ros2_main/install/ros2_laser_scan_matcher/share/ros2_laser_scan_matcher/hook/cmake_prefix_path.dsv'
[20.470s] INFO:colcon.colcon_core.shell:Creating environment hook '/home/kazuma/ros2_ws_2/ros2_main/install/ros2_laser_scan_matcher/share/ros2_laser_scan_matcher/hook/cmake_prefix_path.sh'
[20.471s] Level 1:colcon.colcon_core.environment:checking '/home/kazuma/ros2_ws_2/ros2_main/install/ros2_laser_scan_matcher/lib'
[20.471s] Level 1:colcon.colcon_core.environment:checking '/home/kazuma/ros2_ws_2/ros2_main/install/ros2_laser_scan_matcher/bin'
[20.471s] Level 1:colcon.colcon_core.environment:checking '/home/kazuma/ros2_ws_2/ros2_main/install/ros2_laser_scan_matcher/lib/pkgconfig/ros2_laser_scan_matcher.pc'
[20.471s] Level 1:colcon.colcon_core.environment:checking '/home/kazuma/ros2_ws_2/ros2_main/install/ros2_laser_scan_matcher/lib/python3.8/site-packages'
[20.472s] INFO:colcon.colcon_core.shell:Creating package script '/home/kazuma/ros2_ws_2/ros2_main/install/ros2_laser_scan_matcher/share/ros2_laser_scan_matcher/package.ps1'
[20.472s] INFO:colcon.colcon_core.shell:Creating package descriptor '/home/kazuma/ros2_ws_2/ros2_main/install/ros2_laser_scan_matcher/share/ros2_laser_scan_matcher/package.dsv'
[20.473s] INFO:colcon.colcon_core.shell:Creating package script '/home/kazuma/ros2_ws_2/ros2_main/install/ros2_laser_scan_matcher/share/ros2_laser_scan_matcher/package.sh'
[20.474s] INFO:colcon.colcon_core.shell:Creating package script '/home/kazuma/ros2_ws_2/ros2_main/install/ros2_laser_scan_matcher/share/ros2_laser_scan_matcher/package.bash'
[20.475s] INFO:colcon.colcon_core.shell:Creating package script '/home/kazuma/ros2_ws_2/ros2_main/install/ros2_laser_scan_matcher/share/ros2_laser_scan_matcher/package.zsh'
[20.476s] Level 1:colcon.colcon_core.environment:create_file_with_runtime_dependencies(/home/kazuma/ros2_ws_2/ros2_main/install/ros2_laser_scan_matcher/share/colcon-core/packages/ros2_laser_scan_matcher)
[20.516s] Level 1:colcon.colcon_core.environment:create_environment_scripts_only(ros2_laser_scan_matcher)
[20.517s] Level 1:colcon.colcon_core.environment:checking '/home/kazuma/ros2_ws_2/ros2_main/install/ros2_laser_scan_matcher' for CMake module files
[20.517s] Level 1:colcon.colcon_core.environment:checking '/home/kazuma/ros2_ws_2/ros2_main/install/ros2_laser_scan_matcher' for CMake config files
[20.518s] Level 1:colcon.colcon_core.shell:create_environment_hook('ros2_laser_scan_matcher', 'cmake_prefix_path')
[20.518s] INFO:colcon.colcon_core.shell:Creating environment hook '/home/kazuma/ros2_ws_2/ros2_main/install/ros2_laser_scan_matcher/share/ros2_laser_scan_matcher/hook/cmake_prefix_path.ps1'
[20.519s] INFO:colcon.colcon_core.shell:Creating environment descriptor '/home/kazuma/ros2_ws_2/ros2_main/install/ros2_laser_scan_matcher/share/ros2_laser_scan_matcher/hook/cmake_prefix_path.dsv'
[20.519s] INFO:colcon.colcon_core.shell:Creating environment hook '/home/kazuma/ros2_ws_2/ros2_main/install/ros2_laser_scan_matcher/share/ros2_laser_scan_matcher/hook/cmake_prefix_path.sh'
[20.520s] Level 1:colcon.colcon_core.environment:checking '/home/kazuma/ros2_ws_2/ros2_main/install/ros2_laser_scan_matcher/lib'
[20.521s] Level 1:colcon.colcon_core.environment:checking '/home/kazuma/ros2_ws_2/ros2_main/install/ros2_laser_scan_matcher/bin'
[20.521s] Level 1:colcon.colcon_core.environment:checking '/home/kazuma/ros2_ws_2/ros2_main/install/ros2_laser_scan_matcher/lib/pkgconfig/ros2_laser_scan_matcher.pc'
[20.521s] Level 1:colcon.colcon_core.environment:checking '/home/kazuma/ros2_ws_2/ros2_main/install/ros2_laser_scan_matcher/lib/python3.8/site-packages'
[20.522s] INFO:colcon.colcon_core.shell:Creating package script '/home/kazuma/ros2_ws_2/ros2_main/install/ros2_laser_scan_matcher/share/ros2_laser_scan_matcher/package.ps1'
[20.523s] INFO:colcon.colcon_core.shell:Creating package descriptor '/home/kazuma/ros2_ws_2/ros2_main/install/ros2_laser_scan_matcher/share/ros2_laser_scan_matcher/package.dsv'
[20.523s] INFO:colcon.colcon_core.shell:Creating package script '/home/kazuma/ros2_ws_2/ros2_main/install/ros2_laser_scan_matcher/share/ros2_laser_scan_matcher/package.sh'
[20.524s] INFO:colcon.colcon_core.shell:Creating package script '/home/kazuma/ros2_ws_2/ros2_main/install/ros2_laser_scan_matcher/share/ros2_laser_scan_matcher/package.bash'
[20.524s] INFO:colcon.colcon_core.shell:Creating package script '/home/kazuma/ros2_ws_2/ros2_main/install/ros2_laser_scan_matcher/share/ros2_laser_scan_matcher/package.zsh'
[20.525s] Level 1:colcon.colcon_core.environment:create_file_with_runtime_dependencies(/home/kazuma/ros2_ws_2/ros2_main/install/ros2_laser_scan_matcher/share/colcon-core/packages/ros2_laser_scan_matcher)
[20.526s] DEBUG:colcon.colcon_parallel_executor.executor.parallel:closing loop
[20.527s] DEBUG:colcon.colcon_parallel_executor.executor.parallel:loop closed
[20.527s] DEBUG:colcon.colcon_parallel_executor.executor.parallel:run_until_complete finished with '0'
[20.528s] DEBUG:colcon.colcon_core.event_reactor:joining thread
[20.608s] INFO:colcon.colcon_core.plugin_system:Skipping extension 'colcon_notification.desktop_notification.notify_send': Could not find 'notify-send'
[20.608s] INFO:colcon.colcon_core.plugin_system:Skipping extension 'colcon_notification.desktop_notification.terminal_notifier': Not used on non-Darwin systems
[20.608s] INFO:colcon.colcon_core.plugin_system:Skipping extension 'colcon_notification.desktop_notification.win32': Not used on non-Windows systems
[20.608s] INFO:colcon.colcon_notification.desktop_notification:Sending desktop notification using 'notify2'
[20.636s] DEBUG:colcon.colcon_notification.desktop_notification.notify2:Failed to initialize notify2: org.freedesktop.DBus.Error.ServiceUnknown: The name org.freedesktop.Notifications was not provided by any .service files
[20.636s] DEBUG:colcon.colcon_core.event_reactor:joined thread
[20.637s] INFO:colcon.colcon_core.shell:Creating prefix script '/home/kazuma/ros2_ws_2/ros2_main/install/local_setup.ps1'
[20.638s] INFO:colcon.colcon_core.shell:Creating prefix util module '/home/kazuma/ros2_ws_2/ros2_main/install/_local_setup_util_ps1.py'
[20.640s] INFO:colcon.colcon_core.shell:Creating prefix chain script '/home/kazuma/ros2_ws_2/ros2_main/install/setup.ps1'
[20.644s] INFO:colcon.colcon_core.shell:Creating prefix script '/home/kazuma/ros2_ws_2/ros2_main/install/local_setup.sh'
[20.644s] INFO:colcon.colcon_core.shell:Creating prefix util module '/home/kazuma/ros2_ws_2/ros2_main/install/_local_setup_util_sh.py'
[20.645s] INFO:colcon.colcon_core.shell:Creating prefix chain script '/home/kazuma/ros2_ws_2/ros2_main/install/setup.sh'
[20.650s] INFO:colcon.colcon_core.shell:Creating prefix script '/home/kazuma/ros2_ws_2/ros2_main/install/local_setup.bash'
[20.651s] INFO:colcon.colcon_core.shell:Creating prefix chain script '/home/kazuma/ros2_ws_2/ros2_main/install/setup.bash'
[20.654s] INFO:colcon.colcon_core.shell:Creating prefix script '/home/kazuma/ros2_ws_2/ros2_main/install/local_setup.zsh'
[20.655s] INFO:colcon.colcon_core.shell:Creating prefix chain script '/home/kazuma/ros2_ws_2/ros2_main/install/setup.zsh'
