[0.018s] Invoking command in '/home/ryuzot/ros2_ws/build/socketcan_interface_msg': CMAKE_PREFIX_PATH=${CMAKE_PREFIX_PATH}:/opt/ros/galactic /usr/bin/cmake /home/ryuzot/ros2_ws/src/socketcan_interface_msg -DCMAKE_EXPORT_COMPILE_COMMANDS=ON -G Ninja -DCMAKE_INSTALL_PREFIX=/home/ryuzot/ros2_ws/install/socketcan_interface_msg
[0.029s] -- Found ament_cmake: 1.1.5 (/opt/ros/galactic/share/ament_cmake/cmake)
[0.044s] -- Found PythonInterp: /usr/bin/python3 (found suitable version "3.8.10", minimum required is "3") 
[0.044s] -- Using PYTHON_EXECUTABLE: /usr/bin/python3
[0.084s] -- Found rosidl_default_generators: 1.1.1 (/opt/ros/galactic/share/rosidl_default_generators/cmake)
[0.086s] -- Using all available rosidl_typesupport_c: rosidl_typesupport_fastrtps_c;rosidl_typesupport_introspection_c
[0.089s] -- Found rosidl_adapter: 2.2.1 (/opt/ros/galactic/share/rosidl_adapter/cmake)
[7.258s] -- Using all available rosidl_typesupport_cpp: rosidl_typesupport_fastrtps_cpp;rosidl_typesupport_introspection_cpp
[7.292s] -- Found PythonInterp: /usr/bin/python3 (found version "3.8.10") 
[7.370s] -- Found ament_cmake_ros: 0.9.2 (/opt/ros/galactic/share/ament_cmake_ros/cmake)
[13.865s] -- Using all available rosidl_typesupport_c: rosidl_typesupport_fastrtps_c;rosidl_typesupport_introspection_c
[13.870s] -- Using all available rosidl_typesupport_cpp: rosidl_typesupport_fastrtps_cpp;rosidl_typesupport_introspection_cpp
[13.887s] -- Found PythonInterp: /usr/bin/python3 (found suitable version "3.8.10", minimum required is "3.5") 
[13.887s] -- Found python_cmake_module: 0.8.1 (/opt/ros/galactic/share/python_cmake_module/cmake)
[13.904s] -- Using PYTHON_EXECUTABLE: /usr/bin/python3
[13.904s] -- Using PYTHON_INCLUDE_DIRS: /usr/include/python3.8
[13.904s] -- Using PYTHON_LIBRARIES: /usr/lib/x86_64-linux-gnu/libpython3.8.so
[13.914s] -- Found ament_lint_auto: 0.10.6 (/opt/ros/galactic/share/ament_lint_auto/cmake)
[13.920s] -- Added test 'copyright' to check source files copyright and LICENSE
[13.922s] -- Added test 'lint_cmake' to check CMake code style
[13.922s] -- Added test 'xmllint' to check XML markup files
[13.924s] -- Configuring done
[13.937s] -- Generating done
[13.938s] -- Build files have been written to: /home/ryuzot/ros2_ws/build/socketcan_interface_msg
[13.944s] Invoked command in '/home/ryuzot/ros2_ws/build/socketcan_interface_msg' returned '0': CMAKE_PREFIX_PATH=${CMAKE_PREFIX_PATH}:/opt/ros/galactic /usr/bin/cmake /home/ryuzot/ros2_ws/src/socketcan_interface_msg -DCMAKE_EXPORT_COMPILE_COMMANDS=ON -G Ninja -DCMAKE_INSTALL_PREFIX=/home/ryuzot/ros2_ws/install/socketcan_interface_msg
[13.946s] Invoking command in '/home/ryuzot/ros2_ws/build/socketcan_interface_msg': CMAKE_PREFIX_PATH=${CMAKE_PREFIX_PATH}:/opt/ros/galactic /usr/bin/cmake --build /home/ryuzot/ros2_ws/build/socketcan_interface_msg -- -j24 -l24
[13.954s] ninja: no work to do.
[13.956s] Invoked command in '/home/ryuzot/ros2_ws/build/socketcan_interface_msg' returned '0': CMAKE_PREFIX_PATH=${CMAKE_PREFIX_PATH}:/opt/ros/galactic /usr/bin/cmake --build /home/ryuzot/ros2_ws/build/socketcan_interface_msg -- -j24 -l24
[13.977s] Invoking command in '/home/ryuzot/ros2_ws/build/socketcan_interface_msg': CMAKE_PREFIX_PATH=${CMAKE_PREFIX_PATH}:/opt/ros/galactic /usr/bin/cmake --install /home/ryuzot/ros2_ws/build/socketcan_interface_msg
[13.982s] -- Install configuration: ""
[13.982s] -- Installing: /home/ryuzot/ros2_ws/install/socketcan_interface_msg/share/ament_index/resource_index/rosidl_interfaces/socketcan_interface_msg
[13.983s] -- Up-to-date: /home/ryuzot/ros2_ws/install/socketcan_interface_msg/include/socketcan_interface_msg
[13.983s] -- Up-to-date: /home/ryuzot/ros2_ws/install/socketcan_interface_msg/include/socketcan_interface_msg/msg
[13.983s] -- Installing: /home/ryuzot/ros2_ws/install/socketcan_interface_msg/include/socketcan_interface_msg/msg/socketcan_if.h
[13.983s] -- Installing: /home/ryuzot/ros2_ws/install/socketcan_interface_msg/include/socketcan_interface_msg/msg/rosidl_generator_c__visibility_control.h
[13.983s] -- Up-to-date: /home/ryuzot/ros2_ws/install/socketcan_interface_msg/include/socketcan_interface_msg/msg/detail
[13.983s] -- Installing: /home/ryuzot/ros2_ws/install/socketcan_interface_msg/include/socketcan_interface_msg/msg/detail/socketcan_if__type_support.h
[13.983s] -- Installing: /home/ryuzot/ros2_ws/install/socketcan_interface_msg/include/socketcan_interface_msg/msg/detail/socketcan_if__functions.h
[13.984s] -- Installing: /home/ryuzot/ros2_ws/install/socketcan_interface_msg/include/socketcan_interface_msg/msg/detail/socketcan_if__struct.h
[13.984s] -- Installing: /home/ryuzot/ros2_ws/install/socketcan_interface_msg/include/socketcan_interface_msg/msg/detail/socketcan_if__functions.c
[13.984s] -- Up-to-date: /home/ryuzot/ros2_ws/install/socketcan_interface_msg/share/socketcan_interface_msg/environment/library_path.sh
[13.984s] -- Installing: /home/ryuzot/ros2_ws/install/socketcan_interface_msg/share/socketcan_interface_msg/environment/library_path.dsv
[13.984s] -- Installing: /home/ryuzot/ros2_ws/install/socketcan_interface_msg/lib/libsocketcan_interface_msg__rosidl_generator_c.so
[13.984s] -- Set runtime path of "/home/ryuzot/ros2_ws/install/socketcan_interface_msg/lib/libsocketcan_interface_msg__rosidl_generator_c.so" to ""
[13.985s] -- Up-to-date: /home/ryuzot/ros2_ws/install/socketcan_interface_msg/include/socketcan_interface_msg
[13.985s] -- Up-to-date: /home/ryuzot/ros2_ws/install/socketcan_interface_msg/include/socketcan_interface_msg/msg
[13.985s] -- Installing: /home/ryuzot/ros2_ws/install/socketcan_interface_msg/include/socketcan_interface_msg/msg/rosidl_typesupport_fastrtps_c__visibility_control.h
[13.985s] -- Up-to-date: /home/ryuzot/ros2_ws/install/socketcan_interface_msg/include/socketcan_interface_msg/msg/detail
[13.985s] -- Installing: /home/ryuzot/ros2_ws/install/socketcan_interface_msg/include/socketcan_interface_msg/msg/detail/socketcan_if__rosidl_typesupport_fastrtps_c.h
[13.985s] -- Installing: /home/ryuzot/ros2_ws/install/socketcan_interface_msg/lib/libsocketcan_interface_msg__rosidl_typesupport_fastrtps_c.so
[13.985s] -- Set runtime path of "/home/ryuzot/ros2_ws/install/socketcan_interface_msg/lib/libsocketcan_interface_msg__rosidl_typesupport_fastrtps_c.so" to ""
[13.985s] -- Up-to-date: /home/ryuzot/ros2_ws/install/socketcan_interface_msg/include/socketcan_interface_msg
[13.986s] -- Up-to-date: /home/ryuzot/ros2_ws/install/socketcan_interface_msg/include/socketcan_interface_msg/msg
[13.986s] -- Installing: /home/ryuzot/ros2_ws/install/socketcan_interface_msg/include/socketcan_interface_msg/msg/rosidl_typesupport_fastrtps_cpp__visibility_control.h
[13.986s] -- Up-to-date: /home/ryuzot/ros2_ws/install/socketcan_interface_msg/include/socketcan_interface_msg/msg/detail
[13.986s] -- Installing: /home/ryuzot/ros2_ws/install/socketcan_interface_msg/include/socketcan_interface_msg/msg/detail/socketcan_if__rosidl_typesupport_fastrtps_cpp.hpp
[13.986s] -- Up-to-date: /home/ryuzot/ros2_ws/install/socketcan_interface_msg/include/socketcan_interface_msg/msg/detail/dds_fastrtps
[13.987s] -- Installing: /home/ryuzot/ros2_ws/install/socketcan_interface_msg/lib/libsocketcan_interface_msg__rosidl_typesupport_fastrtps_cpp.so
[13.987s] -- Set runtime path of "/home/ryuzot/ros2_ws/install/socketcan_interface_msg/lib/libsocketcan_interface_msg__rosidl_typesupport_fastrtps_cpp.so" to ""
[13.987s] -- Up-to-date: /home/ryuzot/ros2_ws/install/socketcan_interface_msg/include/socketcan_interface_msg
[13.987s] -- Up-to-date: /home/ryuzot/ros2_ws/install/socketcan_interface_msg/include/socketcan_interface_msg/msg
[13.987s] -- Installing: /home/ryuzot/ros2_ws/install/socketcan_interface_msg/include/socketcan_interface_msg/msg/rosidl_typesupport_introspection_c__visibility_control.h
[13.988s] -- Up-to-date: /home/ryuzot/ros2_ws/install/socketcan_interface_msg/include/socketcan_interface_msg/msg/detail
[13.988s] -- Installing: /home/ryuzot/ros2_ws/install/socketcan_interface_msg/include/socketcan_interface_msg/msg/detail/socketcan_if__type_support.c
[13.988s] -- Installing: /home/ryuzot/ros2_ws/install/socketcan_interface_msg/include/socketcan_interface_msg/msg/detail/socketcan_if__rosidl_typesupport_introspection_c.h
[13.988s] -- Installing: /home/ryuzot/ros2_ws/install/socketcan_interface_msg/lib/libsocketcan_interface_msg__rosidl_typesupport_introspection_c.so
[13.988s] -- Set runtime path of "/home/ryuzot/ros2_ws/install/socketcan_interface_msg/lib/libsocketcan_interface_msg__rosidl_typesupport_introspection_c.so" to ""
[13.988s] -- Installing: /home/ryuzot/ros2_ws/install/socketcan_interface_msg/lib/libsocketcan_interface_msg__rosidl_typesupport_c.so
[13.988s] -- Set runtime path of "/home/ryuzot/ros2_ws/install/socketcan_interface_msg/lib/libsocketcan_interface_msg__rosidl_typesupport_c.so" to ""
[13.988s] -- Up-to-date: /home/ryuzot/ros2_ws/install/socketcan_interface_msg/include/socketcan_interface_msg
[13.989s] -- Up-to-date: /home/ryuzot/ros2_ws/install/socketcan_interface_msg/include/socketcan_interface_msg/msg
[13.989s] -- Installing: /home/ryuzot/ros2_ws/install/socketcan_interface_msg/include/socketcan_interface_msg/msg/socketcan_if.hpp
[13.989s] -- Up-to-date: /home/ryuzot/ros2_ws/install/socketcan_interface_msg/include/socketcan_interface_msg/msg/detail
[13.989s] -- Installing: /home/ryuzot/ros2_ws/install/socketcan_interface_msg/include/socketcan_interface_msg/msg/detail/socketcan_if__traits.hpp
[13.989s] -- Installing: /home/ryuzot/ros2_ws/install/socketcan_interface_msg/include/socketcan_interface_msg/msg/detail/socketcan_if__builder.hpp
[13.989s] -- Installing: /home/ryuzot/ros2_ws/install/socketcan_interface_msg/include/socketcan_interface_msg/msg/detail/socketcan_if__struct.hpp
[13.990s] -- Up-to-date: /home/ryuzot/ros2_ws/install/socketcan_interface_msg/include/socketcan_interface_msg
[13.990s] -- Up-to-date: /home/ryuzot/ros2_ws/install/socketcan_interface_msg/include/socketcan_interface_msg/msg
[13.990s] -- Up-to-date: /home/ryuzot/ros2_ws/install/socketcan_interface_msg/include/socketcan_interface_msg/msg/detail
[13.990s] -- Installing: /home/ryuzot/ros2_ws/install/socketcan_interface_msg/include/socketcan_interface_msg/msg/detail/socketcan_if__rosidl_typesupport_introspection_cpp.hpp
[13.990s] -- Installing: /home/ryuzot/ros2_ws/install/socketcan_interface_msg/include/socketcan_interface_msg/msg/detail/socketcan_if__type_support.cpp
[13.990s] -- Installing: /home/ryuzot/ros2_ws/install/socketcan_interface_msg/lib/libsocketcan_interface_msg__rosidl_typesupport_introspection_cpp.so
[13.990s] -- Set runtime path of "/home/ryuzot/ros2_ws/install/socketcan_interface_msg/lib/libsocketcan_interface_msg__rosidl_typesupport_introspection_cpp.so" to ""
[13.990s] -- Installing: /home/ryuzot/ros2_ws/install/socketcan_interface_msg/lib/libsocketcan_interface_msg__rosidl_typesupport_cpp.so
[13.990s] -- Set runtime path of "/home/ryuzot/ros2_ws/install/socketcan_interface_msg/lib/libsocketcan_interface_msg__rosidl_typesupport_cpp.so" to ""
[13.990s] -- Installing: /home/ryuzot/ros2_ws/install/socketcan_interface_msg/share/socketcan_interface_msg/environment/pythonpath.sh
[13.990s] -- Installing: /home/ryuzot/ros2_ws/install/socketcan_interface_msg/share/socketcan_interface_msg/environment/pythonpath.dsv
[13.990s] -- Installing: /home/ryuzot/ros2_ws/install/socketcan_interface_msg/lib/python3.8/site-packages/socketcan_interface_msg/__init__.py
[14.010s] Compiling '/home/ryuzot/ros2_ws/install/socketcan_interface_msg/lib/python3.8/site-packages/socketcan_interface_msg/__init__.py'...
[14.013s] -- Up-to-date: /home/ryuzot/ros2_ws/install/socketcan_interface_msg/lib/python3.8/site-packages/socketcan_interface_msg/msg
[14.013s] -- Installing: /home/ryuzot/ros2_ws/install/socketcan_interface_msg/lib/python3.8/site-packages/socketcan_interface_msg/msg/_socketcan_if_s.c
[14.013s] -- Installing: /home/ryuzot/ros2_ws/install/socketcan_interface_msg/lib/python3.8/site-packages/socketcan_interface_msg/msg/_socketcan_if.py
[14.013s] -- Installing: /home/ryuzot/ros2_ws/install/socketcan_interface_msg/lib/python3.8/site-packages/socketcan_interface_msg/msg/__init__.py
[14.014s] -- Installing: /home/ryuzot/ros2_ws/install/socketcan_interface_msg/lib/python3.8/site-packages/socketcan_interface_msg/socketcan_interface_msg_s__rosidl_typesupport_fastrtps_c.cpython-38-x86_64-linux-gnu.so
[14.014s] -- Set runtime path of "/home/ryuzot/ros2_ws/install/socketcan_interface_msg/lib/python3.8/site-packages/socketcan_interface_msg/socketcan_interface_msg_s__rosidl_typesupport_fastrtps_c.cpython-38-x86_64-linux-gnu.so" to ""
[14.014s] -- Installing: /home/ryuzot/ros2_ws/install/socketcan_interface_msg/lib/python3.8/site-packages/socketcan_interface_msg/socketcan_interface_msg_s__rosidl_typesupport_introspection_c.cpython-38-x86_64-linux-gnu.so
[14.015s] -- Set runtime path of "/home/ryuzot/ros2_ws/install/socketcan_interface_msg/lib/python3.8/site-packages/socketcan_interface_msg/socketcan_interface_msg_s__rosidl_typesupport_introspection_c.cpython-38-x86_64-linux-gnu.so" to ""
[14.015s] -- Installing: /home/ryuzot/ros2_ws/install/socketcan_interface_msg/lib/python3.8/site-packages/socketcan_interface_msg/socketcan_interface_msg_s__rosidl_typesupport_c.cpython-38-x86_64-linux-gnu.so
[14.016s] -- Set runtime path of "/home/ryuzot/ros2_ws/install/socketcan_interface_msg/lib/python3.8/site-packages/socketcan_interface_msg/socketcan_interface_msg_s__rosidl_typesupport_c.cpython-38-x86_64-linux-gnu.so" to ""
[14.016s] -- Installing: /home/ryuzot/ros2_ws/install/socketcan_interface_msg/lib/libsocketcan_interface_msg__python.so
[14.016s] -- Set runtime path of "/home/ryuzot/ros2_ws/install/socketcan_interface_msg/lib/libsocketcan_interface_msg__python.so" to ""
[14.016s] -- Installing: /home/ryuzot/ros2_ws/install/socketcan_interface_msg/share/socketcan_interface_msg/msg/SocketcanIF.idl
[14.016s] -- Up-to-date: /home/ryuzot/ros2_ws/install/socketcan_interface_msg/share/socketcan_interface_msg/msg/SocketcanIF.msg
[14.016s] -- Installing: /home/ryuzot/ros2_ws/install/socketcan_interface_msg/share/ament_index/resource_index/package_run_dependencies/socketcan_interface_msg
[14.016s] -- Installing: /home/ryuzot/ros2_ws/install/socketcan_interface_msg/share/ament_index/resource_index/parent_prefix_path/socketcan_interface_msg
[14.017s] -- Up-to-date: /home/ryuzot/ros2_ws/install/socketcan_interface_msg/share/socketcan_interface_msg/environment/ament_prefix_path.sh
[14.017s] -- Installing: /home/ryuzot/ros2_ws/install/socketcan_interface_msg/share/socketcan_interface_msg/environment/ament_prefix_path.dsv
[14.017s] -- Up-to-date: /home/ryuzot/ros2_ws/install/socketcan_interface_msg/share/socketcan_interface_msg/environment/path.sh
[14.017s] -- Installing: /home/ryuzot/ros2_ws/install/socketcan_interface_msg/share/socketcan_interface_msg/environment/path.dsv
[14.017s] -- Installing: /home/ryuzot/ros2_ws/install/socketcan_interface_msg/share/socketcan_interface_msg/local_setup.bash
[14.018s] -- Installing: /home/ryuzot/ros2_ws/install/socketcan_interface_msg/share/socketcan_interface_msg/local_setup.sh
[14.018s] -- Installing: /home/ryuzot/ros2_ws/install/socketcan_interface_msg/share/socketcan_interface_msg/local_setup.zsh
[14.018s] -- Installing: /home/ryuzot/ros2_ws/install/socketcan_interface_msg/share/socketcan_interface_msg/local_setup.dsv
[14.018s] -- Installing: /home/ryuzot/ros2_ws/install/socketcan_interface_msg/share/socketcan_interface_msg/package.dsv
[14.018s] -- Installing: /home/ryuzot/ros2_ws/install/socketcan_interface_msg/share/ament_index/resource_index/packages/socketcan_interface_msg
[14.018s] -- Installing: /home/ryuzot/ros2_ws/install/socketcan_interface_msg/share/socketcan_interface_msg/cmake/socketcan_interface_msg__rosidl_generator_cExport.cmake
[14.018s] -- Installing: /home/ryuzot/ros2_ws/install/socketcan_interface_msg/share/socketcan_interface_msg/cmake/socketcan_interface_msg__rosidl_generator_cExport-noconfig.cmake
[14.019s] -- Installing: /home/ryuzot/ros2_ws/install/socketcan_interface_msg/share/socketcan_interface_msg/cmake/socketcan_interface_msg__rosidl_typesupport_introspection_cExport.cmake
[14.019s] -- Installing: /home/ryuzot/ros2_ws/install/socketcan_interface_msg/share/socketcan_interface_msg/cmake/socketcan_interface_msg__rosidl_typesupport_introspection_cExport-noconfig.cmake
[14.019s] -- Installing: /home/ryuzot/ros2_ws/install/socketcan_interface_msg/share/socketcan_interface_msg/cmake/socketcan_interface_msg__rosidl_typesupport_cExport.cmake
[14.019s] -- Installing: /home/ryuzot/ros2_ws/install/socketcan_interface_msg/share/socketcan_interface_msg/cmake/socketcan_interface_msg__rosidl_typesupport_cExport-noconfig.cmake
[14.020s] -- Installing: /home/ryuzot/ros2_ws/install/socketcan_interface_msg/share/socketcan_interface_msg/cmake/socketcan_interface_msg__rosidl_generator_cppExport.cmake
[14.020s] -- Installing: /home/ryuzot/ros2_ws/install/socketcan_interface_msg/share/socketcan_interface_msg/cmake/socketcan_interface_msg__rosidl_typesupport_introspection_cppExport.cmake
[14.020s] -- Installing: /home/ryuzot/ros2_ws/install/socketcan_interface_msg/share/socketcan_interface_msg/cmake/socketcan_interface_msg__rosidl_typesupport_introspection_cppExport-noconfig.cmake
[14.020s] -- Installing: /home/ryuzot/ros2_ws/install/socketcan_interface_msg/share/socketcan_interface_msg/cmake/socketcan_interface_msg__rosidl_typesupport_cppExport.cmake
[14.020s] -- Installing: /home/ryuzot/ros2_ws/install/socketcan_interface_msg/share/socketcan_interface_msg/cmake/socketcan_interface_msg__rosidl_typesupport_cppExport-noconfig.cmake
[14.021s] -- Installing: /home/ryuzot/ros2_ws/install/socketcan_interface_msg/share/socketcan_interface_msg/cmake/rosidl_cmake-extras.cmake
[14.021s] -- Installing: /home/ryuzot/ros2_ws/install/socketcan_interface_msg/share/socketcan_interface_msg/cmake/ament_cmake_export_dependencies-extras.cmake
[14.021s] -- Installing: /home/ryuzot/ros2_ws/install/socketcan_interface_msg/share/socketcan_interface_msg/cmake/ament_cmake_export_libraries-extras.cmake
[14.021s] -- Installing: /home/ryuzot/ros2_ws/install/socketcan_interface_msg/share/socketcan_interface_msg/cmake/ament_cmake_export_targets-extras.cmake
[14.021s] -- Installing: /home/ryuzot/ros2_ws/install/socketcan_interface_msg/share/socketcan_interface_msg/cmake/ament_cmake_export_include_directories-extras.cmake
[14.021s] -- Installing: /home/ryuzot/ros2_ws/install/socketcan_interface_msg/share/socketcan_interface_msg/cmake/rosidl_cmake_export_typesupport_libraries-extras.cmake
[14.022s] -- Installing: /home/ryuzot/ros2_ws/install/socketcan_interface_msg/share/socketcan_interface_msg/cmake/rosidl_cmake_export_typesupport_targets-extras.cmake
[14.022s] -- Installing: /home/ryuzot/ros2_ws/install/socketcan_interface_msg/share/socketcan_interface_msg/cmake/socketcan_interface_msgConfig.cmake
[14.022s] -- Installing: /home/ryuzot/ros2_ws/install/socketcan_interface_msg/share/socketcan_interface_msg/cmake/socketcan_interface_msgConfig-version.cmake
[14.022s] -- Up-to-date: /home/ryuzot/ros2_ws/install/socketcan_interface_msg/share/socketcan_interface_msg/package.xml
[14.025s] Invoked command in '/home/ryuzot/ros2_ws/build/socketcan_interface_msg' returned '0': CMAKE_PREFIX_PATH=${CMAKE_PREFIX_PATH}:/opt/ros/galactic /usr/bin/cmake --install /home/ryuzot/ros2_ws/build/socketcan_interface_msg
