[0.023s] Invoking command in '/home/ryuzot/ros2_ws/build/socketcan_interface_msg': CMAKE_PREFIX_PATH=${CMAKE_PREFIX_PATH}:/opt/ros/galactic /usr/bin/cmake --build /home/ryuzot/ros2_ws/build/socketcan_interface_msg -- -j24 -l24
[0.038s] ninja: no work to do.
[0.041s] Invoked command in '/home/ryuzot/ros2_ws/build/socketcan_interface_msg' returned '0': CMAKE_PREFIX_PATH=${CMAKE_PREFIX_PATH}:/opt/ros/galactic /usr/bin/cmake --build /home/ryuzot/ros2_ws/build/socketcan_interface_msg -- -j24 -l24
[0.091s] Invoking command in '/home/ryuzot/ros2_ws/build/socketcan_interface_msg': CMAKE_PREFIX_PATH=${CMAKE_PREFIX_PATH}:/opt/ros/galactic /usr/bin/cmake --install /home/ryuzot/ros2_ws/build/socketcan_interface_msg
[0.103s] -- Install configuration: ""
[0.105s] -- Execute custom install script
[0.106s] -- Up-to-date symlink: /home/ryuzot/ros2_ws/install/socketcan_interface_msg/share/ament_index/resource_index/rosidl_interfaces/socketcan_interface_msg
[0.107s] -- Up-to-date symlink: /home/ryuzot/ros2_ws/install/socketcan_interface_msg/include/socketcan_interface_msg/msg/detail/socketcan_if__functions.h
[0.108s] -- Up-to-date symlink: /home/ryuzot/ros2_ws/install/socketcan_interface_msg/include/socketcan_interface_msg/msg/detail/socketcan_if__struct.h
[0.108s] -- Up-to-date symlink: /home/ryuzot/ros2_ws/install/socketcan_interface_msg/include/socketcan_interface_msg/msg/detail/socketcan_if__type_support.h
[0.109s] -- Up-to-date symlink: /home/ryuzot/ros2_ws/install/socketcan_interface_msg/include/socketcan_interface_msg/msg/rosidl_generator_c__visibility_control.h
[0.109s] -- Up-to-date symlink: /home/ryuzot/ros2_ws/install/socketcan_interface_msg/include/socketcan_interface_msg/msg/socketcan_if.h
[0.110s] -- Up-to-date symlink: /home/ryuzot/ros2_ws/install/socketcan_interface_msg/share/socketcan_interface_msg/environment/library_path.sh
[0.110s] -- Up-to-date symlink: /home/ryuzot/ros2_ws/install/socketcan_interface_msg/share/socketcan_interface_msg/environment/library_path.dsv
[0.112s] -- Up-to-date symlink: /home/ryuzot/ros2_ws/install/socketcan_interface_msg/include/socketcan_interface_msg/msg/detail/socketcan_if__rosidl_typesupport_fastrtps_c.h
[0.112s] -- Up-to-date symlink: /home/ryuzot/ros2_ws/install/socketcan_interface_msg/include/socketcan_interface_msg/msg/rosidl_typesupport_fastrtps_c__visibility_control.h
[0.113s] -- Up-to-date symlink: /home/ryuzot/ros2_ws/install/socketcan_interface_msg/lib/libsocketcan_interface_msg__rosidl_typesupport_fastrtps_c.so
[0.114s] -- Up-to-date symlink: /home/ryuzot/ros2_ws/install/socketcan_interface_msg/include/socketcan_interface_msg/msg/detail/socketcan_if__rosidl_typesupport_fastrtps_cpp.hpp
[0.115s] -- Up-to-date symlink: /home/ryuzot/ros2_ws/install/socketcan_interface_msg/include/socketcan_interface_msg/msg/rosidl_typesupport_fastrtps_cpp__visibility_control.h
[0.116s] -- Up-to-date symlink: /home/ryuzot/ros2_ws/install/socketcan_interface_msg/lib/libsocketcan_interface_msg__rosidl_typesupport_fastrtps_cpp.so
[0.117s] -- Up-to-date symlink: /home/ryuzot/ros2_ws/install/socketcan_interface_msg/include/socketcan_interface_msg/msg/detail/socketcan_if__rosidl_typesupport_introspection_c.h
[0.118s] -- Up-to-date symlink: /home/ryuzot/ros2_ws/install/socketcan_interface_msg/include/socketcan_interface_msg/msg/rosidl_typesupport_introspection_c__visibility_control.h
[0.119s] -- Up-to-date symlink: /home/ryuzot/ros2_ws/install/socketcan_interface_msg/include/socketcan_interface_msg/msg/detail/socketcan_if__builder.hpp
[0.119s] -- Up-to-date symlink: /home/ryuzot/ros2_ws/install/socketcan_interface_msg/include/socketcan_interface_msg/msg/detail/socketcan_if__struct.hpp
[0.120s] -- Up-to-date symlink: /home/ryuzot/ros2_ws/install/socketcan_interface_msg/include/socketcan_interface_msg/msg/detail/socketcan_if__traits.hpp
[0.120s] -- Up-to-date symlink: /home/ryuzot/ros2_ws/install/socketcan_interface_msg/include/socketcan_interface_msg/msg/socketcan_if.hpp
[0.122s] -- Up-to-date symlink: /home/ryuzot/ros2_ws/install/socketcan_interface_msg/include/socketcan_interface_msg/msg/detail/socketcan_if__rosidl_typesupport_introspection_cpp.hpp
[0.122s] -- Up-to-date symlink: /home/ryuzot/ros2_ws/install/socketcan_interface_msg/share/socketcan_interface_msg/environment/pythonpath.sh
[0.123s] -- Up-to-date symlink: /home/ryuzot/ros2_ws/install/socketcan_interface_msg/share/socketcan_interface_msg/environment/pythonpath.dsv
[0.124s] -- Up-to-date symlink: /home/ryuzot/ros2_ws/install/socketcan_interface_msg/lib/python3.8/site-packages/socketcan_interface_msg/__init__.py
[0.125s] -- Up-to-date symlink: /home/ryuzot/ros2_ws/install/socketcan_interface_msg/lib/python3.8/site-packages/socketcan_interface_msg/msg/__init__.py
[0.125s] -- Up-to-date symlink: /home/ryuzot/ros2_ws/install/socketcan_interface_msg/lib/python3.8/site-packages/socketcan_interface_msg/msg/_socketcan_if.py
[0.126s] -- Up-to-date symlink: /home/ryuzot/ros2_ws/install/socketcan_interface_msg/lib/python3.8/site-packages/socketcan_interface_msg/socketcan_interface_msg_s__rosidl_typesupport_fastrtps_c.cpython-38-x86_64-linux-gnu.so
[0.127s] -- Up-to-date symlink: /home/ryuzot/ros2_ws/install/socketcan_interface_msg/lib/python3.8/site-packages/socketcan_interface_msg/socketcan_interface_msg_s__rosidl_typesupport_introspection_c.cpython-38-x86_64-linux-gnu.so
[0.128s] -- Up-to-date symlink: /home/ryuzot/ros2_ws/install/socketcan_interface_msg/lib/python3.8/site-packages/socketcan_interface_msg/socketcan_interface_msg_s__rosidl_typesupport_c.cpython-38-x86_64-linux-gnu.so
[0.128s] -- Up-to-date symlink: /home/ryuzot/ros2_ws/install/socketcan_interface_msg/lib/libsocketcan_interface_msg__python.so
[0.128s] -- Up-to-date symlink: /home/ryuzot/ros2_ws/install/socketcan_interface_msg/share/socketcan_interface_msg/msg/SocketcanIF.idl
[0.128s] -- Up-to-date symlink: /home/ryuzot/ros2_ws/install/socketcan_interface_msg/share/socketcan_interface_msg/msg/SocketcanIF.msg
[0.129s] -- Up-to-date symlink: /home/ryuzot/ros2_ws/install/socketcan_interface_msg/share/ament_index/resource_index/package_run_dependencies/socketcan_interface_msg
[0.129s] -- Up-to-date symlink: /home/ryuzot/ros2_ws/install/socketcan_interface_msg/share/ament_index/resource_index/parent_prefix_path/socketcan_interface_msg
[0.129s] -- Up-to-date symlink: /home/ryuzot/ros2_ws/install/socketcan_interface_msg/share/socketcan_interface_msg/environment/ament_prefix_path.sh
[0.129s] -- Up-to-date symlink: /home/ryuzot/ros2_ws/install/socketcan_interface_msg/share/socketcan_interface_msg/environment/ament_prefix_path.dsv
[0.129s] -- Up-to-date symlink: /home/ryuzot/ros2_ws/install/socketcan_interface_msg/share/socketcan_interface_msg/environment/path.sh
[0.130s] -- Up-to-date symlink: /home/ryuzot/ros2_ws/install/socketcan_interface_msg/share/socketcan_interface_msg/environment/path.dsv
[0.130s] -- Up-to-date symlink: /home/ryuzot/ros2_ws/install/socketcan_interface_msg/share/socketcan_interface_msg/local_setup.bash
[0.130s] -- Up-to-date symlink: /home/ryuzot/ros2_ws/install/socketcan_interface_msg/share/socketcan_interface_msg/local_setup.sh
[0.130s] -- Up-to-date symlink: /home/ryuzot/ros2_ws/install/socketcan_interface_msg/share/socketcan_interface_msg/local_setup.zsh
[0.131s] -- Up-to-date symlink: /home/ryuzot/ros2_ws/install/socketcan_interface_msg/share/socketcan_interface_msg/local_setup.dsv
[0.131s] -- Symlinking: /home/ryuzot/ros2_ws/install/socketcan_interface_msg/share/socketcan_interface_msg/package.dsv
[0.137s] -- Up-to-date symlink: /home/ryuzot/ros2_ws/install/socketcan_interface_msg/share/ament_index/resource_index/packages/socketcan_interface_msg
[0.137s] -- Up-to-date symlink: /home/ryuzot/ros2_ws/install/socketcan_interface_msg/share/socketcan_interface_msg/cmake/rosidl_cmake-extras.cmake
[0.137s] -- Up-to-date symlink: /home/ryuzot/ros2_ws/install/socketcan_interface_msg/share/socketcan_interface_msg/cmake/ament_cmake_export_dependencies-extras.cmake
[0.138s] -- Up-to-date symlink: /home/ryuzot/ros2_ws/install/socketcan_interface_msg/share/socketcan_interface_msg/cmake/ament_cmake_export_libraries-extras.cmake
[0.138s] -- Up-to-date symlink: /home/ryuzot/ros2_ws/install/socketcan_interface_msg/share/socketcan_interface_msg/cmake/ament_cmake_export_targets-extras.cmake
[0.138s] -- Up-to-date symlink: /home/ryuzot/ros2_ws/install/socketcan_interface_msg/share/socketcan_interface_msg/cmake/ament_cmake_export_include_directories-extras.cmake
[0.138s] -- Up-to-date symlink: /home/ryuzot/ros2_ws/install/socketcan_interface_msg/share/socketcan_interface_msg/cmake/rosidl_cmake_export_typesupport_libraries-extras.cmake
[0.139s] -- Up-to-date symlink: /home/ryuzot/ros2_ws/install/socketcan_interface_msg/share/socketcan_interface_msg/cmake/rosidl_cmake_export_typesupport_targets-extras.cmake
[0.139s] -- Up-to-date symlink: /home/ryuzot/ros2_ws/install/socketcan_interface_msg/share/socketcan_interface_msg/cmake/socketcan_interface_msgConfig.cmake
[0.139s] -- Up-to-date symlink: /home/ryuzot/ros2_ws/install/socketcan_interface_msg/share/socketcan_interface_msg/cmake/socketcan_interface_msgConfig-version.cmake
[0.139s] -- Up-to-date symlink: /home/ryuzot/ros2_ws/install/socketcan_interface_msg/share/socketcan_interface_msg/package.xml
[0.139s] -- Up-to-date: /home/ryuzot/ros2_ws/install/socketcan_interface_msg/lib/libsocketcan_interface_msg__rosidl_generator_c.so
[0.140s] -- Up-to-date: /home/ryuzot/ros2_ws/install/socketcan_interface_msg/lib/libsocketcan_interface_msg__rosidl_typesupport_introspection_c.so
[0.140s] -- Up-to-date: /home/ryuzot/ros2_ws/install/socketcan_interface_msg/lib/libsocketcan_interface_msg__rosidl_typesupport_c.so
[0.140s] -- Up-to-date: /home/ryuzot/ros2_ws/install/socketcan_interface_msg/lib/libsocketcan_interface_msg__rosidl_typesupport_introspection_cpp.so
[0.141s] -- Up-to-date: /home/ryuzot/ros2_ws/install/socketcan_interface_msg/lib/libsocketcan_interface_msg__rosidl_typesupport_cpp.so
[0.165s] -- Up-to-date: /home/ryuzot/ros2_ws/install/socketcan_interface_msg/share/socketcan_interface_msg/cmake/socketcan_interface_msg__rosidl_generator_cExport.cmake
[0.165s] -- Up-to-date: /home/ryuzot/ros2_ws/install/socketcan_interface_msg/share/socketcan_interface_msg/cmake/socketcan_interface_msg__rosidl_generator_cExport-noconfig.cmake
[0.165s] -- Up-to-date: /home/ryuzot/ros2_ws/install/socketcan_interface_msg/share/socketcan_interface_msg/cmake/socketcan_interface_msg__rosidl_typesupport_introspection_cExport.cmake
[0.165s] -- Up-to-date: /home/ryuzot/ros2_ws/install/socketcan_interface_msg/share/socketcan_interface_msg/cmake/socketcan_interface_msg__rosidl_typesupport_introspection_cExport-noconfig.cmake
[0.165s] -- Up-to-date: /home/ryuzot/ros2_ws/install/socketcan_interface_msg/share/socketcan_interface_msg/cmake/socketcan_interface_msg__rosidl_typesupport_cExport.cmake
[0.166s] -- Up-to-date: /home/ryuzot/ros2_ws/install/socketcan_interface_msg/share/socketcan_interface_msg/cmake/socketcan_interface_msg__rosidl_typesupport_cExport-noconfig.cmake
[0.166s] -- Up-to-date: /home/ryuzot/ros2_ws/install/socketcan_interface_msg/share/socketcan_interface_msg/cmake/socketcan_interface_msg__rosidl_generator_cppExport.cmake
[0.166s] -- Up-to-date: /home/ryuzot/ros2_ws/install/socketcan_interface_msg/share/socketcan_interface_msg/cmake/socketcan_interface_msg__rosidl_typesupport_introspection_cppExport.cmake
[0.166s] -- Up-to-date: /home/ryuzot/ros2_ws/install/socketcan_interface_msg/share/socketcan_interface_msg/cmake/socketcan_interface_msg__rosidl_typesupport_introspection_cppExport-noconfig.cmake
[0.166s] -- Up-to-date: /home/ryuzot/ros2_ws/install/socketcan_interface_msg/share/socketcan_interface_msg/cmake/socketcan_interface_msg__rosidl_typesupport_cppExport.cmake
[0.166s] -- Up-to-date: /home/ryuzot/ros2_ws/install/socketcan_interface_msg/share/socketcan_interface_msg/cmake/socketcan_interface_msg__rosidl_typesupport_cppExport-noconfig.cmake
[0.169s] Invoked command in '/home/ryuzot/ros2_ws/build/socketcan_interface_msg' returned '0': CMAKE_PREFIX_PATH=${CMAKE_PREFIX_PATH}:/opt/ros/galactic /usr/bin/cmake --install /home/ryuzot/ros2_ws/build/socketcan_interface_msg
