[0.498s] DEBUG:colcon:Command line arguments: ['/home/ryuzot/.local/bin/colcon', 'build', '--cmake-args', '-DCMAKE_EXPORT_COMPILE_COMMANDS=ON', '-G', 'Ninja', '--allow-overriding', 'main_executor', 'socketcan_interface', 'socketcan_interface_msg', '--log-level', 'debug', 'build', '--symlink-install']
[0.498s] DEBUG:colcon:Parsed command line arguments: Namespace(allow_overriding=['main_executor', 'socketcan_interface', 'socketcan_interface_msg', '--log-level', 'debug', 'build'], ament_cmake_args=None, base_paths=['.'], build_base='build', catkin_cmake_args=None, catkin_skip_building_tests=False, cmake_args=['-DCMAKE_EXPORT_COMPILE_COMMANDS=ON', '-G', 'Ninja'], cmake_clean_cache=False, cmake_clean_first=False, cmake_force_configure=False, cmake_target=None, cmake_target_skip_unavailable=False, continue_on_error=False, event_handlers=None, executor='parallel', ignore_user_meta=False, install_base='install', log_base=None, log_level=None, main=<bound method BuildVerb.main of <colcon_core.verb.build.BuildVerb object at 0x7f29a04d50d0>>, merge_install=False, metas=['./colcon.meta'], packages_above=None, packages_above_and_dependencies=None, packages_above_depth=None, packages_end=None, packages_ignore=None, packages_ignore_regex=None, packages_select=None, packages_select_build_failed=False, packages_select_by_dep=None, packages_select_regex=None, packages_select_test_failures=False, packages_skip=None, packages_skip_build_finished=False, packages_skip_by_dep=None, packages_skip_regex=None, packages_skip_test_passed=False, packages_skip_up_to=None, packages_start=None, packages_up_to=None, packages_up_to_regex=None, parallel_workers=24, paths=None, symlink_install=True, test_result_base=None, verb_extension=<colcon_core.verb.build.BuildVerb object at 0x7f29a04d50d0>, verb_name='build', verb_parser=<colcon_defaults.argument_parser.defaults.DefaultArgumentsDecorator object at 0x7f299fb0eaf0>)
[0.507s] Level 1:colcon.colcon_core.package_discovery:discover_packages(colcon_meta) check parameters
[0.507s] Level 1:colcon.colcon_core.package_discovery:discover_packages(recursive) check parameters
[0.507s] Level 1:colcon.colcon_core.package_discovery:discover_packages(ignore) check parameters
[0.507s] Level 1:colcon.colcon_core.package_discovery:discover_packages(path) check parameters
[0.507s] Level 1:colcon.colcon_core.package_discovery:discover_packages(colcon_meta) discover
[0.508s] Level 1:colcon.colcon_core.package_discovery:discover_packages(recursive) discover
[0.508s] INFO:colcon.colcon_core.package_discovery:Crawling recursively for packages in '/home/ryuzot/ros2_ws'
[0.508s] Level 1:colcon.colcon_core.package_identification:_identify(.) by extensions ['ignore', 'ignore_ament_install']
[0.508s] Level 1:colcon.colcon_core.package_identification:_identify(.) by extension 'ignore'
[0.508s] Level 1:colcon.colcon_core.package_identification:_identify(.) by extension 'ignore_ament_install'
[0.508s] Level 1:colcon.colcon_core.package_identification:_identify(.) by extensions ['colcon_pkg']
[0.508s] Level 1:colcon.colcon_core.package_identification:_identify(.) by extension 'colcon_pkg'
[0.508s] Level 1:colcon.colcon_core.package_identification:_identify(.) by extensions ['colcon_meta']
[0.508s] Level 1:colcon.colcon_core.package_identification:_identify(.) by extension 'colcon_meta'
[0.508s] Level 1:colcon.colcon_core.package_identification:_identify(.) by extensions ['ros']
[0.508s] Level 1:colcon.colcon_core.package_identification:_identify(.) by extension 'ros'
[0.516s] Level 1:colcon.colcon_core.package_identification:_identify(.) by extensions ['cmake', 'python']
[0.516s] Level 1:colcon.colcon_core.package_identification:_identify(.) by extension 'cmake'
[0.516s] Level 1:colcon.colcon_core.package_identification:_identify(.) by extension 'python'
[0.516s] Level 1:colcon.colcon_core.package_identification:_identify(.) by extensions ['python_setup_py']
[0.516s] Level 1:colcon.colcon_core.package_identification:_identify(.) by extension 'python_setup_py'
[0.516s] Level 1:colcon.colcon_core.package_identification:_identify(build) by extensions ['ignore', 'ignore_ament_install']
[0.516s] Level 1:colcon.colcon_core.package_identification:_identify(build) by extension 'ignore'
[0.516s] Level 1:colcon.colcon_core.package_identification:_identify(build) ignored
[0.516s] Level 1:colcon.colcon_core.package_identification:_identify(install) by extensions ['ignore', 'ignore_ament_install']
[0.516s] Level 1:colcon.colcon_core.package_identification:_identify(install) by extension 'ignore'
[0.516s] Level 1:colcon.colcon_core.package_identification:_identify(install) ignored
[0.516s] Level 1:colcon.colcon_core.package_identification:_identify(log) by extensions ['ignore', 'ignore_ament_install']
[0.517s] Level 1:colcon.colcon_core.package_identification:_identify(log) by extension 'ignore'
[0.517s] Level 1:colcon.colcon_core.package_identification:_identify(log) ignored
[0.517s] Level 1:colcon.colcon_core.package_identification:_identify(src) by extensions ['ignore', 'ignore_ament_install']
[0.517s] Level 1:colcon.colcon_core.package_identification:_identify(src) by extension 'ignore'
[0.517s] Level 1:colcon.colcon_core.package_identification:_identify(src) by extension 'ignore_ament_install'
[0.517s] Level 1:colcon.colcon_core.package_identification:_identify(src) by extensions ['colcon_pkg']
[0.517s] Level 1:colcon.colcon_core.package_identification:_identify(src) by extension 'colcon_pkg'
[0.517s] Level 1:colcon.colcon_core.package_identification:_identify(src) by extensions ['colcon_meta']
[0.517s] Level 1:colcon.colcon_core.package_identification:_identify(src) by extension 'colcon_meta'
[0.517s] Level 1:colcon.colcon_core.package_identification:_identify(src) by extensions ['ros']
[0.517s] Level 1:colcon.colcon_core.package_identification:_identify(src) by extension 'ros'
[0.517s] Level 1:colcon.colcon_core.package_identification:_identify(src) by extensions ['cmake', 'python']
[0.517s] Level 1:colcon.colcon_core.package_identification:_identify(src) by extension 'cmake'
[0.517s] Level 1:colcon.colcon_core.package_identification:_identify(src) by extension 'python'
[0.517s] Level 1:colcon.colcon_core.package_identification:_identify(src) by extensions ['python_setup_py']
[0.517s] Level 1:colcon.colcon_core.package_identification:_identify(src) by extension 'python_setup_py'
[0.517s] Level 1:colcon.colcon_core.package_identification:_identify(src/main_executor) by extensions ['ignore', 'ignore_ament_install']
[0.517s] Level 1:colcon.colcon_core.package_identification:_identify(src/main_executor) by extension 'ignore'
[0.517s] Level 1:colcon.colcon_core.package_identification:_identify(src/main_executor) by extension 'ignore_ament_install'
[0.517s] Level 1:colcon.colcon_core.package_identification:_identify(src/main_executor) by extensions ['colcon_pkg']
[0.517s] Level 1:colcon.colcon_core.package_identification:_identify(src/main_executor) by extension 'colcon_pkg'
[0.517s] Level 1:colcon.colcon_core.package_identification:_identify(src/main_executor) by extensions ['colcon_meta']
[0.517s] Level 1:colcon.colcon_core.package_identification:_identify(src/main_executor) by extension 'colcon_meta'
[0.517s] Level 1:colcon.colcon_core.package_identification:_identify(src/main_executor) by extensions ['ros']
[0.517s] Level 1:colcon.colcon_core.package_identification:_identify(src/main_executor) by extension 'ros'
[0.519s] DEBUG:colcon.colcon_core.package_identification:Package 'src/main_executor' with type 'ros.ament_cmake' and name 'main_executor'
[0.519s] Level 1:colcon.colcon_core.package_identification:_identify(src/socketcan_interface) by extensions ['ignore', 'ignore_ament_install']
[0.519s] Level 1:colcon.colcon_core.package_identification:_identify(src/socketcan_interface) by extension 'ignore'
[0.519s] Level 1:colcon.colcon_core.package_identification:_identify(src/socketcan_interface) by extension 'ignore_ament_install'
[0.519s] Level 1:colcon.colcon_core.package_identification:_identify(src/socketcan_interface) by extensions ['colcon_pkg']
[0.519s] Level 1:colcon.colcon_core.package_identification:_identify(src/socketcan_interface) by extension 'colcon_pkg'
[0.519s] Level 1:colcon.colcon_core.package_identification:_identify(src/socketcan_interface) by extensions ['colcon_meta']
[0.519s] Level 1:colcon.colcon_core.package_identification:_identify(src/socketcan_interface) by extension 'colcon_meta'
[0.519s] Level 1:colcon.colcon_core.package_identification:_identify(src/socketcan_interface) by extensions ['ros']
[0.519s] Level 1:colcon.colcon_core.package_identification:_identify(src/socketcan_interface) by extension 'ros'
[0.520s] DEBUG:colcon.colcon_core.package_identification:Package 'src/socketcan_interface' with type 'ros.ament_cmake' and name 'socketcan_interface'
[0.520s] Level 1:colcon.colcon_core.package_identification:_identify(src/socketcan_interface_msg) by extensions ['ignore', 'ignore_ament_install']
[0.520s] Level 1:colcon.colcon_core.package_identification:_identify(src/socketcan_interface_msg) by extension 'ignore'
[0.520s] Level 1:colcon.colcon_core.package_identification:_identify(src/socketcan_interface_msg) by extension 'ignore_ament_install'
[0.521s] Level 1:colcon.colcon_core.package_identification:_identify(src/socketcan_interface_msg) by extensions ['colcon_pkg']
[0.521s] Level 1:colcon.colcon_core.package_identification:_identify(src/socketcan_interface_msg) by extension 'colcon_pkg'
[0.521s] Level 1:colcon.colcon_core.package_identification:_identify(src/socketcan_interface_msg) by extensions ['colcon_meta']
[0.521s] Level 1:colcon.colcon_core.package_identification:_identify(src/socketcan_interface_msg) by extension 'colcon_meta'
[0.521s] Level 1:colcon.colcon_core.package_identification:_identify(src/socketcan_interface_msg) by extensions ['ros']
[0.521s] Level 1:colcon.colcon_core.package_identification:_identify(src/socketcan_interface_msg) by extension 'ros'
[0.521s] DEBUG:colcon.colcon_core.package_identification:Package 'src/socketcan_interface_msg' with type 'ros.ament_cmake' and name 'socketcan_interface_msg'
[0.521s] Level 1:colcon.colcon_core.package_identification:_identify(tools) by extensions ['ignore', 'ignore_ament_install']
[0.521s] Level 1:colcon.colcon_core.package_identification:_identify(tools) by extension 'ignore'
[0.521s] Level 1:colcon.colcon_core.package_identification:_identify(tools) by extension 'ignore_ament_install'
[0.521s] Level 1:colcon.colcon_core.package_identification:_identify(tools) by extensions ['colcon_pkg']
[0.521s] Level 1:colcon.colcon_core.package_identification:_identify(tools) by extension 'colcon_pkg'
[0.521s] Level 1:colcon.colcon_core.package_identification:_identify(tools) by extensions ['colcon_meta']
[0.521s] Level 1:colcon.colcon_core.package_identification:_identify(tools) by extension 'colcon_meta'
[0.521s] Level 1:colcon.colcon_core.package_identification:_identify(tools) by extensions ['ros']
[0.521s] Level 1:colcon.colcon_core.package_identification:_identify(tools) by extension 'ros'
[0.521s] Level 1:colcon.colcon_core.package_identification:_identify(tools) by extensions ['cmake', 'python']
[0.521s] Level 1:colcon.colcon_core.package_identification:_identify(tools) by extension 'cmake'
[0.521s] Level 1:colcon.colcon_core.package_identification:_identify(tools) by extension 'python'
[0.521s] Level 1:colcon.colcon_core.package_identification:_identify(tools) by extensions ['python_setup_py']
[0.522s] Level 1:colcon.colcon_core.package_identification:_identify(tools) by extension 'python_setup_py'
[0.522s] Level 1:colcon.colcon_core.package_discovery:discover_packages(recursive) using defaults
[0.522s] Level 1:colcon.colcon_core.package_discovery:discover_packages(ignore) discover
[0.522s] Level 1:colcon.colcon_core.package_discovery:discover_packages(ignore) using defaults
[0.522s] Level 1:colcon.colcon_core.package_discovery:discover_packages(path) discover
[0.522s] Level 1:colcon.colcon_core.package_discovery:discover_packages(path) using defaults
[0.544s] Level 5:colcon.colcon_core.verb:set package 'socketcan_interface_msg' build argument 'cmake_args' from command line to '['-DCMAKE_EXPORT_COMPILE_COMMANDS=ON', '-G', 'Ninja']'
[0.544s] Level 5:colcon.colcon_core.verb:set package 'socketcan_interface_msg' build argument 'cmake_target' from command line to 'None'
[0.544s] Level 5:colcon.colcon_core.verb:set package 'socketcan_interface_msg' build argument 'cmake_target_skip_unavailable' from command line to 'False'
[0.544s] Level 5:colcon.colcon_core.verb:set package 'socketcan_interface_msg' build argument 'cmake_clean_cache' from command line to 'False'
[0.544s] Level 5:colcon.colcon_core.verb:set package 'socketcan_interface_msg' build argument 'cmake_clean_first' from command line to 'False'
[0.544s] Level 5:colcon.colcon_core.verb:set package 'socketcan_interface_msg' build argument 'cmake_force_configure' from command line to 'False'
[0.544s] Level 5:colcon.colcon_core.verb:set package 'socketcan_interface_msg' build argument 'ament_cmake_args' from command line to 'None'
[0.544s] Level 5:colcon.colcon_core.verb:set package 'socketcan_interface_msg' build argument 'catkin_cmake_args' from command line to 'None'
[0.544s] Level 5:colcon.colcon_core.verb:set package 'socketcan_interface_msg' build argument 'catkin_skip_building_tests' from command line to 'False'
[0.544s] DEBUG:colcon.colcon_core.verb:Building package 'socketcan_interface_msg' with the following arguments: {'ament_cmake_args': None, 'build_base': '/home/ryuzot/ros2_ws/build/socketcan_interface_msg', 'catkin_cmake_args': None, 'catkin_skip_building_tests': False, 'cmake_args': ['-DCMAKE_EXPORT_COMPILE_COMMANDS=ON', '-G', 'Ninja'], 'cmake_clean_cache': False, 'cmake_clean_first': False, 'cmake_force_configure': False, 'cmake_target': None, 'cmake_target_skip_unavailable': False, 'install_base': '/home/ryuzot/ros2_ws/install/socketcan_interface_msg', 'merge_install': False, 'path': '/home/ryuzot/ros2_ws/src/socketcan_interface_msg', 'symlink_install': True, 'test_result_base': None}
[0.549s] Level 5:colcon.colcon_core.verb:set package 'socketcan_interface' build argument 'cmake_args' from command line to '['-DCMAKE_EXPORT_COMPILE_COMMANDS=ON', '-G', 'Ninja']'
[0.549s] Level 5:colcon.colcon_core.verb:set package 'socketcan_interface' build argument 'cmake_target' from command line to 'None'
[0.549s] Level 5:colcon.colcon_core.verb:set package 'socketcan_interface' build argument 'cmake_target_skip_unavailable' from command line to 'False'
[0.549s] Level 5:colcon.colcon_core.verb:set package 'socketcan_interface' build argument 'cmake_clean_cache' from command line to 'False'
[0.549s] Level 5:colcon.colcon_core.verb:set package 'socketcan_interface' build argument 'cmake_clean_first' from command line to 'False'
[0.549s] Level 5:colcon.colcon_core.verb:set package 'socketcan_interface' build argument 'cmake_force_configure' from command line to 'False'
[0.549s] Level 5:colcon.colcon_core.verb:set package 'socketcan_interface' build argument 'ament_cmake_args' from command line to 'None'
[0.549s] Level 5:colcon.colcon_core.verb:set package 'socketcan_interface' build argument 'catkin_cmake_args' from command line to 'None'
[0.549s] Level 5:colcon.colcon_core.verb:set package 'socketcan_interface' build argument 'catkin_skip_building_tests' from command line to 'False'
[0.549s] DEBUG:colcon.colcon_core.verb:Building package 'socketcan_interface' with the following arguments: {'ament_cmake_args': None, 'build_base': '/home/ryuzot/ros2_ws/build/socketcan_interface', 'catkin_cmake_args': None, 'catkin_skip_building_tests': False, 'cmake_args': ['-DCMAKE_EXPORT_COMPILE_COMMANDS=ON', '-G', 'Ninja'], 'cmake_clean_cache': False, 'cmake_clean_first': False, 'cmake_force_configure': False, 'cmake_target': None, 'cmake_target_skip_unavailable': False, 'install_base': '/home/ryuzot/ros2_ws/install/socketcan_interface', 'merge_install': False, 'path': '/home/ryuzot/ros2_ws/src/socketcan_interface', 'symlink_install': True, 'test_result_base': None}
[0.554s] Level 5:colcon.colcon_core.verb:set package 'main_executor' build argument 'cmake_args' from command line to '['-DCMAKE_EXPORT_COMPILE_COMMANDS=ON', '-G', 'Ninja']'
[0.554s] Level 5:colcon.colcon_core.verb:set package 'main_executor' build argument 'cmake_target' from command line to 'None'
[0.554s] Level 5:colcon.colcon_core.verb:set package 'main_executor' build argument 'cmake_target_skip_unavailable' from command line to 'False'
[0.554s] Level 5:colcon.colcon_core.verb:set package 'main_executor' build argument 'cmake_clean_cache' from command line to 'False'
[0.554s] Level 5:colcon.colcon_core.verb:set package 'main_executor' build argument 'cmake_clean_first' from command line to 'False'
[0.554s] Level 5:colcon.colcon_core.verb:set package 'main_executor' build argument 'cmake_force_configure' from command line to 'False'
[0.554s] Level 5:colcon.colcon_core.verb:set package 'main_executor' build argument 'ament_cmake_args' from command line to 'None'
[0.554s] Level 5:colcon.colcon_core.verb:set package 'main_executor' build argument 'catkin_cmake_args' from command line to 'None'
[0.554s] Level 5:colcon.colcon_core.verb:set package 'main_executor' build argument 'catkin_skip_building_tests' from command line to 'False'
[0.554s] DEBUG:colcon.colcon_core.verb:Building package 'main_executor' with the following arguments: {'ament_cmake_args': None, 'build_base': '/home/ryuzot/ros2_ws/build/main_executor', 'catkin_cmake_args': None, 'catkin_skip_building_tests': False, 'cmake_args': ['-DCMAKE_EXPORT_COMPILE_COMMANDS=ON', '-G', 'Ninja'], 'cmake_clean_cache': False, 'cmake_clean_first': False, 'cmake_force_configure': False, 'cmake_target': None, 'cmake_target_skip_unavailable': False, 'install_base': '/home/ryuzot/ros2_ws/install/main_executor', 'merge_install': False, 'path': '/home/ryuzot/ros2_ws/src/main_executor', 'symlink_install': True, 'test_result_base': None}
[0.564s] INFO:colcon.colcon_core.executor:Executing jobs using 'parallel' executor
[0.572s] DEBUG:colcon.colcon_parallel_executor.executor.parallel:run_until_complete
[0.572s] INFO:colcon.colcon_ros.task.ament_cmake.build:Building ROS package in '/home/ryuzot/ros2_ws/src/socketcan_interface_msg' with build type 'ament_cmake'
[0.572s] INFO:colcon.colcon_cmake.task.cmake.build:Building CMake package in '/home/ryuzot/ros2_ws/src/socketcan_interface_msg'
[0.578s] INFO:colcon.colcon_core.plugin_system:Skipping extension 'colcon_core.shell.bat': Not used on non-Windows systems
[0.578s] INFO:colcon.colcon_core.shell:Skip shell extension 'powershell' for command environment: Not usable outside of PowerShell
[0.578s] DEBUG:colcon.colcon_core.shell:Skip shell extension 'dsv' for command environment
[0.593s] DEBUG:colcon.colcon_core.event_handler.log_command:Invoking command in '/home/ryuzot/ros2_ws/build/socketcan_interface_msg': CMAKE_PREFIX_PATH=${CMAKE_PREFIX_PATH}:/opt/ros/galactic /usr/bin/cmake --build /home/ryuzot/ros2_ws/build/socketcan_interface_msg -- -j24 -l24
[0.603s] DEBUG:colcon.colcon_core.event_handler.log_command:Invoked command in '/home/ryuzot/ros2_ws/build/socketcan_interface_msg' returned '0': CMAKE_PREFIX_PATH=${CMAKE_PREFIX_PATH}:/opt/ros/galactic /usr/bin/cmake --build /home/ryuzot/ros2_ws/build/socketcan_interface_msg -- -j24 -l24
[0.624s] DEBUG:colcon.colcon_core.event_handler.log_command:Invoking command in '/home/ryuzot/ros2_ws/build/socketcan_interface_msg': CMAKE_PREFIX_PATH=${CMAKE_PREFIX_PATH}:/opt/ros/galactic /usr/bin/cmake --install /home/ryuzot/ros2_ws/build/socketcan_interface_msg
[0.678s] Level 1:colcon.colcon_core.environment:create_environment_scripts_only(socketcan_interface_msg)
[0.678s] DEBUG:colcon.colcon_core.event_handler.log_command:Invoked command in '/home/ryuzot/ros2_ws/build/socketcan_interface_msg' returned '0': CMAKE_PREFIX_PATH=${CMAKE_PREFIX_PATH}:/opt/ros/galactic /usr/bin/cmake --install /home/ryuzot/ros2_ws/build/socketcan_interface_msg
[0.684s] Level 1:colcon.colcon_core.environment:checking '/home/ryuzot/ros2_ws/install/socketcan_interface_msg' for CMake module files
[0.684s] Level 1:colcon.colcon_core.environment:checking '/home/ryuzot/ros2_ws/install/socketcan_interface_msg' for CMake config files
[0.685s] Level 1:colcon.colcon_core.shell:create_environment_hook('socketcan_interface_msg', 'cmake_prefix_path')
[0.688s] INFO:colcon.colcon_core.shell:Creating environment hook '/home/ryuzot/ros2_ws/install/socketcan_interface_msg/share/socketcan_interface_msg/hook/cmake_prefix_path.ps1'
[0.689s] INFO:colcon.colcon_core.shell:Creating environment descriptor '/home/ryuzot/ros2_ws/install/socketcan_interface_msg/share/socketcan_interface_msg/hook/cmake_prefix_path.dsv'
[0.689s] INFO:colcon.colcon_core.shell:Creating environment hook '/home/ryuzot/ros2_ws/install/socketcan_interface_msg/share/socketcan_interface_msg/hook/cmake_prefix_path.sh'
[0.689s] Level 1:colcon.colcon_core.environment:checking '/home/ryuzot/ros2_ws/install/socketcan_interface_msg/lib'
[0.690s] Level 1:colcon.colcon_core.shell:create_environment_hook('socketcan_interface_msg', 'ld_library_path_lib')
[0.692s] INFO:colcon.colcon_core.shell:Creating environment hook '/home/ryuzot/ros2_ws/install/socketcan_interface_msg/share/socketcan_interface_msg/hook/ld_library_path_lib.ps1'
[0.693s] INFO:colcon.colcon_core.shell:Creating environment descriptor '/home/ryuzot/ros2_ws/install/socketcan_interface_msg/share/socketcan_interface_msg/hook/ld_library_path_lib.dsv'
[0.693s] INFO:colcon.colcon_core.shell:Creating environment hook '/home/ryuzot/ros2_ws/install/socketcan_interface_msg/share/socketcan_interface_msg/hook/ld_library_path_lib.sh'
[0.693s] Level 1:colcon.colcon_core.environment:checking '/home/ryuzot/ros2_ws/install/socketcan_interface_msg/bin'
[0.693s] Level 1:colcon.colcon_core.environment:checking '/home/ryuzot/ros2_ws/install/socketcan_interface_msg/lib/pkgconfig/socketcan_interface_msg.pc'
[0.693s] Level 1:colcon.colcon_core.environment:checking '/home/ryuzot/ros2_ws/install/socketcan_interface_msg/lib/python3.8/site-packages'
[0.693s] Level 1:colcon.colcon_core.shell:create_environment_hook('socketcan_interface_msg', 'pythonpath')
[0.696s] INFO:colcon.colcon_core.shell:Creating environment hook '/home/ryuzot/ros2_ws/install/socketcan_interface_msg/share/socketcan_interface_msg/hook/pythonpath.ps1'
[0.696s] INFO:colcon.colcon_core.shell:Creating environment descriptor '/home/ryuzot/ros2_ws/install/socketcan_interface_msg/share/socketcan_interface_msg/hook/pythonpath.dsv'
[0.696s] INFO:colcon.colcon_core.shell:Creating environment hook '/home/ryuzot/ros2_ws/install/socketcan_interface_msg/share/socketcan_interface_msg/hook/pythonpath.sh'
[0.699s] INFO:colcon.colcon_core.shell:Creating package script '/home/ryuzot/ros2_ws/install/socketcan_interface_msg/share/socketcan_interface_msg/package.ps1'
[0.700s] INFO:colcon.colcon_core.shell:Creating package descriptor '/home/ryuzot/ros2_ws/install/socketcan_interface_msg/share/socketcan_interface_msg/package.dsv'
[0.700s] INFO:colcon.colcon_core.shell:Creating package script '/home/ryuzot/ros2_ws/install/socketcan_interface_msg/share/socketcan_interface_msg/package.sh'
[0.701s] INFO:colcon.colcon_core.shell:Creating package script '/home/ryuzot/ros2_ws/install/socketcan_interface_msg/share/socketcan_interface_msg/package.bash'
[0.701s] INFO:colcon.colcon_core.shell:Creating package script '/home/ryuzot/ros2_ws/install/socketcan_interface_msg/share/socketcan_interface_msg/package.zsh'
[0.702s] Level 1:colcon.colcon_core.environment:create_file_with_runtime_dependencies(/home/ryuzot/ros2_ws/install/socketcan_interface_msg/share/colcon-core/packages/socketcan_interface_msg)
[0.718s] Level 1:colcon.colcon_core.environment:create_environment_scripts_only(socketcan_interface_msg)
[0.721s] Level 1:colcon.colcon_core.environment:checking '/home/ryuzot/ros2_ws/install/socketcan_interface_msg' for CMake module files
[0.722s] Level 1:colcon.colcon_core.environment:checking '/home/ryuzot/ros2_ws/install/socketcan_interface_msg' for CMake config files
[0.722s] Level 1:colcon.colcon_core.shell:create_environment_hook('socketcan_interface_msg', 'cmake_prefix_path')
[0.725s] INFO:colcon.colcon_core.shell:Creating environment hook '/home/ryuzot/ros2_ws/install/socketcan_interface_msg/share/socketcan_interface_msg/hook/cmake_prefix_path.ps1'
[0.725s] INFO:colcon.colcon_core.shell:Creating environment descriptor '/home/ryuzot/ros2_ws/install/socketcan_interface_msg/share/socketcan_interface_msg/hook/cmake_prefix_path.dsv'
[0.725s] INFO:colcon.colcon_core.shell:Creating environment hook '/home/ryuzot/ros2_ws/install/socketcan_interface_msg/share/socketcan_interface_msg/hook/cmake_prefix_path.sh'
[0.726s] Level 1:colcon.colcon_core.environment:checking '/home/ryuzot/ros2_ws/install/socketcan_interface_msg/lib'
[0.726s] Level 1:colcon.colcon_core.shell:create_environment_hook('socketcan_interface_msg', 'ld_library_path_lib')
[0.728s] INFO:colcon.colcon_core.shell:Creating environment hook '/home/ryuzot/ros2_ws/install/socketcan_interface_msg/share/socketcan_interface_msg/hook/ld_library_path_lib.ps1'
[0.729s] INFO:colcon.colcon_core.shell:Creating environment descriptor '/home/ryuzot/ros2_ws/install/socketcan_interface_msg/share/socketcan_interface_msg/hook/ld_library_path_lib.dsv'
[0.729s] INFO:colcon.colcon_core.shell:Creating environment hook '/home/ryuzot/ros2_ws/install/socketcan_interface_msg/share/socketcan_interface_msg/hook/ld_library_path_lib.sh'
[0.729s] Level 1:colcon.colcon_core.environment:checking '/home/ryuzot/ros2_ws/install/socketcan_interface_msg/bin'
[0.729s] Level 1:colcon.colcon_core.environment:checking '/home/ryuzot/ros2_ws/install/socketcan_interface_msg/lib/pkgconfig/socketcan_interface_msg.pc'
[0.729s] Level 1:colcon.colcon_core.environment:checking '/home/ryuzot/ros2_ws/install/socketcan_interface_msg/lib/python3.8/site-packages'
[0.729s] Level 1:colcon.colcon_core.shell:create_environment_hook('socketcan_interface_msg', 'pythonpath')
[0.732s] INFO:colcon.colcon_core.shell:Creating environment hook '/home/ryuzot/ros2_ws/install/socketcan_interface_msg/share/socketcan_interface_msg/hook/pythonpath.ps1'
[0.732s] INFO:colcon.colcon_core.shell:Creating environment descriptor '/home/ryuzot/ros2_ws/install/socketcan_interface_msg/share/socketcan_interface_msg/hook/pythonpath.dsv'
[0.732s] INFO:colcon.colcon_core.shell:Creating environment hook '/home/ryuzot/ros2_ws/install/socketcan_interface_msg/share/socketcan_interface_msg/hook/pythonpath.sh'
[0.735s] INFO:colcon.colcon_core.shell:Creating package script '/home/ryuzot/ros2_ws/install/socketcan_interface_msg/share/socketcan_interface_msg/package.ps1'
[0.735s] INFO:colcon.colcon_core.shell:Creating package descriptor '/home/ryuzot/ros2_ws/install/socketcan_interface_msg/share/socketcan_interface_msg/package.dsv'
[0.736s] INFO:colcon.colcon_core.shell:Creating package script '/home/ryuzot/ros2_ws/install/socketcan_interface_msg/share/socketcan_interface_msg/package.sh'
[0.736s] INFO:colcon.colcon_core.shell:Creating package script '/home/ryuzot/ros2_ws/install/socketcan_interface_msg/share/socketcan_interface_msg/package.bash'
[0.736s] INFO:colcon.colcon_core.shell:Creating package script '/home/ryuzot/ros2_ws/install/socketcan_interface_msg/share/socketcan_interface_msg/package.zsh'
[0.736s] Level 1:colcon.colcon_core.environment:create_file_with_runtime_dependencies(/home/ryuzot/ros2_ws/install/socketcan_interface_msg/share/colcon-core/packages/socketcan_interface_msg)
[0.737s] INFO:colcon.colcon_ros.task.ament_cmake.build:Building ROS package in '/home/ryuzot/ros2_ws/src/socketcan_interface' with build type 'ament_cmake'
[0.737s] INFO:colcon.colcon_cmake.task.cmake.build:Building CMake package in '/home/ryuzot/ros2_ws/src/socketcan_interface'
[0.740s] INFO:colcon.colcon_core.shell:Skip shell extension 'powershell' for command environment: Not usable outside of PowerShell
[0.741s] DEBUG:colcon.colcon_core.shell:Skip shell extension 'dsv' for command environment
[0.957s] DEBUG:colcon.colcon_core.event_handler.log_command:Invoking command in '/home/ryuzot/ros2_ws/build/socketcan_interface': CMAKE_PREFIX_PATH=/home/ryuzot/ros2_ws/install/socketcan_interface_msg:/home/ryuzot/ros2_ws/install/main_executor:/home/ryuzot/ros2_ws/install/socketcan_interface:/opt/ros/galactic LD_LIBRARY_PATH=/home/ryuzot/ros2_ws/install/socketcan_interface_msg/lib:/home/ryuzot/ros2_ws/install/socketcan_interface/lib:/opt/ros/galactic/opt/yaml_cpp_vendor/lib:/opt/ros/galactic/opt/rviz_ogre_vendor/lib:/opt/ros/galactic/lib/x86_64-linux-gnu:/opt/ros/galactic/lib /usr/bin/cmake --build /home/ryuzot/ros2_ws/build/socketcan_interface -- -j24 -l24
[14.242s] DEBUG:colcon.colcon_core.event_handler.log_command:Invoked command in '/home/ryuzot/ros2_ws/build/socketcan_interface' returned '0': CMAKE_PREFIX_PATH=/home/ryuzot/ros2_ws/install/socketcan_interface_msg:/home/ryuzot/ros2_ws/install/main_executor:/home/ryuzot/ros2_ws/install/socketcan_interface:/opt/ros/galactic LD_LIBRARY_PATH=/home/ryuzot/ros2_ws/install/socketcan_interface_msg/lib:/home/ryuzot/ros2_ws/install/socketcan_interface/lib:/opt/ros/galactic/opt/yaml_cpp_vendor/lib:/opt/ros/galactic/opt/rviz_ogre_vendor/lib:/opt/ros/galactic/lib/x86_64-linux-gnu:/opt/ros/galactic/lib /usr/bin/cmake --build /home/ryuzot/ros2_ws/build/socketcan_interface -- -j24 -l24
[14.256s] DEBUG:colcon.colcon_core.event_handler.log_command:Invoking command in '/home/ryuzot/ros2_ws/build/socketcan_interface': CMAKE_PREFIX_PATH=/home/ryuzot/ros2_ws/install/socketcan_interface_msg:/home/ryuzot/ros2_ws/install/main_executor:/home/ryuzot/ros2_ws/install/socketcan_interface:/opt/ros/galactic LD_LIBRARY_PATH=/home/ryuzot/ros2_ws/install/socketcan_interface_msg/lib:/home/ryuzot/ros2_ws/install/socketcan_interface/lib:/opt/ros/galactic/opt/yaml_cpp_vendor/lib:/opt/ros/galactic/opt/rviz_ogre_vendor/lib:/opt/ros/galactic/lib/x86_64-linux-gnu:/opt/ros/galactic/lib /usr/bin/cmake --install /home/ryuzot/ros2_ws/build/socketcan_interface
[14.279s] Level 1:colcon.colcon_core.environment:create_environment_scripts_only(socketcan_interface)
[14.283s] Level 1:colcon.colcon_core.environment:checking '/home/ryuzot/ros2_ws/install/socketcan_interface' for CMake module files
[14.284s] DEBUG:colcon.colcon_core.event_handler.log_command:Invoked command in '/home/ryuzot/ros2_ws/build/socketcan_interface' returned '0': CMAKE_PREFIX_PATH=/home/ryuzot/ros2_ws/install/socketcan_interface_msg:/home/ryuzot/ros2_ws/install/main_executor:/home/ryuzot/ros2_ws/install/socketcan_interface:/opt/ros/galactic LD_LIBRARY_PATH=/home/ryuzot/ros2_ws/install/socketcan_interface_msg/lib:/home/ryuzot/ros2_ws/install/socketcan_interface/lib:/opt/ros/galactic/opt/yaml_cpp_vendor/lib:/opt/ros/galactic/opt/rviz_ogre_vendor/lib:/opt/ros/galactic/lib/x86_64-linux-gnu:/opt/ros/galactic/lib /usr/bin/cmake --install /home/ryuzot/ros2_ws/build/socketcan_interface
[14.284s] Level 1:colcon.colcon_core.environment:checking '/home/ryuzot/ros2_ws/install/socketcan_interface' for CMake config files
[14.284s] Level 1:colcon.colcon_core.shell:create_environment_hook('socketcan_interface', 'cmake_prefix_path')
[14.287s] INFO:colcon.colcon_core.shell:Creating environment hook '/home/ryuzot/ros2_ws/install/socketcan_interface/share/socketcan_interface/hook/cmake_prefix_path.ps1'
[14.287s] INFO:colcon.colcon_core.shell:Creating environment descriptor '/home/ryuzot/ros2_ws/install/socketcan_interface/share/socketcan_interface/hook/cmake_prefix_path.dsv'
[14.287s] INFO:colcon.colcon_core.shell:Creating environment hook '/home/ryuzot/ros2_ws/install/socketcan_interface/share/socketcan_interface/hook/cmake_prefix_path.sh'
[14.288s] Level 1:colcon.colcon_core.environment:checking '/home/ryuzot/ros2_ws/install/socketcan_interface/lib'
[14.288s] Level 1:colcon.colcon_core.environment:checking '/home/ryuzot/ros2_ws/install/socketcan_interface/bin'
[14.288s] Level 1:colcon.colcon_core.environment:checking '/home/ryuzot/ros2_ws/install/socketcan_interface/lib/pkgconfig/socketcan_interface.pc'
[14.288s] Level 1:colcon.colcon_core.environment:checking '/home/ryuzot/ros2_ws/install/socketcan_interface/lib/python3.8/site-packages'
[14.291s] INFO:colcon.colcon_core.shell:Creating package script '/home/ryuzot/ros2_ws/install/socketcan_interface/share/socketcan_interface/package.ps1'
[14.291s] INFO:colcon.colcon_core.shell:Creating package descriptor '/home/ryuzot/ros2_ws/install/socketcan_interface/share/socketcan_interface/package.dsv'
[14.291s] INFO:colcon.colcon_core.shell:Creating package script '/home/ryuzot/ros2_ws/install/socketcan_interface/share/socketcan_interface/package.sh'
[14.292s] INFO:colcon.colcon_core.shell:Creating package script '/home/ryuzot/ros2_ws/install/socketcan_interface/share/socketcan_interface/package.bash'
[14.292s] INFO:colcon.colcon_core.shell:Creating package script '/home/ryuzot/ros2_ws/install/socketcan_interface/share/socketcan_interface/package.zsh'
[14.292s] Level 1:colcon.colcon_core.environment:create_file_with_runtime_dependencies(/home/ryuzot/ros2_ws/install/socketcan_interface/share/colcon-core/packages/socketcan_interface)
[14.308s] Level 1:colcon.colcon_core.environment:create_environment_scripts_only(socketcan_interface)
[14.311s] Level 1:colcon.colcon_core.environment:checking '/home/ryuzot/ros2_ws/install/socketcan_interface' for CMake module files
[14.312s] Level 1:colcon.colcon_core.environment:checking '/home/ryuzot/ros2_ws/install/socketcan_interface' for CMake config files
[14.312s] Level 1:colcon.colcon_core.shell:create_environment_hook('socketcan_interface', 'cmake_prefix_path')
[14.314s] INFO:colcon.colcon_core.shell:Creating environment hook '/home/ryuzot/ros2_ws/install/socketcan_interface/share/socketcan_interface/hook/cmake_prefix_path.ps1'
[14.315s] INFO:colcon.colcon_core.shell:Creating environment descriptor '/home/ryuzot/ros2_ws/install/socketcan_interface/share/socketcan_interface/hook/cmake_prefix_path.dsv'
[14.315s] INFO:colcon.colcon_core.shell:Creating environment hook '/home/ryuzot/ros2_ws/install/socketcan_interface/share/socketcan_interface/hook/cmake_prefix_path.sh'
[14.315s] Level 1:colcon.colcon_core.environment:checking '/home/ryuzot/ros2_ws/install/socketcan_interface/lib'
[14.316s] Level 1:colcon.colcon_core.environment:checking '/home/ryuzot/ros2_ws/install/socketcan_interface/bin'
[14.316s] Level 1:colcon.colcon_core.environment:checking '/home/ryuzot/ros2_ws/install/socketcan_interface/lib/pkgconfig/socketcan_interface.pc'
[14.316s] Level 1:colcon.colcon_core.environment:checking '/home/ryuzot/ros2_ws/install/socketcan_interface/lib/python3.8/site-packages'
[14.318s] INFO:colcon.colcon_core.shell:Creating package script '/home/ryuzot/ros2_ws/install/socketcan_interface/share/socketcan_interface/package.ps1'
[14.319s] INFO:colcon.colcon_core.shell:Creating package descriptor '/home/ryuzot/ros2_ws/install/socketcan_interface/share/socketcan_interface/package.dsv'
[14.319s] INFO:colcon.colcon_core.shell:Creating package script '/home/ryuzot/ros2_ws/install/socketcan_interface/share/socketcan_interface/package.sh'
[14.320s] INFO:colcon.colcon_core.shell:Creating package script '/home/ryuzot/ros2_ws/install/socketcan_interface/share/socketcan_interface/package.bash'
[14.320s] INFO:colcon.colcon_core.shell:Creating package script '/home/ryuzot/ros2_ws/install/socketcan_interface/share/socketcan_interface/package.zsh'
[14.320s] Level 1:colcon.colcon_core.environment:create_file_with_runtime_dependencies(/home/ryuzot/ros2_ws/install/socketcan_interface/share/colcon-core/packages/socketcan_interface)
[14.321s] INFO:colcon.colcon_ros.task.ament_cmake.build:Building ROS package in '/home/ryuzot/ros2_ws/src/main_executor' with build type 'ament_cmake'
[14.321s] INFO:colcon.colcon_cmake.task.cmake.build:Building CMake package in '/home/ryuzot/ros2_ws/src/main_executor'
[14.324s] INFO:colcon.colcon_core.shell:Skip shell extension 'powershell' for command environment: Not usable outside of PowerShell
[14.324s] DEBUG:colcon.colcon_core.shell:Skip shell extension 'dsv' for command environment
[14.622s] DEBUG:colcon.colcon_core.event_handler.log_command:Invoking command in '/home/ryuzot/ros2_ws/build/main_executor': CMAKE_PREFIX_PATH=/home/ryuzot/ros2_ws/install/socketcan_interface:/home/ryuzot/ros2_ws/install/socketcan_interface_msg:/home/ryuzot/ros2_ws/install/main_executor:/opt/ros/galactic LD_LIBRARY_PATH=/home/ryuzot/ros2_ws/install/socketcan_interface_msg/lib:/home/ryuzot/ros2_ws/install/socketcan_interface/lib:/opt/ros/galactic/opt/yaml_cpp_vendor/lib:/opt/ros/galactic/opt/rviz_ogre_vendor/lib:/opt/ros/galactic/lib/x86_64-linux-gnu:/opt/ros/galactic/lib /usr/bin/cmake --build /home/ryuzot/ros2_ws/build/main_executor -- -j24 -l24
[21.171s] DEBUG:colcon.colcon_core.event_handler.log_command:Invoked command in '/home/ryuzot/ros2_ws/build/main_executor' returned '0': CMAKE_PREFIX_PATH=/home/ryuzot/ros2_ws/install/socketcan_interface:/home/ryuzot/ros2_ws/install/socketcan_interface_msg:/home/ryuzot/ros2_ws/install/main_executor:/opt/ros/galactic LD_LIBRARY_PATH=/home/ryuzot/ros2_ws/install/socketcan_interface_msg/lib:/home/ryuzot/ros2_ws/install/socketcan_interface/lib:/opt/ros/galactic/opt/yaml_cpp_vendor/lib:/opt/ros/galactic/opt/rviz_ogre_vendor/lib:/opt/ros/galactic/lib/x86_64-linux-gnu:/opt/ros/galactic/lib /usr/bin/cmake --build /home/ryuzot/ros2_ws/build/main_executor -- -j24 -l24
[21.185s] DEBUG:colcon.colcon_core.event_handler.log_command:Invoking command in '/home/ryuzot/ros2_ws/build/main_executor': CMAKE_PREFIX_PATH=/home/ryuzot/ros2_ws/install/socketcan_interface:/home/ryuzot/ros2_ws/install/socketcan_interface_msg:/home/ryuzot/ros2_ws/install/main_executor:/opt/ros/galactic LD_LIBRARY_PATH=/home/ryuzot/ros2_ws/install/socketcan_interface_msg/lib:/home/ryuzot/ros2_ws/install/socketcan_interface/lib:/opt/ros/galactic/opt/yaml_cpp_vendor/lib:/opt/ros/galactic/opt/rviz_ogre_vendor/lib:/opt/ros/galactic/lib/x86_64-linux-gnu:/opt/ros/galactic/lib /usr/bin/cmake --install /home/ryuzot/ros2_ws/build/main_executor
[21.201s] Level 1:colcon.colcon_core.environment:create_environment_scripts_only(main_executor)
[21.201s] DEBUG:colcon.colcon_core.event_handler.log_command:Invoked command in '/home/ryuzot/ros2_ws/build/main_executor' returned '0': CMAKE_PREFIX_PATH=/home/ryuzot/ros2_ws/install/socketcan_interface:/home/ryuzot/ros2_ws/install/socketcan_interface_msg:/home/ryuzot/ros2_ws/install/main_executor:/opt/ros/galactic LD_LIBRARY_PATH=/home/ryuzot/ros2_ws/install/socketcan_interface_msg/lib:/home/ryuzot/ros2_ws/install/socketcan_interface/lib:/opt/ros/galactic/opt/yaml_cpp_vendor/lib:/opt/ros/galactic/opt/rviz_ogre_vendor/lib:/opt/ros/galactic/lib/x86_64-linux-gnu:/opt/ros/galactic/lib /usr/bin/cmake --install /home/ryuzot/ros2_ws/build/main_executor
[21.205s] Level 1:colcon.colcon_core.environment:checking '/home/ryuzot/ros2_ws/install/main_executor' for CMake module files
[21.205s] Level 1:colcon.colcon_core.environment:checking '/home/ryuzot/ros2_ws/install/main_executor' for CMake config files
[21.205s] Level 1:colcon.colcon_core.shell:create_environment_hook('main_executor', 'cmake_prefix_path')
[21.208s] INFO:colcon.colcon_core.shell:Creating environment hook '/home/ryuzot/ros2_ws/install/main_executor/share/main_executor/hook/cmake_prefix_path.ps1'
[21.208s] INFO:colcon.colcon_core.shell:Creating environment descriptor '/home/ryuzot/ros2_ws/install/main_executor/share/main_executor/hook/cmake_prefix_path.dsv'
[21.209s] INFO:colcon.colcon_core.shell:Creating environment hook '/home/ryuzot/ros2_ws/install/main_executor/share/main_executor/hook/cmake_prefix_path.sh'
[21.209s] Level 1:colcon.colcon_core.environment:checking '/home/ryuzot/ros2_ws/install/main_executor/lib'
[21.209s] Level 1:colcon.colcon_core.environment:checking '/home/ryuzot/ros2_ws/install/main_executor/bin'
[21.209s] Level 1:colcon.colcon_core.environment:checking '/home/ryuzot/ros2_ws/install/main_executor/lib/pkgconfig/main_executor.pc'
[21.209s] Level 1:colcon.colcon_core.environment:checking '/home/ryuzot/ros2_ws/install/main_executor/lib/python3.8/site-packages'
[21.212s] INFO:colcon.colcon_core.shell:Creating package script '/home/ryuzot/ros2_ws/install/main_executor/share/main_executor/package.ps1'
[21.212s] INFO:colcon.colcon_core.shell:Creating package descriptor '/home/ryuzot/ros2_ws/install/main_executor/share/main_executor/package.dsv'
[21.213s] INFO:colcon.colcon_core.shell:Creating package script '/home/ryuzot/ros2_ws/install/main_executor/share/main_executor/package.sh'
[21.213s] INFO:colcon.colcon_core.shell:Creating package script '/home/ryuzot/ros2_ws/install/main_executor/share/main_executor/package.bash'
[21.213s] INFO:colcon.colcon_core.shell:Creating package script '/home/ryuzot/ros2_ws/install/main_executor/share/main_executor/package.zsh'
[21.213s] Level 1:colcon.colcon_core.environment:create_file_with_runtime_dependencies(/home/ryuzot/ros2_ws/install/main_executor/share/colcon-core/packages/main_executor)
[21.229s] Level 1:colcon.colcon_core.environment:create_environment_scripts_only(main_executor)
[21.232s] Level 1:colcon.colcon_core.environment:checking '/home/ryuzot/ros2_ws/install/main_executor' for CMake module files
[21.232s] Level 1:colcon.colcon_core.environment:checking '/home/ryuzot/ros2_ws/install/main_executor' for CMake config files
[21.232s] Level 1:colcon.colcon_core.shell:create_environment_hook('main_executor', 'cmake_prefix_path')
[21.235s] INFO:colcon.colcon_core.shell:Creating environment hook '/home/ryuzot/ros2_ws/install/main_executor/share/main_executor/hook/cmake_prefix_path.ps1'
[21.236s] INFO:colcon.colcon_core.shell:Creating environment descriptor '/home/ryuzot/ros2_ws/install/main_executor/share/main_executor/hook/cmake_prefix_path.dsv'
[21.236s] INFO:colcon.colcon_core.shell:Creating environment hook '/home/ryuzot/ros2_ws/install/main_executor/share/main_executor/hook/cmake_prefix_path.sh'
[21.236s] Level 1:colcon.colcon_core.environment:checking '/home/ryuzot/ros2_ws/install/main_executor/lib'
[21.236s] Level 1:colcon.colcon_core.environment:checking '/home/ryuzot/ros2_ws/install/main_executor/bin'
[21.236s] Level 1:colcon.colcon_core.environment:checking '/home/ryuzot/ros2_ws/install/main_executor/lib/pkgconfig/main_executor.pc'
[21.236s] Level 1:colcon.colcon_core.environment:checking '/home/ryuzot/ros2_ws/install/main_executor/lib/python3.8/site-packages'
[21.239s] INFO:colcon.colcon_core.shell:Creating package script '/home/ryuzot/ros2_ws/install/main_executor/share/main_executor/package.ps1'
[21.239s] INFO:colcon.colcon_core.shell:Creating package descriptor '/home/ryuzot/ros2_ws/install/main_executor/share/main_executor/package.dsv'
[21.239s] INFO:colcon.colcon_core.shell:Creating package script '/home/ryuzot/ros2_ws/install/main_executor/share/main_executor/package.sh'
[21.240s] INFO:colcon.colcon_core.shell:Creating package script '/home/ryuzot/ros2_ws/install/main_executor/share/main_executor/package.bash'
[21.240s] INFO:colcon.colcon_core.shell:Creating package script '/home/ryuzot/ros2_ws/install/main_executor/share/main_executor/package.zsh'
[21.240s] Level 1:colcon.colcon_core.environment:create_file_with_runtime_dependencies(/home/ryuzot/ros2_ws/install/main_executor/share/colcon-core/packages/main_executor)
[21.241s] DEBUG:colcon.colcon_parallel_executor.executor.parallel:closing loop
[21.241s] DEBUG:colcon.colcon_parallel_executor.executor.parallel:loop closed
[21.241s] DEBUG:colcon.colcon_parallel_executor.executor.parallel:run_until_complete finished with '0'
[21.241s] DEBUG:colcon.colcon_core.event_reactor:joining thread
[21.319s] INFO:colcon.colcon_core.plugin_system:Skipping extension 'colcon_notification.desktop_notification.notify_send': Could not find 'notify-send'
[21.319s] INFO:colcon.colcon_core.plugin_system:Skipping extension 'colcon_notification.desktop_notification.terminal_notifier': Not used on non-Darwin systems
[21.319s] INFO:colcon.colcon_core.plugin_system:Skipping extension 'colcon_notification.desktop_notification.win32': Not used on non-Windows systems
[21.320s] INFO:colcon.colcon_notification.desktop_notification:Sending desktop notification using 'notify2'
[21.323s] DEBUG:colcon.colcon_notification.desktop_notification.notify2:Failed to initialize notify2: org.freedesktop.DBus.Error.ServiceUnknown: The name org.freedesktop.Notifications was not provided by any .service files
[21.324s] DEBUG:colcon.colcon_core.event_reactor:joined thread
[21.327s] INFO:colcon.colcon_core.shell:Creating prefix script '/home/ryuzot/ros2_ws/install/local_setup.ps1'
[21.327s] INFO:colcon.colcon_core.shell:Creating prefix util module '/home/ryuzot/ros2_ws/install/_local_setup_util_ps1.py'
[21.328s] INFO:colcon.colcon_core.shell:Creating prefix chain script '/home/ryuzot/ros2_ws/install/setup.ps1'
[21.332s] INFO:colcon.colcon_core.shell:Creating prefix script '/home/ryuzot/ros2_ws/install/local_setup.sh'
[21.332s] INFO:colcon.colcon_core.shell:Creating prefix util module '/home/ryuzot/ros2_ws/install/_local_setup_util_sh.py'
[21.332s] INFO:colcon.colcon_core.shell:Creating prefix chain script '/home/ryuzot/ros2_ws/install/setup.sh'
[21.336s] INFO:colcon.colcon_core.shell:Creating prefix script '/home/ryuzot/ros2_ws/install/local_setup.bash'
[21.336s] INFO:colcon.colcon_core.shell:Creating prefix chain script '/home/ryuzot/ros2_ws/install/setup.bash'
[21.339s] INFO:colcon.colcon_core.shell:Creating prefix script '/home/ryuzot/ros2_ws/install/local_setup.zsh'
[21.339s] INFO:colcon.colcon_core.shell:Creating prefix chain script '/home/ryuzot/ros2_ws/install/setup.zsh'
