[0.217s] Invoking command in '/home/ryuzot/ros2_main/build/socketcan_interface': CMAKE_PREFIX_PATH=/home/ryuzot/ros2_main/install/socketcan_interface_msg:/home/ryuzot/ros2_main/install/socketcan_interface:/opt/ros/galactic LD_LIBRARY_PATH=/home/ryuzot/ros2_main/install/socketcan_interface_msg/lib:/home/ryuzot/ros2_main/install/socketcan_interface/lib:/opt/ros/galactic/opt/yaml_cpp_vendor/lib:/opt/ros/galactic/opt/rviz_ogre_vendor/lib:/opt/ros/galactic/lib/x86_64-linux-gnu:/opt/ros/galactic/lib /usr/bin/cmake /home/ryuzot/ros2_main/src/socketcan_interface -DCMAKE_EXPORT_COMPILE_COMMANDS=ON -G Ninja -DAMENT_CMAKE_SYMLINK_INSTALL=1 -DCMAKE_INSTALL_PREFIX=/home/ryuzot/ros2_main/install/socketcan_interface
[0.228s] -- Found ament_cmake: 1.1.5 (/opt/ros/galactic/share/ament_cmake/cmake)
[0.245s] -- Using PYTHON_EXECUTABLE: /usr/bin/python3
[0.283s] -- Override CMake install command with custom implementation using symlinks instead of copying resources
[0.290s] -- Found rclcpp: 9.2.0 (/opt/ros/galactic/share/rclcpp/cmake)
[0.511s] -- Using all available rosidl_typesupport_c: rosidl_typesupport_fastrtps_c;rosidl_typesupport_introspection_c
[0.514s] -- Found rosidl_adapter: 2.2.1 (/opt/ros/galactic/share/rosidl_adapter/cmake)
[6.549s] -- Using all available rosidl_typesupport_cpp: rosidl_typesupport_fastrtps_cpp;rosidl_typesupport_introspection_cpp
[6.608s] -- Found rmw_implementation_cmake: 3.3.1 (/opt/ros/galactic/share/rmw_implementation_cmake/cmake)
[6.610s] -- Found rmw_cyclonedds_cpp: 0.22.4 (/opt/ros/galactic/share/rmw_cyclonedds_cpp/cmake)
[6.630s] -- Using RMW implementation 'rmw_cyclonedds_cpp' as default
[6.777s] -- Found socketcan_interface_msg: 0.0.0 (/home/ryuzot/ros2_main/install/socketcan_interface_msg/share/socketcan_interface_msg/cmake)
[6.792s] -- Found ament_lint_auto: 0.10.6 (/opt/ros/galactic/share/ament_lint_auto/cmake)
[6.850s] -- Added test 'copyright' to check source files copyright and LICENSE
[6.851s] -- Added test 'cppcheck' to perform static code analysis on C / C++ code
[6.851s] -- Configured cppcheck include dirs: /home/ryuzot/ros2_main/src/socketcan_interface/include;$<BUILD_INTERFACE:/home/ryuzot/ros2_main/src/socketcan_interface/include>
[6.851s] -- Configured cppcheck exclude dirs and/or files: 
[6.852s] -- Added test 'cpplint' to check C / C++ code against the Google style
[6.852s] -- Configured cpplint exclude dirs and/or files: 
[6.853s] -- Added test 'lint_cmake' to check CMake code style
[6.853s] -- Added test 'uncrustify' to check C / C++ code style
[6.853s] -- Configured uncrustify additional arguments: 
[6.853s] -- Added test 'xmllint' to check XML markup files
[6.856s] -- Configuring done
[6.861s] -- Generating done
[6.863s] -- Build files have been written to: /home/ryuzot/ros2_main/build/socketcan_interface
[6.872s] Invoked command in '/home/ryuzot/ros2_main/build/socketcan_interface' returned '0': CMAKE_PREFIX_PATH=/home/ryuzot/ros2_main/install/socketcan_interface_msg:/home/ryuzot/ros2_main/install/socketcan_interface:/opt/ros/galactic LD_LIBRARY_PATH=/home/ryuzot/ros2_main/install/socketcan_interface_msg/lib:/home/ryuzot/ros2_main/install/socketcan_interface/lib:/opt/ros/galactic/opt/yaml_cpp_vendor/lib:/opt/ros/galactic/opt/rviz_ogre_vendor/lib:/opt/ros/galactic/lib/x86_64-linux-gnu:/opt/ros/galactic/lib /usr/bin/cmake /home/ryuzot/ros2_main/src/socketcan_interface -DCMAKE_EXPORT_COMPILE_COMMANDS=ON -G Ninja -DAMENT_CMAKE_SYMLINK_INSTALL=1 -DCMAKE_INSTALL_PREFIX=/home/ryuzot/ros2_main/install/socketcan_interface
[6.873s] Invoking command in '/home/ryuzot/ros2_main/build/socketcan_interface': CMAKE_PREFIX_PATH=/home/ryuzot/ros2_main/install/socketcan_interface_msg:/home/ryuzot/ros2_main/install/socketcan_interface:/opt/ros/galactic LD_LIBRARY_PATH=/home/ryuzot/ros2_main/install/socketcan_interface_msg/lib:/home/ryuzot/ros2_main/install/socketcan_interface/lib:/opt/ros/galactic/opt/yaml_cpp_vendor/lib:/opt/ros/galactic/opt/rviz_ogre_vendor/lib:/opt/ros/galactic/lib/x86_64-linux-gnu:/opt/ros/galactic/lib /usr/bin/cmake --build /home/ryuzot/ros2_main/build/socketcan_interface -- -j24 -l24
[6.882s] 
[6.882s] [0/1] Re-running CMake...[K
[6.895s] -- Found ament_cmake: 1.1.5 (/opt/ros/galactic/share/ament_cmake/cmake)
[6.912s] -- Using PYTHON_EXECUTABLE: /usr/bin/python3
[6.964s] -- Override CMake install command with custom implementation using symlinks instead of copying resources
[6.969s] -- Found rclcpp: 9.2.0 (/opt/ros/galactic/share/rclcpp/cmake)
[7.279s] -- Using all available rosidl_typesupport_c: rosidl_typesupport_fastrtps_c;rosidl_typesupport_introspection_c
[7.283s] -- Found rosidl_adapter: 2.2.1 (/opt/ros/galactic/share/rosidl_adapter/cmake)
[13.873s] -- Using all available rosidl_typesupport_cpp: rosidl_typesupport_fastrtps_cpp;rosidl_typesupport_introspection_cpp
[13.921s] -- Found rmw_implementation_cmake: 3.3.1 (/opt/ros/galactic/share/rmw_implementation_cmake/cmake)
[13.922s] -- Found rmw_cyclonedds_cpp: 0.22.4 (/opt/ros/galactic/share/rmw_cyclonedds_cpp/cmake)
[13.940s] -- Using RMW implementation 'rmw_cyclonedds_cpp' as default
[14.071s] -- Found socketcan_interface_msg: 0.0.0 (/home/ryuzot/ros2_main/install/socketcan_interface_msg/share/socketcan_interface_msg/cmake)
[14.084s] -- Found ament_lint_auto: 0.10.6 (/opt/ros/galactic/share/ament_lint_auto/cmake)
[14.133s] -- Added test 'copyright' to check source files copyright and LICENSE
[14.134s] -- Added test 'cppcheck' to perform static code analysis on C / C++ code
[14.134s] -- Configured cppcheck include dirs: /home/ryuzot/ros2_main/src/socketcan_interface/include;$<BUILD_INTERFACE:/home/ryuzot/ros2_main/src/socketcan_interface/include>
[14.134s] -- Configured cppcheck exclude dirs and/or files: 
[14.135s] -- Added test 'cpplint' to check C / C++ code against the Google style
[14.135s] -- Configured cpplint exclude dirs and/or files: 
[14.135s] -- Added test 'lint_cmake' to check CMake code style
[14.136s] -- Added test 'uncrustify' to check C / C++ code style
[14.136s] -- Configured uncrustify additional arguments: 
[14.136s] -- Added test 'xmllint' to check XML markup files
[14.138s] -- Configuring done
[14.142s] -- Generating done
[14.144s] -- Build files have been written to: /home/ryuzot/ros2_main/build/socketcan_interface
[14.151s] ninja: no work to do.
[14.153s] Invoked command in '/home/ryuzot/ros2_main/build/socketcan_interface' returned '0': CMAKE_PREFIX_PATH=/home/ryuzot/ros2_main/install/socketcan_interface_msg:/home/ryuzot/ros2_main/install/socketcan_interface:/opt/ros/galactic LD_LIBRARY_PATH=/home/ryuzot/ros2_main/install/socketcan_interface_msg/lib:/home/ryuzot/ros2_main/install/socketcan_interface/lib:/opt/ros/galactic/opt/yaml_cpp_vendor/lib:/opt/ros/galactic/opt/rviz_ogre_vendor/lib:/opt/ros/galactic/lib/x86_64-linux-gnu:/opt/ros/galactic/lib /usr/bin/cmake --build /home/ryuzot/ros2_main/build/socketcan_interface -- -j24 -l24
[14.168s] Invoking command in '/home/ryuzot/ros2_main/build/socketcan_interface': CMAKE_PREFIX_PATH=/home/ryuzot/ros2_main/install/socketcan_interface_msg:/home/ryuzot/ros2_main/install/socketcan_interface:/opt/ros/galactic LD_LIBRARY_PATH=/home/ryuzot/ros2_main/install/socketcan_interface_msg/lib:/home/ryuzot/ros2_main/install/socketcan_interface/lib:/opt/ros/galactic/opt/yaml_cpp_vendor/lib:/opt/ros/galactic/opt/rviz_ogre_vendor/lib:/opt/ros/galactic/lib/x86_64-linux-gnu:/opt/ros/galactic/lib /usr/bin/cmake --install /home/ryuzot/ros2_main/build/socketcan_interface
[14.173s] -- Install configuration: ""
[14.173s] -- Execute custom install script
[14.174s] -- Up-to-date symlink: /home/ryuzot/ros2_main/install/socketcan_interface/share/socketcan_interface/environment/library_path.sh
[14.174s] -- Up-to-date symlink: /home/ryuzot/ros2_main/install/socketcan_interface/share/socketcan_interface/environment/library_path.dsv
[14.174s] -- Up-to-date symlink: /home/ryuzot/ros2_main/install/socketcan_interface/share/socketcan_interface/environment/library_path.sh
[14.174s] -- Up-to-date symlink: /home/ryuzot/ros2_main/install/socketcan_interface/share/socketcan_interface/environment/library_path.dsv
[14.175s] -- Up-to-date symlink: /home/ryuzot/ros2_main/install/socketcan_interface/include/socketcan_interface/socketcan_interface_node.hpp
[14.175s] -- Up-to-date symlink: /home/ryuzot/ros2_main/install/socketcan_interface/include/socketcan_interface/visibility.h
[14.175s] -- Up-to-date symlink: /home/ryuzot/ros2_main/install/socketcan_interface/share/ament_index/resource_index/package_run_dependencies/socketcan_interface
[14.176s] -- Up-to-date symlink: /home/ryuzot/ros2_main/install/socketcan_interface/share/ament_index/resource_index/parent_prefix_path/socketcan_interface
[14.176s] -- Up-to-date symlink: /home/ryuzot/ros2_main/install/socketcan_interface/share/socketcan_interface/environment/ament_prefix_path.sh
[14.176s] -- Up-to-date symlink: /home/ryuzot/ros2_main/install/socketcan_interface/share/socketcan_interface/environment/ament_prefix_path.dsv
[14.176s] -- Up-to-date symlink: /home/ryuzot/ros2_main/install/socketcan_interface/share/socketcan_interface/environment/path.sh
[14.177s] -- Up-to-date symlink: /home/ryuzot/ros2_main/install/socketcan_interface/share/socketcan_interface/environment/path.dsv
[14.177s] -- Up-to-date symlink: /home/ryuzot/ros2_main/install/socketcan_interface/share/socketcan_interface/local_setup.bash
[14.177s] -- Up-to-date symlink: /home/ryuzot/ros2_main/install/socketcan_interface/share/socketcan_interface/local_setup.sh
[14.177s] -- Up-to-date symlink: /home/ryuzot/ros2_main/install/socketcan_interface/share/socketcan_interface/local_setup.zsh
[14.178s] -- Up-to-date symlink: /home/ryuzot/ros2_main/install/socketcan_interface/share/socketcan_interface/local_setup.dsv
[14.178s] -- Symlinking: /home/ryuzot/ros2_main/install/socketcan_interface/share/socketcan_interface/package.dsv
[14.184s] -- Up-to-date symlink: /home/ryuzot/ros2_main/install/socketcan_interface/share/ament_index/resource_index/packages/socketcan_interface
[14.185s] -- Up-to-date symlink: /home/ryuzot/ros2_main/install/socketcan_interface/share/socketcan_interface/cmake/ament_cmake_export_targets-extras.cmake
[14.185s] -- Up-to-date symlink: /home/ryuzot/ros2_main/install/socketcan_interface/share/socketcan_interface/cmake/ament_cmake_export_dependencies-extras.cmake
[14.185s] -- Up-to-date symlink: /home/ryuzot/ros2_main/install/socketcan_interface/share/socketcan_interface/cmake/socketcan_interfaceConfig.cmake
[14.185s] -- Up-to-date symlink: /home/ryuzot/ros2_main/install/socketcan_interface/share/socketcan_interface/cmake/socketcan_interfaceConfig-version.cmake
[14.186s] -- Up-to-date symlink: /home/ryuzot/ros2_main/install/socketcan_interface/share/socketcan_interface/package.xml
[14.186s] -- Up-to-date: /home/ryuzot/ros2_main/install/socketcan_interface/lib/libsocketcan_interface_node.a
[14.186s] -- Up-to-date: /home/ryuzot/ros2_main/install/socketcan_interface/share/socketcan_interface/cmake/export_socketcan_interfaceExport.cmake
[14.186s] -- Installing: /home/ryuzot/ros2_main/install/socketcan_interface/share/socketcan_interface/cmake/export_socketcan_interfaceExport-noconfig.cmake
[14.192s] Invoked command in '/home/ryuzot/ros2_main/build/socketcan_interface' returned '0': CMAKE_PREFIX_PATH=/home/ryuzot/ros2_main/install/socketcan_interface_msg:/home/ryuzot/ros2_main/install/socketcan_interface:/opt/ros/galactic LD_LIBRARY_PATH=/home/ryuzot/ros2_main/install/socketcan_interface_msg/lib:/home/ryuzot/ros2_main/install/socketcan_interface/lib:/opt/ros/galactic/opt/yaml_cpp_vendor/lib:/opt/ros/galactic/opt/rviz_ogre_vendor/lib:/opt/ros/galactic/lib/x86_64-linux-gnu:/opt/ros/galactic/lib /usr/bin/cmake --install /home/ryuzot/ros2_main/build/socketcan_interface
