[0.262s] DEBUG:colcon:Command line arguments: ['/usr/bin/colcon', 'build', '--packages-select', 'csm']
[0.262s] DEBUG:colcon:Parsed command line arguments: Namespace(allow_overriding=[], ament_cmake_args=None, base_paths=['.'], build_base='build', catkin_cmake_args=None, catkin_skip_building_tests=False, cmake_args=None, cmake_clean_cache=False, cmake_clean_first=False, cmake_force_configure=False, cmake_target=None, cmake_target_skip_unavailable=False, continue_on_error=False, event_handlers=None, executor='parallel', ignore_user_meta=False, install_base='install', log_base=None, log_level=None, main=<bound method BuildVerb.main of <colcon_core.verb.build.BuildVerb object at 0x7fe902fba580>>, merge_install=False, metas=['./colcon.meta'], packages_above=None, packages_above_and_dependencies=None, packages_above_depth=None, packages_end=None, packages_ignore=None, packages_ignore_regex=None, packages_select=['csm'], packages_select_build_failed=False, packages_select_by_dep=None, packages_select_regex=None, packages_select_test_failures=False, packages_skip=None, packages_skip_build_finished=False, packages_skip_by_dep=None, packages_skip_regex=None, packages_skip_test_passed=False, packages_skip_up_to=None, packages_start=None, packages_up_to=None, packages_up_to_regex=None, parallel_workers=8, paths=None, symlink_install=False, test_result_base=None, verb_extension=<colcon_core.verb.build.BuildVerb object at 0x7fe902fba580>, verb_name='build', verb_parser=<colcon_defaults.argument_parser.defaults.DefaultArgumentsDecorator object at 0x7fe902fbaac0>)
[0.267s] Level 1:colcon.colcon_core.package_discovery:discover_packages(colcon_meta) check parameters
[0.267s] Level 1:colcon.colcon_core.package_discovery:discover_packages(recursive) check parameters
[0.267s] Level 1:colcon.colcon_core.package_discovery:discover_packages(ignore) check parameters
[0.267s] Level 1:colcon.colcon_core.package_discovery:discover_packages(path) check parameters
[0.267s] Level 1:colcon.colcon_core.package_discovery:discover_packages(colcon_meta) discover
[0.267s] Level 1:colcon.colcon_core.package_discovery:discover_packages(recursive) discover
[0.267s] INFO:colcon.colcon_core.package_discovery:Crawling recursively for packages in '/home/kazuma/ros2_ws_2/ros2_main'
[0.268s] Level 1:colcon.colcon_core.package_identification:_identify(.) by extensions ['ignore', 'ignore_ament_install']
[0.268s] Level 1:colcon.colcon_core.package_identification:_identify(.) by extension 'ignore'
[0.268s] Level 1:colcon.colcon_core.package_identification:_identify(.) by extension 'ignore_ament_install'
[0.268s] Level 1:colcon.colcon_core.package_identification:_identify(.) by extensions ['colcon_pkg']
[0.268s] Level 1:colcon.colcon_core.package_identification:_identify(.) by extension 'colcon_pkg'
[0.268s] Level 1:colcon.colcon_core.package_identification:_identify(.) by extensions ['colcon_meta']
[0.268s] Level 1:colcon.colcon_core.package_identification:_identify(.) by extension 'colcon_meta'
[0.268s] Level 1:colcon.colcon_core.package_identification:_identify(.) by extensions ['ros']
[0.268s] Level 1:colcon.colcon_core.package_identification:_identify(.) by extension 'ros'
[0.281s] Level 1:colcon.colcon_core.package_identification:_identify(.) by extensions ['cmake', 'python']
[0.281s] Level 1:colcon.colcon_core.package_identification:_identify(.) by extension 'cmake'
[0.281s] Level 1:colcon.colcon_core.package_identification:_identify(.) by extension 'python'
[0.281s] Level 1:colcon.colcon_core.package_identification:_identify(.) by extensions ['python_setup_py']
[0.281s] Level 1:colcon.colcon_core.package_identification:_identify(.) by extension 'python_setup_py'
[0.281s] Level 1:colcon.colcon_core.package_identification:_identify(build) by extensions ['ignore', 'ignore_ament_install']
[0.281s] Level 1:colcon.colcon_core.package_identification:_identify(build) by extension 'ignore'
[0.282s] Level 1:colcon.colcon_core.package_identification:_identify(build) ignored
[0.282s] Level 1:colcon.colcon_core.package_identification:_identify(install) by extensions ['ignore', 'ignore_ament_install']
[0.282s] Level 1:colcon.colcon_core.package_identification:_identify(install) by extension 'ignore'
[0.282s] Level 1:colcon.colcon_core.package_identification:_identify(install) ignored
[0.282s] Level 1:colcon.colcon_core.package_identification:_identify(log) by extensions ['ignore', 'ignore_ament_install']
[0.282s] Level 1:colcon.colcon_core.package_identification:_identify(log) by extension 'ignore'
[0.283s] Level 1:colcon.colcon_core.package_identification:_identify(log) ignored
[0.283s] Level 1:colcon.colcon_core.package_identification:_identify(src) by extensions ['ignore', 'ignore_ament_install']
[0.283s] Level 1:colcon.colcon_core.package_identification:_identify(src) by extension 'ignore'
[0.283s] Level 1:colcon.colcon_core.package_identification:_identify(src) by extension 'ignore_ament_install'
[0.283s] Level 1:colcon.colcon_core.package_identification:_identify(src) by extensions ['colcon_pkg']
[0.283s] Level 1:colcon.colcon_core.package_identification:_identify(src) by extension 'colcon_pkg'
[0.283s] Level 1:colcon.colcon_core.package_identification:_identify(src) by extensions ['colcon_meta']
[0.283s] Level 1:colcon.colcon_core.package_identification:_identify(src) by extension 'colcon_meta'
[0.283s] Level 1:colcon.colcon_core.package_identification:_identify(src) by extensions ['ros']
[0.283s] Level 1:colcon.colcon_core.package_identification:_identify(src) by extension 'ros'
[0.284s] Level 1:colcon.colcon_core.package_identification:_identify(src) by extensions ['cmake', 'python']
[0.284s] Level 1:colcon.colcon_core.package_identification:_identify(src) by extension 'cmake'
[0.284s] Level 1:colcon.colcon_core.package_identification:_identify(src) by extension 'python'
[0.284s] Level 1:colcon.colcon_core.package_identification:_identify(src) by extensions ['python_setup_py']
[0.284s] Level 1:colcon.colcon_core.package_identification:_identify(src) by extension 'python_setup_py'
[0.284s] Level 1:colcon.colcon_core.package_identification:_identify(src/bno055_io) by extensions ['ignore', 'ignore_ament_install']
[0.284s] Level 1:colcon.colcon_core.package_identification:_identify(src/bno055_io) by extension 'ignore'
[0.284s] Level 1:colcon.colcon_core.package_identification:_identify(src/bno055_io) by extension 'ignore_ament_install'
[0.285s] Level 1:colcon.colcon_core.package_identification:_identify(src/bno055_io) by extensions ['colcon_pkg']
[0.285s] Level 1:colcon.colcon_core.package_identification:_identify(src/bno055_io) by extension 'colcon_pkg'
[0.285s] Level 1:colcon.colcon_core.package_identification:_identify(src/bno055_io) by extensions ['colcon_meta']
[0.285s] Level 1:colcon.colcon_core.package_identification:_identify(src/bno055_io) by extension 'colcon_meta'
[0.285s] Level 1:colcon.colcon_core.package_identification:_identify(src/bno055_io) by extensions ['ros']
[0.285s] Level 1:colcon.colcon_core.package_identification:_identify(src/bno055_io) by extension 'ros'
[0.287s] DEBUG:colcon.colcon_core.package_identification:Package 'src/bno055_io' with type 'ros.ament_cmake' and name 'bno055_io'
[0.288s] Level 1:colcon.colcon_core.package_identification:_identify(src/csm) by extensions ['ignore', 'ignore_ament_install']
[0.288s] Level 1:colcon.colcon_core.package_identification:_identify(src/csm) by extension 'ignore'
[0.288s] Level 1:colcon.colcon_core.package_identification:_identify(src/csm) by extension 'ignore_ament_install'
[0.288s] Level 1:colcon.colcon_core.package_identification:_identify(src/csm) by extensions ['colcon_pkg']
[0.288s] Level 1:colcon.colcon_core.package_identification:_identify(src/csm) by extension 'colcon_pkg'
[0.288s] Level 1:colcon.colcon_core.package_identification:_identify(src/csm) by extensions ['colcon_meta']
[0.288s] Level 1:colcon.colcon_core.package_identification:_identify(src/csm) by extension 'colcon_meta'
[0.289s] Level 1:colcon.colcon_core.package_identification:_identify(src/csm) by extensions ['ros']
[0.289s] Level 1:colcon.colcon_core.package_identification:_identify(src/csm) by extension 'ros'
[0.289s] DEBUG:colcon.colcon_core.package_identification:Package 'src/csm' with type 'ros.ament_cmake' and name 'csm'
[0.289s] Level 1:colcon.colcon_core.package_identification:_identify(src/lidar_vel) by extensions ['ignore', 'ignore_ament_install']
[0.289s] Level 1:colcon.colcon_core.package_identification:_identify(src/lidar_vel) by extension 'ignore'
[0.290s] Level 1:colcon.colcon_core.package_identification:_identify(src/lidar_vel) by extension 'ignore_ament_install'
[0.290s] Level 1:colcon.colcon_core.package_identification:_identify(src/lidar_vel) by extensions ['colcon_pkg']
[0.290s] Level 1:colcon.colcon_core.package_identification:_identify(src/lidar_vel) by extension 'colcon_pkg'
[0.290s] Level 1:colcon.colcon_core.package_identification:_identify(src/lidar_vel) by extensions ['colcon_meta']
[0.290s] Level 1:colcon.colcon_core.package_identification:_identify(src/lidar_vel) by extension 'colcon_meta'
[0.290s] Level 1:colcon.colcon_core.package_identification:_identify(src/lidar_vel) by extensions ['ros']
[0.290s] Level 1:colcon.colcon_core.package_identification:_identify(src/lidar_vel) by extension 'ros'
[0.291s] DEBUG:colcon.colcon_core.package_identification:Package 'src/lidar_vel' with type 'ros.ament_cmake' and name 'lidar_vel'
[0.292s] Level 1:colcon.colcon_core.package_identification:_identify(src/main_executor) by extensions ['ignore', 'ignore_ament_install']
[0.292s] Level 1:colcon.colcon_core.package_identification:_identify(src/main_executor) by extension 'ignore'
[0.292s] Level 1:colcon.colcon_core.package_identification:_identify(src/main_executor) by extension 'ignore_ament_install'
[0.292s] Level 1:colcon.colcon_core.package_identification:_identify(src/main_executor) by extensions ['colcon_pkg']
[0.292s] Level 1:colcon.colcon_core.package_identification:_identify(src/main_executor) by extension 'colcon_pkg'
[0.292s] Level 1:colcon.colcon_core.package_identification:_identify(src/main_executor) by extensions ['colcon_meta']
[0.292s] Level 1:colcon.colcon_core.package_identification:_identify(src/main_executor) by extension 'colcon_meta'
[0.293s] Level 1:colcon.colcon_core.package_identification:_identify(src/main_executor) by extensions ['ros']
[0.293s] Level 1:colcon.colcon_core.package_identification:_identify(src/main_executor) by extension 'ros'
[0.293s] DEBUG:colcon.colcon_core.package_identification:Package 'src/main_executor' with type 'ros.ament_cmake' and name 'main_executor'
[0.294s] Level 1:colcon.colcon_core.package_identification:_identify(src/ros2_laser_scan_matcher) by extensions ['ignore', 'ignore_ament_install']
[0.294s] Level 1:colcon.colcon_core.package_identification:_identify(src/ros2_laser_scan_matcher) by extension 'ignore'
[0.294s] Level 1:colcon.colcon_core.package_identification:_identify(src/ros2_laser_scan_matcher) by extension 'ignore_ament_install'
[0.294s] Level 1:colcon.colcon_core.package_identification:_identify(src/ros2_laser_scan_matcher) by extensions ['colcon_pkg']
[0.294s] Level 1:colcon.colcon_core.package_identification:_identify(src/ros2_laser_scan_matcher) by extension 'colcon_pkg'
[0.294s] Level 1:colcon.colcon_core.package_identification:_identify(src/ros2_laser_scan_matcher) by extensions ['colcon_meta']
[0.294s] Level 1:colcon.colcon_core.package_identification:_identify(src/ros2_laser_scan_matcher) by extension 'colcon_meta'
[0.294s] Level 1:colcon.colcon_core.package_identification:_identify(src/ros2_laser_scan_matcher) by extensions ['ros']
[0.294s] Level 1:colcon.colcon_core.package_identification:_identify(src/ros2_laser_scan_matcher) by extension 'ros'
[0.295s] DEBUG:colcon.colcon_core.package_identification:Package 'src/ros2_laser_scan_matcher' with type 'ros.ament_cmake' and name 'ros2_laser_scan_matcher'
[0.295s] Level 1:colcon.colcon_core.package_identification:_identify(src/slam_toolbox) by extensions ['ignore', 'ignore_ament_install']
[0.296s] Level 1:colcon.colcon_core.package_identification:_identify(src/slam_toolbox) by extension 'ignore'
[0.296s] Level 1:colcon.colcon_core.package_identification:_identify(src/slam_toolbox) by extension 'ignore_ament_install'
[0.296s] Level 1:colcon.colcon_core.package_identification:_identify(src/slam_toolbox) by extensions ['colcon_pkg']
[0.296s] Level 1:colcon.colcon_core.package_identification:_identify(src/slam_toolbox) by extension 'colcon_pkg'
[0.296s] Level 1:colcon.colcon_core.package_identification:_identify(src/slam_toolbox) by extensions ['colcon_meta']
[0.296s] Level 1:colcon.colcon_core.package_identification:_identify(src/slam_toolbox) by extension 'colcon_meta'
[0.296s] Level 1:colcon.colcon_core.package_identification:_identify(src/slam_toolbox) by extensions ['ros']
[0.296s] Level 1:colcon.colcon_core.package_identification:_identify(src/slam_toolbox) by extension 'ros'
[0.298s] DEBUG:colcon.colcon_core.package_identification:Package 'src/slam_toolbox' with type 'ros.ament_cmake' and name 'slam_toolbox'
[0.298s] Level 1:colcon.colcon_core.package_identification:_identify(src/socketcan_interface) by extensions ['ignore', 'ignore_ament_install']
[0.298s] Level 1:colcon.colcon_core.package_identification:_identify(src/socketcan_interface) by extension 'ignore'
[0.298s] Level 1:colcon.colcon_core.package_identification:_identify(src/socketcan_interface) by extension 'ignore_ament_install'
[0.299s] Level 1:colcon.colcon_core.package_identification:_identify(src/socketcan_interface) by extensions ['colcon_pkg']
[0.299s] Level 1:colcon.colcon_core.package_identification:_identify(src/socketcan_interface) by extension 'colcon_pkg'
[0.299s] Level 1:colcon.colcon_core.package_identification:_identify(src/socketcan_interface) by extensions ['colcon_meta']
[0.299s] Level 1:colcon.colcon_core.package_identification:_identify(src/socketcan_interface) by extension 'colcon_meta'
[0.299s] Level 1:colcon.colcon_core.package_identification:_identify(src/socketcan_interface) by extensions ['ros']
[0.299s] Level 1:colcon.colcon_core.package_identification:_identify(src/socketcan_interface) by extension 'ros'
[0.300s] DEBUG:colcon.colcon_core.package_identification:Package 'src/socketcan_interface' with type 'ros.ament_cmake' and name 'socketcan_interface'
[0.300s] Level 1:colcon.colcon_core.package_identification:_identify(src/socketcan_interface_msg) by extensions ['ignore', 'ignore_ament_install']
[0.300s] Level 1:colcon.colcon_core.package_identification:_identify(src/socketcan_interface_msg) by extension 'ignore'
[0.300s] Level 1:colcon.colcon_core.package_identification:_identify(src/socketcan_interface_msg) by extension 'ignore_ament_install'
[0.300s] Level 1:colcon.colcon_core.package_identification:_identify(src/socketcan_interface_msg) by extensions ['colcon_pkg']
[0.300s] Level 1:colcon.colcon_core.package_identification:_identify(src/socketcan_interface_msg) by extension 'colcon_pkg'
[0.300s] Level 1:colcon.colcon_core.package_identification:_identify(src/socketcan_interface_msg) by extensions ['colcon_meta']
[0.300s] Level 1:colcon.colcon_core.package_identification:_identify(src/socketcan_interface_msg) by extension 'colcon_meta'
[0.300s] Level 1:colcon.colcon_core.package_identification:_identify(src/socketcan_interface_msg) by extensions ['ros']
[0.301s] Level 1:colcon.colcon_core.package_identification:_identify(src/socketcan_interface_msg) by extension 'ros'
[0.301s] DEBUG:colcon.colcon_core.package_identification:Package 'src/socketcan_interface_msg' with type 'ros.ament_cmake' and name 'socketcan_interface_msg'
[0.301s] Level 1:colcon.colcon_core.package_identification:_identify(src/urdf_test) by extensions ['ignore', 'ignore_ament_install']
[0.301s] Level 1:colcon.colcon_core.package_identification:_identify(src/urdf_test) by extension 'ignore'
[0.301s] Level 1:colcon.colcon_core.package_identification:_identify(src/urdf_test) by extension 'ignore_ament_install'
[0.302s] Level 1:colcon.colcon_core.package_identification:_identify(src/urdf_test) by extensions ['colcon_pkg']
[0.302s] Level 1:colcon.colcon_core.package_identification:_identify(src/urdf_test) by extension 'colcon_pkg'
[0.302s] Level 1:colcon.colcon_core.package_identification:_identify(src/urdf_test) by extensions ['colcon_meta']
[0.302s] Level 1:colcon.colcon_core.package_identification:_identify(src/urdf_test) by extension 'colcon_meta'
[0.302s] Level 1:colcon.colcon_core.package_identification:_identify(src/urdf_test) by extensions ['ros']
[0.302s] Level 1:colcon.colcon_core.package_identification:_identify(src/urdf_test) by extension 'ros'
[0.303s] DEBUG:colcon.colcon_core.package_identification:Package 'src/urdf_test' with type 'ros.ament_cmake' and name 'urdf_test'
[0.303s] Level 1:colcon.colcon_core.package_identification:_identify(src/urg) by extensions ['ignore', 'ignore_ament_install']
[0.303s] Level 1:colcon.colcon_core.package_identification:_identify(src/urg) by extension 'ignore'
[0.303s] Level 1:colcon.colcon_core.package_identification:_identify(src/urg) by extension 'ignore_ament_install'
[0.303s] Level 1:colcon.colcon_core.package_identification:_identify(src/urg) by extensions ['colcon_pkg']
[0.303s] Level 1:colcon.colcon_core.package_identification:_identify(src/urg) by extension 'colcon_pkg'
[0.303s] Level 1:colcon.colcon_core.package_identification:_identify(src/urg) by extensions ['colcon_meta']
[0.304s] Level 1:colcon.colcon_core.package_identification:_identify(src/urg) by extension 'colcon_meta'
[0.304s] Level 1:colcon.colcon_core.package_identification:_identify(src/urg) by extensions ['ros']
[0.304s] Level 1:colcon.colcon_core.package_identification:_identify(src/urg) by extension 'ros'
[0.304s] DEBUG:colcon.colcon_core.package_identification:Package 'src/urg' with type 'ros.ament_cmake' and name 'urg'
[0.304s] Level 1:colcon.colcon_core.package_identification:_identify(tools) by extensions ['ignore', 'ignore_ament_install']
[0.305s] Level 1:colcon.colcon_core.package_identification:_identify(tools) by extension 'ignore'
[0.305s] Level 1:colcon.colcon_core.package_identification:_identify(tools) by extension 'ignore_ament_install'
[0.305s] Level 1:colcon.colcon_core.package_identification:_identify(tools) by extensions ['colcon_pkg']
[0.305s] Level 1:colcon.colcon_core.package_identification:_identify(tools) by extension 'colcon_pkg'
[0.305s] Level 1:colcon.colcon_core.package_identification:_identify(tools) by extensions ['colcon_meta']
[0.305s] Level 1:colcon.colcon_core.package_identification:_identify(tools) by extension 'colcon_meta'
[0.305s] Level 1:colcon.colcon_core.package_identification:_identify(tools) by extensions ['ros']
[0.305s] Level 1:colcon.colcon_core.package_identification:_identify(tools) by extension 'ros'
[0.306s] Level 1:colcon.colcon_core.package_identification:_identify(tools) by extensions ['cmake', 'python']
[0.306s] Level 1:colcon.colcon_core.package_identification:_identify(tools) by extension 'cmake'
[0.306s] Level 1:colcon.colcon_core.package_identification:_identify(tools) by extension 'python'
[0.306s] Level 1:colcon.colcon_core.package_identification:_identify(tools) by extensions ['python_setup_py']
[0.306s] Level 1:colcon.colcon_core.package_identification:_identify(tools) by extension 'python_setup_py'
[0.306s] Level 1:colcon.colcon_core.package_discovery:discover_packages(recursive) using defaults
[0.306s] Level 1:colcon.colcon_core.package_discovery:discover_packages(ignore) discover
[0.306s] Level 1:colcon.colcon_core.package_discovery:discover_packages(ignore) using defaults
[0.307s] Level 1:colcon.colcon_core.package_discovery:discover_packages(path) discover
[0.307s] Level 1:colcon.colcon_core.package_discovery:discover_packages(path) using defaults
[0.326s] INFO:colcon.colcon_core.package_selection:Skipping not selected package 'slam_toolbox' in 'src/slam_toolbox'
[0.326s] INFO:colcon.colcon_core.package_selection:Skipping not selected package 'socketcan_interface_msg' in 'src/socketcan_interface_msg'
[0.326s] INFO:colcon.colcon_core.package_selection:Skipping not selected package 'urdf_test' in 'src/urdf_test'
[0.326s] INFO:colcon.colcon_core.package_selection:Skipping not selected package 'urg' in 'src/urg'
[0.326s] INFO:colcon.colcon_core.package_selection:Skipping not selected package 'lidar_vel' in 'src/lidar_vel'
[0.326s] INFO:colcon.colcon_core.package_selection:Skipping not selected package 'ros2_laser_scan_matcher' in 'src/ros2_laser_scan_matcher'
[0.326s] INFO:colcon.colcon_core.package_selection:Skipping not selected package 'socketcan_interface' in 'src/socketcan_interface'
[0.326s] INFO:colcon.colcon_core.package_selection:Skipping not selected package 'bno055_io' in 'src/bno055_io'
[0.326s] INFO:colcon.colcon_core.package_selection:Skipping not selected package 'main_executor' in 'src/main_executor'
[0.327s] Level 5:colcon.colcon_core.verb:set package 'csm' build argument 'cmake_args' from command line to 'None'
[0.327s] Level 5:colcon.colcon_core.verb:set package 'csm' build argument 'cmake_target' from command line to 'None'
[0.327s] Level 5:colcon.colcon_core.verb:set package 'csm' build argument 'cmake_target_skip_unavailable' from command line to 'False'
[0.327s] Level 5:colcon.colcon_core.verb:set package 'csm' build argument 'cmake_clean_cache' from command line to 'False'
[0.327s] Level 5:colcon.colcon_core.verb:set package 'csm' build argument 'cmake_clean_first' from command line to 'False'
[0.327s] Level 5:colcon.colcon_core.verb:set package 'csm' build argument 'cmake_force_configure' from command line to 'False'
[0.327s] Level 5:colcon.colcon_core.verb:set package 'csm' build argument 'ament_cmake_args' from command line to 'None'
[0.327s] Level 5:colcon.colcon_core.verb:set package 'csm' build argument 'catkin_cmake_args' from command line to 'None'
[0.327s] Level 5:colcon.colcon_core.verb:set package 'csm' build argument 'catkin_skip_building_tests' from command line to 'False'
[0.327s] DEBUG:colcon.colcon_core.verb:Building package 'csm' with the following arguments: {'ament_cmake_args': None, 'build_base': '/home/kazuma/ros2_ws_2/ros2_main/build/csm', 'catkin_cmake_args': None, 'catkin_skip_building_tests': False, 'cmake_args': None, 'cmake_clean_cache': False, 'cmake_clean_first': False, 'cmake_force_configure': False, 'cmake_target': None, 'cmake_target_skip_unavailable': False, 'install_base': '/home/kazuma/ros2_ws_2/ros2_main/install/csm', 'merge_install': False, 'path': '/home/kazuma/ros2_ws_2/ros2_main/src/csm', 'symlink_install': False, 'test_result_base': None}
[0.335s] INFO:colcon.colcon_core.executor:Executing jobs using 'parallel' executor
[0.339s] DEBUG:colcon.colcon_parallel_executor.executor.parallel:run_until_complete
[0.340s] INFO:colcon.colcon_ros.task.ament_cmake.build:Building ROS package in '/home/kazuma/ros2_ws_2/ros2_main/src/csm' with build type 'ament_cmake'
[0.341s] INFO:colcon.colcon_cmake.task.cmake.build:Building CMake package in '/home/kazuma/ros2_ws_2/ros2_main/src/csm'
[0.346s] INFO:colcon.colcon_core.plugin_system:Skipping extension 'colcon_core.shell.bat': Not used on non-Windows systems
[0.346s] INFO:colcon.colcon_core.shell:Skip shell extension 'powershell' for command environment: Not usable outside of PowerShell
[0.347s] DEBUG:colcon.colcon_core.shell:Skip shell extension 'dsv' for command environment
[0.378s] DEBUG:colcon.colcon_core.event_handler.log_command:Invoking command in '/home/kazuma/ros2_ws_2/ros2_main/build/csm': CMAKE_PREFIX_PATH=${CMAKE_PREFIX_PATH}:/home/kazuma/ros2_ws/install/nav2_msgs:/home/kazuma/ros2_ws/install/nav2_gazebo_spawner:/home/kazuma/ros2_ws_2/install/turtlebot3_teleop:/home/kazuma/ros2_ws_2/install/turtlebot3_example:/home/kazuma/ros2_ws_2/install/nav2_gazebo_spawner:/opt/ros/foxy /usr/bin/cmake /home/kazuma/ros2_ws_2/ros2_main/src/csm -DCMAKE_INSTALL_PREFIX=/home/kazuma/ros2_ws_2/ros2_main/install/csm
[10.233s] DEBUG:colcon.colcon_core.event_handler.log_command:Invoked command in '/home/kazuma/ros2_ws_2/ros2_main/build/csm' returned '0': CMAKE_PREFIX_PATH=${CMAKE_PREFIX_PATH}:/home/kazuma/ros2_ws/install/nav2_msgs:/home/kazuma/ros2_ws/install/nav2_gazebo_spawner:/home/kazuma/ros2_ws_2/install/turtlebot3_teleop:/home/kazuma/ros2_ws_2/install/turtlebot3_example:/home/kazuma/ros2_ws_2/install/nav2_gazebo_spawner:/opt/ros/foxy /usr/bin/cmake /home/kazuma/ros2_ws_2/ros2_main/src/csm -DCMAKE_INSTALL_PREFIX=/home/kazuma/ros2_ws_2/ros2_main/install/csm
[10.239s] DEBUG:colcon.colcon_core.event_handler.log_command:Invoking command in '/home/kazuma/ros2_ws_2/ros2_main/build/csm': CMAKE_PREFIX_PATH=${CMAKE_PREFIX_PATH}:/home/kazuma/ros2_ws/install/nav2_msgs:/home/kazuma/ros2_ws/install/nav2_gazebo_spawner:/home/kazuma/ros2_ws_2/install/turtlebot3_teleop:/home/kazuma/ros2_ws_2/install/turtlebot3_example:/home/kazuma/ros2_ws_2/install/nav2_gazebo_spawner:/opt/ros/foxy /usr/bin/cmake --build /home/kazuma/ros2_ws_2/ros2_main/build/csm -- -j8 -l8
[27.182s] DEBUG:colcon.colcon_core.event_handler.log_command:Invoked command in '/home/kazuma/ros2_ws_2/ros2_main/build/csm' returned '0': CMAKE_PREFIX_PATH=${CMAKE_PREFIX_PATH}:/home/kazuma/ros2_ws/install/nav2_msgs:/home/kazuma/ros2_ws/install/nav2_gazebo_spawner:/home/kazuma/ros2_ws_2/install/turtlebot3_teleop:/home/kazuma/ros2_ws_2/install/turtlebot3_example:/home/kazuma/ros2_ws_2/install/nav2_gazebo_spawner:/opt/ros/foxy /usr/bin/cmake --build /home/kazuma/ros2_ws_2/ros2_main/build/csm -- -j8 -l8
[27.343s] DEBUG:colcon.colcon_core.event_handler.log_command:Invoking command in '/home/kazuma/ros2_ws_2/ros2_main/build/csm': CMAKE_PREFIX_PATH=${CMAKE_PREFIX_PATH}:/home/kazuma/ros2_ws/install/nav2_msgs:/home/kazuma/ros2_ws/install/nav2_gazebo_spawner:/home/kazuma/ros2_ws_2/install/turtlebot3_teleop:/home/kazuma/ros2_ws_2/install/turtlebot3_example:/home/kazuma/ros2_ws_2/install/nav2_gazebo_spawner:/opt/ros/foxy /usr/bin/cmake --install /home/kazuma/ros2_ws_2/ros2_main/build/csm
[27.375s] Level 1:colcon.colcon_core.environment:create_environment_scripts_only(csm)
[27.376s] DEBUG:colcon.colcon_core.event_handler.log_command:Invoked command in '/home/kazuma/ros2_ws_2/ros2_main/build/csm' returned '0': CMAKE_PREFIX_PATH=${CMAKE_PREFIX_PATH}:/home/kazuma/ros2_ws/install/nav2_msgs:/home/kazuma/ros2_ws/install/nav2_gazebo_spawner:/home/kazuma/ros2_ws_2/install/turtlebot3_teleop:/home/kazuma/ros2_ws_2/install/turtlebot3_example:/home/kazuma/ros2_ws_2/install/nav2_gazebo_spawner:/opt/ros/foxy /usr/bin/cmake --install /home/kazuma/ros2_ws_2/ros2_main/build/csm
[27.382s] Level 1:colcon.colcon_core.environment:checking '/home/kazuma/ros2_ws_2/ros2_main/install/csm' for CMake module files
[27.382s] Level 1:colcon.colcon_core.environment:checking '/home/kazuma/ros2_ws_2/ros2_main/install/csm' for CMake config files
[27.382s] Level 1:colcon.colcon_core.shell:create_environment_hook('csm', 'cmake_prefix_path')
[27.383s] INFO:colcon.colcon_core.shell:Creating environment hook '/home/kazuma/ros2_ws_2/ros2_main/install/csm/share/csm/hook/cmake_prefix_path.ps1'
[27.385s] INFO:colcon.colcon_core.shell:Creating environment descriptor '/home/kazuma/ros2_ws_2/ros2_main/install/csm/share/csm/hook/cmake_prefix_path.dsv'
[27.387s] INFO:colcon.colcon_core.shell:Creating environment hook '/home/kazuma/ros2_ws_2/ros2_main/install/csm/share/csm/hook/cmake_prefix_path.sh'
[27.388s] Level 1:colcon.colcon_core.environment:checking '/home/kazuma/ros2_ws_2/ros2_main/install/csm/lib'
[27.388s] Level 1:colcon.colcon_core.shell:create_environment_hook('csm', 'ld_library_path_lib')
[27.389s] INFO:colcon.colcon_core.shell:Creating environment hook '/home/kazuma/ros2_ws_2/ros2_main/install/csm/share/csm/hook/ld_library_path_lib.ps1'
[27.389s] INFO:colcon.colcon_core.shell:Creating environment descriptor '/home/kazuma/ros2_ws_2/ros2_main/install/csm/share/csm/hook/ld_library_path_lib.dsv'
[27.389s] INFO:colcon.colcon_core.shell:Creating environment hook '/home/kazuma/ros2_ws_2/ros2_main/install/csm/share/csm/hook/ld_library_path_lib.sh'
[27.390s] Level 1:colcon.colcon_core.environment:checking '/home/kazuma/ros2_ws_2/ros2_main/install/csm/bin'
[27.390s] Level 1:colcon.colcon_core.environment:checking '/home/kazuma/ros2_ws_2/ros2_main/install/csm/lib/pkgconfig/csm.pc'
[27.390s] Level 1:colcon.colcon_core.environment:checking '/home/kazuma/ros2_ws_2/ros2_main/install/csm/lib/python3.8/site-packages'
[27.391s] INFO:colcon.colcon_core.shell:Creating package script '/home/kazuma/ros2_ws_2/ros2_main/install/csm/share/csm/package.ps1'
[27.391s] INFO:colcon.colcon_core.shell:Creating package descriptor '/home/kazuma/ros2_ws_2/ros2_main/install/csm/share/csm/package.dsv'
[27.392s] INFO:colcon.colcon_core.shell:Creating package script '/home/kazuma/ros2_ws_2/ros2_main/install/csm/share/csm/package.sh'
[27.393s] INFO:colcon.colcon_core.shell:Creating package script '/home/kazuma/ros2_ws_2/ros2_main/install/csm/share/csm/package.bash'
[27.393s] INFO:colcon.colcon_core.shell:Creating package script '/home/kazuma/ros2_ws_2/ros2_main/install/csm/share/csm/package.zsh'
[27.394s] Level 1:colcon.colcon_core.environment:create_file_with_runtime_dependencies(/home/kazuma/ros2_ws_2/ros2_main/install/csm/share/colcon-core/packages/csm)
[27.556s] Level 1:colcon.colcon_core.environment:create_environment_scripts_only(csm)
[27.557s] Level 1:colcon.colcon_core.environment:checking '/home/kazuma/ros2_ws_2/ros2_main/install/csm' for CMake module files
[27.558s] Level 1:colcon.colcon_core.environment:checking '/home/kazuma/ros2_ws_2/ros2_main/install/csm' for CMake config files
[27.559s] Level 1:colcon.colcon_core.shell:create_environment_hook('csm', 'cmake_prefix_path')
[27.559s] INFO:colcon.colcon_core.shell:Creating environment hook '/home/kazuma/ros2_ws_2/ros2_main/install/csm/share/csm/hook/cmake_prefix_path.ps1'
[27.560s] INFO:colcon.colcon_core.shell:Creating environment descriptor '/home/kazuma/ros2_ws_2/ros2_main/install/csm/share/csm/hook/cmake_prefix_path.dsv'
[27.561s] INFO:colcon.colcon_core.shell:Creating environment hook '/home/kazuma/ros2_ws_2/ros2_main/install/csm/share/csm/hook/cmake_prefix_path.sh'
[27.562s] Level 1:colcon.colcon_core.environment:checking '/home/kazuma/ros2_ws_2/ros2_main/install/csm/lib'
[27.562s] Level 1:colcon.colcon_core.shell:create_environment_hook('csm', 'ld_library_path_lib')
[27.562s] INFO:colcon.colcon_core.shell:Creating environment hook '/home/kazuma/ros2_ws_2/ros2_main/install/csm/share/csm/hook/ld_library_path_lib.ps1'
[27.563s] INFO:colcon.colcon_core.shell:Creating environment descriptor '/home/kazuma/ros2_ws_2/ros2_main/install/csm/share/csm/hook/ld_library_path_lib.dsv'
[27.564s] INFO:colcon.colcon_core.shell:Creating environment hook '/home/kazuma/ros2_ws_2/ros2_main/install/csm/share/csm/hook/ld_library_path_lib.sh'
[27.564s] Level 1:colcon.colcon_core.environment:checking '/home/kazuma/ros2_ws_2/ros2_main/install/csm/bin'
[27.564s] Level 1:colcon.colcon_core.environment:checking '/home/kazuma/ros2_ws_2/ros2_main/install/csm/lib/pkgconfig/csm.pc'
[27.565s] Level 1:colcon.colcon_core.environment:checking '/home/kazuma/ros2_ws_2/ros2_main/install/csm/lib/python3.8/site-packages'
[27.565s] INFO:colcon.colcon_core.shell:Creating package script '/home/kazuma/ros2_ws_2/ros2_main/install/csm/share/csm/package.ps1'
[27.566s] INFO:colcon.colcon_core.shell:Creating package descriptor '/home/kazuma/ros2_ws_2/ros2_main/install/csm/share/csm/package.dsv'
[27.567s] INFO:colcon.colcon_core.shell:Creating package script '/home/kazuma/ros2_ws_2/ros2_main/install/csm/share/csm/package.sh'
[27.567s] INFO:colcon.colcon_core.shell:Creating package script '/home/kazuma/ros2_ws_2/ros2_main/install/csm/share/csm/package.bash'
[27.568s] INFO:colcon.colcon_core.shell:Creating package script '/home/kazuma/ros2_ws_2/ros2_main/install/csm/share/csm/package.zsh'
[27.568s] Level 1:colcon.colcon_core.environment:create_file_with_runtime_dependencies(/home/kazuma/ros2_ws_2/ros2_main/install/csm/share/colcon-core/packages/csm)
[27.569s] DEBUG:colcon.colcon_parallel_executor.executor.parallel:closing loop
[27.569s] DEBUG:colcon.colcon_parallel_executor.executor.parallel:loop closed
[27.569s] DEBUG:colcon.colcon_parallel_executor.executor.parallel:run_until_complete finished with '0'
[27.570s] DEBUG:colcon.colcon_core.event_reactor:joining thread
[27.645s] INFO:colcon.colcon_core.plugin_system:Skipping extension 'colcon_notification.desktop_notification.notify_send': Could not find 'notify-send'
[27.645s] INFO:colcon.colcon_core.plugin_system:Skipping extension 'colcon_notification.desktop_notification.terminal_notifier': Not used on non-Darwin systems
[27.645s] INFO:colcon.colcon_core.plugin_system:Skipping extension 'colcon_notification.desktop_notification.win32': Not used on non-Windows systems
[27.645s] INFO:colcon.colcon_notification.desktop_notification:Sending desktop notification using 'notify2'
[27.672s] DEBUG:colcon.colcon_notification.desktop_notification.notify2:Failed to initialize notify2: org.freedesktop.DBus.Error.ServiceUnknown: The name org.freedesktop.Notifications was not provided by any .service files
[27.673s] DEBUG:colcon.colcon_core.event_reactor:joined thread
[27.674s] INFO:colcon.colcon_core.shell:Creating prefix script '/home/kazuma/ros2_ws_2/ros2_main/install/local_setup.ps1'
[27.675s] INFO:colcon.colcon_core.shell:Creating prefix util module '/home/kazuma/ros2_ws_2/ros2_main/install/_local_setup_util_ps1.py'
[27.677s] INFO:colcon.colcon_core.shell:Creating prefix chain script '/home/kazuma/ros2_ws_2/ros2_main/install/setup.ps1'
[27.683s] INFO:colcon.colcon_core.shell:Creating prefix script '/home/kazuma/ros2_ws_2/ros2_main/install/local_setup.sh'
[27.684s] INFO:colcon.colcon_core.shell:Creating prefix util module '/home/kazuma/ros2_ws_2/ros2_main/install/_local_setup_util_sh.py'
[27.685s] INFO:colcon.colcon_core.shell:Creating prefix chain script '/home/kazuma/ros2_ws_2/ros2_main/install/setup.sh'
[27.690s] INFO:colcon.colcon_core.shell:Creating prefix script '/home/kazuma/ros2_ws_2/ros2_main/install/local_setup.bash'
[27.690s] INFO:colcon.colcon_core.shell:Creating prefix chain script '/home/kazuma/ros2_ws_2/ros2_main/install/setup.bash'
[27.695s] INFO:colcon.colcon_core.shell:Creating prefix script '/home/kazuma/ros2_ws_2/ros2_main/install/local_setup.zsh'
[27.696s] INFO:colcon.colcon_core.shell:Creating prefix chain script '/home/kazuma/ros2_ws_2/ros2_main/install/setup.zsh'
