[0.542s] DEBUG:colcon:Command line arguments: ['/home/ryuzot/.local/bin/colcon', 'build', '--cmake-args', '-DCMAKE_EXPORT_COMPILE_COMMANDS=ON', '-G', 'Ninja', '--allow-overriding', 'main_executor', 'socketcan_interface', 'socketcan_interface_msg', '--log-level', 'debug', 'build', '--symlink-install']
[0.542s] DEBUG:colcon:Parsed command line arguments: Namespace(allow_overriding=['main_executor', 'socketcan_interface', 'socketcan_interface_msg', '--log-level', 'debug', 'build'], ament_cmake_args=None, base_paths=['.'], build_base='build', catkin_cmake_args=None, catkin_skip_building_tests=False, cmake_args=['-DCMAKE_EXPORT_COMPILE_COMMANDS=ON', '-G', 'Ninja'], cmake_clean_cache=False, cmake_clean_first=False, cmake_force_configure=False, cmake_target=None, cmake_target_skip_unavailable=False, continue_on_error=False, event_handlers=None, executor='parallel', ignore_user_meta=False, install_base='install', log_base=None, log_level=None, main=<bound method BuildVerb.main of <colcon_core.verb.build.BuildVerb object at 0x7f72eb4830d0>>, merge_install=False, metas=['./colcon.meta'], packages_above=None, packages_above_and_dependencies=None, packages_above_depth=None, packages_end=None, packages_ignore=None, packages_ignore_regex=None, packages_select=None, packages_select_build_failed=False, packages_select_by_dep=None, packages_select_regex=None, packages_select_test_failures=False, packages_skip=None, packages_skip_build_finished=False, packages_skip_by_dep=None, packages_skip_regex=None, packages_skip_test_passed=False, packages_skip_up_to=None, packages_start=None, packages_up_to=None, packages_up_to_regex=None, parallel_workers=24, paths=None, symlink_install=True, test_result_base=None, verb_extension=<colcon_core.verb.build.BuildVerb object at 0x7f72eb4830d0>, verb_name='build', verb_parser=<colcon_defaults.argument_parser.defaults.DefaultArgumentsDecorator object at 0x7f72eaa49160>)
[0.551s] Level 1:colcon.colcon_core.package_discovery:discover_packages(colcon_meta) check parameters
[0.551s] Level 1:colcon.colcon_core.package_discovery:discover_packages(recursive) check parameters
[0.551s] Level 1:colcon.colcon_core.package_discovery:discover_packages(ignore) check parameters
[0.551s] Level 1:colcon.colcon_core.package_discovery:discover_packages(path) check parameters
[0.551s] Level 1:colcon.colcon_core.package_discovery:discover_packages(colcon_meta) discover
[0.552s] Level 1:colcon.colcon_core.package_discovery:discover_packages(recursive) discover
[0.552s] INFO:colcon.colcon_core.package_discovery:Crawling recursively for packages in '/home/ryuzot/ros2_main'
[0.552s] Level 1:colcon.colcon_core.package_identification:_identify(.) by extensions ['ignore', 'ignore_ament_install']
[0.552s] Level 1:colcon.colcon_core.package_identification:_identify(.) by extension 'ignore'
[0.552s] Level 1:colcon.colcon_core.package_identification:_identify(.) by extension 'ignore_ament_install'
[0.552s] Level 1:colcon.colcon_core.package_identification:_identify(.) by extensions ['colcon_pkg']
[0.552s] Level 1:colcon.colcon_core.package_identification:_identify(.) by extension 'colcon_pkg'
[0.552s] Level 1:colcon.colcon_core.package_identification:_identify(.) by extensions ['colcon_meta']
[0.552s] Level 1:colcon.colcon_core.package_identification:_identify(.) by extension 'colcon_meta'
[0.552s] Level 1:colcon.colcon_core.package_identification:_identify(.) by extensions ['ros']
[0.552s] Level 1:colcon.colcon_core.package_identification:_identify(.) by extension 'ros'
[0.559s] Level 1:colcon.colcon_core.package_identification:_identify(.) by extensions ['cmake', 'python']
[0.560s] Level 1:colcon.colcon_core.package_identification:_identify(.) by extension 'cmake'
[0.560s] Level 1:colcon.colcon_core.package_identification:_identify(.) by extension 'python'
[0.560s] Level 1:colcon.colcon_core.package_identification:_identify(.) by extensions ['python_setup_py']
[0.560s] Level 1:colcon.colcon_core.package_identification:_identify(.) by extension 'python_setup_py'
[0.560s] Level 1:colcon.colcon_core.package_identification:_identify(build) by extensions ['ignore', 'ignore_ament_install']
[0.560s] Level 1:colcon.colcon_core.package_identification:_identify(build) by extension 'ignore'
[0.560s] Level 1:colcon.colcon_core.package_identification:_identify(build) ignored
[0.560s] Level 1:colcon.colcon_core.package_identification:_identify(install) by extensions ['ignore', 'ignore_ament_install']
[0.560s] Level 1:colcon.colcon_core.package_identification:_identify(install) by extension 'ignore'
[0.560s] Level 1:colcon.colcon_core.package_identification:_identify(install) ignored
[0.560s] Level 1:colcon.colcon_core.package_identification:_identify(log) by extensions ['ignore', 'ignore_ament_install']
[0.560s] Level 1:colcon.colcon_core.package_identification:_identify(log) by extension 'ignore'
[0.560s] Level 1:colcon.colcon_core.package_identification:_identify(log) ignored
[0.560s] Level 1:colcon.colcon_core.package_identification:_identify(src) by extensions ['ignore', 'ignore_ament_install']
[0.560s] Level 1:colcon.colcon_core.package_identification:_identify(src) by extension 'ignore'
[0.560s] Level 1:colcon.colcon_core.package_identification:_identify(src) by extension 'ignore_ament_install'
[0.560s] Level 1:colcon.colcon_core.package_identification:_identify(src) by extensions ['colcon_pkg']
[0.560s] Level 1:colcon.colcon_core.package_identification:_identify(src) by extension 'colcon_pkg'
[0.560s] Level 1:colcon.colcon_core.package_identification:_identify(src) by extensions ['colcon_meta']
[0.561s] Level 1:colcon.colcon_core.package_identification:_identify(src) by extension 'colcon_meta'
[0.561s] Level 1:colcon.colcon_core.package_identification:_identify(src) by extensions ['ros']
[0.561s] Level 1:colcon.colcon_core.package_identification:_identify(src) by extension 'ros'
[0.561s] Level 1:colcon.colcon_core.package_identification:_identify(src) by extensions ['cmake', 'python']
[0.561s] Level 1:colcon.colcon_core.package_identification:_identify(src) by extension 'cmake'
[0.561s] Level 1:colcon.colcon_core.package_identification:_identify(src) by extension 'python'
[0.561s] Level 1:colcon.colcon_core.package_identification:_identify(src) by extensions ['python_setup_py']
[0.561s] Level 1:colcon.colcon_core.package_identification:_identify(src) by extension 'python_setup_py'
[0.561s] Level 1:colcon.colcon_core.package_identification:_identify(src/bno055_io) by extensions ['ignore', 'ignore_ament_install']
[0.561s] Level 1:colcon.colcon_core.package_identification:_identify(src/bno055_io) by extension 'ignore'
[0.561s] Level 1:colcon.colcon_core.package_identification:_identify(src/bno055_io) by extension 'ignore_ament_install'
[0.561s] Level 1:colcon.colcon_core.package_identification:_identify(src/bno055_io) by extensions ['colcon_pkg']
[0.561s] Level 1:colcon.colcon_core.package_identification:_identify(src/bno055_io) by extension 'colcon_pkg'
[0.561s] Level 1:colcon.colcon_core.package_identification:_identify(src/bno055_io) by extensions ['colcon_meta']
[0.561s] Level 1:colcon.colcon_core.package_identification:_identify(src/bno055_io) by extension 'colcon_meta'
[0.561s] Level 1:colcon.colcon_core.package_identification:_identify(src/bno055_io) by extensions ['ros']
[0.561s] Level 1:colcon.colcon_core.package_identification:_identify(src/bno055_io) by extension 'ros'
[0.563s] DEBUG:colcon.colcon_core.package_identification:Package 'src/bno055_io' with type 'ros.ament_cmake' and name 'bno055_io'
[0.564s] Level 1:colcon.colcon_core.package_identification:_identify(src/main_executor) by extensions ['ignore', 'ignore_ament_install']
[0.564s] Level 1:colcon.colcon_core.package_identification:_identify(src/main_executor) by extension 'ignore'
[0.564s] Level 1:colcon.colcon_core.package_identification:_identify(src/main_executor) by extension 'ignore_ament_install'
[0.564s] Level 1:colcon.colcon_core.package_identification:_identify(src/main_executor) by extensions ['colcon_pkg']
[0.564s] Level 1:colcon.colcon_core.package_identification:_identify(src/main_executor) by extension 'colcon_pkg'
[0.564s] Level 1:colcon.colcon_core.package_identification:_identify(src/main_executor) by extensions ['colcon_meta']
[0.564s] Level 1:colcon.colcon_core.package_identification:_identify(src/main_executor) by extension 'colcon_meta'
[0.564s] Level 1:colcon.colcon_core.package_identification:_identify(src/main_executor) by extensions ['ros']
[0.564s] Level 1:colcon.colcon_core.package_identification:_identify(src/main_executor) by extension 'ros'
[0.564s] DEBUG:colcon.colcon_core.package_identification:Package 'src/main_executor' with type 'ros.ament_cmake' and name 'main_executor'
[0.564s] Level 1:colcon.colcon_core.package_identification:_identify(src/socketcan_interface) by extensions ['ignore', 'ignore_ament_install']
[0.564s] Level 1:colcon.colcon_core.package_identification:_identify(src/socketcan_interface) by extension 'ignore'
[0.564s] Level 1:colcon.colcon_core.package_identification:_identify(src/socketcan_interface) by extension 'ignore_ament_install'
[0.565s] Level 1:colcon.colcon_core.package_identification:_identify(src/socketcan_interface) by extensions ['colcon_pkg']
[0.565s] Level 1:colcon.colcon_core.package_identification:_identify(src/socketcan_interface) by extension 'colcon_pkg'
[0.565s] Level 1:colcon.colcon_core.package_identification:_identify(src/socketcan_interface) by extensions ['colcon_meta']
[0.565s] Level 1:colcon.colcon_core.package_identification:_identify(src/socketcan_interface) by extension 'colcon_meta'
[0.565s] Level 1:colcon.colcon_core.package_identification:_identify(src/socketcan_interface) by extensions ['ros']
[0.565s] Level 1:colcon.colcon_core.package_identification:_identify(src/socketcan_interface) by extension 'ros'
[0.566s] DEBUG:colcon.colcon_core.package_identification:Package 'src/socketcan_interface' with type 'ros.ament_cmake' and name 'socketcan_interface'
[0.566s] Level 1:colcon.colcon_core.package_identification:_identify(src/socketcan_interface_msg) by extensions ['ignore', 'ignore_ament_install']
[0.566s] Level 1:colcon.colcon_core.package_identification:_identify(src/socketcan_interface_msg) by extension 'ignore'
[0.566s] Level 1:colcon.colcon_core.package_identification:_identify(src/socketcan_interface_msg) by extension 'ignore_ament_install'
[0.566s] Level 1:colcon.colcon_core.package_identification:_identify(src/socketcan_interface_msg) by extensions ['colcon_pkg']
[0.566s] Level 1:colcon.colcon_core.package_identification:_identify(src/socketcan_interface_msg) by extension 'colcon_pkg'
[0.566s] Level 1:colcon.colcon_core.package_identification:_identify(src/socketcan_interface_msg) by extensions ['colcon_meta']
[0.566s] Level 1:colcon.colcon_core.package_identification:_identify(src/socketcan_interface_msg) by extension 'colcon_meta'
[0.566s] Level 1:colcon.colcon_core.package_identification:_identify(src/socketcan_interface_msg) by extensions ['ros']
[0.566s] Level 1:colcon.colcon_core.package_identification:_identify(src/socketcan_interface_msg) by extension 'ros'
[0.566s] DEBUG:colcon.colcon_core.package_identification:Package 'src/socketcan_interface_msg' with type 'ros.ament_cmake' and name 'socketcan_interface_msg'
[0.566s] Level 1:colcon.colcon_core.package_identification:_identify(tools) by extensions ['ignore', 'ignore_ament_install']
[0.567s] Level 1:colcon.colcon_core.package_identification:_identify(tools) by extension 'ignore'
[0.567s] Level 1:colcon.colcon_core.package_identification:_identify(tools) by extension 'ignore_ament_install'
[0.567s] Level 1:colcon.colcon_core.package_identification:_identify(tools) by extensions ['colcon_pkg']
[0.567s] Level 1:colcon.colcon_core.package_identification:_identify(tools) by extension 'colcon_pkg'
[0.567s] Level 1:colcon.colcon_core.package_identification:_identify(tools) by extensions ['colcon_meta']
[0.567s] Level 1:colcon.colcon_core.package_identification:_identify(tools) by extension 'colcon_meta'
[0.567s] Level 1:colcon.colcon_core.package_identification:_identify(tools) by extensions ['ros']
[0.567s] Level 1:colcon.colcon_core.package_identification:_identify(tools) by extension 'ros'
[0.567s] Level 1:colcon.colcon_core.package_identification:_identify(tools) by extensions ['cmake', 'python']
[0.567s] Level 1:colcon.colcon_core.package_identification:_identify(tools) by extension 'cmake'
[0.567s] Level 1:colcon.colcon_core.package_identification:_identify(tools) by extension 'python'
[0.567s] Level 1:colcon.colcon_core.package_identification:_identify(tools) by extensions ['python_setup_py']
[0.567s] Level 1:colcon.colcon_core.package_identification:_identify(tools) by extension 'python_setup_py'
[0.567s] Level 1:colcon.colcon_core.package_discovery:discover_packages(recursive) using defaults
[0.567s] Level 1:colcon.colcon_core.package_discovery:discover_packages(ignore) discover
[0.567s] Level 1:colcon.colcon_core.package_discovery:discover_packages(ignore) using defaults
[0.567s] Level 1:colcon.colcon_core.package_discovery:discover_packages(path) discover
[0.567s] Level 1:colcon.colcon_core.package_discovery:discover_packages(path) using defaults
[0.592s] Level 5:colcon.colcon_core.verb:set package 'socketcan_interface_msg' build argument 'cmake_args' from command line to '['-DCMAKE_EXPORT_COMPILE_COMMANDS=ON', '-G', 'Ninja']'
[0.592s] Level 5:colcon.colcon_core.verb:set package 'socketcan_interface_msg' build argument 'cmake_target' from command line to 'None'
[0.592s] Level 5:colcon.colcon_core.verb:set package 'socketcan_interface_msg' build argument 'cmake_target_skip_unavailable' from command line to 'False'
[0.592s] Level 5:colcon.colcon_core.verb:set package 'socketcan_interface_msg' build argument 'cmake_clean_cache' from command line to 'False'
[0.592s] Level 5:colcon.colcon_core.verb:set package 'socketcan_interface_msg' build argument 'cmake_clean_first' from command line to 'False'
[0.592s] Level 5:colcon.colcon_core.verb:set package 'socketcan_interface_msg' build argument 'cmake_force_configure' from command line to 'False'
[0.592s] Level 5:colcon.colcon_core.verb:set package 'socketcan_interface_msg' build argument 'ament_cmake_args' from command line to 'None'
[0.592s] Level 5:colcon.colcon_core.verb:set package 'socketcan_interface_msg' build argument 'catkin_cmake_args' from command line to 'None'
[0.592s] Level 5:colcon.colcon_core.verb:set package 'socketcan_interface_msg' build argument 'catkin_skip_building_tests' from command line to 'False'
[0.592s] DEBUG:colcon.colcon_core.verb:Building package 'socketcan_interface_msg' with the following arguments: {'ament_cmake_args': None, 'build_base': '/home/ryuzot/ros2_main/build/socketcan_interface_msg', 'catkin_cmake_args': None, 'catkin_skip_building_tests': False, 'cmake_args': ['-DCMAKE_EXPORT_COMPILE_COMMANDS=ON', '-G', 'Ninja'], 'cmake_clean_cache': False, 'cmake_clean_first': False, 'cmake_force_configure': False, 'cmake_target': None, 'cmake_target_skip_unavailable': False, 'install_base': '/home/ryuzot/ros2_main/install/socketcan_interface_msg', 'merge_install': False, 'path': '/home/ryuzot/ros2_main/src/socketcan_interface_msg', 'symlink_install': True, 'test_result_base': None}
[0.596s] Level 5:colcon.colcon_core.verb:set package 'socketcan_interface' build argument 'cmake_args' from command line to '['-DCMAKE_EXPORT_COMPILE_COMMANDS=ON', '-G', 'Ninja']'
[0.596s] Level 5:colcon.colcon_core.verb:set package 'socketcan_interface' build argument 'cmake_target' from command line to 'None'
[0.596s] Level 5:colcon.colcon_core.verb:set package 'socketcan_interface' build argument 'cmake_target_skip_unavailable' from command line to 'False'
[0.596s] Level 5:colcon.colcon_core.verb:set package 'socketcan_interface' build argument 'cmake_clean_cache' from command line to 'False'
[0.596s] Level 5:colcon.colcon_core.verb:set package 'socketcan_interface' build argument 'cmake_clean_first' from command line to 'False'
[0.596s] Level 5:colcon.colcon_core.verb:set package 'socketcan_interface' build argument 'cmake_force_configure' from command line to 'False'
[0.596s] Level 5:colcon.colcon_core.verb:set package 'socketcan_interface' build argument 'ament_cmake_args' from command line to 'None'
[0.597s] Level 5:colcon.colcon_core.verb:set package 'socketcan_interface' build argument 'catkin_cmake_args' from command line to 'None'
[0.597s] Level 5:colcon.colcon_core.verb:set package 'socketcan_interface' build argument 'catkin_skip_building_tests' from command line to 'False'
[0.597s] DEBUG:colcon.colcon_core.verb:Building package 'socketcan_interface' with the following arguments: {'ament_cmake_args': None, 'build_base': '/home/ryuzot/ros2_main/build/socketcan_interface', 'catkin_cmake_args': None, 'catkin_skip_building_tests': False, 'cmake_args': ['-DCMAKE_EXPORT_COMPILE_COMMANDS=ON', '-G', 'Ninja'], 'cmake_clean_cache': False, 'cmake_clean_first': False, 'cmake_force_configure': False, 'cmake_target': None, 'cmake_target_skip_unavailable': False, 'install_base': '/home/ryuzot/ros2_main/install/socketcan_interface', 'merge_install': False, 'path': '/home/ryuzot/ros2_main/src/socketcan_interface', 'symlink_install': True, 'test_result_base': None}
[0.601s] Level 5:colcon.colcon_core.verb:set package 'bno055_io' build argument 'cmake_args' from command line to '['-DCMAKE_EXPORT_COMPILE_COMMANDS=ON', '-G', 'Ninja']'
[0.601s] Level 5:colcon.colcon_core.verb:set package 'bno055_io' build argument 'cmake_target' from command line to 'None'
[0.601s] Level 5:colcon.colcon_core.verb:set package 'bno055_io' build argument 'cmake_target_skip_unavailable' from command line to 'False'
[0.601s] Level 5:colcon.colcon_core.verb:set package 'bno055_io' build argument 'cmake_clean_cache' from command line to 'False'
[0.601s] Level 5:colcon.colcon_core.verb:set package 'bno055_io' build argument 'cmake_clean_first' from command line to 'False'
[0.601s] Level 5:colcon.colcon_core.verb:set package 'bno055_io' build argument 'cmake_force_configure' from command line to 'False'
[0.601s] Level 5:colcon.colcon_core.verb:set package 'bno055_io' build argument 'ament_cmake_args' from command line to 'None'
[0.601s] Level 5:colcon.colcon_core.verb:set package 'bno055_io' build argument 'catkin_cmake_args' from command line to 'None'
[0.601s] Level 5:colcon.colcon_core.verb:set package 'bno055_io' build argument 'catkin_skip_building_tests' from command line to 'False'
[0.601s] DEBUG:colcon.colcon_core.verb:Building package 'bno055_io' with the following arguments: {'ament_cmake_args': None, 'build_base': '/home/ryuzot/ros2_main/build/bno055_io', 'catkin_cmake_args': None, 'catkin_skip_building_tests': False, 'cmake_args': ['-DCMAKE_EXPORT_COMPILE_COMMANDS=ON', '-G', 'Ninja'], 'cmake_clean_cache': False, 'cmake_clean_first': False, 'cmake_force_configure': False, 'cmake_target': None, 'cmake_target_skip_unavailable': False, 'install_base': '/home/ryuzot/ros2_main/install/bno055_io', 'merge_install': False, 'path': '/home/ryuzot/ros2_main/src/bno055_io', 'symlink_install': True, 'test_result_base': None}
[0.606s] Level 5:colcon.colcon_core.verb:set package 'main_executor' build argument 'cmake_args' from command line to '['-DCMAKE_EXPORT_COMPILE_COMMANDS=ON', '-G', 'Ninja']'
[0.606s] Level 5:colcon.colcon_core.verb:set package 'main_executor' build argument 'cmake_target' from command line to 'None'
[0.606s] Level 5:colcon.colcon_core.verb:set package 'main_executor' build argument 'cmake_target_skip_unavailable' from command line to 'False'
[0.606s] Level 5:colcon.colcon_core.verb:set package 'main_executor' build argument 'cmake_clean_cache' from command line to 'False'
[0.606s] Level 5:colcon.colcon_core.verb:set package 'main_executor' build argument 'cmake_clean_first' from command line to 'False'
[0.606s] Level 5:colcon.colcon_core.verb:set package 'main_executor' build argument 'cmake_force_configure' from command line to 'False'
[0.606s] Level 5:colcon.colcon_core.verb:set package 'main_executor' build argument 'ament_cmake_args' from command line to 'None'
[0.606s] Level 5:colcon.colcon_core.verb:set package 'main_executor' build argument 'catkin_cmake_args' from command line to 'None'
[0.606s] Level 5:colcon.colcon_core.verb:set package 'main_executor' build argument 'catkin_skip_building_tests' from command line to 'False'
[0.606s] DEBUG:colcon.colcon_core.verb:Building package 'main_executor' with the following arguments: {'ament_cmake_args': None, 'build_base': '/home/ryuzot/ros2_main/build/main_executor', 'catkin_cmake_args': None, 'catkin_skip_building_tests': False, 'cmake_args': ['-DCMAKE_EXPORT_COMPILE_COMMANDS=ON', '-G', 'Ninja'], 'cmake_clean_cache': False, 'cmake_clean_first': False, 'cmake_force_configure': False, 'cmake_target': None, 'cmake_target_skip_unavailable': False, 'install_base': '/home/ryuzot/ros2_main/install/main_executor', 'merge_install': False, 'path': '/home/ryuzot/ros2_main/src/main_executor', 'symlink_install': True, 'test_result_base': None}
[0.616s] INFO:colcon.colcon_core.executor:Executing jobs using 'parallel' executor
[0.623s] DEBUG:colcon.colcon_parallel_executor.executor.parallel:run_until_complete
[0.624s] INFO:colcon.colcon_ros.task.ament_cmake.build:Building ROS package in '/home/ryuzot/ros2_main/src/socketcan_interface_msg' with build type 'ament_cmake'
[0.624s] INFO:colcon.colcon_cmake.task.cmake.build:Building CMake package in '/home/ryuzot/ros2_main/src/socketcan_interface_msg'
[0.629s] INFO:colcon.colcon_core.plugin_system:Skipping extension 'colcon_core.shell.bat': Not used on non-Windows systems
[0.630s] INFO:colcon.colcon_core.shell:Skip shell extension 'powershell' for command environment: Not usable outside of PowerShell
[0.630s] DEBUG:colcon.colcon_core.shell:Skip shell extension 'dsv' for command environment
[0.646s] DEBUG:colcon.colcon_core.event_handler.log_command:Invoking command in '/home/ryuzot/ros2_main/build/socketcan_interface_msg': CMAKE_PREFIX_PATH=${CMAKE_PREFIX_PATH}:/opt/ros/galactic /usr/bin/cmake /home/ryuzot/ros2_main/src/socketcan_interface_msg -DCMAKE_EXPORT_COMPILE_COMMANDS=ON -G Ninja -DAMENT_CMAKE_SYMLINK_INSTALL=1 -DCMAKE_INSTALL_PREFIX=/home/ryuzot/ros2_main/install/socketcan_interface_msg
[11.890s] DEBUG:colcon.colcon_core.event_handler.log_command:Invoked command in '/home/ryuzot/ros2_main/build/socketcan_interface_msg' returned '0': CMAKE_PREFIX_PATH=${CMAKE_PREFIX_PATH}:/opt/ros/galactic /usr/bin/cmake /home/ryuzot/ros2_main/src/socketcan_interface_msg -DCMAKE_EXPORT_COMPILE_COMMANDS=ON -G Ninja -DAMENT_CMAKE_SYMLINK_INSTALL=1 -DCMAKE_INSTALL_PREFIX=/home/ryuzot/ros2_main/install/socketcan_interface_msg
[11.892s] DEBUG:colcon.colcon_core.event_handler.log_command:Invoking command in '/home/ryuzot/ros2_main/build/socketcan_interface_msg': CMAKE_PREFIX_PATH=${CMAKE_PREFIX_PATH}:/opt/ros/galactic /usr/bin/cmake --build /home/ryuzot/ros2_main/build/socketcan_interface_msg -- -j24 -l24
[11.905s] DEBUG:colcon.colcon_core.event_handler.log_command:Invoked command in '/home/ryuzot/ros2_main/build/socketcan_interface_msg' returned '0': CMAKE_PREFIX_PATH=${CMAKE_PREFIX_PATH}:/opt/ros/galactic /usr/bin/cmake --build /home/ryuzot/ros2_main/build/socketcan_interface_msg -- -j24 -l24
[11.927s] DEBUG:colcon.colcon_core.event_handler.log_command:Invoking command in '/home/ryuzot/ros2_main/build/socketcan_interface_msg': CMAKE_PREFIX_PATH=${CMAKE_PREFIX_PATH}:/opt/ros/galactic /usr/bin/cmake --install /home/ryuzot/ros2_main/build/socketcan_interface_msg
[11.989s] Level 1:colcon.colcon_core.environment:create_environment_scripts_only(socketcan_interface_msg)
[11.991s] DEBUG:colcon.colcon_core.event_handler.log_command:Invoked command in '/home/ryuzot/ros2_main/build/socketcan_interface_msg' returned '0': CMAKE_PREFIX_PATH=${CMAKE_PREFIX_PATH}:/opt/ros/galactic /usr/bin/cmake --install /home/ryuzot/ros2_main/build/socketcan_interface_msg
[11.996s] Level 1:colcon.colcon_core.environment:checking '/home/ryuzot/ros2_main/install/socketcan_interface_msg' for CMake module files
[11.996s] Level 1:colcon.colcon_core.environment:checking '/home/ryuzot/ros2_main/install/socketcan_interface_msg' for CMake config files
[11.997s] Level 1:colcon.colcon_core.shell:create_environment_hook('socketcan_interface_msg', 'cmake_prefix_path')
[12.000s] INFO:colcon.colcon_core.shell:Creating environment hook '/home/ryuzot/ros2_main/install/socketcan_interface_msg/share/socketcan_interface_msg/hook/cmake_prefix_path.ps1'
[12.001s] INFO:colcon.colcon_core.shell:Creating environment descriptor '/home/ryuzot/ros2_main/install/socketcan_interface_msg/share/socketcan_interface_msg/hook/cmake_prefix_path.dsv'
[12.001s] INFO:colcon.colcon_core.shell:Creating environment hook '/home/ryuzot/ros2_main/install/socketcan_interface_msg/share/socketcan_interface_msg/hook/cmake_prefix_path.sh'
[12.002s] Level 1:colcon.colcon_core.environment:checking '/home/ryuzot/ros2_main/install/socketcan_interface_msg/lib'
[12.002s] Level 1:colcon.colcon_core.shell:create_environment_hook('socketcan_interface_msg', 'ld_library_path_lib')
[12.005s] INFO:colcon.colcon_core.shell:Creating environment hook '/home/ryuzot/ros2_main/install/socketcan_interface_msg/share/socketcan_interface_msg/hook/ld_library_path_lib.ps1'
[12.005s] INFO:colcon.colcon_core.shell:Creating environment descriptor '/home/ryuzot/ros2_main/install/socketcan_interface_msg/share/socketcan_interface_msg/hook/ld_library_path_lib.dsv'
[12.006s] INFO:colcon.colcon_core.shell:Creating environment hook '/home/ryuzot/ros2_main/install/socketcan_interface_msg/share/socketcan_interface_msg/hook/ld_library_path_lib.sh'
[12.006s] Level 1:colcon.colcon_core.environment:checking '/home/ryuzot/ros2_main/install/socketcan_interface_msg/bin'
[12.006s] Level 1:colcon.colcon_core.environment:checking '/home/ryuzot/ros2_main/install/socketcan_interface_msg/lib/pkgconfig/socketcan_interface_msg.pc'
[12.006s] Level 1:colcon.colcon_core.environment:checking '/home/ryuzot/ros2_main/install/socketcan_interface_msg/lib/python3.8/site-packages'
[12.006s] Level 1:colcon.colcon_core.shell:create_environment_hook('socketcan_interface_msg', 'pythonpath')
[12.009s] INFO:colcon.colcon_core.shell:Creating environment hook '/home/ryuzot/ros2_main/install/socketcan_interface_msg/share/socketcan_interface_msg/hook/pythonpath.ps1'
[12.009s] INFO:colcon.colcon_core.shell:Creating environment descriptor '/home/ryuzot/ros2_main/install/socketcan_interface_msg/share/socketcan_interface_msg/hook/pythonpath.dsv'
[12.009s] INFO:colcon.colcon_core.shell:Creating environment hook '/home/ryuzot/ros2_main/install/socketcan_interface_msg/share/socketcan_interface_msg/hook/pythonpath.sh'
[12.012s] INFO:colcon.colcon_core.shell:Creating package script '/home/ryuzot/ros2_main/install/socketcan_interface_msg/share/socketcan_interface_msg/package.ps1'
[12.013s] INFO:colcon.colcon_core.shell:Creating package descriptor '/home/ryuzot/ros2_main/install/socketcan_interface_msg/share/socketcan_interface_msg/package.dsv'
[12.013s] INFO:colcon.colcon_core.shell:Creating package script '/home/ryuzot/ros2_main/install/socketcan_interface_msg/share/socketcan_interface_msg/package.sh'
[12.014s] INFO:colcon.colcon_core.shell:Creating package script '/home/ryuzot/ros2_main/install/socketcan_interface_msg/share/socketcan_interface_msg/package.bash'
[12.014s] INFO:colcon.colcon_core.shell:Creating package script '/home/ryuzot/ros2_main/install/socketcan_interface_msg/share/socketcan_interface_msg/package.zsh'
[12.015s] Level 1:colcon.colcon_core.environment:create_file_with_runtime_dependencies(/home/ryuzot/ros2_main/install/socketcan_interface_msg/share/colcon-core/packages/socketcan_interface_msg)
[12.030s] Level 1:colcon.colcon_core.environment:create_environment_scripts_only(socketcan_interface_msg)
[12.034s] Level 1:colcon.colcon_core.environment:checking '/home/ryuzot/ros2_main/install/socketcan_interface_msg' for CMake module files
[12.034s] Level 1:colcon.colcon_core.environment:checking '/home/ryuzot/ros2_main/install/socketcan_interface_msg' for CMake config files
[12.034s] Level 1:colcon.colcon_core.shell:create_environment_hook('socketcan_interface_msg', 'cmake_prefix_path')
[12.037s] INFO:colcon.colcon_core.shell:Creating environment hook '/home/ryuzot/ros2_main/install/socketcan_interface_msg/share/socketcan_interface_msg/hook/cmake_prefix_path.ps1'
[12.037s] INFO:colcon.colcon_core.shell:Creating environment descriptor '/home/ryuzot/ros2_main/install/socketcan_interface_msg/share/socketcan_interface_msg/hook/cmake_prefix_path.dsv'
[12.037s] INFO:colcon.colcon_core.shell:Creating environment hook '/home/ryuzot/ros2_main/install/socketcan_interface_msg/share/socketcan_interface_msg/hook/cmake_prefix_path.sh'
[12.038s] Level 1:colcon.colcon_core.environment:checking '/home/ryuzot/ros2_main/install/socketcan_interface_msg/lib'
[12.038s] Level 1:colcon.colcon_core.shell:create_environment_hook('socketcan_interface_msg', 'ld_library_path_lib')
[12.040s] INFO:colcon.colcon_core.shell:Creating environment hook '/home/ryuzot/ros2_main/install/socketcan_interface_msg/share/socketcan_interface_msg/hook/ld_library_path_lib.ps1'
[12.041s] INFO:colcon.colcon_core.shell:Creating environment descriptor '/home/ryuzot/ros2_main/install/socketcan_interface_msg/share/socketcan_interface_msg/hook/ld_library_path_lib.dsv'
[12.041s] INFO:colcon.colcon_core.shell:Creating environment hook '/home/ryuzot/ros2_main/install/socketcan_interface_msg/share/socketcan_interface_msg/hook/ld_library_path_lib.sh'
[12.041s] Level 1:colcon.colcon_core.environment:checking '/home/ryuzot/ros2_main/install/socketcan_interface_msg/bin'
[12.041s] Level 1:colcon.colcon_core.environment:checking '/home/ryuzot/ros2_main/install/socketcan_interface_msg/lib/pkgconfig/socketcan_interface_msg.pc'
[12.041s] Level 1:colcon.colcon_core.environment:checking '/home/ryuzot/ros2_main/install/socketcan_interface_msg/lib/python3.8/site-packages'
[12.041s] Level 1:colcon.colcon_core.shell:create_environment_hook('socketcan_interface_msg', 'pythonpath')
[12.044s] INFO:colcon.colcon_core.shell:Creating environment hook '/home/ryuzot/ros2_main/install/socketcan_interface_msg/share/socketcan_interface_msg/hook/pythonpath.ps1'
[12.044s] INFO:colcon.colcon_core.shell:Creating environment descriptor '/home/ryuzot/ros2_main/install/socketcan_interface_msg/share/socketcan_interface_msg/hook/pythonpath.dsv'
[12.044s] INFO:colcon.colcon_core.shell:Creating environment hook '/home/ryuzot/ros2_main/install/socketcan_interface_msg/share/socketcan_interface_msg/hook/pythonpath.sh'
[12.047s] INFO:colcon.colcon_core.shell:Creating package script '/home/ryuzot/ros2_main/install/socketcan_interface_msg/share/socketcan_interface_msg/package.ps1'
[12.047s] INFO:colcon.colcon_core.shell:Creating package descriptor '/home/ryuzot/ros2_main/install/socketcan_interface_msg/share/socketcan_interface_msg/package.dsv'
[12.047s] INFO:colcon.colcon_core.shell:Creating package script '/home/ryuzot/ros2_main/install/socketcan_interface_msg/share/socketcan_interface_msg/package.sh'
[12.048s] INFO:colcon.colcon_core.shell:Creating package script '/home/ryuzot/ros2_main/install/socketcan_interface_msg/share/socketcan_interface_msg/package.bash'
[12.049s] INFO:colcon.colcon_core.shell:Creating package script '/home/ryuzot/ros2_main/install/socketcan_interface_msg/share/socketcan_interface_msg/package.zsh'
[12.049s] Level 1:colcon.colcon_core.environment:create_file_with_runtime_dependencies(/home/ryuzot/ros2_main/install/socketcan_interface_msg/share/colcon-core/packages/socketcan_interface_msg)
[12.049s] INFO:colcon.colcon_ros.task.ament_cmake.build:Building ROS package in '/home/ryuzot/ros2_main/src/socketcan_interface' with build type 'ament_cmake'
[12.049s] INFO:colcon.colcon_cmake.task.cmake.build:Building CMake package in '/home/ryuzot/ros2_main/src/socketcan_interface'
[12.052s] INFO:colcon.colcon_core.shell:Skip shell extension 'powershell' for command environment: Not usable outside of PowerShell
[12.052s] DEBUG:colcon.colcon_core.shell:Skip shell extension 'dsv' for command environment
[12.275s] DEBUG:colcon.colcon_core.event_handler.log_command:Invoking command in '/home/ryuzot/ros2_main/build/socketcan_interface': CMAKE_PREFIX_PATH=/home/ryuzot/ros2_main/install/socketcan_interface_msg:/home/ryuzot/ros2_main/install/socketcan_interface:/opt/ros/galactic LD_LIBRARY_PATH=/home/ryuzot/ros2_main/install/socketcan_interface_msg/lib:/home/ryuzot/ros2_main/install/socketcan_interface/lib:/opt/ros/galactic/opt/yaml_cpp_vendor/lib:/opt/ros/galactic/opt/rviz_ogre_vendor/lib:/opt/ros/galactic/lib/x86_64-linux-gnu:/opt/ros/galactic/lib /usr/bin/cmake /home/ryuzot/ros2_main/src/socketcan_interface -DCMAKE_EXPORT_COMPILE_COMMANDS=ON -G Ninja -DAMENT_CMAKE_SYMLINK_INSTALL=1 -DCMAKE_INSTALL_PREFIX=/home/ryuzot/ros2_main/install/socketcan_interface
[18.930s] DEBUG:colcon.colcon_core.event_handler.log_command:Invoked command in '/home/ryuzot/ros2_main/build/socketcan_interface' returned '0': CMAKE_PREFIX_PATH=/home/ryuzot/ros2_main/install/socketcan_interface_msg:/home/ryuzot/ros2_main/install/socketcan_interface:/opt/ros/galactic LD_LIBRARY_PATH=/home/ryuzot/ros2_main/install/socketcan_interface_msg/lib:/home/ryuzot/ros2_main/install/socketcan_interface/lib:/opt/ros/galactic/opt/yaml_cpp_vendor/lib:/opt/ros/galactic/opt/rviz_ogre_vendor/lib:/opt/ros/galactic/lib/x86_64-linux-gnu:/opt/ros/galactic/lib /usr/bin/cmake /home/ryuzot/ros2_main/src/socketcan_interface -DCMAKE_EXPORT_COMPILE_COMMANDS=ON -G Ninja -DAMENT_CMAKE_SYMLINK_INSTALL=1 -DCMAKE_INSTALL_PREFIX=/home/ryuzot/ros2_main/install/socketcan_interface
[18.931s] DEBUG:colcon.colcon_core.event_handler.log_command:Invoking command in '/home/ryuzot/ros2_main/build/socketcan_interface': CMAKE_PREFIX_PATH=/home/ryuzot/ros2_main/install/socketcan_interface_msg:/home/ryuzot/ros2_main/install/socketcan_interface:/opt/ros/galactic LD_LIBRARY_PATH=/home/ryuzot/ros2_main/install/socketcan_interface_msg/lib:/home/ryuzot/ros2_main/install/socketcan_interface/lib:/opt/ros/galactic/opt/yaml_cpp_vendor/lib:/opt/ros/galactic/opt/rviz_ogre_vendor/lib:/opt/ros/galactic/lib/x86_64-linux-gnu:/opt/ros/galactic/lib /usr/bin/cmake --build /home/ryuzot/ros2_main/build/socketcan_interface -- -j24 -l24
[26.210s] DEBUG:colcon.colcon_core.event_handler.log_command:Invoked command in '/home/ryuzot/ros2_main/build/socketcan_interface' returned '0': CMAKE_PREFIX_PATH=/home/ryuzot/ros2_main/install/socketcan_interface_msg:/home/ryuzot/ros2_main/install/socketcan_interface:/opt/ros/galactic LD_LIBRARY_PATH=/home/ryuzot/ros2_main/install/socketcan_interface_msg/lib:/home/ryuzot/ros2_main/install/socketcan_interface/lib:/opt/ros/galactic/opt/yaml_cpp_vendor/lib:/opt/ros/galactic/opt/rviz_ogre_vendor/lib:/opt/ros/galactic/lib/x86_64-linux-gnu:/opt/ros/galactic/lib /usr/bin/cmake --build /home/ryuzot/ros2_main/build/socketcan_interface -- -j24 -l24
[26.225s] DEBUG:colcon.colcon_core.event_handler.log_command:Invoking command in '/home/ryuzot/ros2_main/build/socketcan_interface': CMAKE_PREFIX_PATH=/home/ryuzot/ros2_main/install/socketcan_interface_msg:/home/ryuzot/ros2_main/install/socketcan_interface:/opt/ros/galactic LD_LIBRARY_PATH=/home/ryuzot/ros2_main/install/socketcan_interface_msg/lib:/home/ryuzot/ros2_main/install/socketcan_interface/lib:/opt/ros/galactic/opt/yaml_cpp_vendor/lib:/opt/ros/galactic/opt/rviz_ogre_vendor/lib:/opt/ros/galactic/lib/x86_64-linux-gnu:/opt/ros/galactic/lib /usr/bin/cmake --install /home/ryuzot/ros2_main/build/socketcan_interface
[26.245s] Level 1:colcon.colcon_core.environment:create_environment_scripts_only(socketcan_interface)
[26.249s] Level 1:colcon.colcon_core.environment:checking '/home/ryuzot/ros2_main/install/socketcan_interface' for CMake module files
[26.249s] DEBUG:colcon.colcon_core.event_handler.log_command:Invoked command in '/home/ryuzot/ros2_main/build/socketcan_interface' returned '0': CMAKE_PREFIX_PATH=/home/ryuzot/ros2_main/install/socketcan_interface_msg:/home/ryuzot/ros2_main/install/socketcan_interface:/opt/ros/galactic LD_LIBRARY_PATH=/home/ryuzot/ros2_main/install/socketcan_interface_msg/lib:/home/ryuzot/ros2_main/install/socketcan_interface/lib:/opt/ros/galactic/opt/yaml_cpp_vendor/lib:/opt/ros/galactic/opt/rviz_ogre_vendor/lib:/opt/ros/galactic/lib/x86_64-linux-gnu:/opt/ros/galactic/lib /usr/bin/cmake --install /home/ryuzot/ros2_main/build/socketcan_interface
[26.250s] Level 1:colcon.colcon_core.environment:checking '/home/ryuzot/ros2_main/install/socketcan_interface' for CMake config files
[26.251s] Level 1:colcon.colcon_core.shell:create_environment_hook('socketcan_interface', 'cmake_prefix_path')
[26.254s] INFO:colcon.colcon_core.shell:Creating environment hook '/home/ryuzot/ros2_main/install/socketcan_interface/share/socketcan_interface/hook/cmake_prefix_path.ps1'
[26.254s] INFO:colcon.colcon_core.shell:Creating environment descriptor '/home/ryuzot/ros2_main/install/socketcan_interface/share/socketcan_interface/hook/cmake_prefix_path.dsv'
[26.254s] INFO:colcon.colcon_core.shell:Creating environment hook '/home/ryuzot/ros2_main/install/socketcan_interface/share/socketcan_interface/hook/cmake_prefix_path.sh'
[26.255s] Level 1:colcon.colcon_core.environment:checking '/home/ryuzot/ros2_main/install/socketcan_interface/lib'
[26.255s] Level 1:colcon.colcon_core.environment:checking '/home/ryuzot/ros2_main/install/socketcan_interface/bin'
[26.255s] Level 1:colcon.colcon_core.environment:checking '/home/ryuzot/ros2_main/install/socketcan_interface/lib/pkgconfig/socketcan_interface.pc'
[26.255s] Level 1:colcon.colcon_core.environment:checking '/home/ryuzot/ros2_main/install/socketcan_interface/lib/python3.8/site-packages'
[26.258s] INFO:colcon.colcon_core.shell:Creating package script '/home/ryuzot/ros2_main/install/socketcan_interface/share/socketcan_interface/package.ps1'
[26.258s] INFO:colcon.colcon_core.shell:Creating package descriptor '/home/ryuzot/ros2_main/install/socketcan_interface/share/socketcan_interface/package.dsv'
[26.259s] INFO:colcon.colcon_core.shell:Creating package script '/home/ryuzot/ros2_main/install/socketcan_interface/share/socketcan_interface/package.sh'
[26.259s] INFO:colcon.colcon_core.shell:Creating package script '/home/ryuzot/ros2_main/install/socketcan_interface/share/socketcan_interface/package.bash'
[26.259s] INFO:colcon.colcon_core.shell:Creating package script '/home/ryuzot/ros2_main/install/socketcan_interface/share/socketcan_interface/package.zsh'
[26.259s] Level 1:colcon.colcon_core.environment:create_file_with_runtime_dependencies(/home/ryuzot/ros2_main/install/socketcan_interface/share/colcon-core/packages/socketcan_interface)
[26.275s] Level 1:colcon.colcon_core.environment:create_environment_scripts_only(socketcan_interface)
[26.279s] Level 1:colcon.colcon_core.environment:checking '/home/ryuzot/ros2_main/install/socketcan_interface' for CMake module files
[26.280s] Level 1:colcon.colcon_core.environment:checking '/home/ryuzot/ros2_main/install/socketcan_interface' for CMake config files
[26.280s] Level 1:colcon.colcon_core.shell:create_environment_hook('socketcan_interface', 'cmake_prefix_path')
[26.284s] INFO:colcon.colcon_core.shell:Creating environment hook '/home/ryuzot/ros2_main/install/socketcan_interface/share/socketcan_interface/hook/cmake_prefix_path.ps1'
[26.285s] INFO:colcon.colcon_core.shell:Creating environment descriptor '/home/ryuzot/ros2_main/install/socketcan_interface/share/socketcan_interface/hook/cmake_prefix_path.dsv'
[26.285s] INFO:colcon.colcon_core.shell:Creating environment hook '/home/ryuzot/ros2_main/install/socketcan_interface/share/socketcan_interface/hook/cmake_prefix_path.sh'
[26.286s] Level 1:colcon.colcon_core.environment:checking '/home/ryuzot/ros2_main/install/socketcan_interface/lib'
[26.286s] Level 1:colcon.colcon_core.environment:checking '/home/ryuzot/ros2_main/install/socketcan_interface/bin'
[26.286s] Level 1:colcon.colcon_core.environment:checking '/home/ryuzot/ros2_main/install/socketcan_interface/lib/pkgconfig/socketcan_interface.pc'
[26.286s] Level 1:colcon.colcon_core.environment:checking '/home/ryuzot/ros2_main/install/socketcan_interface/lib/python3.8/site-packages'
[26.291s] INFO:colcon.colcon_core.shell:Creating package script '/home/ryuzot/ros2_main/install/socketcan_interface/share/socketcan_interface/package.ps1'
[26.291s] INFO:colcon.colcon_core.shell:Creating package descriptor '/home/ryuzot/ros2_main/install/socketcan_interface/share/socketcan_interface/package.dsv'
[26.291s] INFO:colcon.colcon_core.shell:Creating package script '/home/ryuzot/ros2_main/install/socketcan_interface/share/socketcan_interface/package.sh'
[26.292s] INFO:colcon.colcon_core.shell:Creating package script '/home/ryuzot/ros2_main/install/socketcan_interface/share/socketcan_interface/package.bash'
[26.292s] INFO:colcon.colcon_core.shell:Creating package script '/home/ryuzot/ros2_main/install/socketcan_interface/share/socketcan_interface/package.zsh'
[26.292s] Level 1:colcon.colcon_core.environment:create_file_with_runtime_dependencies(/home/ryuzot/ros2_main/install/socketcan_interface/share/colcon-core/packages/socketcan_interface)
[26.293s] INFO:colcon.colcon_ros.task.ament_cmake.build:Building ROS package in '/home/ryuzot/ros2_main/src/bno055_io' with build type 'ament_cmake'
[26.293s] INFO:colcon.colcon_cmake.task.cmake.build:Building CMake package in '/home/ryuzot/ros2_main/src/bno055_io'
[26.298s] INFO:colcon.colcon_core.shell:Skip shell extension 'powershell' for command environment: Not usable outside of PowerShell
[26.298s] DEBUG:colcon.colcon_core.shell:Skip shell extension 'dsv' for command environment
[26.311s] INFO:colcon.colcon_ros.task.ament_cmake.build:Building ROS package in '/home/ryuzot/ros2_main/src/main_executor' with build type 'ament_cmake'
[26.311s] INFO:colcon.colcon_cmake.task.cmake.build:Building CMake package in '/home/ryuzot/ros2_main/src/main_executor'
[26.314s] INFO:colcon.colcon_core.shell:Skip shell extension 'powershell' for command environment: Not usable outside of PowerShell
[26.314s] DEBUG:colcon.colcon_core.shell:Skip shell extension 'dsv' for command environment
[26.672s] DEBUG:colcon.colcon_core.event_handler.log_command:Invoking command in '/home/ryuzot/ros2_main/build/bno055_io': CMAKE_PREFIX_PATH=${CMAKE_PREFIX_PATH}:/opt/ros/galactic LD_LIBRARY_PATH=/home/ryuzot/ros2_main/install/socketcan_interface_msg/lib:/home/ryuzot/ros2_main/install/socketcan_interface/lib:/opt/ros/galactic/opt/yaml_cpp_vendor/lib:/opt/ros/galactic/opt/rviz_ogre_vendor/lib:/opt/ros/galactic/lib/x86_64-linux-gnu:/opt/ros/galactic/lib /usr/bin/cmake /home/ryuzot/ros2_main/src/bno055_io -DCMAKE_EXPORT_COMPILE_COMMANDS=ON -G Ninja -DAMENT_CMAKE_SYMLINK_INSTALL=1 -DCMAKE_INSTALL_PREFIX=/home/ryuzot/ros2_main/install/bno055_io
[26.682s] DEBUG:colcon.colcon_core.event_handler.log_command:Invoking command in '/home/ryuzot/ros2_main/build/main_executor': CMAKE_PREFIX_PATH=${CMAKE_PREFIX_PATH}:/opt/ros/galactic LD_LIBRARY_PATH=/home/ryuzot/ros2_main/install/socketcan_interface_msg/lib:/home/ryuzot/ros2_main/install/socketcan_interface/lib:/opt/ros/galactic/opt/yaml_cpp_vendor/lib:/opt/ros/galactic/opt/rviz_ogre_vendor/lib:/opt/ros/galactic/lib/x86_64-linux-gnu:/opt/ros/galactic/lib /usr/bin/cmake /home/ryuzot/ros2_main/src/main_executor -DCMAKE_EXPORT_COMPILE_COMMANDS=ON -G Ninja -DAMENT_CMAKE_SYMLINK_INSTALL=1 -DCMAKE_INSTALL_PREFIX=/home/ryuzot/ros2_main/install/main_executor
[34.444s] DEBUG:colcon.colcon_core.event_handler.log_command:Invoked command in '/home/ryuzot/ros2_main/build/main_executor' returned '0': CMAKE_PREFIX_PATH=${CMAKE_PREFIX_PATH}:/opt/ros/galactic LD_LIBRARY_PATH=/home/ryuzot/ros2_main/install/socketcan_interface_msg/lib:/home/ryuzot/ros2_main/install/socketcan_interface/lib:/opt/ros/galactic/opt/yaml_cpp_vendor/lib:/opt/ros/galactic/opt/rviz_ogre_vendor/lib:/opt/ros/galactic/lib/x86_64-linux-gnu:/opt/ros/galactic/lib /usr/bin/cmake /home/ryuzot/ros2_main/src/main_executor -DCMAKE_EXPORT_COMPILE_COMMANDS=ON -G Ninja -DAMENT_CMAKE_SYMLINK_INSTALL=1 -DCMAKE_INSTALL_PREFIX=/home/ryuzot/ros2_main/install/main_executor
[34.445s] DEBUG:colcon.colcon_core.event_handler.log_command:Invoking command in '/home/ryuzot/ros2_main/build/main_executor': CMAKE_PREFIX_PATH=${CMAKE_PREFIX_PATH}:/opt/ros/galactic LD_LIBRARY_PATH=/home/ryuzot/ros2_main/install/socketcan_interface_msg/lib:/home/ryuzot/ros2_main/install/socketcan_interface/lib:/opt/ros/galactic/opt/yaml_cpp_vendor/lib:/opt/ros/galactic/opt/rviz_ogre_vendor/lib:/opt/ros/galactic/lib/x86_64-linux-gnu:/opt/ros/galactic/lib /usr/bin/cmake --build /home/ryuzot/ros2_main/build/main_executor -- -j24 -l24
[37.310s] DEBUG:colcon.colcon_core.event_handler.log_command:Invoked command in '/home/ryuzot/ros2_main/build/bno055_io' returned '0': CMAKE_PREFIX_PATH=${CMAKE_PREFIX_PATH}:/opt/ros/galactic LD_LIBRARY_PATH=/home/ryuzot/ros2_main/install/socketcan_interface_msg/lib:/home/ryuzot/ros2_main/install/socketcan_interface/lib:/opt/ros/galactic/opt/yaml_cpp_vendor/lib:/opt/ros/galactic/opt/rviz_ogre_vendor/lib:/opt/ros/galactic/lib/x86_64-linux-gnu:/opt/ros/galactic/lib /usr/bin/cmake /home/ryuzot/ros2_main/src/bno055_io -DCMAKE_EXPORT_COMPILE_COMMANDS=ON -G Ninja -DAMENT_CMAKE_SYMLINK_INSTALL=1 -DCMAKE_INSTALL_PREFIX=/home/ryuzot/ros2_main/install/bno055_io
[37.313s] DEBUG:colcon.colcon_core.event_handler.log_command:Invoking command in '/home/ryuzot/ros2_main/build/bno055_io': CMAKE_PREFIX_PATH=${CMAKE_PREFIX_PATH}:/opt/ros/galactic LD_LIBRARY_PATH=/home/ryuzot/ros2_main/install/socketcan_interface_msg/lib:/home/ryuzot/ros2_main/install/socketcan_interface/lib:/opt/ros/galactic/opt/yaml_cpp_vendor/lib:/opt/ros/galactic/opt/rviz_ogre_vendor/lib:/opt/ros/galactic/lib/x86_64-linux-gnu:/opt/ros/galactic/lib /usr/bin/cmake --build /home/ryuzot/ros2_main/build/bno055_io -- -j24 -l24
[37.564s] DEBUG:colcon.colcon_core.event_handler.log_command:Invoked command in '/home/ryuzot/ros2_main/build/bno055_io' returned '0': CMAKE_PREFIX_PATH=${CMAKE_PREFIX_PATH}:/opt/ros/galactic LD_LIBRARY_PATH=/home/ryuzot/ros2_main/install/socketcan_interface_msg/lib:/home/ryuzot/ros2_main/install/socketcan_interface/lib:/opt/ros/galactic/opt/yaml_cpp_vendor/lib:/opt/ros/galactic/opt/rviz_ogre_vendor/lib:/opt/ros/galactic/lib/x86_64-linux-gnu:/opt/ros/galactic/lib /usr/bin/cmake --build /home/ryuzot/ros2_main/build/bno055_io -- -j24 -l24
[37.580s] DEBUG:colcon.colcon_core.event_handler.log_command:Invoking command in '/home/ryuzot/ros2_main/build/bno055_io': CMAKE_PREFIX_PATH=${CMAKE_PREFIX_PATH}:/opt/ros/galactic LD_LIBRARY_PATH=/home/ryuzot/ros2_main/install/socketcan_interface_msg/lib:/home/ryuzot/ros2_main/install/socketcan_interface/lib:/opt/ros/galactic/opt/yaml_cpp_vendor/lib:/opt/ros/galactic/opt/rviz_ogre_vendor/lib:/opt/ros/galactic/lib/x86_64-linux-gnu:/opt/ros/galactic/lib /usr/bin/cmake --install /home/ryuzot/ros2_main/build/bno055_io
[37.725s] Level 1:colcon.colcon_core.environment:create_environment_scripts_only(bno055_io)
[37.726s] DEBUG:colcon.colcon_core.event_handler.log_command:Invoked command in '/home/ryuzot/ros2_main/build/bno055_io' returned '0': CMAKE_PREFIX_PATH=${CMAKE_PREFIX_PATH}:/opt/ros/galactic LD_LIBRARY_PATH=/home/ryuzot/ros2_main/install/socketcan_interface_msg/lib:/home/ryuzot/ros2_main/install/socketcan_interface/lib:/opt/ros/galactic/opt/yaml_cpp_vendor/lib:/opt/ros/galactic/opt/rviz_ogre_vendor/lib:/opt/ros/galactic/lib/x86_64-linux-gnu:/opt/ros/galactic/lib /usr/bin/cmake --install /home/ryuzot/ros2_main/build/bno055_io
[37.729s] Level 1:colcon.colcon_core.environment:checking '/home/ryuzot/ros2_main/install/bno055_io' for CMake module files
[37.730s] Level 1:colcon.colcon_core.environment:checking '/home/ryuzot/ros2_main/install/bno055_io' for CMake config files
[37.730s] Level 1:colcon.colcon_core.shell:create_environment_hook('bno055_io', 'cmake_prefix_path')
[37.733s] INFO:colcon.colcon_core.shell:Creating environment hook '/home/ryuzot/ros2_main/install/bno055_io/share/bno055_io/hook/cmake_prefix_path.ps1'
[37.733s] INFO:colcon.colcon_core.shell:Creating environment descriptor '/home/ryuzot/ros2_main/install/bno055_io/share/bno055_io/hook/cmake_prefix_path.dsv'
[37.734s] INFO:colcon.colcon_core.shell:Creating environment hook '/home/ryuzot/ros2_main/install/bno055_io/share/bno055_io/hook/cmake_prefix_path.sh'
[37.734s] Level 1:colcon.colcon_core.environment:checking '/home/ryuzot/ros2_main/install/bno055_io/lib'
[37.734s] Level 1:colcon.colcon_core.shell:create_environment_hook('bno055_io', 'ld_library_path_lib')
[37.737s] INFO:colcon.colcon_core.shell:Creating environment hook '/home/ryuzot/ros2_main/install/bno055_io/share/bno055_io/hook/ld_library_path_lib.ps1'
[37.737s] INFO:colcon.colcon_core.shell:Creating environment descriptor '/home/ryuzot/ros2_main/install/bno055_io/share/bno055_io/hook/ld_library_path_lib.dsv'
[37.737s] INFO:colcon.colcon_core.shell:Creating environment hook '/home/ryuzot/ros2_main/install/bno055_io/share/bno055_io/hook/ld_library_path_lib.sh'
[37.737s] Level 1:colcon.colcon_core.environment:checking '/home/ryuzot/ros2_main/install/bno055_io/bin'
[37.738s] Level 1:colcon.colcon_core.environment:checking '/home/ryuzot/ros2_main/install/bno055_io/lib/pkgconfig/bno055_io.pc'
[37.738s] Level 1:colcon.colcon_core.environment:checking '/home/ryuzot/ros2_main/install/bno055_io/lib/python3.8/site-packages'
[37.740s] INFO:colcon.colcon_core.shell:Creating package script '/home/ryuzot/ros2_main/install/bno055_io/share/bno055_io/package.ps1'
[37.741s] INFO:colcon.colcon_core.shell:Creating package descriptor '/home/ryuzot/ros2_main/install/bno055_io/share/bno055_io/package.dsv'
[37.741s] INFO:colcon.colcon_core.shell:Creating package script '/home/ryuzot/ros2_main/install/bno055_io/share/bno055_io/package.sh'
[37.741s] INFO:colcon.colcon_core.shell:Creating package script '/home/ryuzot/ros2_main/install/bno055_io/share/bno055_io/package.bash'
[37.741s] INFO:colcon.colcon_core.shell:Creating package script '/home/ryuzot/ros2_main/install/bno055_io/share/bno055_io/package.zsh'
[37.742s] Level 1:colcon.colcon_core.environment:create_file_with_runtime_dependencies(/home/ryuzot/ros2_main/install/bno055_io/share/colcon-core/packages/bno055_io)
[37.758s] Level 1:colcon.colcon_core.environment:create_environment_scripts_only(bno055_io)
[37.762s] Level 1:colcon.colcon_core.environment:checking '/home/ryuzot/ros2_main/install/bno055_io' for CMake module files
[37.762s] Level 1:colcon.colcon_core.environment:checking '/home/ryuzot/ros2_main/install/bno055_io' for CMake config files
[37.763s] Level 1:colcon.colcon_core.shell:create_environment_hook('bno055_io', 'cmake_prefix_path')
[37.766s] INFO:colcon.colcon_core.shell:Creating environment hook '/home/ryuzot/ros2_main/install/bno055_io/share/bno055_io/hook/cmake_prefix_path.ps1'
[37.766s] INFO:colcon.colcon_core.shell:Creating environment descriptor '/home/ryuzot/ros2_main/install/bno055_io/share/bno055_io/hook/cmake_prefix_path.dsv'
[37.766s] INFO:colcon.colcon_core.shell:Creating environment hook '/home/ryuzot/ros2_main/install/bno055_io/share/bno055_io/hook/cmake_prefix_path.sh'
[37.767s] Level 1:colcon.colcon_core.environment:checking '/home/ryuzot/ros2_main/install/bno055_io/lib'
[37.767s] Level 1:colcon.colcon_core.shell:create_environment_hook('bno055_io', 'ld_library_path_lib')
[37.769s] INFO:colcon.colcon_core.shell:Creating environment hook '/home/ryuzot/ros2_main/install/bno055_io/share/bno055_io/hook/ld_library_path_lib.ps1'
[37.770s] INFO:colcon.colcon_core.shell:Creating environment descriptor '/home/ryuzot/ros2_main/install/bno055_io/share/bno055_io/hook/ld_library_path_lib.dsv'
[37.770s] INFO:colcon.colcon_core.shell:Creating environment hook '/home/ryuzot/ros2_main/install/bno055_io/share/bno055_io/hook/ld_library_path_lib.sh'
[37.770s] Level 1:colcon.colcon_core.environment:checking '/home/ryuzot/ros2_main/install/bno055_io/bin'
[37.770s] Level 1:colcon.colcon_core.environment:checking '/home/ryuzot/ros2_main/install/bno055_io/lib/pkgconfig/bno055_io.pc'
[37.770s] Level 1:colcon.colcon_core.environment:checking '/home/ryuzot/ros2_main/install/bno055_io/lib/python3.8/site-packages'
[37.773s] INFO:colcon.colcon_core.shell:Creating package script '/home/ryuzot/ros2_main/install/bno055_io/share/bno055_io/package.ps1'
[37.773s] INFO:colcon.colcon_core.shell:Creating package descriptor '/home/ryuzot/ros2_main/install/bno055_io/share/bno055_io/package.dsv'
[37.774s] INFO:colcon.colcon_core.shell:Creating package script '/home/ryuzot/ros2_main/install/bno055_io/share/bno055_io/package.sh'
[37.774s] INFO:colcon.colcon_core.shell:Creating package script '/home/ryuzot/ros2_main/install/bno055_io/share/bno055_io/package.bash'
[37.774s] INFO:colcon.colcon_core.shell:Creating package script '/home/ryuzot/ros2_main/install/bno055_io/share/bno055_io/package.zsh'
[37.774s] Level 1:colcon.colcon_core.environment:create_file_with_runtime_dependencies(/home/ryuzot/ros2_main/install/bno055_io/share/colcon-core/packages/bno055_io)
[41.472s] DEBUG:colcon.colcon_core.event_handler.log_command:Invoked command in '/home/ryuzot/ros2_main/build/main_executor' returned '0': CMAKE_PREFIX_PATH=${CMAKE_PREFIX_PATH}:/opt/ros/galactic LD_LIBRARY_PATH=/home/ryuzot/ros2_main/install/socketcan_interface_msg/lib:/home/ryuzot/ros2_main/install/socketcan_interface/lib:/opt/ros/galactic/opt/yaml_cpp_vendor/lib:/opt/ros/galactic/opt/rviz_ogre_vendor/lib:/opt/ros/galactic/lib/x86_64-linux-gnu:/opt/ros/galactic/lib /usr/bin/cmake --build /home/ryuzot/ros2_main/build/main_executor -- -j24 -l24
[41.484s] DEBUG:colcon.colcon_core.event_handler.log_command:Invoking command in '/home/ryuzot/ros2_main/build/main_executor': CMAKE_PREFIX_PATH=${CMAKE_PREFIX_PATH}:/opt/ros/galactic LD_LIBRARY_PATH=/home/ryuzot/ros2_main/install/socketcan_interface_msg/lib:/home/ryuzot/ros2_main/install/socketcan_interface/lib:/opt/ros/galactic/opt/yaml_cpp_vendor/lib:/opt/ros/galactic/opt/rviz_ogre_vendor/lib:/opt/ros/galactic/lib/x86_64-linux-gnu:/opt/ros/galactic/lib /usr/bin/cmake --install /home/ryuzot/ros2_main/build/main_executor
[41.502s] Level 1:colcon.colcon_core.environment:create_environment_scripts_only(main_executor)
[41.502s] DEBUG:colcon.colcon_core.event_handler.log_command:Invoked command in '/home/ryuzot/ros2_main/build/main_executor' returned '0': CMAKE_PREFIX_PATH=${CMAKE_PREFIX_PATH}:/opt/ros/galactic LD_LIBRARY_PATH=/home/ryuzot/ros2_main/install/socketcan_interface_msg/lib:/home/ryuzot/ros2_main/install/socketcan_interface/lib:/opt/ros/galactic/opt/yaml_cpp_vendor/lib:/opt/ros/galactic/opt/rviz_ogre_vendor/lib:/opt/ros/galactic/lib/x86_64-linux-gnu:/opt/ros/galactic/lib /usr/bin/cmake --install /home/ryuzot/ros2_main/build/main_executor
[41.506s] Level 1:colcon.colcon_core.environment:checking '/home/ryuzot/ros2_main/install/main_executor' for CMake module files
[41.507s] Level 1:colcon.colcon_core.environment:checking '/home/ryuzot/ros2_main/install/main_executor' for CMake config files
[41.507s] Level 1:colcon.colcon_core.shell:create_environment_hook('main_executor', 'cmake_prefix_path')
[41.509s] INFO:colcon.colcon_core.shell:Creating environment hook '/home/ryuzot/ros2_main/install/main_executor/share/main_executor/hook/cmake_prefix_path.ps1'
[41.510s] INFO:colcon.colcon_core.shell:Creating environment descriptor '/home/ryuzot/ros2_main/install/main_executor/share/main_executor/hook/cmake_prefix_path.dsv'
[41.510s] INFO:colcon.colcon_core.shell:Creating environment hook '/home/ryuzot/ros2_main/install/main_executor/share/main_executor/hook/cmake_prefix_path.sh'
[41.511s] Level 1:colcon.colcon_core.environment:checking '/home/ryuzot/ros2_main/install/main_executor/lib'
[41.511s] Level 1:colcon.colcon_core.environment:checking '/home/ryuzot/ros2_main/install/main_executor/bin'
[41.511s] Level 1:colcon.colcon_core.environment:checking '/home/ryuzot/ros2_main/install/main_executor/lib/pkgconfig/main_executor.pc'
[41.511s] Level 1:colcon.colcon_core.environment:checking '/home/ryuzot/ros2_main/install/main_executor/lib/python3.8/site-packages'
[41.513s] INFO:colcon.colcon_core.shell:Creating package script '/home/ryuzot/ros2_main/install/main_executor/share/main_executor/package.ps1'
[41.514s] INFO:colcon.colcon_core.shell:Creating package descriptor '/home/ryuzot/ros2_main/install/main_executor/share/main_executor/package.dsv'
[41.514s] INFO:colcon.colcon_core.shell:Creating package script '/home/ryuzot/ros2_main/install/main_executor/share/main_executor/package.sh'
[41.514s] INFO:colcon.colcon_core.shell:Creating package script '/home/ryuzot/ros2_main/install/main_executor/share/main_executor/package.bash'
[41.514s] INFO:colcon.colcon_core.shell:Creating package script '/home/ryuzot/ros2_main/install/main_executor/share/main_executor/package.zsh'
[41.515s] Level 1:colcon.colcon_core.environment:create_file_with_runtime_dependencies(/home/ryuzot/ros2_main/install/main_executor/share/colcon-core/packages/main_executor)
[41.530s] Level 1:colcon.colcon_core.environment:create_environment_scripts_only(main_executor)
[41.533s] Level 1:colcon.colcon_core.environment:checking '/home/ryuzot/ros2_main/install/main_executor' for CMake module files
[41.534s] Level 1:colcon.colcon_core.environment:checking '/home/ryuzot/ros2_main/install/main_executor' for CMake config files
[41.534s] Level 1:colcon.colcon_core.shell:create_environment_hook('main_executor', 'cmake_prefix_path')
[41.536s] INFO:colcon.colcon_core.shell:Creating environment hook '/home/ryuzot/ros2_main/install/main_executor/share/main_executor/hook/cmake_prefix_path.ps1'
[41.537s] INFO:colcon.colcon_core.shell:Creating environment descriptor '/home/ryuzot/ros2_main/install/main_executor/share/main_executor/hook/cmake_prefix_path.dsv'
[41.537s] INFO:colcon.colcon_core.shell:Creating environment hook '/home/ryuzot/ros2_main/install/main_executor/share/main_executor/hook/cmake_prefix_path.sh'
[41.537s] Level 1:colcon.colcon_core.environment:checking '/home/ryuzot/ros2_main/install/main_executor/lib'
[41.537s] Level 1:colcon.colcon_core.environment:checking '/home/ryuzot/ros2_main/install/main_executor/bin'
[41.537s] Level 1:colcon.colcon_core.environment:checking '/home/ryuzot/ros2_main/install/main_executor/lib/pkgconfig/main_executor.pc'
[41.538s] Level 1:colcon.colcon_core.environment:checking '/home/ryuzot/ros2_main/install/main_executor/lib/python3.8/site-packages'
[41.540s] INFO:colcon.colcon_core.shell:Creating package script '/home/ryuzot/ros2_main/install/main_executor/share/main_executor/package.ps1'
[41.540s] INFO:colcon.colcon_core.shell:Creating package descriptor '/home/ryuzot/ros2_main/install/main_executor/share/main_executor/package.dsv'
[41.541s] INFO:colcon.colcon_core.shell:Creating package script '/home/ryuzot/ros2_main/install/main_executor/share/main_executor/package.sh'
[41.541s] INFO:colcon.colcon_core.shell:Creating package script '/home/ryuzot/ros2_main/install/main_executor/share/main_executor/package.bash'
[41.541s] INFO:colcon.colcon_core.shell:Creating package script '/home/ryuzot/ros2_main/install/main_executor/share/main_executor/package.zsh'
[41.541s] Level 1:colcon.colcon_core.environment:create_file_with_runtime_dependencies(/home/ryuzot/ros2_main/install/main_executor/share/colcon-core/packages/main_executor)
[41.542s] DEBUG:colcon.colcon_parallel_executor.executor.parallel:closing loop
[41.543s] DEBUG:colcon.colcon_parallel_executor.executor.parallel:loop closed
[41.543s] DEBUG:colcon.colcon_parallel_executor.executor.parallel:run_until_complete finished with '0'
[41.543s] DEBUG:colcon.colcon_core.event_reactor:joining thread
[41.619s] INFO:colcon.colcon_core.plugin_system:Skipping extension 'colcon_notification.desktop_notification.notify_send': Could not find 'notify-send'
[41.619s] INFO:colcon.colcon_core.plugin_system:Skipping extension 'colcon_notification.desktop_notification.terminal_notifier': Not used on non-Darwin systems
[41.619s] INFO:colcon.colcon_core.plugin_system:Skipping extension 'colcon_notification.desktop_notification.win32': Not used on non-Windows systems
[41.619s] INFO:colcon.colcon_notification.desktop_notification:Sending desktop notification using 'notify2'
[43.011s] DEBUG:colcon.colcon_notification.desktop_notification.notify2:Failed to initialize notify2: org.freedesktop.DBus.Error.ServiceUnknown: The name org.freedesktop.Notifications was not provided by any .service files
[43.011s] DEBUG:colcon.colcon_core.event_reactor:joined thread
[43.014s] INFO:colcon.colcon_core.shell:Creating prefix script '/home/ryuzot/ros2_main/install/local_setup.ps1'
[43.015s] INFO:colcon.colcon_core.shell:Creating prefix util module '/home/ryuzot/ros2_main/install/_local_setup_util_ps1.py'
[43.016s] INFO:colcon.colcon_core.shell:Creating prefix chain script '/home/ryuzot/ros2_main/install/setup.ps1'
[43.019s] INFO:colcon.colcon_core.shell:Creating prefix script '/home/ryuzot/ros2_main/install/local_setup.sh'
[43.020s] INFO:colcon.colcon_core.shell:Creating prefix util module '/home/ryuzot/ros2_main/install/_local_setup_util_sh.py'
[43.020s] INFO:colcon.colcon_core.shell:Creating prefix chain script '/home/ryuzot/ros2_main/install/setup.sh'
[43.023s] INFO:colcon.colcon_core.shell:Creating prefix script '/home/ryuzot/ros2_main/install/local_setup.bash'
[43.024s] INFO:colcon.colcon_core.shell:Creating prefix chain script '/home/ryuzot/ros2_main/install/setup.bash'
[43.026s] INFO:colcon.colcon_core.shell:Creating prefix script '/home/ryuzot/ros2_main/install/local_setup.zsh'
[43.027s] INFO:colcon.colcon_core.shell:Creating prefix chain script '/home/ryuzot/ros2_main/install/setup.zsh'
