[0.225s] Invoking command in '/home/ryuzot/ros2_ws/build/socketcan_interface': CMAKE_PREFIX_PATH=/home/ryuzot/ros2_ws/install/socketcan_interface_msg:/home/ryuzot/ros2_ws/install/socketcan_interface:/home/ryuzot/ros2_ws/install/main_executor:/opt/ros/galactic LD_LIBRARY_PATH=/home/ryuzot/ros2_ws/install/socketcan_interface_msg/lib:/home/ryuzot/ros2_ws/install/socketcan_interface/lib:/opt/ros/galactic/opt/yaml_cpp_vendor/lib:/opt/ros/galactic/opt/rviz_ogre_vendor/lib:/opt/ros/galactic/lib/x86_64-linux-gnu:/opt/ros/galactic/lib /usr/bin/cmake --build /home/ryuzot/ros2_ws/build/socketcan_interface -- -j24 -l24
[0.232s] 
[0.232s] [0/1] Re-running CMake...[K
[0.243s] -- Found ament_cmake: 1.1.5 (/opt/ros/galactic/share/ament_cmake/cmake)
[0.259s] -- Using PYTHON_EXECUTABLE: /usr/bin/python3
[0.294s] -- Override CMake install command with custom implementation using symlinks instead of copying resources
[0.300s] -- Found rclcpp: 9.2.0 (/opt/ros/galactic/share/rclcpp/cmake)
[0.550s] -- Using all available rosidl_typesupport_c: rosidl_typesupport_fastrtps_c;rosidl_typesupport_introspection_c
[0.553s] -- Found rosidl_adapter: 2.2.1 (/opt/ros/galactic/share/rosidl_adapter/cmake)
[6.193s] -- Using all available rosidl_typesupport_cpp: rosidl_typesupport_fastrtps_cpp;rosidl_typesupport_introspection_cpp
[6.236s] -- Found rmw_implementation_cmake: 3.3.1 (/opt/ros/galactic/share/rmw_implementation_cmake/cmake)
[6.237s] -- Found rmw_cyclonedds_cpp: 0.22.4 (/opt/ros/galactic/share/rmw_cyclonedds_cpp/cmake)
[6.253s] -- Using RMW implementation 'rmw_cyclonedds_cpp' as default
[6.368s] -- Found socketcan_interface_msg: 0.0.0 (/home/ryuzot/ros2_ws/install/socketcan_interface_msg/share/socketcan_interface_msg/cmake)
[6.381s] -- Found ament_lint_auto: 0.10.6 (/opt/ros/galactic/share/ament_lint_auto/cmake)
[6.426s] -- Added test 'copyright' to check source files copyright and LICENSE
[6.426s] -- Added test 'cppcheck' to perform static code analysis on C / C++ code
[6.426s] -- Configured cppcheck include dirs: /home/ryuzot/ros2_ws/src/socketcan_interface/include;$<BUILD_INTERFACE:/home/ryuzot/ros2_ws/src/socketcan_interface/include>
[6.427s] -- Configured cppcheck exclude dirs and/or files: 
[6.427s] -- Added test 'cpplint' to check C / C++ code against the Google style
[6.427s] -- Configured cpplint exclude dirs and/or files: 
[6.427s] -- Added test 'lint_cmake' to check CMake code style
[6.428s] -- Added test 'uncrustify' to check C / C++ code style
[6.428s] -- Configured uncrustify additional arguments: 
[6.429s] -- Added test 'xmllint' to check XML markup files
[6.431s] -- Configuring done
[6.434s] CMake Error: INSTALL(EXPORT) given unknown export "export_socketcan_interface"
[6.435s] -- Generating done
[6.436s] CMake Generate step failed.  Build files cannot be regenerated correctly.
[6.441s] [31mFAILED: [0mbuild.ninja 
[6.441s] /usr/bin/cmake -S/home/ryuzot/ros2_ws/src/socketcan_interface -B/home/ryuzot/ros2_ws/build/socketcan_interface
[6.441s] ninja: error: rebuilding 'build.ninja': subcommand failed
[6.444s] Invoked command in '/home/ryuzot/ros2_ws/build/socketcan_interface' returned '1': CMAKE_PREFIX_PATH=/home/ryuzot/ros2_ws/install/socketcan_interface_msg:/home/ryuzot/ros2_ws/install/socketcan_interface:/home/ryuzot/ros2_ws/install/main_executor:/opt/ros/galactic LD_LIBRARY_PATH=/home/ryuzot/ros2_ws/install/socketcan_interface_msg/lib:/home/ryuzot/ros2_ws/install/socketcan_interface/lib:/opt/ros/galactic/opt/yaml_cpp_vendor/lib:/opt/ros/galactic/opt/rviz_ogre_vendor/lib:/opt/ros/galactic/lib/x86_64-linux-gnu:/opt/ros/galactic/lib /usr/bin/cmake --build /home/ryuzot/ros2_ws/build/socketcan_interface -- -j24 -l24
