
[0/2] Building CXX object CMakeFiles/socketcan_interface_node.dir/src/socketcan_interface_node.cpp.o[K
[1/2] Building CXX object CMakeFiles/socketcan_interface_node.dir/src/socketcan_interface_node.cpp.o[K
/home/ryuzot/ros2_ws/src/socketcan_interface/src/socketcan_interface_node.cpp: In constructor ‘socketcan_interface::SocketcanInterface::SocketcanInterface(const string&, const rclcpp::NodeOptions&)’:
/home/ryuzot/ros2_ws/src/socketcan_interface/src/socketcan_interface_node.cpp:18:63: warning: unused parameter ‘name_space’ [-Wunused-parameter]
   18 |     SocketcanInterface::SocketcanInterface(const std::string &name_space, const rclcpp::NodeOptions &options)
      |                                            ~~~~~~~~~~~~~~~~~~~^~~~~~~~~~
In file included from /opt/ros/galactic/include/rclcpp/client.hpp:40,
                 from /opt/ros/galactic/include/rclcpp/callback_group.hpp:23,
                 from /opt/ros/galactic/include/rclcpp/any_executable.hpp:20,
                 from /opt/ros/galactic/include/rclcpp/memory_strategy.hpp:25,
                 from /opt/ros/galactic/include/rclcpp/memory_strategies.hpp:18,
                 from /opt/ros/galactic/include/rclcpp/executor_options.hpp:20,
                 from /opt/ros/galactic/include/rclcpp/executor.hpp:36,
                 from /opt/ros/galactic/include/rclcpp/executors/multi_threaded_executor.hpp:26,
                 from /opt/ros/galactic/include/rclcpp/executors.hpp:21,
                 from /opt/ros/galactic/include/rclcpp/rclcpp.hpp:156,
                 from /home/ryuzot/ros2_ws/src/socketcan_interface/src/socketcan_interface_node.cpp:4:
/home/ryuzot/ros2_ws/src/socketcan_interface/src/socketcan_interface_node.cpp: In member function ‘void socketcan_interface::SocketcanInterface::_publisher_callback()’:
/home/ryuzot/ros2_ws/src/socketcan_interface/src/socketcan_interface_node.cpp:83:41: warning: format ‘%X’ expects a matching ‘unsigned int’ argument [-Wformat=]
   83 |         RCLCPP_INFO(this->get_logger(), "published id: %0x%03X ", msg->canid);
      |                                         ^~~~~~~~~~~~~~~~~~~~~~~~
/home/ryuzot/ros2_ws/src/socketcan_interface/src/socketcan_interface_node.cpp:83:62: note: format string is defined here
   83 |         RCLCPP_INFO(this->get_logger(), "published id: %0x%03X ", msg->canid);
      |                                                           ~~~^
      |                                                              |
      |                                                              unsigned int

[1/2] Linking CXX static library libsocketcan_interface_node.a[K
[2/2] Linking CXX static library libsocketcan_interface_node.a[K
-- Install configuration: ""
-- Execute custom install script
-- Up-to-date symlink: /home/ryuzot/ros2_ws/install/socketcan_interface/share/socketcan_interface/environment/library_path.sh
-- Up-to-date symlink: /home/ryuzot/ros2_ws/install/socketcan_interface/share/socketcan_interface/environment/library_path.dsv
-- Up-to-date symlink: /home/ryuzot/ros2_ws/install/socketcan_interface/share/socketcan_interface/environment/library_path.sh
-- Up-to-date symlink: /home/ryuzot/ros2_ws/install/socketcan_interface/share/socketcan_interface/environment/library_path.dsv
-- Up-to-date symlink: /home/ryuzot/ros2_ws/install/socketcan_interface/include/include/socketcan_interface/socketcan_interface_node.hpp
-- Up-to-date symlink: /home/ryuzot/ros2_ws/install/socketcan_interface/include/include/socketcan_interface/visibility.h
-- Up-to-date symlink: /home/ryuzot/ros2_ws/install/socketcan_interface/share/ament_index/resource_index/package_run_dependencies/socketcan_interface
-- Up-to-date symlink: /home/ryuzot/ros2_ws/install/socketcan_interface/share/ament_index/resource_index/parent_prefix_path/socketcan_interface
-- Up-to-date symlink: /home/ryuzot/ros2_ws/install/socketcan_interface/share/socketcan_interface/environment/ament_prefix_path.sh
-- Up-to-date symlink: /home/ryuzot/ros2_ws/install/socketcan_interface/share/socketcan_interface/environment/ament_prefix_path.dsv
-- Up-to-date symlink: /home/ryuzot/ros2_ws/install/socketcan_interface/share/socketcan_interface/environment/path.sh
-- Up-to-date symlink: /home/ryuzot/ros2_ws/install/socketcan_interface/share/socketcan_interface/environment/path.dsv
-- Up-to-date symlink: /home/ryuzot/ros2_ws/install/socketcan_interface/share/socketcan_interface/local_setup.bash
-- Up-to-date symlink: /home/ryuzot/ros2_ws/install/socketcan_interface/share/socketcan_interface/local_setup.sh
-- Up-to-date symlink: /home/ryuzot/ros2_ws/install/socketcan_interface/share/socketcan_interface/local_setup.zsh
-- Up-to-date symlink: /home/ryuzot/ros2_ws/install/socketcan_interface/share/socketcan_interface/local_setup.dsv
-- Symlinking: /home/ryuzot/ros2_ws/install/socketcan_interface/share/socketcan_interface/package.dsv
-- Up-to-date symlink: /home/ryuzot/ros2_ws/install/socketcan_interface/share/ament_index/resource_index/packages/socketcan_interface
-- Up-to-date symlink: /home/ryuzot/ros2_ws/install/socketcan_interface/share/socketcan_interface/cmake/ament_cmake_export_targets-extras.cmake
-- Up-to-date symlink: /home/ryuzot/ros2_ws/install/socketcan_interface/share/socketcan_interface/cmake/ament_cmake_export_dependencies-extras.cmake
-- Up-to-date symlink: /home/ryuzot/ros2_ws/install/socketcan_interface/share/socketcan_interface/cmake/socketcan_interfaceConfig.cmake
-- Up-to-date symlink: /home/ryuzot/ros2_ws/install/socketcan_interface/share/socketcan_interface/cmake/socketcan_interfaceConfig-version.cmake
-- Up-to-date symlink: /home/ryuzot/ros2_ws/install/socketcan_interface/share/socketcan_interface/package.xml
-- Installing: /home/ryuzot/ros2_ws/install/socketcan_interface/lib/libsocketcan_interface_node.a
-- Up-to-date: /home/ryuzot/ros2_ws/install/socketcan_interface/share/socketcan_interface/cmake/export_socketcan_interfaceExport.cmake
-- Up-to-date: /home/ryuzot/ros2_ws/install/socketcan_interface/share/socketcan_interface/cmake/export_socketcan_interfaceExport-noconfig.cmake
