[0.206s] Invoking command in '/home/ryuzot/ros2_ws/build/socketcan_interface': CMAKE_PREFIX_PATH=/home/ryuzot/ros2_ws/install/socketcan_interface_msg:/home/ryuzot/ros2_ws/install/main_executor:/home/ryuzot/ros2_ws/install/socketcan_interface:/opt/ros/galactic LD_LIBRARY_PATH=/home/ryuzot/ros2_ws/install/socketcan_interface_msg/lib:/home/ryuzot/ros2_ws/install/socketcan_interface/lib:/opt/ros/galactic/opt/yaml_cpp_vendor/lib:/opt/ros/galactic/opt/rviz_ogre_vendor/lib:/opt/ros/galactic/lib/x86_64-linux-gnu:/opt/ros/galactic/lib /usr/bin/cmake --build /home/ryuzot/ros2_ws/build/socketcan_interface -- -j24 -l24
[0.213s] 
[5.631s] [0/2] Building CXX object CMakeFiles/socketcan_interface_node.dir/src/socketcan_interface_node.cpp.o[K
[5.631s] [1/2] Building CXX object CMakeFiles/socketcan_interface_node.dir/src/socketcan_interface_node.cpp.o[K
[5.631s] /home/ryuzot/ros2_ws/src/socketcan_interface/src/socketcan_interface_node.cpp: In constructor ‘socketcan_interface::SocketcanInterface::SocketcanInterface(const string&, const rclcpp::NodeOptions&)’:
[5.631s] /home/ryuzot/ros2_ws/src/socketcan_interface/src/socketcan_interface_node.cpp:18:63: warning: unused parameter ‘name_space’ [-Wunused-parameter]
[5.631s]    18 |     SocketcanInterface::SocketcanInterface(const std::string &name_space, const rclcpp::NodeOptions &options)
[5.631s]       |                                            ~~~~~~~~~~~~~~~~~~~^~~~~~~~~~
[5.631s] In file included from /opt/ros/galactic/include/rclcpp/client.hpp:40,
[5.631s]                  from /opt/ros/galactic/include/rclcpp/callback_group.hpp:23,
[5.631s]                  from /opt/ros/galactic/include/rclcpp/any_executable.hpp:20,
[5.631s]                  from /opt/ros/galactic/include/rclcpp/memory_strategy.hpp:25,
[5.631s]                  from /opt/ros/galactic/include/rclcpp/memory_strategies.hpp:18,
[5.632s]                  from /opt/ros/galactic/include/rclcpp/executor_options.hpp:20,
[5.632s]                  from /opt/ros/galactic/include/rclcpp/executor.hpp:36,
[5.632s]                  from /opt/ros/galactic/include/rclcpp/executors/multi_threaded_executor.hpp:26,
[5.632s]                  from /opt/ros/galactic/include/rclcpp/executors.hpp:21,
[5.632s]                  from /opt/ros/galactic/include/rclcpp/rclcpp.hpp:156,
[5.632s]                  from /home/ryuzot/ros2_ws/src/socketcan_interface/src/socketcan_interface_node.cpp:4:
[5.632s] /home/ryuzot/ros2_ws/src/socketcan_interface/src/socketcan_interface_node.cpp: In member function ‘void socketcan_interface::SocketcanInterface::_publisher_callback()’:
[5.632s] /home/ryuzot/ros2_ws/src/socketcan_interface/src/socketcan_interface_node.cpp:83:41: warning: format ‘%X’ expects a matching ‘unsigned int’ argument [-Wformat=]
[5.632s]    83 |         RCLCPP_INFO(this->get_logger(), "published id: %0x%03X ", msg->canid);
[5.632s]       |                                         ^~~~~~~~~~~~~~~~~~~~~~~~
[5.632s] /home/ryuzot/ros2_ws/src/socketcan_interface/src/socketcan_interface_node.cpp:83:62: note: format string is defined here
[5.632s]    83 |         RCLCPP_INFO(this->get_logger(), "published id: %0x%03X ", msg->canid);
[5.632s]       |                                                           ~~~^
[5.632s]       |                                                              |
[5.632s]       |                                                              unsigned int
[5.632s] 
[5.680s] [1/2] Linking CXX static library libsocketcan_interface_node.a[K
[5.680s] [2/2] Linking CXX static library libsocketcan_interface_node.a[K
[5.682s] Invoked command in '/home/ryuzot/ros2_ws/build/socketcan_interface' returned '0': CMAKE_PREFIX_PATH=/home/ryuzot/ros2_ws/install/socketcan_interface_msg:/home/ryuzot/ros2_ws/install/main_executor:/home/ryuzot/ros2_ws/install/socketcan_interface:/opt/ros/galactic LD_LIBRARY_PATH=/home/ryuzot/ros2_ws/install/socketcan_interface_msg/lib:/home/ryuzot/ros2_ws/install/socketcan_interface/lib:/opt/ros/galactic/opt/yaml_cpp_vendor/lib:/opt/ros/galactic/opt/rviz_ogre_vendor/lib:/opt/ros/galactic/lib/x86_64-linux-gnu:/opt/ros/galactic/lib /usr/bin/cmake --build /home/ryuzot/ros2_ws/build/socketcan_interface -- -j24 -l24
[5.696s] Invoking command in '/home/ryuzot/ros2_ws/build/socketcan_interface': CMAKE_PREFIX_PATH=/home/ryuzot/ros2_ws/install/socketcan_interface_msg:/home/ryuzot/ros2_ws/install/main_executor:/home/ryuzot/ros2_ws/install/socketcan_interface:/opt/ros/galactic LD_LIBRARY_PATH=/home/ryuzot/ros2_ws/install/socketcan_interface_msg/lib:/home/ryuzot/ros2_ws/install/socketcan_interface/lib:/opt/ros/galactic/opt/yaml_cpp_vendor/lib:/opt/ros/galactic/opt/rviz_ogre_vendor/lib:/opt/ros/galactic/lib/x86_64-linux-gnu:/opt/ros/galactic/lib /usr/bin/cmake --install /home/ryuzot/ros2_ws/build/socketcan_interface
[5.700s] -- Install configuration: ""
[5.701s] -- Execute custom install script
[5.701s] -- Up-to-date symlink: /home/ryuzot/ros2_ws/install/socketcan_interface/share/socketcan_interface/environment/library_path.sh
[5.701s] -- Up-to-date symlink: /home/ryuzot/ros2_ws/install/socketcan_interface/share/socketcan_interface/environment/library_path.dsv
[5.701s] -- Up-to-date symlink: /home/ryuzot/ros2_ws/install/socketcan_interface/share/socketcan_interface/environment/library_path.sh
[5.701s] -- Up-to-date symlink: /home/ryuzot/ros2_ws/install/socketcan_interface/share/socketcan_interface/environment/library_path.dsv
[5.702s] -- Up-to-date symlink: /home/ryuzot/ros2_ws/install/socketcan_interface/include/include/socketcan_interface/socketcan_interface_node.hpp
[5.702s] -- Up-to-date symlink: /home/ryuzot/ros2_ws/install/socketcan_interface/include/include/socketcan_interface/visibility.h
[5.702s] -- Up-to-date symlink: /home/ryuzot/ros2_ws/install/socketcan_interface/share/ament_index/resource_index/package_run_dependencies/socketcan_interface
[5.702s] -- Up-to-date symlink: /home/ryuzot/ros2_ws/install/socketcan_interface/share/ament_index/resource_index/parent_prefix_path/socketcan_interface
[5.703s] -- Up-to-date symlink: /home/ryuzot/ros2_ws/install/socketcan_interface/share/socketcan_interface/environment/ament_prefix_path.sh
[5.703s] -- Up-to-date symlink: /home/ryuzot/ros2_ws/install/socketcan_interface/share/socketcan_interface/environment/ament_prefix_path.dsv
[5.703s] -- Up-to-date symlink: /home/ryuzot/ros2_ws/install/socketcan_interface/share/socketcan_interface/environment/path.sh
[5.703s] -- Up-to-date symlink: /home/ryuzot/ros2_ws/install/socketcan_interface/share/socketcan_interface/environment/path.dsv
[5.704s] -- Up-to-date symlink: /home/ryuzot/ros2_ws/install/socketcan_interface/share/socketcan_interface/local_setup.bash
[5.704s] -- Up-to-date symlink: /home/ryuzot/ros2_ws/install/socketcan_interface/share/socketcan_interface/local_setup.sh
[5.704s] -- Up-to-date symlink: /home/ryuzot/ros2_ws/install/socketcan_interface/share/socketcan_interface/local_setup.zsh
[5.704s] -- Up-to-date symlink: /home/ryuzot/ros2_ws/install/socketcan_interface/share/socketcan_interface/local_setup.dsv
[5.704s] -- Symlinking: /home/ryuzot/ros2_ws/install/socketcan_interface/share/socketcan_interface/package.dsv
[5.710s] -- Up-to-date symlink: /home/ryuzot/ros2_ws/install/socketcan_interface/share/ament_index/resource_index/packages/socketcan_interface
[5.711s] -- Up-to-date symlink: /home/ryuzot/ros2_ws/install/socketcan_interface/share/socketcan_interface/cmake/ament_cmake_export_targets-extras.cmake
[5.711s] -- Up-to-date symlink: /home/ryuzot/ros2_ws/install/socketcan_interface/share/socketcan_interface/cmake/ament_cmake_export_dependencies-extras.cmake
[5.711s] -- Up-to-date symlink: /home/ryuzot/ros2_ws/install/socketcan_interface/share/socketcan_interface/cmake/socketcan_interfaceConfig.cmake
[5.711s] -- Up-to-date symlink: /home/ryuzot/ros2_ws/install/socketcan_interface/share/socketcan_interface/cmake/socketcan_interfaceConfig-version.cmake
[5.711s] -- Up-to-date symlink: /home/ryuzot/ros2_ws/install/socketcan_interface/share/socketcan_interface/package.xml
[5.712s] -- Installing: /home/ryuzot/ros2_ws/install/socketcan_interface/lib/libsocketcan_interface_node.a
[5.717s] -- Up-to-date: /home/ryuzot/ros2_ws/install/socketcan_interface/share/socketcan_interface/cmake/export_socketcan_interfaceExport.cmake
[5.717s] -- Up-to-date: /home/ryuzot/ros2_ws/install/socketcan_interface/share/socketcan_interface/cmake/export_socketcan_interfaceExport-noconfig.cmake
[5.722s] Invoked command in '/home/ryuzot/ros2_ws/build/socketcan_interface' returned '0': CMAKE_PREFIX_PATH=/home/ryuzot/ros2_ws/install/socketcan_interface_msg:/home/ryuzot/ros2_ws/install/main_executor:/home/ryuzot/ros2_ws/install/socketcan_interface:/opt/ros/galactic LD_LIBRARY_PATH=/home/ryuzot/ros2_ws/install/socketcan_interface_msg/lib:/home/ryuzot/ros2_ws/install/socketcan_interface/lib:/opt/ros/galactic/opt/yaml_cpp_vendor/lib:/opt/ros/galactic/opt/rviz_ogre_vendor/lib:/opt/ros/galactic/lib/x86_64-linux-gnu:/opt/ros/galactic/lib /usr/bin/cmake --install /home/ryuzot/ros2_ws/build/socketcan_interface
