[0.018s] Invoking command in '/home/ryuzot/ros2_ws/build/socketcan_interface_msg': CMAKE_PREFIX_PATH=${CMAKE_PREFIX_PATH}:/opt/ros/galactic /usr/bin/cmake --build /home/ryuzot/ros2_ws/build/socketcan_interface_msg -- -j24 -l24
[0.026s] 
[0.026s] [0/1] Re-running CMake...[K
[0.037s] -- Found ament_cmake: 1.1.5 (/opt/ros/galactic/share/ament_cmake/cmake)
[0.053s] -- Found PythonInterp: /usr/bin/python3 (found suitable version "3.8.10", minimum required is "3") 
[0.053s] -- Using PYTHON_EXECUTABLE: /usr/bin/python3
[0.090s] -- Override CMake install command with custom implementation using symlinks instead of copying resources
[0.096s] -- Found rosidl_default_generators: 1.1.1 (/opt/ros/galactic/share/rosidl_default_generators/cmake)
[0.098s] -- Using all available rosidl_typesupport_c: rosidl_typesupport_fastrtps_c;rosidl_typesupport_introspection_c
[0.101s] -- Found rosidl_adapter: 2.2.1 (/opt/ros/galactic/share/rosidl_adapter/cmake)
[6.605s] -- Using all available rosidl_typesupport_cpp: rosidl_typesupport_fastrtps_cpp;rosidl_typesupport_introspection_cpp
[6.642s] -- Found PythonInterp: /usr/bin/python3 (found version "3.8.10") 
[6.736s] -- Found ament_cmake_ros: 0.9.2 (/opt/ros/galactic/share/ament_cmake_ros/cmake)
[12.720s] -- Using all available rosidl_typesupport_c: rosidl_typesupport_fastrtps_c;rosidl_typesupport_introspection_c
[12.727s] -- Using all available rosidl_typesupport_cpp: rosidl_typesupport_fastrtps_cpp;rosidl_typesupport_introspection_cpp
[12.744s] -- Found PythonInterp: /usr/bin/python3 (found suitable version "3.8.10", minimum required is "3.5") 
[12.745s] -- Found python_cmake_module: 0.8.1 (/opt/ros/galactic/share/python_cmake_module/cmake)
[12.763s] -- Using PYTHON_EXECUTABLE: /usr/bin/python3
[12.763s] -- Using PYTHON_INCLUDE_DIRS: /usr/include/python3.8
[12.763s] -- Using PYTHON_LIBRARIES: /usr/lib/x86_64-linux-gnu/libpython3.8.so
[12.775s] -- Found ament_lint_auto: 0.10.6 (/opt/ros/galactic/share/ament_lint_auto/cmake)
[12.788s] -- Added test 'copyright' to check source files copyright and LICENSE
[12.789s] -- Added test 'lint_cmake' to check CMake code style
[12.789s] -- Added test 'xmllint' to check XML markup files
[12.795s] -- Configuring done
[12.809s] -- Generating done
[12.810s] -- Build files have been written to: /home/ryuzot/ros2_ws/build/socketcan_interface_msg
[12.818s] 
[12.818s] [0/31] Generating C code for ROS interfaces[K
[12.997s] [0/31] Generating C++ code for ROS interfaces[K
[12.997s] [1/31] Generating C++ code for ROS interfaces[K
[12.997s] [1/31] Generating C++ type support for eProsima Fast-RTPS[K
[12.997s] [1/31] Generating C++ introspection for ROS interfaces[K
[12.999s] [1/31] Generating C++ type support dispatch for ROS interfaces[K
[12.999s] [2/31] Generating C code for ROS interfaces[K
[13.104s] [2/31] Building C object CMakeFiles/socketcan_interface_msg__rosidl_generator_c.dir/rosidl_generator_c/socketcan_interface_msg/msg/detail/socketcan_if__functions.c.o[K
[13.104s] [3/31] Building C object CMakeFiles/socketcan_interface_msg__rosidl_generator_c.dir/rosidl_generator_c/socketcan_interface_msg/msg/detail/socketcan_if__functions.c.o[K
[13.140s] [3/31] Linking C shared library libsocketcan_interface_msg__rosidl_generator_c.so[K
[13.140s] [4/31] Generating C++ type support dispatch for ROS interfaces[K
[13.153s] [4/31] Building CXX object CMakeFiles/socketcan_interface_msg__rosidl_typesupport_cpp.dir/rosidl_typesupport_cpp/socketcan_interface_msg/msg/socketcan_if__type_support.cpp.o[K
[13.153s] [5/31] Generating C++ introspection for ROS interfaces[K
[13.158s] [5/31] Building CXX object CMakeFiles/socketcan_interface_msg__rosidl_typesupport_introspection_cpp.dir/rosidl_typesupport_introspection_cpp/socketcan_interface_msg/msg/detail/socketcan_if__type_support.cpp.o[K
[13.158s] [6/31] Generating C++ type support for eProsima Fast-RTPS[K
[13.239s] [6/31] Building CXX object CMakeFiles/socketcan_interface_msg__rosidl_typesupport_fastrtps_cpp.dir/rosidl_typesupport_fastrtps_cpp/socketcan_interface_msg/msg/detail/dds_fastrtps/socketcan_if__type_support.cpp.o[K
[13.239s] [7/31] Linking C shared library libsocketcan_interface_msg__rosidl_generator_c.so[K
[13.240s] [7/31] Generating C introspection for ROS interfaces[K
[13.366s] [7/31] Generating C type support dispatch for ROS interfaces[K
[13.366s] [8/31] Building CXX object CMakeFiles/socketcan_interface_msg__rosidl_typesupport_cpp.dir/rosidl_typesupport_cpp/socketcan_interface_msg/msg/socketcan_if__type_support.cpp.o[K
[13.380s] [8/31] Linking CXX shared library libsocketcan_interface_msg__rosidl_typesupport_cpp.so[K
[13.380s] [9/31] Building CXX object CMakeFiles/socketcan_interface_msg__rosidl_typesupport_introspection_cpp.dir/rosidl_typesupport_introspection_cpp/socketcan_interface_msg/msg/detail/socketcan_if__type_support.cpp.o[K
[13.397s] [9/31] Linking CXX shared library libsocketcan_interface_msg__rosidl_typesupport_introspection_cpp.so[K
[13.398s] [10/31] Generating C type support dispatch for ROS interfaces[K
[13.404s] [10/31] Building CXX object CMakeFiles/socketcan_interface_msg__rosidl_typesupport_c.dir/rosidl_typesupport_c/socketcan_interface_msg/msg/socketcan_if__type_support.cpp.o[K
[13.404s] [11/31] Generating C introspection for ROS interfaces[K
[13.422s] [11/31] Building C object CMakeFiles/socketcan_interface_msg__rosidl_typesupport_introspection_c.dir/rosidl_typesupport_introspection_c/socketcan_interface_msg/msg/detail/socketcan_if__type_support.c.o[K
[13.422s] [12/31] Building C object CMakeFiles/socketcan_interface_msg__rosidl_typesupport_introspection_c.dir/rosidl_typesupport_introspection_c/socketcan_interface_msg/msg/detail/socketcan_if__type_support.c.o[K
[13.436s] [12/31] Linking C shared library libsocketcan_interface_msg__rosidl_typesupport_introspection_c.so[K
[13.436s] [13/31] Building CXX object CMakeFiles/socketcan_interface_msg__rosidl_typesupport_c.dir/rosidl_typesupport_c/socketcan_interface_msg/msg/socketcan_if__type_support.cpp.o[K
[13.487s] [13/31] Linking CXX shared library libsocketcan_interface_msg__rosidl_typesupport_c.so[K
[13.487s] [14/31] Building CXX object CMakeFiles/socketcan_interface_msg__rosidl_typesupport_fastrtps_cpp.dir/rosidl_typesupport_fastrtps_cpp/socketcan_interface_msg/msg/detail/dds_fastrtps/socketcan_if__type_support.cpp.o[K
[13.612s] [14/31] Linking CXX shared library libsocketcan_interface_msg__rosidl_typesupport_fastrtps_cpp.so[K
[13.629s] [15/31] Linking CXX shared library libsocketcan_interface_msg__rosidl_typesupport_cpp.so[K
[13.672s] [16/31] Linking CXX shared library libsocketcan_interface_msg__rosidl_typesupport_introspection_cpp.so[K
[13.678s] [17/31] Linking C shared library libsocketcan_interface_msg__rosidl_typesupport_introspection_c.so[K
[13.730s] [18/31] Linking CXX shared library libsocketcan_interface_msg__rosidl_typesupport_c.so[K
[13.730s] [19/31] Linking CXX shared library libsocketcan_interface_msg__rosidl_typesupport_fastrtps_cpp.so[K
[13.885s] [19/31] Generating C type support for eProsima Fast-RTPS[K
[13.885s] [20/31] Generating C type support for eProsima Fast-RTPS[K
[14.137s] [20/31] Building CXX object CMakeFiles/socketcan_interface_msg__rosidl_typesupport_fastrtps_c.dir/rosidl_typesupport_fastrtps_c/socketcan_interface_msg/msg/detail/socketcan_if__type_support_c.cpp.o[K
[14.137s] [21/31] Building CXX object CMakeFiles/socketcan_interface_msg__rosidl_typesupport_fastrtps_c.dir/rosidl_typesupport_fastrtps_c/socketcan_interface_msg/msg/detail/socketcan_if__type_support_c.cpp.o[K
[14.312s] [21/31] Linking CXX shared library libsocketcan_interface_msg__rosidl_typesupport_fastrtps_c.so[K
[14.312s] [22/31] Linking CXX shared library libsocketcan_interface_msg__rosidl_typesupport_fastrtps_c.so[K
[14.582s] [22/31] Generating Python code for ROS interfaces[K
[14.582s] [23/31] Generating Python code for ROS interfaces[K
[14.582s] [23/31] Building C object CMakeFiles/socketcan_interface_msg__rosidl_typesupport_fastrtps_c__pyext.dir/rosidl_generator_py/socketcan_interface_msg/_socketcan_interface_msg_s.ep.rosidl_typesupport_fastrtps_c.c.o[K
[14.582s] [23/31] Building C object CMakeFiles/socketcan_interface_msg__rosidl_typesupport_c__pyext.dir/rosidl_generator_py/socketcan_interface_msg/_socketcan_interface_msg_s.ep.rosidl_typesupport_c.c.o[K
[14.583s] [23/31] Building C object CMakeFiles/socketcan_interface_msg__rosidl_typesupport_introspection_c__pyext.dir/rosidl_generator_py/socketcan_interface_msg/_socketcan_interface_msg_s.ep.rosidl_typesupport_introspection_c.c.o[K
[14.665s] [23/31] Building C object CMakeFiles/socketcan_interface_msg__python.dir/rosidl_generator_py/socketcan_interface_msg/msg/_socketcan_if_s.c.o[K
[14.665s] [24/31] Building C object CMakeFiles/socketcan_interface_msg__rosidl_typesupport_introspection_c__pyext.dir/rosidl_generator_py/socketcan_interface_msg/_socketcan_interface_msg_s.ep.rosidl_typesupport_introspection_c.c.o[K
[14.665s] [25/31] Building C object CMakeFiles/socketcan_interface_msg__rosidl_typesupport_c__pyext.dir/rosidl_generator_py/socketcan_interface_msg/_socketcan_interface_msg_s.ep.rosidl_typesupport_c.c.o[K
[14.679s] [26/31] Building C object CMakeFiles/socketcan_interface_msg__rosidl_typesupport_fastrtps_c__pyext.dir/rosidl_generator_py/socketcan_interface_msg/_socketcan_interface_msg_s.ep.rosidl_typesupport_fastrtps_c.c.o[K
[14.679s] [27/31] Building C object CMakeFiles/socketcan_interface_msg__python.dir/rosidl_generator_py/socketcan_interface_msg/msg/_socketcan_if_s.c.o[K
[14.827s] [27/31] Linking C shared library rosidl_generator_py/socketcan_interface_msg/libsocketcan_interface_msg__python.so[K
[14.828s] [28/31] Linking C shared library rosidl_generator_py/socketcan_interface_msg/libsocketcan_interface_msg__python.so[K
[14.828s] [28/31] Linking CXX shared library rosidl_generator_py/socketcan_interface_msg/socketcan_interface_msg_s__rosidl_typesupport_fastrtps_c.cpython-38-x86_64-linux-gnu.so[K
[14.828s] [28/31] Linking C shared library rosidl_generator_py/socketcan_interface_msg/socketcan_interface_msg_s__rosidl_typesupport_c.cpython-38-x86_64-linux-gnu.so[K
[14.948s] [28/31] Linking C shared library rosidl_generator_py/socketcan_interface_msg/socketcan_interface_msg_s__rosidl_typesupport_introspection_c.cpython-38-x86_64-linux-gnu.so[K
[14.966s] [29/31] Linking C shared library rosidl_generator_py/socketcan_interface_msg/socketcan_interface_msg_s__rosidl_typesupport_c.cpython-38-x86_64-linux-gnu.so[K
[14.968s] [30/31] Linking C shared library rosidl_generator_py/socketcan_interface_msg/socketcan_interface_msg_s__rosidl_typesupport_introspection_c.cpython-38-x86_64-linux-gnu.so[K
[14.968s] [31/31] Linking CXX shared library rosidl_generator_py/socketcan_interface_msg/socketcan_interface_msg_s__rosidl_typesupport_fastrtps_c.cpython-38-x86_64-linux-gnu.so[K
[14.970s] Invoked command in '/home/ryuzot/ros2_ws/build/socketcan_interface_msg' returned '0': CMAKE_PREFIX_PATH=${CMAKE_PREFIX_PATH}:/opt/ros/galactic /usr/bin/cmake --build /home/ryuzot/ros2_ws/build/socketcan_interface_msg -- -j24 -l24
[14.992s] Invoking command in '/home/ryuzot/ros2_ws/build/socketcan_interface_msg': CMAKE_PREFIX_PATH=${CMAKE_PREFIX_PATH}:/opt/ros/galactic /usr/bin/cmake --install /home/ryuzot/ros2_ws/build/socketcan_interface_msg
[14.996s] -- Install configuration: ""
[14.997s] -- Execute custom install script
[14.997s] -- Up-to-date symlink: /home/ryuzot/ros2_ws/install/socketcan_interface_msg/share/ament_index/resource_index/rosidl_interfaces/socketcan_interface_msg
[14.998s] -- Up-to-date symlink: /home/ryuzot/ros2_ws/install/socketcan_interface_msg/include/socketcan_interface_msg/msg/detail/socketcan_if__functions.h
[14.998s] -- Up-to-date symlink: /home/ryuzot/ros2_ws/install/socketcan_interface_msg/include/socketcan_interface_msg/msg/detail/socketcan_if__struct.h
[14.998s] -- Up-to-date symlink: /home/ryuzot/ros2_ws/install/socketcan_interface_msg/include/socketcan_interface_msg/msg/detail/socketcan_if__type_support.h
[14.998s] -- Up-to-date symlink: /home/ryuzot/ros2_ws/install/socketcan_interface_msg/include/socketcan_interface_msg/msg/rosidl_generator_c__visibility_control.h
[14.998s] -- Up-to-date symlink: /home/ryuzot/ros2_ws/install/socketcan_interface_msg/include/socketcan_interface_msg/msg/socketcan_if.h
[14.999s] -- Up-to-date symlink: /home/ryuzot/ros2_ws/install/socketcan_interface_msg/share/socketcan_interface_msg/environment/library_path.sh
[14.999s] -- Up-to-date symlink: /home/ryuzot/ros2_ws/install/socketcan_interface_msg/share/socketcan_interface_msg/environment/library_path.dsv
[14.999s] -- Up-to-date symlink: /home/ryuzot/ros2_ws/install/socketcan_interface_msg/include/socketcan_interface_msg/msg/detail/socketcan_if__rosidl_typesupport_fastrtps_c.h
[14.999s] -- Up-to-date symlink: /home/ryuzot/ros2_ws/install/socketcan_interface_msg/include/socketcan_interface_msg/msg/rosidl_typesupport_fastrtps_c__visibility_control.h
[15.000s] -- Up-to-date symlink: /home/ryuzot/ros2_ws/install/socketcan_interface_msg/lib/libsocketcan_interface_msg__rosidl_typesupport_fastrtps_c.so
[15.000s] -- Up-to-date symlink: /home/ryuzot/ros2_ws/install/socketcan_interface_msg/include/socketcan_interface_msg/msg/detail/socketcan_if__rosidl_typesupport_fastrtps_cpp.hpp
[15.000s] -- Up-to-date symlink: /home/ryuzot/ros2_ws/install/socketcan_interface_msg/include/socketcan_interface_msg/msg/rosidl_typesupport_fastrtps_cpp__visibility_control.h
[15.000s] -- Up-to-date symlink: /home/ryuzot/ros2_ws/install/socketcan_interface_msg/lib/libsocketcan_interface_msg__rosidl_typesupport_fastrtps_cpp.so
[15.001s] -- Up-to-date symlink: /home/ryuzot/ros2_ws/install/socketcan_interface_msg/include/socketcan_interface_msg/msg/detail/socketcan_if__rosidl_typesupport_introspection_c.h
[15.001s] -- Up-to-date symlink: /home/ryuzot/ros2_ws/install/socketcan_interface_msg/include/socketcan_interface_msg/msg/rosidl_typesupport_introspection_c__visibility_control.h
[15.001s] -- Up-to-date symlink: /home/ryuzot/ros2_ws/install/socketcan_interface_msg/include/socketcan_interface_msg/msg/detail/socketcan_if__builder.hpp
[15.002s] -- Up-to-date symlink: /home/ryuzot/ros2_ws/install/socketcan_interface_msg/include/socketcan_interface_msg/msg/detail/socketcan_if__struct.hpp
[15.002s] -- Up-to-date symlink: /home/ryuzot/ros2_ws/install/socketcan_interface_msg/include/socketcan_interface_msg/msg/detail/socketcan_if__traits.hpp
[15.002s] -- Up-to-date symlink: /home/ryuzot/ros2_ws/install/socketcan_interface_msg/include/socketcan_interface_msg/msg/socketcan_if.hpp
[15.002s] -- Up-to-date symlink: /home/ryuzot/ros2_ws/install/socketcan_interface_msg/include/socketcan_interface_msg/msg/detail/socketcan_if__rosidl_typesupport_introspection_cpp.hpp
[15.002s] -- Up-to-date symlink: /home/ryuzot/ros2_ws/install/socketcan_interface_msg/share/socketcan_interface_msg/environment/pythonpath.sh
[15.003s] -- Up-to-date symlink: /home/ryuzot/ros2_ws/install/socketcan_interface_msg/share/socketcan_interface_msg/environment/pythonpath.dsv
[15.003s] -- Up-to-date symlink: /home/ryuzot/ros2_ws/install/socketcan_interface_msg/lib/python3.8/site-packages/socketcan_interface_msg/__init__.py
[15.003s] -- Up-to-date symlink: /home/ryuzot/ros2_ws/install/socketcan_interface_msg/lib/python3.8/site-packages/socketcan_interface_msg/msg/__init__.py
[15.003s] -- Up-to-date symlink: /home/ryuzot/ros2_ws/install/socketcan_interface_msg/lib/python3.8/site-packages/socketcan_interface_msg/msg/_socketcan_if.py
[15.004s] -- Up-to-date symlink: /home/ryuzot/ros2_ws/install/socketcan_interface_msg/lib/python3.8/site-packages/socketcan_interface_msg/socketcan_interface_msg_s__rosidl_typesupport_fastrtps_c.cpython-38-x86_64-linux-gnu.so
[15.004s] -- Up-to-date symlink: /home/ryuzot/ros2_ws/install/socketcan_interface_msg/lib/python3.8/site-packages/socketcan_interface_msg/socketcan_interface_msg_s__rosidl_typesupport_introspection_c.cpython-38-x86_64-linux-gnu.so
[15.004s] -- Up-to-date symlink: /home/ryuzot/ros2_ws/install/socketcan_interface_msg/lib/python3.8/site-packages/socketcan_interface_msg/socketcan_interface_msg_s__rosidl_typesupport_c.cpython-38-x86_64-linux-gnu.so
[15.005s] -- Up-to-date symlink: /home/ryuzot/ros2_ws/install/socketcan_interface_msg/lib/libsocketcan_interface_msg__python.so
[15.005s] -- Up-to-date symlink: /home/ryuzot/ros2_ws/install/socketcan_interface_msg/share/socketcan_interface_msg/msg/SocketcanIF.idl
[15.005s] -- Up-to-date symlink: /home/ryuzot/ros2_ws/install/socketcan_interface_msg/share/socketcan_interface_msg/msg/SocketcanIF.msg
[15.005s] -- Up-to-date symlink: /home/ryuzot/ros2_ws/install/socketcan_interface_msg/share/ament_index/resource_index/package_run_dependencies/socketcan_interface_msg
[15.005s] -- Up-to-date symlink: /home/ryuzot/ros2_ws/install/socketcan_interface_msg/share/ament_index/resource_index/parent_prefix_path/socketcan_interface_msg
[15.006s] -- Up-to-date symlink: /home/ryuzot/ros2_ws/install/socketcan_interface_msg/share/socketcan_interface_msg/environment/ament_prefix_path.sh
[15.006s] -- Up-to-date symlink: /home/ryuzot/ros2_ws/install/socketcan_interface_msg/share/socketcan_interface_msg/environment/ament_prefix_path.dsv
[15.006s] -- Up-to-date symlink: /home/ryuzot/ros2_ws/install/socketcan_interface_msg/share/socketcan_interface_msg/environment/path.sh
[15.006s] -- Up-to-date symlink: /home/ryuzot/ros2_ws/install/socketcan_interface_msg/share/socketcan_interface_msg/environment/path.dsv
[15.007s] -- Up-to-date symlink: /home/ryuzot/ros2_ws/install/socketcan_interface_msg/share/socketcan_interface_msg/local_setup.bash
[15.007s] -- Up-to-date symlink: /home/ryuzot/ros2_ws/install/socketcan_interface_msg/share/socketcan_interface_msg/local_setup.sh
[15.007s] -- Up-to-date symlink: /home/ryuzot/ros2_ws/install/socketcan_interface_msg/share/socketcan_interface_msg/local_setup.zsh
[15.007s] -- Up-to-date symlink: /home/ryuzot/ros2_ws/install/socketcan_interface_msg/share/socketcan_interface_msg/local_setup.dsv
[15.007s] -- Symlinking: /home/ryuzot/ros2_ws/install/socketcan_interface_msg/share/socketcan_interface_msg/package.dsv
[15.013s] -- Up-to-date symlink: /home/ryuzot/ros2_ws/install/socketcan_interface_msg/share/ament_index/resource_index/packages/socketcan_interface_msg
[15.013s] -- Up-to-date symlink: /home/ryuzot/ros2_ws/install/socketcan_interface_msg/share/socketcan_interface_msg/cmake/rosidl_cmake-extras.cmake
[15.014s] -- Up-to-date symlink: /home/ryuzot/ros2_ws/install/socketcan_interface_msg/share/socketcan_interface_msg/cmake/ament_cmake_export_dependencies-extras.cmake
[15.014s] -- Up-to-date symlink: /home/ryuzot/ros2_ws/install/socketcan_interface_msg/share/socketcan_interface_msg/cmake/ament_cmake_export_libraries-extras.cmake
[15.014s] -- Up-to-date symlink: /home/ryuzot/ros2_ws/install/socketcan_interface_msg/share/socketcan_interface_msg/cmake/ament_cmake_export_targets-extras.cmake
[15.014s] -- Up-to-date symlink: /home/ryuzot/ros2_ws/install/socketcan_interface_msg/share/socketcan_interface_msg/cmake/ament_cmake_export_include_directories-extras.cmake
[15.015s] -- Up-to-date symlink: /home/ryuzot/ros2_ws/install/socketcan_interface_msg/share/socketcan_interface_msg/cmake/rosidl_cmake_export_typesupport_libraries-extras.cmake
[15.015s] -- Up-to-date symlink: /home/ryuzot/ros2_ws/install/socketcan_interface_msg/share/socketcan_interface_msg/cmake/rosidl_cmake_export_typesupport_targets-extras.cmake
[15.015s] -- Up-to-date symlink: /home/ryuzot/ros2_ws/install/socketcan_interface_msg/share/socketcan_interface_msg/cmake/socketcan_interface_msgConfig.cmake
[15.015s] -- Up-to-date symlink: /home/ryuzot/ros2_ws/install/socketcan_interface_msg/share/socketcan_interface_msg/cmake/socketcan_interface_msgConfig-version.cmake
[15.016s] -- Up-to-date symlink: /home/ryuzot/ros2_ws/install/socketcan_interface_msg/share/socketcan_interface_msg/package.xml
[15.016s] -- Installing: /home/ryuzot/ros2_ws/install/socketcan_interface_msg/lib/libsocketcan_interface_msg__rosidl_generator_c.so
[15.016s] -- Set runtime path of "/home/ryuzot/ros2_ws/install/socketcan_interface_msg/lib/libsocketcan_interface_msg__rosidl_generator_c.so" to ""
[15.016s] -- Installing: /home/ryuzot/ros2_ws/install/socketcan_interface_msg/lib/libsocketcan_interface_msg__rosidl_typesupport_introspection_c.so
[15.017s] -- Set runtime path of "/home/ryuzot/ros2_ws/install/socketcan_interface_msg/lib/libsocketcan_interface_msg__rosidl_typesupport_introspection_c.so" to ""
[15.017s] -- Installing: /home/ryuzot/ros2_ws/install/socketcan_interface_msg/lib/libsocketcan_interface_msg__rosidl_typesupport_c.so
[15.017s] -- Set runtime path of "/home/ryuzot/ros2_ws/install/socketcan_interface_msg/lib/libsocketcan_interface_msg__rosidl_typesupport_c.so" to ""
[15.017s] -- Installing: /home/ryuzot/ros2_ws/install/socketcan_interface_msg/lib/libsocketcan_interface_msg__rosidl_typesupport_introspection_cpp.so
[15.017s] -- Set runtime path of "/home/ryuzot/ros2_ws/install/socketcan_interface_msg/lib/libsocketcan_interface_msg__rosidl_typesupport_introspection_cpp.so" to ""
[15.018s] -- Installing: /home/ryuzot/ros2_ws/install/socketcan_interface_msg/lib/libsocketcan_interface_msg__rosidl_typesupport_cpp.so
[15.018s] -- Set runtime path of "/home/ryuzot/ros2_ws/install/socketcan_interface_msg/lib/libsocketcan_interface_msg__rosidl_typesupport_cpp.so" to ""
[15.039s] Compiling '/home/ryuzot/ros2_ws/install/socketcan_interface_msg/lib/python3.8/site-packages/socketcan_interface_msg/__init__.py'...
[15.042s] -- Up-to-date: /home/ryuzot/ros2_ws/install/socketcan_interface_msg/share/socketcan_interface_msg/cmake/socketcan_interface_msg__rosidl_generator_cExport.cmake
[15.042s] -- Installing: /home/ryuzot/ros2_ws/install/socketcan_interface_msg/share/socketcan_interface_msg/cmake/socketcan_interface_msg__rosidl_generator_cExport-noconfig.cmake
[15.042s] -- Up-to-date: /home/ryuzot/ros2_ws/install/socketcan_interface_msg/share/socketcan_interface_msg/cmake/socketcan_interface_msg__rosidl_typesupport_introspection_cExport.cmake
[15.042s] -- Installing: /home/ryuzot/ros2_ws/install/socketcan_interface_msg/share/socketcan_interface_msg/cmake/socketcan_interface_msg__rosidl_typesupport_introspection_cExport-noconfig.cmake
[15.042s] -- Up-to-date: /home/ryuzot/ros2_ws/install/socketcan_interface_msg/share/socketcan_interface_msg/cmake/socketcan_interface_msg__rosidl_typesupport_cExport.cmake
[15.043s] -- Installing: /home/ryuzot/ros2_ws/install/socketcan_interface_msg/share/socketcan_interface_msg/cmake/socketcan_interface_msg__rosidl_typesupport_cExport-noconfig.cmake
[15.043s] -- Up-to-date: /home/ryuzot/ros2_ws/install/socketcan_interface_msg/share/socketcan_interface_msg/cmake/socketcan_interface_msg__rosidl_generator_cppExport.cmake
[15.043s] -- Up-to-date: /home/ryuzot/ros2_ws/install/socketcan_interface_msg/share/socketcan_interface_msg/cmake/socketcan_interface_msg__rosidl_typesupport_introspection_cppExport.cmake
[15.043s] -- Installing: /home/ryuzot/ros2_ws/install/socketcan_interface_msg/share/socketcan_interface_msg/cmake/socketcan_interface_msg__rosidl_typesupport_introspection_cppExport-noconfig.cmake
[15.043s] -- Up-to-date: /home/ryuzot/ros2_ws/install/socketcan_interface_msg/share/socketcan_interface_msg/cmake/socketcan_interface_msg__rosidl_typesupport_cppExport.cmake
[15.043s] -- Installing: /home/ryuzot/ros2_ws/install/socketcan_interface_msg/share/socketcan_interface_msg/cmake/socketcan_interface_msg__rosidl_typesupport_cppExport-noconfig.cmake
[15.046s] Invoked command in '/home/ryuzot/ros2_ws/build/socketcan_interface_msg' returned '0': CMAKE_PREFIX_PATH=${CMAKE_PREFIX_PATH}:/opt/ros/galactic /usr/bin/cmake --install /home/ryuzot/ros2_ws/build/socketcan_interface_msg
