-- Found ament_cmake: 0.9.9 (/opt/ros/foxy/share/ament_cmake/cmake)
-- Using PYTHON_EXECUTABLE: /usr/bin/python3
-- Found rclcpp: 2.4.1 (/opt/ros/foxy/share/rclcpp/cmake)
-- Using all available rosidl_typesupport_c: rosidl_typesupport_fastrtps_c;rosidl_typesupport_introspection_c
-- Found rosidl_adapter: 1.2.1 (/opt/ros/foxy/share/rosidl_adapter/cmake)
-- Using all available rosidl_typesupport_cpp: rosidl_typesupport_fastrtps_cpp;rosidl_typesupport_introspection_cpp
-- Found rmw_implementation_cmake: 1.0.3 (/opt/ros/foxy/share/rmw_implementation_cmake/cmake)
-- Using RMW implementation 'rmw_fastrtps_cpp' as default
-- Found rosidl_default_generators: 1.0.1 (/opt/ros/foxy/share/rosidl_default_generators/cmake)
-- Found ament_lint_auto: 0.9.6 (/opt/ros/foxy/share/ament_lint_auto/cmake)
-- Added test 'copyright' to check source files copyright and LICENSE
-- Added test 'cppcheck' to perform static code analysis on C / C++ code
-- Configured cppcheck include dirs: $<BUILD_INTERFACE:/home/kazuma/ros2_ws_2/ros2_main/src/jlb_pid/include>
-- Configured cppcheck exclude dirs and/or files: 
-- Added test 'cpplint' to check C / C++ code against the Google style
-- Configured cpplint exclude dirs and/or files: 
-- Added test 'lint_cmake' to check CMake code style
-- Added test 'uncrustify' to check C / C++ code style
-- Configured uncrustify additional arguments: 
-- Added test 'xmllint' to check XML markup files
-- Configuring done
-- Generating done
-- Build files have been written to: /home/kazuma/ros2_ws_2/ros2_main/src/build/jlb_pid
[ 66%] Built target jlb_pid_core
[100%] Built target controller_node
-- Install configuration: ""
-- Up-to-date: /home/kazuma/ros2_ws_2/ros2_main/src/install/jlb_pid/include
-- Up-to-date: /home/kazuma/ros2_ws_2/ros2_main/src/install/jlb_pid/include/jlb_pid
-- Up-to-date: /home/kazuma/ros2_ws_2/ros2_main/src/install/jlb_pid/include/jlb_pid/config.hpp
-- Up-to-date: /home/kazuma/ros2_ws_2/ros2_main/src/install/jlb_pid/include/jlb_pid/controller_node.hpp
-- Up-to-date: /home/kazuma/ros2_ws_2/ros2_main/src/install/jlb_pid/include/jlb_pid/pid.hpp
-- Up-to-date: /home/kazuma/ros2_ws_2/ros2_main/src/install/jlb_pid/include/jlb_pid/controller.hpp
-- Up-to-date: /home/kazuma/ros2_ws_2/ros2_main/src/install/jlb_pid/lib/libjlb_pid_core.a
-- Up-to-date: /home/kazuma/ros2_ws_2/ros2_main/src/install/jlb_pid/lib/jlb_pid/controller_node
-- Up-to-date: /home/kazuma/ros2_ws_2/ros2_main/src/install/jlb_pid/share/jlb_pid/environment/library_path.sh
-- Installing: /home/kazuma/ros2_ws_2/ros2_main/src/install/jlb_pid/share/jlb_pid/environment/library_path.dsv
-- Up-to-date: /home/kazuma/ros2_ws_2/ros2_main/src/install/jlb_pid/share/ament_index/resource_index/package_run_dependencies/jlb_pid
-- Up-to-date: /home/kazuma/ros2_ws_2/ros2_main/src/install/jlb_pid/share/ament_index/resource_index/parent_prefix_path/jlb_pid
-- Up-to-date: /home/kazuma/ros2_ws_2/ros2_main/src/install/jlb_pid/share/jlb_pid/environment/ament_prefix_path.sh
-- Installing: /home/kazuma/ros2_ws_2/ros2_main/src/install/jlb_pid/share/jlb_pid/environment/ament_prefix_path.dsv
-- Up-to-date: /home/kazuma/ros2_ws_2/ros2_main/src/install/jlb_pid/share/jlb_pid/environment/path.sh
-- Installing: /home/kazuma/ros2_ws_2/ros2_main/src/install/jlb_pid/share/jlb_pid/environment/path.dsv
-- Up-to-date: /home/kazuma/ros2_ws_2/ros2_main/src/install/jlb_pid/share/jlb_pid/local_setup.bash
-- Up-to-date: /home/kazuma/ros2_ws_2/ros2_main/src/install/jlb_pid/share/jlb_pid/local_setup.sh
-- Up-to-date: /home/kazuma/ros2_ws_2/ros2_main/src/install/jlb_pid/share/jlb_pid/local_setup.zsh
-- Installing: /home/kazuma/ros2_ws_2/ros2_main/src/install/jlb_pid/share/jlb_pid/local_setup.dsv
-- Installing: /home/kazuma/ros2_ws_2/ros2_main/src/install/jlb_pid/share/jlb_pid/package.dsv
-- Up-to-date: /home/kazuma/ros2_ws_2/ros2_main/src/install/jlb_pid/share/ament_index/resource_index/packages/jlb_pid
-- Up-to-date: /home/kazuma/ros2_ws_2/ros2_main/src/install/jlb_pid/share/jlb_pid/cmake/ament_cmake_export_dependencies-extras.cmake
-- Up-to-date: /home/kazuma/ros2_ws_2/ros2_main/src/install/jlb_pid/share/jlb_pid/cmake/ament_cmake_export_include_directories-extras.cmake
-- Up-to-date: /home/kazuma/ros2_ws_2/ros2_main/src/install/jlb_pid/share/jlb_pid/cmake/ament_cmake_export_libraries-extras.cmake
-- Up-to-date: /home/kazuma/ros2_ws_2/ros2_main/src/install/jlb_pid/share/jlb_pid/cmake/jlb_pidConfig.cmake
-- Up-to-date: /home/kazuma/ros2_ws_2/ros2_main/src/install/jlb_pid/share/jlb_pid/cmake/jlb_pidConfig-version.cmake
-- Installing: /home/kazuma/ros2_ws_2/ros2_main/src/install/jlb_pid/share/jlb_pid/package.xml
