[0.030s] Invoking command in '/home/kazuma/ros2_ws_2/ros2_main/src/build/jlb_pid': CMAKE_PREFIX_PATH=${CMAKE_PREFIX_PATH}:/home/kazuma/ros2_ws/install/nav2_msgs:/home/kazuma/ros2_ws/install/nav2_gazebo_spawner:/home/kazuma/ros2_ws_2/install/turtlebot3_teleop:/home/kazuma/ros2_ws_2/install/turtlebot3_example:/home/kazuma/ros2_ws_2/install/nav2_gazebo_spawner:/opt/ros/foxy /usr/bin/cmake --build /home/kazuma/ros2_ws_2/ros2_main/src/build/jlb_pid -- -j8 -l8
[0.068s] -- Found ament_cmake: 0.9.9 (/opt/ros/foxy/share/ament_cmake/cmake)
[0.106s] -- Using PYTHON_EXECUTABLE: /usr/bin/python3
[0.322s] -- Found rclcpp: 2.4.1 (/opt/ros/foxy/share/rclcpp/cmake)
[0.526s] -- Using all available rosidl_typesupport_c: rosidl_typesupport_fastrtps_c;rosidl_typesupport_introspection_c
[0.531s] -- Found rosidl_adapter: 1.2.1 (/opt/ros/foxy/share/rosidl_adapter/cmake)
[5.006s] -- Using all available rosidl_typesupport_cpp: rosidl_typesupport_fastrtps_cpp;rosidl_typesupport_introspection_cpp
[5.061s] -- Found rmw_implementation_cmake: 1.0.3 (/opt/ros/foxy/share/rmw_implementation_cmake/cmake)
[5.068s] -- Using RMW implementation 'rmw_fastrtps_cpp' as default
[5.242s] -- Found rosidl_default_generators: 1.0.1 (/opt/ros/foxy/share/rosidl_default_generators/cmake)
[5.277s] -- Found ament_lint_auto: 0.9.6 (/opt/ros/foxy/share/ament_lint_auto/cmake)
[5.368s] -- Added test 'copyright' to check source files copyright and LICENSE
[5.371s] -- Added test 'cppcheck' to perform static code analysis on C / C++ code
[5.371s] -- Configured cppcheck include dirs: $<BUILD_INTERFACE:/home/kazuma/ros2_ws_2/ros2_main/src/jlb_pid/include>
[5.371s] -- Configured cppcheck exclude dirs and/or files: 
[5.374s] -- Added test 'cpplint' to check C / C++ code against the Google style
[5.374s] -- Configured cpplint exclude dirs and/or files: 
[5.375s] -- Added test 'lint_cmake' to check CMake code style
[5.378s] -- Added test 'uncrustify' to check C / C++ code style
[5.378s] -- Configured uncrustify additional arguments: 
[5.379s] -- Added test 'xmllint' to check XML markup files
[5.382s] -- Configuring done
[5.395s] -- Generating done
[5.397s] -- Build files have been written to: /home/kazuma/ros2_ws_2/ros2_main/src/build/jlb_pid
[5.455s] [ 66%] Built target jlb_pid_core
[5.499s] [100%] Built target controller_node
[5.516s] Invoked command in '/home/kazuma/ros2_ws_2/ros2_main/src/build/jlb_pid' returned '0': CMAKE_PREFIX_PATH=${CMAKE_PREFIX_PATH}:/home/kazuma/ros2_ws/install/nav2_msgs:/home/kazuma/ros2_ws/install/nav2_gazebo_spawner:/home/kazuma/ros2_ws_2/install/turtlebot3_teleop:/home/kazuma/ros2_ws_2/install/turtlebot3_example:/home/kazuma/ros2_ws_2/install/nav2_gazebo_spawner:/opt/ros/foxy /usr/bin/cmake --build /home/kazuma/ros2_ws_2/ros2_main/src/build/jlb_pid -- -j8 -l8
[5.607s] Invoking command in '/home/kazuma/ros2_ws_2/ros2_main/src/build/jlb_pid': CMAKE_PREFIX_PATH=${CMAKE_PREFIX_PATH}:/home/kazuma/ros2_ws/install/nav2_msgs:/home/kazuma/ros2_ws/install/nav2_gazebo_spawner:/home/kazuma/ros2_ws_2/install/turtlebot3_teleop:/home/kazuma/ros2_ws_2/install/turtlebot3_example:/home/kazuma/ros2_ws_2/install/nav2_gazebo_spawner:/opt/ros/foxy /usr/bin/cmake --install /home/kazuma/ros2_ws_2/ros2_main/src/build/jlb_pid
[5.624s] -- Install configuration: ""
[5.624s] -- Up-to-date: /home/kazuma/ros2_ws_2/ros2_main/src/install/jlb_pid/include
[5.625s] -- Up-to-date: /home/kazuma/ros2_ws_2/ros2_main/src/install/jlb_pid/include/jlb_pid
[5.626s] -- Up-to-date: /home/kazuma/ros2_ws_2/ros2_main/src/install/jlb_pid/include/jlb_pid/config.hpp
[5.626s] -- Up-to-date: /home/kazuma/ros2_ws_2/ros2_main/src/install/jlb_pid/include/jlb_pid/controller_node.hpp
[5.627s] -- Up-to-date: /home/kazuma/ros2_ws_2/ros2_main/src/install/jlb_pid/include/jlb_pid/pid.hpp
[5.627s] -- Up-to-date: /home/kazuma/ros2_ws_2/ros2_main/src/install/jlb_pid/include/jlb_pid/controller.hpp
[5.628s] -- Up-to-date: /home/kazuma/ros2_ws_2/ros2_main/src/install/jlb_pid/lib/libjlb_pid_core.a
[5.628s] -- Up-to-date: /home/kazuma/ros2_ws_2/ros2_main/src/install/jlb_pid/lib/jlb_pid/controller_node
[5.629s] -- Up-to-date: /home/kazuma/ros2_ws_2/ros2_main/src/install/jlb_pid/share/jlb_pid/environment/library_path.sh
[5.629s] -- Installing: /home/kazuma/ros2_ws_2/ros2_main/src/install/jlb_pid/share/jlb_pid/environment/library_path.dsv
[5.629s] -- Up-to-date: /home/kazuma/ros2_ws_2/ros2_main/src/install/jlb_pid/share/ament_index/resource_index/package_run_dependencies/jlb_pid
[5.629s] -- Up-to-date: /home/kazuma/ros2_ws_2/ros2_main/src/install/jlb_pid/share/ament_index/resource_index/parent_prefix_path/jlb_pid
[5.629s] -- Up-to-date: /home/kazuma/ros2_ws_2/ros2_main/src/install/jlb_pid/share/jlb_pid/environment/ament_prefix_path.sh
[5.630s] -- Installing: /home/kazuma/ros2_ws_2/ros2_main/src/install/jlb_pid/share/jlb_pid/environment/ament_prefix_path.dsv
[5.631s] -- Up-to-date: /home/kazuma/ros2_ws_2/ros2_main/src/install/jlb_pid/share/jlb_pid/environment/path.sh
[5.633s] -- Installing: /home/kazuma/ros2_ws_2/ros2_main/src/install/jlb_pid/share/jlb_pid/environment/path.dsv
[5.634s] -- Up-to-date: /home/kazuma/ros2_ws_2/ros2_main/src/install/jlb_pid/share/jlb_pid/local_setup.bash
[5.636s] -- Up-to-date: /home/kazuma/ros2_ws_2/ros2_main/src/install/jlb_pid/share/jlb_pid/local_setup.sh
[5.637s] -- Up-to-date: /home/kazuma/ros2_ws_2/ros2_main/src/install/jlb_pid/share/jlb_pid/local_setup.zsh
[5.638s] -- Installing: /home/kazuma/ros2_ws_2/ros2_main/src/install/jlb_pid/share/jlb_pid/local_setup.dsv
[5.639s] -- Installing: /home/kazuma/ros2_ws_2/ros2_main/src/install/jlb_pid/share/jlb_pid/package.dsv
[5.640s] -- Up-to-date: /home/kazuma/ros2_ws_2/ros2_main/src/install/jlb_pid/share/ament_index/resource_index/packages/jlb_pid
[5.641s] -- Up-to-date: /home/kazuma/ros2_ws_2/ros2_main/src/install/jlb_pid/share/jlb_pid/cmake/ament_cmake_export_dependencies-extras.cmake
[5.642s] -- Up-to-date: /home/kazuma/ros2_ws_2/ros2_main/src/install/jlb_pid/share/jlb_pid/cmake/ament_cmake_export_include_directories-extras.cmake
[5.643s] -- Up-to-date: /home/kazuma/ros2_ws_2/ros2_main/src/install/jlb_pid/share/jlb_pid/cmake/ament_cmake_export_libraries-extras.cmake
[5.644s] -- Up-to-date: /home/kazuma/ros2_ws_2/ros2_main/src/install/jlb_pid/share/jlb_pid/cmake/jlb_pidConfig.cmake
[5.645s] -- Up-to-date: /home/kazuma/ros2_ws_2/ros2_main/src/install/jlb_pid/share/jlb_pid/cmake/jlb_pidConfig-version.cmake
[5.647s] -- Installing: /home/kazuma/ros2_ws_2/ros2_main/src/install/jlb_pid/share/jlb_pid/package.xml
[5.648s] Invoked command in '/home/kazuma/ros2_ws_2/ros2_main/src/build/jlb_pid' returned '0': CMAKE_PREFIX_PATH=${CMAKE_PREFIX_PATH}:/home/kazuma/ros2_ws/install/nav2_msgs:/home/kazuma/ros2_ws/install/nav2_gazebo_spawner:/home/kazuma/ros2_ws_2/install/turtlebot3_teleop:/home/kazuma/ros2_ws_2/install/turtlebot3_example:/home/kazuma/ros2_ws_2/install/nav2_gazebo_spawner:/opt/ros/foxy /usr/bin/cmake --install /home/kazuma/ros2_ws_2/ros2_main/src/build/jlb_pid
