[0.277s] Invoking command in '/home/ryuzot/ros2_ws/build/socketcan_interface': CMAKE_PREFIX_PATH=/home/ryuzot/ros2_ws/install/socketcan_interface_msg:/home/ryuzot/ros2_ws/install/main_executor:/home/ryuzot/ros2_ws/install/socketcan_interface:/opt/ros/galactic LD_LIBRARY_PATH=/home/ryuzot/ros2_ws/install/socketcan_interface_msg/lib:/home/ryuzot/ros2_ws/install/socketcan_interface/lib:/opt/ros/galactic/opt/yaml_cpp_vendor/lib:/opt/ros/galactic/opt/rviz_ogre_vendor/lib:/opt/ros/galactic/lib/x86_64-linux-gnu:/opt/ros/galactic/lib /usr/bin/cmake --build /home/ryuzot/ros2_ws/build/socketcan_interface -- -j24 -l24
[0.287s] 
[7.245s] [0/2] Building CXX object CMakeFiles/socketcan_interface_node.dir/src/socketcan_interface_node.cpp.o[K
[7.245s] [1/2] Building CXX object CMakeFiles/socketcan_interface_node.dir/src/socketcan_interface_node.cpp.o[K
[7.245s] /home/ryuzot/ros2_ws/src/socketcan_interface/src/socketcan_interface_node.cpp: In constructor ‘socketcan_interface::SocketcanInterface::SocketcanInterface(const string&, const rclcpp::NodeOptions&)’:
[7.245s] /home/ryuzot/ros2_ws/src/socketcan_interface/src/socketcan_interface_node.cpp:18:63: warning: unused parameter ‘name_space’ [-Wunused-parameter]
[7.245s]    18 |     SocketcanInterface::SocketcanInterface(const std::string &name_space, const rclcpp::NodeOptions &options)
[7.245s]       |                                            ~~~~~~~~~~~~~~~~~~~^~~~~~~~~~
[7.245s] 
[7.302s] [1/2] Linking CXX static library libsocketcan_interface_node.a[K
[7.303s] [2/2] Linking CXX static library libsocketcan_interface_node.a[K
[7.307s] Invoked command in '/home/ryuzot/ros2_ws/build/socketcan_interface' returned '0': CMAKE_PREFIX_PATH=/home/ryuzot/ros2_ws/install/socketcan_interface_msg:/home/ryuzot/ros2_ws/install/main_executor:/home/ryuzot/ros2_ws/install/socketcan_interface:/opt/ros/galactic LD_LIBRARY_PATH=/home/ryuzot/ros2_ws/install/socketcan_interface_msg/lib:/home/ryuzot/ros2_ws/install/socketcan_interface/lib:/opt/ros/galactic/opt/yaml_cpp_vendor/lib:/opt/ros/galactic/opt/rviz_ogre_vendor/lib:/opt/ros/galactic/lib/x86_64-linux-gnu:/opt/ros/galactic/lib /usr/bin/cmake --build /home/ryuzot/ros2_ws/build/socketcan_interface -- -j24 -l24
[7.321s] Invoking command in '/home/ryuzot/ros2_ws/build/socketcan_interface': CMAKE_PREFIX_PATH=/home/ryuzot/ros2_ws/install/socketcan_interface_msg:/home/ryuzot/ros2_ws/install/main_executor:/home/ryuzot/ros2_ws/install/socketcan_interface:/opt/ros/galactic LD_LIBRARY_PATH=/home/ryuzot/ros2_ws/install/socketcan_interface_msg/lib:/home/ryuzot/ros2_ws/install/socketcan_interface/lib:/opt/ros/galactic/opt/yaml_cpp_vendor/lib:/opt/ros/galactic/opt/rviz_ogre_vendor/lib:/opt/ros/galactic/lib/x86_64-linux-gnu:/opt/ros/galactic/lib /usr/bin/cmake --install /home/ryuzot/ros2_ws/build/socketcan_interface
[7.329s] -- Install configuration: ""
[7.329s] -- Execute custom install script
[7.330s] -- Up-to-date symlink: /home/ryuzot/ros2_ws/install/socketcan_interface/share/socketcan_interface/environment/library_path.sh
[7.330s] -- Up-to-date symlink: /home/ryuzot/ros2_ws/install/socketcan_interface/share/socketcan_interface/environment/library_path.dsv
[7.330s] -- Up-to-date symlink: /home/ryuzot/ros2_ws/install/socketcan_interface/share/socketcan_interface/environment/library_path.sh
[7.330s] -- Up-to-date symlink: /home/ryuzot/ros2_ws/install/socketcan_interface/share/socketcan_interface/environment/library_path.dsv
[7.331s] -- Up-to-date symlink: /home/ryuzot/ros2_ws/install/socketcan_interface/include/include/socketcan_interface/socketcan_interface_node.hpp
[7.331s] -- Up-to-date symlink: /home/ryuzot/ros2_ws/install/socketcan_interface/include/include/socketcan_interface/visibility.h
[7.331s] -- Up-to-date symlink: /home/ryuzot/ros2_ws/install/socketcan_interface/share/ament_index/resource_index/package_run_dependencies/socketcan_interface
[7.331s] -- Up-to-date symlink: /home/ryuzot/ros2_ws/install/socketcan_interface/share/ament_index/resource_index/parent_prefix_path/socketcan_interface
[7.332s] -- Up-to-date symlink: /home/ryuzot/ros2_ws/install/socketcan_interface/share/socketcan_interface/environment/ament_prefix_path.sh
[7.332s] -- Up-to-date symlink: /home/ryuzot/ros2_ws/install/socketcan_interface/share/socketcan_interface/environment/ament_prefix_path.dsv
[7.332s] -- Up-to-date symlink: /home/ryuzot/ros2_ws/install/socketcan_interface/share/socketcan_interface/environment/path.sh
[7.332s] -- Up-to-date symlink: /home/ryuzot/ros2_ws/install/socketcan_interface/share/socketcan_interface/environment/path.dsv
[7.332s] -- Up-to-date symlink: /home/ryuzot/ros2_ws/install/socketcan_interface/share/socketcan_interface/local_setup.bash
[7.333s] -- Up-to-date symlink: /home/ryuzot/ros2_ws/install/socketcan_interface/share/socketcan_interface/local_setup.sh
[7.333s] -- Up-to-date symlink: /home/ryuzot/ros2_ws/install/socketcan_interface/share/socketcan_interface/local_setup.zsh
[7.333s] -- Up-to-date symlink: /home/ryuzot/ros2_ws/install/socketcan_interface/share/socketcan_interface/local_setup.dsv
[7.333s] -- Symlinking: /home/ryuzot/ros2_ws/install/socketcan_interface/share/socketcan_interface/package.dsv
[7.341s] -- Up-to-date symlink: /home/ryuzot/ros2_ws/install/socketcan_interface/share/ament_index/resource_index/packages/socketcan_interface
[7.341s] -- Up-to-date symlink: /home/ryuzot/ros2_ws/install/socketcan_interface/share/socketcan_interface/cmake/ament_cmake_export_targets-extras.cmake
[7.341s] -- Up-to-date symlink: /home/ryuzot/ros2_ws/install/socketcan_interface/share/socketcan_interface/cmake/ament_cmake_export_dependencies-extras.cmake
[7.342s] -- Up-to-date symlink: /home/ryuzot/ros2_ws/install/socketcan_interface/share/socketcan_interface/cmake/socketcan_interfaceConfig.cmake
[7.342s] -- Up-to-date symlink: /home/ryuzot/ros2_ws/install/socketcan_interface/share/socketcan_interface/cmake/socketcan_interfaceConfig-version.cmake
[7.342s] -- Up-to-date symlink: /home/ryuzot/ros2_ws/install/socketcan_interface/share/socketcan_interface/package.xml
[7.342s] -- Installing: /home/ryuzot/ros2_ws/install/socketcan_interface/lib/libsocketcan_interface_node.a
[7.350s] -- Up-to-date: /home/ryuzot/ros2_ws/install/socketcan_interface/share/socketcan_interface/cmake/export_socketcan_interfaceExport.cmake
[7.350s] -- Up-to-date: /home/ryuzot/ros2_ws/install/socketcan_interface/share/socketcan_interface/cmake/export_socketcan_interfaceExport-noconfig.cmake
[7.352s] Invoked command in '/home/ryuzot/ros2_ws/build/socketcan_interface' returned '0': CMAKE_PREFIX_PATH=/home/ryuzot/ros2_ws/install/socketcan_interface_msg:/home/ryuzot/ros2_ws/install/main_executor:/home/ryuzot/ros2_ws/install/socketcan_interface:/opt/ros/galactic LD_LIBRARY_PATH=/home/ryuzot/ros2_ws/install/socketcan_interface_msg/lib:/home/ryuzot/ros2_ws/install/socketcan_interface/lib:/opt/ros/galactic/opt/yaml_cpp_vendor/lib:/opt/ros/galactic/opt/rviz_ogre_vendor/lib:/opt/ros/galactic/lib/x86_64-linux-gnu:/opt/ros/galactic/lib /usr/bin/cmake --install /home/ryuzot/ros2_ws/build/socketcan_interface
