[0.763s] DEBUG:colcon:Command line arguments: ['/home/ryuzot/.local/bin/colcon', 'build', '--cmake-args', '-DCMAKE_EXPORT_COMPILE_COMMANDS=ON', '-G', 'Ninja', '--allow-overriding', 'main_executor', 'socketcan_interface', 'socketcan_interface_msg', '--log-level', 'debug', 'build', '--symlink-install']
[0.763s] DEBUG:colcon:Parsed command line arguments: Namespace(allow_overriding=['main_executor', 'socketcan_interface', 'socketcan_interface_msg', '--log-level', 'debug', 'build'], ament_cmake_args=None, base_paths=['.'], build_base='build', catkin_cmake_args=None, catkin_skip_building_tests=False, cmake_args=['-DCMAKE_EXPORT_COMPILE_COMMANDS=ON', '-G', 'Ninja'], cmake_clean_cache=False, cmake_clean_first=False, cmake_force_configure=False, cmake_target=None, cmake_target_skip_unavailable=False, continue_on_error=False, event_handlers=None, executor='parallel', ignore_user_meta=False, install_base='install', log_base=None, log_level=None, main=<bound method BuildVerb.main of <colcon_core.verb.build.BuildVerb object at 0x7f34180510d0>>, merge_install=False, metas=['./colcon.meta'], packages_above=None, packages_above_and_dependencies=None, packages_above_depth=None, packages_end=None, packages_ignore=None, packages_ignore_regex=None, packages_select=None, packages_select_build_failed=False, packages_select_by_dep=None, packages_select_regex=None, packages_select_test_failures=False, packages_skip=None, packages_skip_build_finished=False, packages_skip_by_dep=None, packages_skip_regex=None, packages_skip_test_passed=False, packages_skip_up_to=None, packages_start=None, packages_up_to=None, packages_up_to_regex=None, parallel_workers=24, paths=None, symlink_install=True, test_result_base=None, verb_extension=<colcon_core.verb.build.BuildVerb object at 0x7f34180510d0>, verb_name='build', verb_parser=<colcon_defaults.argument_parser.defaults.DefaultArgumentsDecorator object at 0x7f341768ba90>)
[0.777s] Level 1:colcon.colcon_core.package_discovery:discover_packages(colcon_meta) check parameters
[0.777s] Level 1:colcon.colcon_core.package_discovery:discover_packages(recursive) check parameters
[0.777s] Level 1:colcon.colcon_core.package_discovery:discover_packages(ignore) check parameters
[0.777s] Level 1:colcon.colcon_core.package_discovery:discover_packages(path) check parameters
[0.777s] Level 1:colcon.colcon_core.package_discovery:discover_packages(colcon_meta) discover
[0.777s] Level 1:colcon.colcon_core.package_discovery:discover_packages(recursive) discover
[0.777s] INFO:colcon.colcon_core.package_discovery:Crawling recursively for packages in '/home/ryuzot/ros2_ws'
[0.777s] Level 1:colcon.colcon_core.package_identification:_identify(.) by extensions ['ignore', 'ignore_ament_install']
[0.777s] Level 1:colcon.colcon_core.package_identification:_identify(.) by extension 'ignore'
[0.777s] Level 1:colcon.colcon_core.package_identification:_identify(.) by extension 'ignore_ament_install'
[0.777s] Level 1:colcon.colcon_core.package_identification:_identify(.) by extensions ['colcon_pkg']
[0.777s] Level 1:colcon.colcon_core.package_identification:_identify(.) by extension 'colcon_pkg'
[0.777s] Level 1:colcon.colcon_core.package_identification:_identify(.) by extensions ['colcon_meta']
[0.777s] Level 1:colcon.colcon_core.package_identification:_identify(.) by extension 'colcon_meta'
[0.777s] Level 1:colcon.colcon_core.package_identification:_identify(.) by extensions ['ros']
[0.777s] Level 1:colcon.colcon_core.package_identification:_identify(.) by extension 'ros'
[0.789s] Level 1:colcon.colcon_core.package_identification:_identify(.) by extensions ['cmake', 'python']
[0.789s] Level 1:colcon.colcon_core.package_identification:_identify(.) by extension 'cmake'
[0.789s] Level 1:colcon.colcon_core.package_identification:_identify(.) by extension 'python'
[0.789s] Level 1:colcon.colcon_core.package_identification:_identify(.) by extensions ['python_setup_py']
[0.789s] Level 1:colcon.colcon_core.package_identification:_identify(.) by extension 'python_setup_py'
[0.789s] Level 1:colcon.colcon_core.package_identification:_identify(build) by extensions ['ignore', 'ignore_ament_install']
[0.789s] Level 1:colcon.colcon_core.package_identification:_identify(build) by extension 'ignore'
[0.789s] Level 1:colcon.colcon_core.package_identification:_identify(build) ignored
[0.789s] Level 1:colcon.colcon_core.package_identification:_identify(install) by extensions ['ignore', 'ignore_ament_install']
[0.790s] Level 1:colcon.colcon_core.package_identification:_identify(install) by extension 'ignore'
[0.790s] Level 1:colcon.colcon_core.package_identification:_identify(install) ignored
[0.790s] Level 1:colcon.colcon_core.package_identification:_identify(log) by extensions ['ignore', 'ignore_ament_install']
[0.790s] Level 1:colcon.colcon_core.package_identification:_identify(log) by extension 'ignore'
[0.790s] Level 1:colcon.colcon_core.package_identification:_identify(log) ignored
[0.790s] Level 1:colcon.colcon_core.package_identification:_identify(src) by extensions ['ignore', 'ignore_ament_install']
[0.790s] Level 1:colcon.colcon_core.package_identification:_identify(src) by extension 'ignore'
[0.790s] Level 1:colcon.colcon_core.package_identification:_identify(src) by extension 'ignore_ament_install'
[0.790s] Level 1:colcon.colcon_core.package_identification:_identify(src) by extensions ['colcon_pkg']
[0.790s] Level 1:colcon.colcon_core.package_identification:_identify(src) by extension 'colcon_pkg'
[0.790s] Level 1:colcon.colcon_core.package_identification:_identify(src) by extensions ['colcon_meta']
[0.790s] Level 1:colcon.colcon_core.package_identification:_identify(src) by extension 'colcon_meta'
[0.790s] Level 1:colcon.colcon_core.package_identification:_identify(src) by extensions ['ros']
[0.790s] Level 1:colcon.colcon_core.package_identification:_identify(src) by extension 'ros'
[0.790s] Level 1:colcon.colcon_core.package_identification:_identify(src) by extensions ['cmake', 'python']
[0.790s] Level 1:colcon.colcon_core.package_identification:_identify(src) by extension 'cmake'
[0.790s] Level 1:colcon.colcon_core.package_identification:_identify(src) by extension 'python'
[0.790s] Level 1:colcon.colcon_core.package_identification:_identify(src) by extensions ['python_setup_py']
[0.790s] Level 1:colcon.colcon_core.package_identification:_identify(src) by extension 'python_setup_py'
[0.790s] Level 1:colcon.colcon_core.package_identification:_identify(src/main_executor) by extensions ['ignore', 'ignore_ament_install']
[0.790s] Level 1:colcon.colcon_core.package_identification:_identify(src/main_executor) by extension 'ignore'
[0.791s] Level 1:colcon.colcon_core.package_identification:_identify(src/main_executor) by extension 'ignore_ament_install'
[0.791s] Level 1:colcon.colcon_core.package_identification:_identify(src/main_executor) by extensions ['colcon_pkg']
[0.791s] Level 1:colcon.colcon_core.package_identification:_identify(src/main_executor) by extension 'colcon_pkg'
[0.791s] Level 1:colcon.colcon_core.package_identification:_identify(src/main_executor) by extensions ['colcon_meta']
[0.791s] Level 1:colcon.colcon_core.package_identification:_identify(src/main_executor) by extension 'colcon_meta'
[0.791s] Level 1:colcon.colcon_core.package_identification:_identify(src/main_executor) by extensions ['ros']
[0.791s] Level 1:colcon.colcon_core.package_identification:_identify(src/main_executor) by extension 'ros'
[0.793s] DEBUG:colcon.colcon_core.package_identification:Package 'src/main_executor' with type 'ros.ament_cmake' and name 'main_executor'
[0.793s] Level 1:colcon.colcon_core.package_identification:_identify(src/socketcan_interface) by extensions ['ignore', 'ignore_ament_install']
[0.793s] Level 1:colcon.colcon_core.package_identification:_identify(src/socketcan_interface) by extension 'ignore'
[0.794s] Level 1:colcon.colcon_core.package_identification:_identify(src/socketcan_interface) by extension 'ignore_ament_install'
[0.794s] Level 1:colcon.colcon_core.package_identification:_identify(src/socketcan_interface) by extensions ['colcon_pkg']
[0.794s] Level 1:colcon.colcon_core.package_identification:_identify(src/socketcan_interface) by extension 'colcon_pkg'
[0.794s] Level 1:colcon.colcon_core.package_identification:_identify(src/socketcan_interface) by extensions ['colcon_meta']
[0.794s] Level 1:colcon.colcon_core.package_identification:_identify(src/socketcan_interface) by extension 'colcon_meta'
[0.794s] Level 1:colcon.colcon_core.package_identification:_identify(src/socketcan_interface) by extensions ['ros']
[0.794s] Level 1:colcon.colcon_core.package_identification:_identify(src/socketcan_interface) by extension 'ros'
[0.795s] DEBUG:colcon.colcon_core.package_identification:Package 'src/socketcan_interface' with type 'ros.ament_cmake' and name 'socketcan_interface'
[0.795s] Level 1:colcon.colcon_core.package_identification:_identify(src/socketcan_interface_msg) by extensions ['ignore', 'ignore_ament_install']
[0.795s] Level 1:colcon.colcon_core.package_identification:_identify(src/socketcan_interface_msg) by extension 'ignore'
[0.795s] Level 1:colcon.colcon_core.package_identification:_identify(src/socketcan_interface_msg) by extension 'ignore_ament_install'
[0.795s] Level 1:colcon.colcon_core.package_identification:_identify(src/socketcan_interface_msg) by extensions ['colcon_pkg']
[0.795s] Level 1:colcon.colcon_core.package_identification:_identify(src/socketcan_interface_msg) by extension 'colcon_pkg'
[0.795s] Level 1:colcon.colcon_core.package_identification:_identify(src/socketcan_interface_msg) by extensions ['colcon_meta']
[0.795s] Level 1:colcon.colcon_core.package_identification:_identify(src/socketcan_interface_msg) by extension 'colcon_meta'
[0.795s] Level 1:colcon.colcon_core.package_identification:_identify(src/socketcan_interface_msg) by extensions ['ros']
[0.795s] Level 1:colcon.colcon_core.package_identification:_identify(src/socketcan_interface_msg) by extension 'ros'
[0.796s] DEBUG:colcon.colcon_core.package_identification:Package 'src/socketcan_interface_msg' with type 'ros.ament_cmake' and name 'socketcan_interface_msg'
[0.796s] Level 1:colcon.colcon_core.package_identification:_identify(tools) by extensions ['ignore', 'ignore_ament_install']
[0.796s] Level 1:colcon.colcon_core.package_identification:_identify(tools) by extension 'ignore'
[0.796s] Level 1:colcon.colcon_core.package_identification:_identify(tools) by extension 'ignore_ament_install'
[0.796s] Level 1:colcon.colcon_core.package_identification:_identify(tools) by extensions ['colcon_pkg']
[0.796s] Level 1:colcon.colcon_core.package_identification:_identify(tools) by extension 'colcon_pkg'
[0.796s] Level 1:colcon.colcon_core.package_identification:_identify(tools) by extensions ['colcon_meta']
[0.796s] Level 1:colcon.colcon_core.package_identification:_identify(tools) by extension 'colcon_meta'
[0.796s] Level 1:colcon.colcon_core.package_identification:_identify(tools) by extensions ['ros']
[0.796s] Level 1:colcon.colcon_core.package_identification:_identify(tools) by extension 'ros'
[0.796s] Level 1:colcon.colcon_core.package_identification:_identify(tools) by extensions ['cmake', 'python']
[0.796s] Level 1:colcon.colcon_core.package_identification:_identify(tools) by extension 'cmake'
[0.796s] Level 1:colcon.colcon_core.package_identification:_identify(tools) by extension 'python'
[0.796s] Level 1:colcon.colcon_core.package_identification:_identify(tools) by extensions ['python_setup_py']
[0.796s] Level 1:colcon.colcon_core.package_identification:_identify(tools) by extension 'python_setup_py'
[0.796s] Level 1:colcon.colcon_core.package_discovery:discover_packages(recursive) using defaults
[0.796s] Level 1:colcon.colcon_core.package_discovery:discover_packages(ignore) discover
[0.796s] Level 1:colcon.colcon_core.package_discovery:discover_packages(ignore) using defaults
[0.796s] Level 1:colcon.colcon_core.package_discovery:discover_packages(path) discover
[0.796s] Level 1:colcon.colcon_core.package_discovery:discover_packages(path) using defaults
[0.825s] Level 5:colcon.colcon_core.verb:set package 'socketcan_interface_msg' build argument 'cmake_args' from command line to '['-DCMAKE_EXPORT_COMPILE_COMMANDS=ON', '-G', 'Ninja']'
[0.825s] Level 5:colcon.colcon_core.verb:set package 'socketcan_interface_msg' build argument 'cmake_target' from command line to 'None'
[0.825s] Level 5:colcon.colcon_core.verb:set package 'socketcan_interface_msg' build argument 'cmake_target_skip_unavailable' from command line to 'False'
[0.825s] Level 5:colcon.colcon_core.verb:set package 'socketcan_interface_msg' build argument 'cmake_clean_cache' from command line to 'False'
[0.825s] Level 5:colcon.colcon_core.verb:set package 'socketcan_interface_msg' build argument 'cmake_clean_first' from command line to 'False'
[0.825s] Level 5:colcon.colcon_core.verb:set package 'socketcan_interface_msg' build argument 'cmake_force_configure' from command line to 'False'
[0.826s] Level 5:colcon.colcon_core.verb:set package 'socketcan_interface_msg' build argument 'ament_cmake_args' from command line to 'None'
[0.826s] Level 5:colcon.colcon_core.verb:set package 'socketcan_interface_msg' build argument 'catkin_cmake_args' from command line to 'None'
[0.826s] Level 5:colcon.colcon_core.verb:set package 'socketcan_interface_msg' build argument 'catkin_skip_building_tests' from command line to 'False'
[0.826s] DEBUG:colcon.colcon_core.verb:Building package 'socketcan_interface_msg' with the following arguments: {'ament_cmake_args': None, 'build_base': '/home/ryuzot/ros2_ws/build/socketcan_interface_msg', 'catkin_cmake_args': None, 'catkin_skip_building_tests': False, 'cmake_args': ['-DCMAKE_EXPORT_COMPILE_COMMANDS=ON', '-G', 'Ninja'], 'cmake_clean_cache': False, 'cmake_clean_first': False, 'cmake_force_configure': False, 'cmake_target': None, 'cmake_target_skip_unavailable': False, 'install_base': '/home/ryuzot/ros2_ws/install/socketcan_interface_msg', 'merge_install': False, 'path': '/home/ryuzot/ros2_ws/src/socketcan_interface_msg', 'symlink_install': True, 'test_result_base': None}
[0.830s] Level 5:colcon.colcon_core.verb:set package 'socketcan_interface' build argument 'cmake_args' from command line to '['-DCMAKE_EXPORT_COMPILE_COMMANDS=ON', '-G', 'Ninja']'
[0.830s] Level 5:colcon.colcon_core.verb:set package 'socketcan_interface' build argument 'cmake_target' from command line to 'None'
[0.830s] Level 5:colcon.colcon_core.verb:set package 'socketcan_interface' build argument 'cmake_target_skip_unavailable' from command line to 'False'
[0.830s] Level 5:colcon.colcon_core.verb:set package 'socketcan_interface' build argument 'cmake_clean_cache' from command line to 'False'
[0.830s] Level 5:colcon.colcon_core.verb:set package 'socketcan_interface' build argument 'cmake_clean_first' from command line to 'False'
[0.830s] Level 5:colcon.colcon_core.verb:set package 'socketcan_interface' build argument 'cmake_force_configure' from command line to 'False'
[0.830s] Level 5:colcon.colcon_core.verb:set package 'socketcan_interface' build argument 'ament_cmake_args' from command line to 'None'
[0.830s] Level 5:colcon.colcon_core.verb:set package 'socketcan_interface' build argument 'catkin_cmake_args' from command line to 'None'
[0.830s] Level 5:colcon.colcon_core.verb:set package 'socketcan_interface' build argument 'catkin_skip_building_tests' from command line to 'False'
[0.830s] DEBUG:colcon.colcon_core.verb:Building package 'socketcan_interface' with the following arguments: {'ament_cmake_args': None, 'build_base': '/home/ryuzot/ros2_ws/build/socketcan_interface', 'catkin_cmake_args': None, 'catkin_skip_building_tests': False, 'cmake_args': ['-DCMAKE_EXPORT_COMPILE_COMMANDS=ON', '-G', 'Ninja'], 'cmake_clean_cache': False, 'cmake_clean_first': False, 'cmake_force_configure': False, 'cmake_target': None, 'cmake_target_skip_unavailable': False, 'install_base': '/home/ryuzot/ros2_ws/install/socketcan_interface', 'merge_install': False, 'path': '/home/ryuzot/ros2_ws/src/socketcan_interface', 'symlink_install': True, 'test_result_base': None}
[0.834s] Level 5:colcon.colcon_core.verb:set package 'main_executor' build argument 'cmake_args' from command line to '['-DCMAKE_EXPORT_COMPILE_COMMANDS=ON', '-G', 'Ninja']'
[0.834s] Level 5:colcon.colcon_core.verb:set package 'main_executor' build argument 'cmake_target' from command line to 'None'
[0.834s] Level 5:colcon.colcon_core.verb:set package 'main_executor' build argument 'cmake_target_skip_unavailable' from command line to 'False'
[0.834s] Level 5:colcon.colcon_core.verb:set package 'main_executor' build argument 'cmake_clean_cache' from command line to 'False'
[0.835s] Level 5:colcon.colcon_core.verb:set package 'main_executor' build argument 'cmake_clean_first' from command line to 'False'
[0.835s] Level 5:colcon.colcon_core.verb:set package 'main_executor' build argument 'cmake_force_configure' from command line to 'False'
[0.835s] Level 5:colcon.colcon_core.verb:set package 'main_executor' build argument 'ament_cmake_args' from command line to 'None'
[0.835s] Level 5:colcon.colcon_core.verb:set package 'main_executor' build argument 'catkin_cmake_args' from command line to 'None'
[0.835s] Level 5:colcon.colcon_core.verb:set package 'main_executor' build argument 'catkin_skip_building_tests' from command line to 'False'
[0.835s] DEBUG:colcon.colcon_core.verb:Building package 'main_executor' with the following arguments: {'ament_cmake_args': None, 'build_base': '/home/ryuzot/ros2_ws/build/main_executor', 'catkin_cmake_args': None, 'catkin_skip_building_tests': False, 'cmake_args': ['-DCMAKE_EXPORT_COMPILE_COMMANDS=ON', '-G', 'Ninja'], 'cmake_clean_cache': False, 'cmake_clean_first': False, 'cmake_force_configure': False, 'cmake_target': None, 'cmake_target_skip_unavailable': False, 'install_base': '/home/ryuzot/ros2_ws/install/main_executor', 'merge_install': False, 'path': '/home/ryuzot/ros2_ws/src/main_executor', 'symlink_install': True, 'test_result_base': None}
[0.843s] INFO:colcon.colcon_core.executor:Executing jobs using 'parallel' executor
[0.851s] DEBUG:colcon.colcon_parallel_executor.executor.parallel:run_until_complete
[0.851s] INFO:colcon.colcon_ros.task.ament_cmake.build:Building ROS package in '/home/ryuzot/ros2_ws/src/socketcan_interface_msg' with build type 'ament_cmake'
[0.851s] INFO:colcon.colcon_cmake.task.cmake.build:Building CMake package in '/home/ryuzot/ros2_ws/src/socketcan_interface_msg'
[0.859s] INFO:colcon.colcon_core.plugin_system:Skipping extension 'colcon_core.shell.bat': Not used on non-Windows systems
[0.859s] INFO:colcon.colcon_core.shell:Skip shell extension 'powershell' for command environment: Not usable outside of PowerShell
[0.859s] DEBUG:colcon.colcon_core.shell:Skip shell extension 'dsv' for command environment
[0.872s] DEBUG:colcon.colcon_core.event_handler.log_command:Invoking command in '/home/ryuzot/ros2_ws/build/socketcan_interface_msg': CMAKE_PREFIX_PATH=/opt/ros/galactic /usr/bin/cmake --build /home/ryuzot/ros2_ws/build/socketcan_interface_msg -- -j24 -l24
[0.909s] DEBUG:colcon.colcon_core.event_handler.log_command:Invoked command in '/home/ryuzot/ros2_ws/build/socketcan_interface_msg' returned '0': CMAKE_PREFIX_PATH=/opt/ros/galactic /usr/bin/cmake --build /home/ryuzot/ros2_ws/build/socketcan_interface_msg -- -j24 -l24
[0.928s] DEBUG:colcon.colcon_core.event_handler.log_command:Invoking command in '/home/ryuzot/ros2_ws/build/socketcan_interface_msg': CMAKE_PREFIX_PATH=/opt/ros/galactic /usr/bin/cmake --install /home/ryuzot/ros2_ws/build/socketcan_interface_msg
[0.987s] Level 1:colcon.colcon_core.environment:create_environment_scripts_only(socketcan_interface_msg)
[0.988s] DEBUG:colcon.colcon_core.event_handler.log_command:Invoked command in '/home/ryuzot/ros2_ws/build/socketcan_interface_msg' returned '0': CMAKE_PREFIX_PATH=/opt/ros/galactic /usr/bin/cmake --install /home/ryuzot/ros2_ws/build/socketcan_interface_msg
[0.997s] Level 1:colcon.colcon_core.environment:checking '/home/ryuzot/ros2_ws/install/socketcan_interface_msg' for CMake module files
[0.997s] Level 1:colcon.colcon_core.environment:checking '/home/ryuzot/ros2_ws/install/socketcan_interface_msg' for CMake config files
[0.997s] Level 1:colcon.colcon_core.shell:create_environment_hook('socketcan_interface_msg', 'cmake_prefix_path')
[1.000s] INFO:colcon.colcon_core.shell:Creating environment hook '/home/ryuzot/ros2_ws/install/socketcan_interface_msg/share/socketcan_interface_msg/hook/cmake_prefix_path.ps1'
[1.001s] INFO:colcon.colcon_core.shell:Creating environment descriptor '/home/ryuzot/ros2_ws/install/socketcan_interface_msg/share/socketcan_interface_msg/hook/cmake_prefix_path.dsv'
[1.001s] INFO:colcon.colcon_core.shell:Creating environment hook '/home/ryuzot/ros2_ws/install/socketcan_interface_msg/share/socketcan_interface_msg/hook/cmake_prefix_path.sh'
[1.002s] Level 1:colcon.colcon_core.environment:checking '/home/ryuzot/ros2_ws/install/socketcan_interface_msg/lib'
[1.002s] Level 1:colcon.colcon_core.shell:create_environment_hook('socketcan_interface_msg', 'ld_library_path_lib')
[1.004s] INFO:colcon.colcon_core.shell:Creating environment hook '/home/ryuzot/ros2_ws/install/socketcan_interface_msg/share/socketcan_interface_msg/hook/ld_library_path_lib.ps1'
[1.005s] INFO:colcon.colcon_core.shell:Creating environment descriptor '/home/ryuzot/ros2_ws/install/socketcan_interface_msg/share/socketcan_interface_msg/hook/ld_library_path_lib.dsv'
[1.005s] INFO:colcon.colcon_core.shell:Creating environment hook '/home/ryuzot/ros2_ws/install/socketcan_interface_msg/share/socketcan_interface_msg/hook/ld_library_path_lib.sh'
[1.005s] Level 1:colcon.colcon_core.environment:checking '/home/ryuzot/ros2_ws/install/socketcan_interface_msg/bin'
[1.005s] Level 1:colcon.colcon_core.environment:checking '/home/ryuzot/ros2_ws/install/socketcan_interface_msg/lib/pkgconfig/socketcan_interface_msg.pc'
[1.005s] Level 1:colcon.colcon_core.environment:checking '/home/ryuzot/ros2_ws/install/socketcan_interface_msg/lib/python3.8/site-packages'
[1.005s] Level 1:colcon.colcon_core.shell:create_environment_hook('socketcan_interface_msg', 'pythonpath')
[1.008s] INFO:colcon.colcon_core.shell:Creating environment hook '/home/ryuzot/ros2_ws/install/socketcan_interface_msg/share/socketcan_interface_msg/hook/pythonpath.ps1'
[1.008s] INFO:colcon.colcon_core.shell:Creating environment descriptor '/home/ryuzot/ros2_ws/install/socketcan_interface_msg/share/socketcan_interface_msg/hook/pythonpath.dsv'
[1.008s] INFO:colcon.colcon_core.shell:Creating environment hook '/home/ryuzot/ros2_ws/install/socketcan_interface_msg/share/socketcan_interface_msg/hook/pythonpath.sh'
[1.012s] INFO:colcon.colcon_core.shell:Creating package script '/home/ryuzot/ros2_ws/install/socketcan_interface_msg/share/socketcan_interface_msg/package.ps1'
[1.013s] INFO:colcon.colcon_core.shell:Creating package descriptor '/home/ryuzot/ros2_ws/install/socketcan_interface_msg/share/socketcan_interface_msg/package.dsv'
[1.013s] INFO:colcon.colcon_core.shell:Creating package script '/home/ryuzot/ros2_ws/install/socketcan_interface_msg/share/socketcan_interface_msg/package.sh'
[1.014s] INFO:colcon.colcon_core.shell:Creating package script '/home/ryuzot/ros2_ws/install/socketcan_interface_msg/share/socketcan_interface_msg/package.bash'
[1.015s] INFO:colcon.colcon_core.shell:Creating package script '/home/ryuzot/ros2_ws/install/socketcan_interface_msg/share/socketcan_interface_msg/package.zsh'
[1.016s] Level 1:colcon.colcon_core.environment:create_file_with_runtime_dependencies(/home/ryuzot/ros2_ws/install/socketcan_interface_msg/share/colcon-core/packages/socketcan_interface_msg)
[1.030s] Level 1:colcon.colcon_core.environment:create_environment_scripts_only(socketcan_interface_msg)
[1.034s] Level 1:colcon.colcon_core.environment:checking '/home/ryuzot/ros2_ws/install/socketcan_interface_msg' for CMake module files
[1.034s] Level 1:colcon.colcon_core.environment:checking '/home/ryuzot/ros2_ws/install/socketcan_interface_msg' for CMake config files
[1.035s] Level 1:colcon.colcon_core.shell:create_environment_hook('socketcan_interface_msg', 'cmake_prefix_path')
[1.037s] INFO:colcon.colcon_core.shell:Creating environment hook '/home/ryuzot/ros2_ws/install/socketcan_interface_msg/share/socketcan_interface_msg/hook/cmake_prefix_path.ps1'
[1.037s] INFO:colcon.colcon_core.shell:Creating environment descriptor '/home/ryuzot/ros2_ws/install/socketcan_interface_msg/share/socketcan_interface_msg/hook/cmake_prefix_path.dsv'
[1.038s] INFO:colcon.colcon_core.shell:Creating environment hook '/home/ryuzot/ros2_ws/install/socketcan_interface_msg/share/socketcan_interface_msg/hook/cmake_prefix_path.sh'
[1.038s] Level 1:colcon.colcon_core.environment:checking '/home/ryuzot/ros2_ws/install/socketcan_interface_msg/lib'
[1.038s] Level 1:colcon.colcon_core.shell:create_environment_hook('socketcan_interface_msg', 'ld_library_path_lib')
[1.040s] INFO:colcon.colcon_core.shell:Creating environment hook '/home/ryuzot/ros2_ws/install/socketcan_interface_msg/share/socketcan_interface_msg/hook/ld_library_path_lib.ps1'
[1.041s] INFO:colcon.colcon_core.shell:Creating environment descriptor '/home/ryuzot/ros2_ws/install/socketcan_interface_msg/share/socketcan_interface_msg/hook/ld_library_path_lib.dsv'
[1.041s] INFO:colcon.colcon_core.shell:Creating environment hook '/home/ryuzot/ros2_ws/install/socketcan_interface_msg/share/socketcan_interface_msg/hook/ld_library_path_lib.sh'
[1.041s] Level 1:colcon.colcon_core.environment:checking '/home/ryuzot/ros2_ws/install/socketcan_interface_msg/bin'
[1.041s] Level 1:colcon.colcon_core.environment:checking '/home/ryuzot/ros2_ws/install/socketcan_interface_msg/lib/pkgconfig/socketcan_interface_msg.pc'
[1.041s] Level 1:colcon.colcon_core.environment:checking '/home/ryuzot/ros2_ws/install/socketcan_interface_msg/lib/python3.8/site-packages'
[1.041s] Level 1:colcon.colcon_core.shell:create_environment_hook('socketcan_interface_msg', 'pythonpath')
[1.044s] INFO:colcon.colcon_core.shell:Creating environment hook '/home/ryuzot/ros2_ws/install/socketcan_interface_msg/share/socketcan_interface_msg/hook/pythonpath.ps1'
[1.044s] INFO:colcon.colcon_core.shell:Creating environment descriptor '/home/ryuzot/ros2_ws/install/socketcan_interface_msg/share/socketcan_interface_msg/hook/pythonpath.dsv'
[1.044s] INFO:colcon.colcon_core.shell:Creating environment hook '/home/ryuzot/ros2_ws/install/socketcan_interface_msg/share/socketcan_interface_msg/hook/pythonpath.sh'
[1.047s] INFO:colcon.colcon_core.shell:Creating package script '/home/ryuzot/ros2_ws/install/socketcan_interface_msg/share/socketcan_interface_msg/package.ps1'
[1.047s] INFO:colcon.colcon_core.shell:Creating package descriptor '/home/ryuzot/ros2_ws/install/socketcan_interface_msg/share/socketcan_interface_msg/package.dsv'
[1.048s] INFO:colcon.colcon_core.shell:Creating package script '/home/ryuzot/ros2_ws/install/socketcan_interface_msg/share/socketcan_interface_msg/package.sh'
[1.048s] INFO:colcon.colcon_core.shell:Creating package script '/home/ryuzot/ros2_ws/install/socketcan_interface_msg/share/socketcan_interface_msg/package.bash'
[1.048s] INFO:colcon.colcon_core.shell:Creating package script '/home/ryuzot/ros2_ws/install/socketcan_interface_msg/share/socketcan_interface_msg/package.zsh'
[1.048s] Level 1:colcon.colcon_core.environment:create_file_with_runtime_dependencies(/home/ryuzot/ros2_ws/install/socketcan_interface_msg/share/colcon-core/packages/socketcan_interface_msg)
[1.049s] INFO:colcon.colcon_ros.task.ament_cmake.build:Building ROS package in '/home/ryuzot/ros2_ws/src/socketcan_interface' with build type 'ament_cmake'
[1.049s] INFO:colcon.colcon_cmake.task.cmake.build:Building CMake package in '/home/ryuzot/ros2_ws/src/socketcan_interface'
[1.051s] INFO:colcon.colcon_core.shell:Skip shell extension 'powershell' for command environment: Not usable outside of PowerShell
[1.051s] DEBUG:colcon.colcon_core.shell:Skip shell extension 'dsv' for command environment
[1.285s] DEBUG:colcon.colcon_core.event_handler.log_command:Invoking command in '/home/ryuzot/ros2_ws/build/socketcan_interface': AMENT_PREFIX_PATH=/home/ryuzot/ros2_ws/install/socketcan_interface_msg:${AMENT_PREFIX_PATH} CMAKE_PREFIX_PATH=/home/ryuzot/ros2_ws/install/socketcan_interface_msg:/opt/ros/galactic LD_LIBRARY_PATH=/home/ryuzot/ros2_ws/install/socketcan_interface_msg/lib:${LD_LIBRARY_PATH} PYTHONPATH=/home/ryuzot/ros2_ws/install/socketcan_interface_msg/lib/python3.8/site-packages:${PYTHONPATH} /usr/bin/cmake --build /home/ryuzot/ros2_ws/build/socketcan_interface -- -j24 -l24
[6.778s] DEBUG:colcon.colcon_core.event_handler.log_command:Invoked command in '/home/ryuzot/ros2_ws/build/socketcan_interface' returned '0': AMENT_PREFIX_PATH=/home/ryuzot/ros2_ws/install/socketcan_interface_msg:${AMENT_PREFIX_PATH} CMAKE_PREFIX_PATH=/home/ryuzot/ros2_ws/install/socketcan_interface_msg:/opt/ros/galactic LD_LIBRARY_PATH=/home/ryuzot/ros2_ws/install/socketcan_interface_msg/lib:${LD_LIBRARY_PATH} PYTHONPATH=/home/ryuzot/ros2_ws/install/socketcan_interface_msg/lib/python3.8/site-packages:${PYTHONPATH} /usr/bin/cmake --build /home/ryuzot/ros2_ws/build/socketcan_interface -- -j24 -l24
[6.792s] DEBUG:colcon.colcon_core.event_handler.log_command:Invoking command in '/home/ryuzot/ros2_ws/build/socketcan_interface': AMENT_PREFIX_PATH=/home/ryuzot/ros2_ws/install/socketcan_interface_msg:${AMENT_PREFIX_PATH} CMAKE_PREFIX_PATH=/home/ryuzot/ros2_ws/install/socketcan_interface_msg:/opt/ros/galactic LD_LIBRARY_PATH=/home/ryuzot/ros2_ws/install/socketcan_interface_msg/lib:${LD_LIBRARY_PATH} PYTHONPATH=/home/ryuzot/ros2_ws/install/socketcan_interface_msg/lib/python3.8/site-packages:${PYTHONPATH} /usr/bin/cmake --install /home/ryuzot/ros2_ws/build/socketcan_interface
[6.817s] Level 1:colcon.colcon_core.environment:create_environment_scripts_only(socketcan_interface)
[6.818s] DEBUG:colcon.colcon_core.event_handler.log_command:Invoked command in '/home/ryuzot/ros2_ws/build/socketcan_interface' returned '0': AMENT_PREFIX_PATH=/home/ryuzot/ros2_ws/install/socketcan_interface_msg:${AMENT_PREFIX_PATH} CMAKE_PREFIX_PATH=/home/ryuzot/ros2_ws/install/socketcan_interface_msg:/opt/ros/galactic LD_LIBRARY_PATH=/home/ryuzot/ros2_ws/install/socketcan_interface_msg/lib:${LD_LIBRARY_PATH} PYTHONPATH=/home/ryuzot/ros2_ws/install/socketcan_interface_msg/lib/python3.8/site-packages:${PYTHONPATH} /usr/bin/cmake --install /home/ryuzot/ros2_ws/build/socketcan_interface
[6.821s] Level 1:colcon.colcon_core.environment:checking '/home/ryuzot/ros2_ws/install/socketcan_interface' for CMake module files
[6.822s] Level 1:colcon.colcon_core.environment:checking '/home/ryuzot/ros2_ws/install/socketcan_interface' for CMake config files
[6.822s] Level 1:colcon.colcon_core.shell:create_environment_hook('socketcan_interface', 'cmake_prefix_path')
[6.825s] INFO:colcon.colcon_core.shell:Creating environment hook '/home/ryuzot/ros2_ws/install/socketcan_interface/share/socketcan_interface/hook/cmake_prefix_path.ps1'
[6.825s] INFO:colcon.colcon_core.shell:Creating environment descriptor '/home/ryuzot/ros2_ws/install/socketcan_interface/share/socketcan_interface/hook/cmake_prefix_path.dsv'
[6.825s] INFO:colcon.colcon_core.shell:Creating environment hook '/home/ryuzot/ros2_ws/install/socketcan_interface/share/socketcan_interface/hook/cmake_prefix_path.sh'
[6.826s] Level 1:colcon.colcon_core.environment:checking '/home/ryuzot/ros2_ws/install/socketcan_interface/lib'
[6.826s] Level 1:colcon.colcon_core.environment:checking '/home/ryuzot/ros2_ws/install/socketcan_interface/bin'
[6.826s] Level 1:colcon.colcon_core.environment:checking '/home/ryuzot/ros2_ws/install/socketcan_interface/lib/pkgconfig/socketcan_interface.pc'
[6.826s] Level 1:colcon.colcon_core.environment:checking '/home/ryuzot/ros2_ws/install/socketcan_interface/lib/python3.8/site-packages'
[6.829s] INFO:colcon.colcon_core.shell:Creating package script '/home/ryuzot/ros2_ws/install/socketcan_interface/share/socketcan_interface/package.ps1'
[6.830s] INFO:colcon.colcon_core.shell:Creating package descriptor '/home/ryuzot/ros2_ws/install/socketcan_interface/share/socketcan_interface/package.dsv'
[6.830s] INFO:colcon.colcon_core.shell:Creating package script '/home/ryuzot/ros2_ws/install/socketcan_interface/share/socketcan_interface/package.sh'
[6.830s] INFO:colcon.colcon_core.shell:Creating package script '/home/ryuzot/ros2_ws/install/socketcan_interface/share/socketcan_interface/package.bash'
[6.830s] INFO:colcon.colcon_core.shell:Creating package script '/home/ryuzot/ros2_ws/install/socketcan_interface/share/socketcan_interface/package.zsh'
[6.831s] Level 1:colcon.colcon_core.environment:create_file_with_runtime_dependencies(/home/ryuzot/ros2_ws/install/socketcan_interface/share/colcon-core/packages/socketcan_interface)
[6.847s] Level 1:colcon.colcon_core.environment:create_environment_scripts_only(socketcan_interface)
[6.850s] Level 1:colcon.colcon_core.environment:checking '/home/ryuzot/ros2_ws/install/socketcan_interface' for CMake module files
[6.850s] Level 1:colcon.colcon_core.environment:checking '/home/ryuzot/ros2_ws/install/socketcan_interface' for CMake config files
[6.851s] Level 1:colcon.colcon_core.shell:create_environment_hook('socketcan_interface', 'cmake_prefix_path')
[6.853s] INFO:colcon.colcon_core.shell:Creating environment hook '/home/ryuzot/ros2_ws/install/socketcan_interface/share/socketcan_interface/hook/cmake_prefix_path.ps1'
[6.854s] INFO:colcon.colcon_core.shell:Creating environment descriptor '/home/ryuzot/ros2_ws/install/socketcan_interface/share/socketcan_interface/hook/cmake_prefix_path.dsv'
[6.854s] INFO:colcon.colcon_core.shell:Creating environment hook '/home/ryuzot/ros2_ws/install/socketcan_interface/share/socketcan_interface/hook/cmake_prefix_path.sh'
[6.855s] Level 1:colcon.colcon_core.environment:checking '/home/ryuzot/ros2_ws/install/socketcan_interface/lib'
[6.855s] Level 1:colcon.colcon_core.environment:checking '/home/ryuzot/ros2_ws/install/socketcan_interface/bin'
[6.855s] Level 1:colcon.colcon_core.environment:checking '/home/ryuzot/ros2_ws/install/socketcan_interface/lib/pkgconfig/socketcan_interface.pc'
[6.855s] Level 1:colcon.colcon_core.environment:checking '/home/ryuzot/ros2_ws/install/socketcan_interface/lib/python3.8/site-packages'
[6.857s] INFO:colcon.colcon_core.shell:Creating package script '/home/ryuzot/ros2_ws/install/socketcan_interface/share/socketcan_interface/package.ps1'
[6.858s] INFO:colcon.colcon_core.shell:Creating package descriptor '/home/ryuzot/ros2_ws/install/socketcan_interface/share/socketcan_interface/package.dsv'
[6.858s] INFO:colcon.colcon_core.shell:Creating package script '/home/ryuzot/ros2_ws/install/socketcan_interface/share/socketcan_interface/package.sh'
[6.858s] INFO:colcon.colcon_core.shell:Creating package script '/home/ryuzot/ros2_ws/install/socketcan_interface/share/socketcan_interface/package.bash'
[6.859s] INFO:colcon.colcon_core.shell:Creating package script '/home/ryuzot/ros2_ws/install/socketcan_interface/share/socketcan_interface/package.zsh'
[6.859s] Level 1:colcon.colcon_core.environment:create_file_with_runtime_dependencies(/home/ryuzot/ros2_ws/install/socketcan_interface/share/colcon-core/packages/socketcan_interface)
[6.859s] INFO:colcon.colcon_ros.task.ament_cmake.build:Building ROS package in '/home/ryuzot/ros2_ws/src/main_executor' with build type 'ament_cmake'
[6.859s] INFO:colcon.colcon_cmake.task.cmake.build:Building CMake package in '/home/ryuzot/ros2_ws/src/main_executor'
[6.862s] INFO:colcon.colcon_core.shell:Skip shell extension 'powershell' for command environment: Not usable outside of PowerShell
[6.862s] DEBUG:colcon.colcon_core.shell:Skip shell extension 'dsv' for command environment
[7.207s] DEBUG:colcon.colcon_core.event_handler.log_command:Invoking command in '/home/ryuzot/ros2_ws/build/main_executor': AMENT_PREFIX_PATH=/home/ryuzot/ros2_ws/install/socketcan_interface:/home/ryuzot/ros2_ws/install/socketcan_interface_msg:${AMENT_PREFIX_PATH} CMAKE_PREFIX_PATH=/home/ryuzot/ros2_ws/install/socketcan_interface:/home/ryuzot/ros2_ws/install/socketcan_interface_msg:/opt/ros/galactic LD_LIBRARY_PATH=/home/ryuzot/ros2_ws/install/socketcan_interface/lib:/home/ryuzot/ros2_ws/install/socketcan_interface_msg/lib:${LD_LIBRARY_PATH} PYTHONPATH=/home/ryuzot/ros2_ws/install/socketcan_interface_msg/lib/python3.8/site-packages:${PYTHONPATH} /usr/bin/cmake --build /home/ryuzot/ros2_ws/build/main_executor -- -j24 -l24
[9.701s] DEBUG:colcon.colcon_core.event_handler.log_command:Invoked command in '/home/ryuzot/ros2_ws/build/main_executor' returned '0': AMENT_PREFIX_PATH=/home/ryuzot/ros2_ws/install/socketcan_interface:/home/ryuzot/ros2_ws/install/socketcan_interface_msg:${AMENT_PREFIX_PATH} CMAKE_PREFIX_PATH=/home/ryuzot/ros2_ws/install/socketcan_interface:/home/ryuzot/ros2_ws/install/socketcan_interface_msg:/opt/ros/galactic LD_LIBRARY_PATH=/home/ryuzot/ros2_ws/install/socketcan_interface/lib:/home/ryuzot/ros2_ws/install/socketcan_interface_msg/lib:${LD_LIBRARY_PATH} PYTHONPATH=/home/ryuzot/ros2_ws/install/socketcan_interface_msg/lib/python3.8/site-packages:${PYTHONPATH} /usr/bin/cmake --build /home/ryuzot/ros2_ws/build/main_executor -- -j24 -l24
[9.713s] DEBUG:colcon.colcon_core.event_handler.log_command:Invoking command in '/home/ryuzot/ros2_ws/build/main_executor': AMENT_PREFIX_PATH=/home/ryuzot/ros2_ws/install/socketcan_interface:/home/ryuzot/ros2_ws/install/socketcan_interface_msg:${AMENT_PREFIX_PATH} CMAKE_PREFIX_PATH=/home/ryuzot/ros2_ws/install/socketcan_interface:/home/ryuzot/ros2_ws/install/socketcan_interface_msg:/opt/ros/galactic LD_LIBRARY_PATH=/home/ryuzot/ros2_ws/install/socketcan_interface/lib:/home/ryuzot/ros2_ws/install/socketcan_interface_msg/lib:${LD_LIBRARY_PATH} PYTHONPATH=/home/ryuzot/ros2_ws/install/socketcan_interface_msg/lib/python3.8/site-packages:${PYTHONPATH} /usr/bin/cmake --install /home/ryuzot/ros2_ws/build/main_executor
[9.730s] Level 1:colcon.colcon_core.environment:create_environment_scripts_only(main_executor)
[9.733s] Level 1:colcon.colcon_core.environment:checking '/home/ryuzot/ros2_ws/install/main_executor' for CMake module files
[9.734s] DEBUG:colcon.colcon_core.event_handler.log_command:Invoked command in '/home/ryuzot/ros2_ws/build/main_executor' returned '0': AMENT_PREFIX_PATH=/home/ryuzot/ros2_ws/install/socketcan_interface:/home/ryuzot/ros2_ws/install/socketcan_interface_msg:${AMENT_PREFIX_PATH} CMAKE_PREFIX_PATH=/home/ryuzot/ros2_ws/install/socketcan_interface:/home/ryuzot/ros2_ws/install/socketcan_interface_msg:/opt/ros/galactic LD_LIBRARY_PATH=/home/ryuzot/ros2_ws/install/socketcan_interface/lib:/home/ryuzot/ros2_ws/install/socketcan_interface_msg/lib:${LD_LIBRARY_PATH} PYTHONPATH=/home/ryuzot/ros2_ws/install/socketcan_interface_msg/lib/python3.8/site-packages:${PYTHONPATH} /usr/bin/cmake --install /home/ryuzot/ros2_ws/build/main_executor
[9.735s] Level 1:colcon.colcon_core.environment:checking '/home/ryuzot/ros2_ws/install/main_executor' for CMake config files
[9.735s] Level 1:colcon.colcon_core.shell:create_environment_hook('main_executor', 'cmake_prefix_path')
[9.738s] INFO:colcon.colcon_core.shell:Creating environment hook '/home/ryuzot/ros2_ws/install/main_executor/share/main_executor/hook/cmake_prefix_path.ps1'
[9.738s] INFO:colcon.colcon_core.shell:Creating environment descriptor '/home/ryuzot/ros2_ws/install/main_executor/share/main_executor/hook/cmake_prefix_path.dsv'
[9.738s] INFO:colcon.colcon_core.shell:Creating environment hook '/home/ryuzot/ros2_ws/install/main_executor/share/main_executor/hook/cmake_prefix_path.sh'
[9.739s] Level 1:colcon.colcon_core.environment:checking '/home/ryuzot/ros2_ws/install/main_executor/lib'
[9.739s] Level 1:colcon.colcon_core.environment:checking '/home/ryuzot/ros2_ws/install/main_executor/bin'
[9.739s] Level 1:colcon.colcon_core.environment:checking '/home/ryuzot/ros2_ws/install/main_executor/lib/pkgconfig/main_executor.pc'
[9.739s] Level 1:colcon.colcon_core.environment:checking '/home/ryuzot/ros2_ws/install/main_executor/lib/python3.8/site-packages'
[9.742s] INFO:colcon.colcon_core.shell:Creating package script '/home/ryuzot/ros2_ws/install/main_executor/share/main_executor/package.ps1'
[9.742s] INFO:colcon.colcon_core.shell:Creating package descriptor '/home/ryuzot/ros2_ws/install/main_executor/share/main_executor/package.dsv'
[9.742s] INFO:colcon.colcon_core.shell:Creating package script '/home/ryuzot/ros2_ws/install/main_executor/share/main_executor/package.sh'
[9.743s] INFO:colcon.colcon_core.shell:Creating package script '/home/ryuzot/ros2_ws/install/main_executor/share/main_executor/package.bash'
[9.743s] INFO:colcon.colcon_core.shell:Creating package script '/home/ryuzot/ros2_ws/install/main_executor/share/main_executor/package.zsh'
[9.743s] Level 1:colcon.colcon_core.environment:create_file_with_runtime_dependencies(/home/ryuzot/ros2_ws/install/main_executor/share/colcon-core/packages/main_executor)
[9.758s] Level 1:colcon.colcon_core.environment:create_environment_scripts_only(main_executor)
[9.761s] Level 1:colcon.colcon_core.environment:checking '/home/ryuzot/ros2_ws/install/main_executor' for CMake module files
[9.762s] Level 1:colcon.colcon_core.environment:checking '/home/ryuzot/ros2_ws/install/main_executor' for CMake config files
[9.762s] Level 1:colcon.colcon_core.shell:create_environment_hook('main_executor', 'cmake_prefix_path')
[9.765s] INFO:colcon.colcon_core.shell:Creating environment hook '/home/ryuzot/ros2_ws/install/main_executor/share/main_executor/hook/cmake_prefix_path.ps1'
[9.765s] INFO:colcon.colcon_core.shell:Creating environment descriptor '/home/ryuzot/ros2_ws/install/main_executor/share/main_executor/hook/cmake_prefix_path.dsv'
[9.765s] INFO:colcon.colcon_core.shell:Creating environment hook '/home/ryuzot/ros2_ws/install/main_executor/share/main_executor/hook/cmake_prefix_path.sh'
[9.766s] Level 1:colcon.colcon_core.environment:checking '/home/ryuzot/ros2_ws/install/main_executor/lib'
[9.766s] Level 1:colcon.colcon_core.environment:checking '/home/ryuzot/ros2_ws/install/main_executor/bin'
[9.766s] Level 1:colcon.colcon_core.environment:checking '/home/ryuzot/ros2_ws/install/main_executor/lib/pkgconfig/main_executor.pc'
[9.766s] Level 1:colcon.colcon_core.environment:checking '/home/ryuzot/ros2_ws/install/main_executor/lib/python3.8/site-packages'
[9.769s] INFO:colcon.colcon_core.shell:Creating package script '/home/ryuzot/ros2_ws/install/main_executor/share/main_executor/package.ps1'
[9.769s] INFO:colcon.colcon_core.shell:Creating package descriptor '/home/ryuzot/ros2_ws/install/main_executor/share/main_executor/package.dsv'
[9.770s] INFO:colcon.colcon_core.shell:Creating package script '/home/ryuzot/ros2_ws/install/main_executor/share/main_executor/package.sh'
[9.770s] INFO:colcon.colcon_core.shell:Creating package script '/home/ryuzot/ros2_ws/install/main_executor/share/main_executor/package.bash'
[9.770s] INFO:colcon.colcon_core.shell:Creating package script '/home/ryuzot/ros2_ws/install/main_executor/share/main_executor/package.zsh'
[9.770s] Level 1:colcon.colcon_core.environment:create_file_with_runtime_dependencies(/home/ryuzot/ros2_ws/install/main_executor/share/colcon-core/packages/main_executor)
[9.771s] DEBUG:colcon.colcon_parallel_executor.executor.parallel:closing loop
[9.771s] DEBUG:colcon.colcon_parallel_executor.executor.parallel:loop closed
[9.771s] DEBUG:colcon.colcon_parallel_executor.executor.parallel:run_until_complete finished with '0'
[9.771s] DEBUG:colcon.colcon_core.event_reactor:joining thread
[9.853s] INFO:colcon.colcon_core.plugin_system:Skipping extension 'colcon_notification.desktop_notification.notify_send': Could not find 'notify-send'
[9.853s] INFO:colcon.colcon_core.plugin_system:Skipping extension 'colcon_notification.desktop_notification.terminal_notifier': Not used on non-Darwin systems
[9.853s] INFO:colcon.colcon_core.plugin_system:Skipping extension 'colcon_notification.desktop_notification.win32': Not used on non-Windows systems
[9.853s] INFO:colcon.colcon_notification.desktop_notification:Sending desktop notification using 'notify2'
[11.695s] DEBUG:colcon.colcon_notification.desktop_notification.notify2:Failed to initialize notify2: org.freedesktop.DBus.Error.ServiceUnknown: The name org.freedesktop.Notifications was not provided by any .service files
[11.695s] DEBUG:colcon.colcon_core.event_reactor:joined thread
[11.698s] INFO:colcon.colcon_core.shell:Creating prefix script '/home/ryuzot/ros2_ws/install/local_setup.ps1'
[11.699s] INFO:colcon.colcon_core.shell:Creating prefix util module '/home/ryuzot/ros2_ws/install/_local_setup_util_ps1.py'
[11.700s] INFO:colcon.colcon_core.shell:Creating prefix chain script '/home/ryuzot/ros2_ws/install/setup.ps1'
[11.703s] INFO:colcon.colcon_core.shell:Creating prefix script '/home/ryuzot/ros2_ws/install/local_setup.sh'
[11.703s] INFO:colcon.colcon_core.shell:Creating prefix util module '/home/ryuzot/ros2_ws/install/_local_setup_util_sh.py'
[11.704s] INFO:colcon.colcon_core.shell:Creating prefix chain script '/home/ryuzot/ros2_ws/install/setup.sh'
[11.707s] INFO:colcon.colcon_core.shell:Creating prefix script '/home/ryuzot/ros2_ws/install/local_setup.bash'
[11.707s] INFO:colcon.colcon_core.shell:Creating prefix chain script '/home/ryuzot/ros2_ws/install/setup.bash'
[11.710s] INFO:colcon.colcon_core.shell:Creating prefix script '/home/ryuzot/ros2_ws/install/local_setup.zsh'
[11.710s] INFO:colcon.colcon_core.shell:Creating prefix chain script '/home/ryuzot/ros2_ws/install/setup.zsh'
