[0.375s] Invoking command in '/home/ryuzot/ros2_ws/build/main_executor': CMAKE_PREFIX_PATH=/home/ryuzot/ros2_ws/install/socketcan_interface:/home/ryuzot/ros2_ws/install/socketcan_interface_msg:/home/ryuzot/ros2_ws/install/main_executor:/opt/ros/galactic LD_LIBRARY_PATH=/home/ryuzot/ros2_ws/install/socketcan_interface_msg/lib:/home/ryuzot/ros2_ws/install/socketcan_interface/lib:/opt/ros/galactic/opt/yaml_cpp_vendor/lib:/opt/ros/galactic/opt/rviz_ogre_vendor/lib:/opt/ros/galactic/lib/x86_64-linux-gnu:/opt/ros/galactic/lib /usr/bin/cmake --build /home/ryuzot/ros2_ws/build/main_executor -- -j24 -l24
[0.384s] 
[2.850s] [0/2] Building CXX object CMakeFiles/main_exec.dir/src/main.cpp.o[K
[2.850s] [1/2] Building CXX object CMakeFiles/main_exec.dir/src/main.cpp.o[K
[3.254s] [1/2] Linking CXX executable main_exec[K
[3.254s] [2/2] Linking CXX executable main_exec[K
[3.256s] Invoked command in '/home/ryuzot/ros2_ws/build/main_executor' returned '0': CMAKE_PREFIX_PATH=/home/ryuzot/ros2_ws/install/socketcan_interface:/home/ryuzot/ros2_ws/install/socketcan_interface_msg:/home/ryuzot/ros2_ws/install/main_executor:/opt/ros/galactic LD_LIBRARY_PATH=/home/ryuzot/ros2_ws/install/socketcan_interface_msg/lib:/home/ryuzot/ros2_ws/install/socketcan_interface/lib:/opt/ros/galactic/opt/yaml_cpp_vendor/lib:/opt/ros/galactic/opt/rviz_ogre_vendor/lib:/opt/ros/galactic/lib/x86_64-linux-gnu:/opt/ros/galactic/lib /usr/bin/cmake --build /home/ryuzot/ros2_ws/build/main_executor -- -j24 -l24
[3.272s] Invoking command in '/home/ryuzot/ros2_ws/build/main_executor': CMAKE_PREFIX_PATH=/home/ryuzot/ros2_ws/install/socketcan_interface:/home/ryuzot/ros2_ws/install/socketcan_interface_msg:/home/ryuzot/ros2_ws/install/main_executor:/opt/ros/galactic LD_LIBRARY_PATH=/home/ryuzot/ros2_ws/install/socketcan_interface_msg/lib:/home/ryuzot/ros2_ws/install/socketcan_interface/lib:/opt/ros/galactic/opt/yaml_cpp_vendor/lib:/opt/ros/galactic/opt/rviz_ogre_vendor/lib:/opt/ros/galactic/lib/x86_64-linux-gnu:/opt/ros/galactic/lib /usr/bin/cmake --install /home/ryuzot/ros2_ws/build/main_executor
[3.279s] -- Install configuration: ""
[3.279s] -- Execute custom install script
[3.279s] -- Up-to-date symlink: /home/ryuzot/ros2_ws/install/main_executor/lib/main_executor/main_exec
[3.280s] -- Up-to-date symlink: /home/ryuzot/ros2_ws/install/main_executor/share/ament_index/resource_index/package_run_dependencies/main_executor
[3.280s] -- Up-to-date symlink: /home/ryuzot/ros2_ws/install/main_executor/share/ament_index/resource_index/parent_prefix_path/main_executor
[3.280s] -- Up-to-date symlink: /home/ryuzot/ros2_ws/install/main_executor/share/main_executor/environment/ament_prefix_path.sh
[3.280s] -- Up-to-date symlink: /home/ryuzot/ros2_ws/install/main_executor/share/main_executor/environment/ament_prefix_path.dsv
[3.280s] -- Up-to-date symlink: /home/ryuzot/ros2_ws/install/main_executor/share/main_executor/environment/path.sh
[3.281s] -- Up-to-date symlink: /home/ryuzot/ros2_ws/install/main_executor/share/main_executor/environment/path.dsv
[3.281s] -- Up-to-date symlink: /home/ryuzot/ros2_ws/install/main_executor/share/main_executor/local_setup.bash
[3.281s] -- Up-to-date symlink: /home/ryuzot/ros2_ws/install/main_executor/share/main_executor/local_setup.sh
[3.281s] -- Up-to-date symlink: /home/ryuzot/ros2_ws/install/main_executor/share/main_executor/local_setup.zsh
[3.282s] -- Up-to-date symlink: /home/ryuzot/ros2_ws/install/main_executor/share/main_executor/local_setup.dsv
[3.282s] -- Symlinking: /home/ryuzot/ros2_ws/install/main_executor/share/main_executor/package.dsv
[3.290s] -- Up-to-date symlink: /home/ryuzot/ros2_ws/install/main_executor/share/ament_index/resource_index/packages/main_executor
[3.291s] -- Up-to-date symlink: /home/ryuzot/ros2_ws/install/main_executor/share/main_executor/cmake/main_executorConfig.cmake
[3.291s] -- Up-to-date symlink: /home/ryuzot/ros2_ws/install/main_executor/share/main_executor/cmake/main_executorConfig-version.cmake
[3.291s] -- Up-to-date symlink: /home/ryuzot/ros2_ws/install/main_executor/share/main_executor/package.xml
[3.297s] Invoked command in '/home/ryuzot/ros2_ws/build/main_executor' returned '0': CMAKE_PREFIX_PATH=/home/ryuzot/ros2_ws/install/socketcan_interface:/home/ryuzot/ros2_ws/install/socketcan_interface_msg:/home/ryuzot/ros2_ws/install/main_executor:/opt/ros/galactic LD_LIBRARY_PATH=/home/ryuzot/ros2_ws/install/socketcan_interface_msg/lib:/home/ryuzot/ros2_ws/install/socketcan_interface/lib:/opt/ros/galactic/opt/yaml_cpp_vendor/lib:/opt/ros/galactic/opt/rviz_ogre_vendor/lib:/opt/ros/galactic/lib/x86_64-linux-gnu:/opt/ros/galactic/lib /usr/bin/cmake --install /home/ryuzot/ros2_ws/build/main_executor
