[0.018s] Invoking command in '/home/ryuzot/ros2_main/build/socketcan_interface_msg': CMAKE_PREFIX_PATH=/opt/ros/galactic /usr/bin/cmake /home/ryuzot/ros2_main/src/socketcan_interface_msg -DCMAKE_EXPORT_COMPILE_COMMANDS=ON -G Ninja -DAMENT_CMAKE_SYMLINK_INSTALL=1 -DCMAKE_INSTALL_PREFIX=/home/ryuzot/ros2_main/install/socketcan_interface_msg
[0.391s] -- The C compiler identification is GNU 9.4.0
[0.836s] -- The CXX compiler identification is GNU 9.4.0
[1.055s] -- Check for working C compiler: /usr/bin/cc
[1.228s] -- Check for working C compiler: /usr/bin/cc -- works
[1.229s] -- Detecting C compiler ABI info
[1.403s] -- Detecting C compiler ABI info - done
[1.412s] -- Detecting C compile features
[1.413s] -- Detecting C compile features - done
[1.416s] -- Check for working CXX compiler: /usr/bin/c++
[1.600s] -- Check for working CXX compiler: /usr/bin/c++ -- works
[1.600s] -- Detecting CXX compiler ABI info
[1.779s] -- Detecting CXX compiler ABI info - done
[1.789s] -- Detecting CXX compile features
[1.790s] -- Detecting CXX compile features - done
[1.793s] -- Found ament_cmake: 1.1.5 (/opt/ros/galactic/share/ament_cmake/cmake)
[1.816s] -- Found PythonInterp: /usr/bin/python3 (found suitable version "3.8.10", minimum required is "3") 
[1.816s] -- Using PYTHON_EXECUTABLE: /usr/bin/python3
[1.868s] -- Override CMake install command with custom implementation using symlinks instead of copying resources
[1.899s] -- Found rosidl_default_generators: 1.1.1 (/opt/ros/galactic/share/rosidl_default_generators/cmake)
[1.903s] -- Using all available rosidl_typesupport_c: rosidl_typesupport_fastrtps_c;rosidl_typesupport_introspection_c
[1.911s] -- Found rosidl_adapter: 2.2.1 (/opt/ros/galactic/share/rosidl_adapter/cmake)
[3.899s] -- Found OpenSSL: /usr/lib/x86_64-linux-gnu/libcrypto.so (found version "1.1.1f")  
[5.395s] -- Found FastRTPS: /opt/ros/galactic/include  
[8.401s] -- Using all available rosidl_typesupport_cpp: rosidl_typesupport_fastrtps_cpp;rosidl_typesupport_introspection_cpp
[8.445s] -- Found PythonInterp: /usr/bin/python3 (found version "3.8.10") 
[8.541s] -- Found ament_cmake_ros: 0.9.2 (/opt/ros/galactic/share/ament_cmake_ros/cmake)
[14.282s] -- Using all available rosidl_typesupport_c: rosidl_typesupport_fastrtps_c;rosidl_typesupport_introspection_c
[14.290s] -- Using all available rosidl_typesupport_cpp: rosidl_typesupport_fastrtps_cpp;rosidl_typesupport_introspection_cpp
[14.307s] -- Found PythonInterp: /usr/bin/python3 (found suitable version "3.8.10", minimum required is "3.5") 
[14.309s] -- Found python_cmake_module: 0.8.1 (/opt/ros/galactic/share/python_cmake_module/cmake)
[15.011s] -- Found PythonLibs: /usr/lib/x86_64-linux-gnu/libpython3.8.so (found suitable version "3.8.10", minimum required is "3.5") 
[15.011s] -- Using PYTHON_EXECUTABLE: /usr/bin/python3
[15.011s] -- Using PYTHON_INCLUDE_DIRS: /usr/include/python3.8
[15.011s] -- Using PYTHON_LIBRARIES: /usr/lib/x86_64-linux-gnu/libpython3.8.so
[15.028s] -- Found PythonExtra: .so  
[15.114s] -- Found ament_lint_auto: 0.10.6 (/opt/ros/galactic/share/ament_lint_auto/cmake)
[15.144s] -- Added test 'copyright' to check source files copyright and LICENSE
[15.145s] -- Added test 'lint_cmake' to check CMake code style
[15.147s] -- Added test 'xmllint' to check XML markup files
[15.151s] -- Configuring done
[15.170s] -- Generating done
[15.172s] -- Build files have been written to: /home/ryuzot/ros2_main/build/socketcan_interface_msg
[15.179s] Invoked command in '/home/ryuzot/ros2_main/build/socketcan_interface_msg' returned '0': CMAKE_PREFIX_PATH=/opt/ros/galactic /usr/bin/cmake /home/ryuzot/ros2_main/src/socketcan_interface_msg -DCMAKE_EXPORT_COMPILE_COMMANDS=ON -G Ninja -DAMENT_CMAKE_SYMLINK_INSTALL=1 -DCMAKE_INSTALL_PREFIX=/home/ryuzot/ros2_main/install/socketcan_interface_msg
[15.180s] Invoking command in '/home/ryuzot/ros2_main/build/socketcan_interface_msg': CMAKE_PREFIX_PATH=/opt/ros/galactic /usr/bin/cmake --build /home/ryuzot/ros2_main/build/socketcan_interface_msg -- -j24 -l24
[15.187s] 
[15.188s] [0/31] Generating C code for ROS interfaces[K
[15.380s] [0/31] Generating C++ code for ROS interfaces[K
[15.380s] [1/31] Generating C code for ROS interfaces[K
[15.397s] [1/31] Building C object CMakeFiles/socketcan_interface_msg__rosidl_generator_c.dir/rosidl_generator_c/socketcan_interface_msg/msg/detail/socketcan_if__functions.c.o[K
[15.397s] [2/31] Generating C++ code for ROS interfaces[K
[15.397s] [2/31] Generating C++ type support for eProsima Fast-RTPS[K
[15.398s] [2/31] Generating C++ introspection for ROS interfaces[K
[15.403s] [2/31] Generating C++ type support dispatch for ROS interfaces[K
[15.404s] [3/31] Building C object CMakeFiles/socketcan_interface_msg__rosidl_generator_c.dir/rosidl_generator_c/socketcan_interface_msg/msg/detail/socketcan_if__functions.c.o[K
[15.557s] [3/31] Linking C shared library libsocketcan_interface_msg__rosidl_generator_c.so[K
[15.558s] [4/31] Linking C shared library libsocketcan_interface_msg__rosidl_generator_c.so[K
[15.558s] [4/31] Generating C introspection for ROS interfaces[K
[15.558s] [4/31] Generating C type support dispatch for ROS interfaces[K
[15.558s] [5/31] Generating C++ type support for eProsima Fast-RTPS[K
[15.561s] [5/31] Building CXX object CMakeFiles/socketcan_interface_msg__rosidl_typesupport_fastrtps_cpp.dir/rosidl_typesupport_fastrtps_cpp/socketcan_interface_msg/msg/detail/dds_fastrtps/socketcan_if__type_support.cpp.o[K
[15.561s] [6/31] Generating C++ type support dispatch for ROS interfaces[K
[15.578s] [6/31] Building CXX object CMakeFiles/socketcan_interface_msg__rosidl_typesupport_cpp.dir/rosidl_typesupport_cpp/socketcan_interface_msg/msg/socketcan_if__type_support.cpp.o[K
[15.578s] [7/31] Generating C++ introspection for ROS interfaces[K
[15.737s] [7/31] Building CXX object CMakeFiles/socketcan_interface_msg__rosidl_typesupport_introspection_cpp.dir/rosidl_typesupport_introspection_cpp/socketcan_interface_msg/msg/detail/socketcan_if__type_support.cpp.o[K
[15.737s] [8/31] Generating C type support dispatch for ROS interfaces[K
[15.745s] [8/31] Building CXX object CMakeFiles/socketcan_interface_msg__rosidl_typesupport_c.dir/rosidl_typesupport_c/socketcan_interface_msg/msg/socketcan_if__type_support.cpp.o[K
[15.745s] [9/31] Generating C introspection for ROS interfaces[K
[15.753s] [9/31] Building C object CMakeFiles/socketcan_interface_msg__rosidl_typesupport_introspection_c.dir/rosidl_typesupport_introspection_c/socketcan_interface_msg/msg/detail/socketcan_if__type_support.c.o[K
[15.753s] [10/31] Building CXX object CMakeFiles/socketcan_interface_msg__rosidl_typesupport_c.dir/rosidl_typesupport_c/socketcan_interface_msg/msg/socketcan_if__type_support.cpp.o[K
[15.762s] [10/31] Linking CXX shared library libsocketcan_interface_msg__rosidl_typesupport_c.so[K
[15.762s] [11/31] Building C object CMakeFiles/socketcan_interface_msg__rosidl_typesupport_introspection_c.dir/rosidl_typesupport_introspection_c/socketcan_interface_msg/msg/detail/socketcan_if__type_support.c.o[K
[15.787s] [11/31] Linking C shared library libsocketcan_interface_msg__rosidl_typesupport_introspection_c.so[K
[15.787s] [12/31] Building CXX object CMakeFiles/socketcan_interface_msg__rosidl_typesupport_cpp.dir/rosidl_typesupport_cpp/socketcan_interface_msg/msg/socketcan_if__type_support.cpp.o[K
[15.802s] [12/31] Linking CXX shared library libsocketcan_interface_msg__rosidl_typesupport_cpp.so[K
[15.802s] [13/31] Building CXX object CMakeFiles/socketcan_interface_msg__rosidl_typesupport_introspection_cpp.dir/rosidl_typesupport_introspection_cpp/socketcan_interface_msg/msg/detail/socketcan_if__type_support.cpp.o[K
[15.920s] [13/31] Linking CXX shared library libsocketcan_interface_msg__rosidl_typesupport_introspection_cpp.so[K
[15.920s] [14/31] Building CXX object CMakeFiles/socketcan_interface_msg__rosidl_typesupport_fastrtps_cpp.dir/rosidl_typesupport_fastrtps_cpp/socketcan_interface_msg/msg/detail/dds_fastrtps/socketcan_if__type_support.cpp.o[K
[16.022s] [14/31] Linking CXX shared library libsocketcan_interface_msg__rosidl_typesupport_fastrtps_cpp.so[K
[16.028s] [15/31] Linking CXX shared library libsocketcan_interface_msg__rosidl_typesupport_c.so[K
[16.093s] [16/31] Linking C shared library libsocketcan_interface_msg__rosidl_typesupport_introspection_c.so[K
[16.123s] [17/31] Linking CXX shared library libsocketcan_interface_msg__rosidl_typesupport_cpp.so[K
[16.162s] [18/31] Linking CXX shared library libsocketcan_interface_msg__rosidl_typesupport_introspection_cpp.so[K
[16.163s] [19/31] Linking CXX shared library libsocketcan_interface_msg__rosidl_typesupport_fastrtps_cpp.so[K
[16.328s] [19/31] Generating C type support for eProsima Fast-RTPS[K
[16.328s] [20/31] Generating C type support for eProsima Fast-RTPS[K
[16.587s] [20/31] Building CXX object CMakeFiles/socketcan_interface_msg__rosidl_typesupport_fastrtps_c.dir/rosidl_typesupport_fastrtps_c/socketcan_interface_msg/msg/detail/socketcan_if__type_support_c.cpp.o[K
[16.587s] [21/31] Building CXX object CMakeFiles/socketcan_interface_msg__rosidl_typesupport_fastrtps_c.dir/rosidl_typesupport_fastrtps_c/socketcan_interface_msg/msg/detail/socketcan_if__type_support_c.cpp.o[K
[16.761s] [21/31] Linking CXX shared library libsocketcan_interface_msg__rosidl_typesupport_fastrtps_c.so[K
[16.761s] [22/31] Linking CXX shared library libsocketcan_interface_msg__rosidl_typesupport_fastrtps_c.so[K
[17.189s] [22/31] Generating Python code for ROS interfaces[K
[17.189s] [23/31] Generating Python code for ROS interfaces[K
[17.189s] [23/31] Building C object CMakeFiles/socketcan_interface_msg__rosidl_typesupport_fastrtps_c__pyext.dir/rosidl_generator_py/socketcan_interface_msg/_socketcan_interface_msg_s.ep.rosidl_typesupport_fastrtps_c.c.o[K
[17.189s] [23/31] Building C object CMakeFiles/socketcan_interface_msg__rosidl_typesupport_c__pyext.dir/rosidl_generator_py/socketcan_interface_msg/_socketcan_interface_msg_s.ep.rosidl_typesupport_c.c.o[K
[17.189s] [23/31] Building C object CMakeFiles/socketcan_interface_msg__rosidl_typesupport_introspection_c__pyext.dir/rosidl_generator_py/socketcan_interface_msg/_socketcan_interface_msg_s.ep.rosidl_typesupport_introspection_c.c.o[K
[17.277s] [23/31] Building C object CMakeFiles/socketcan_interface_msg__python.dir/rosidl_generator_py/socketcan_interface_msg/msg/_socketcan_if_s.c.o[K
[17.277s] [24/31] Building C object CMakeFiles/socketcan_interface_msg__rosidl_typesupport_fastrtps_c__pyext.dir/rosidl_generator_py/socketcan_interface_msg/_socketcan_interface_msg_s.ep.rosidl_typesupport_fastrtps_c.c.o[K
[17.278s] [25/31] Building C object CMakeFiles/socketcan_interface_msg__rosidl_typesupport_introspection_c__pyext.dir/rosidl_generator_py/socketcan_interface_msg/_socketcan_interface_msg_s.ep.rosidl_typesupport_introspection_c.c.o[K
[17.292s] [26/31] Building C object CMakeFiles/socketcan_interface_msg__rosidl_typesupport_c__pyext.dir/rosidl_generator_py/socketcan_interface_msg/_socketcan_interface_msg_s.ep.rosidl_typesupport_c.c.o[K
[17.292s] [27/31] Building C object CMakeFiles/socketcan_interface_msg__python.dir/rosidl_generator_py/socketcan_interface_msg/msg/_socketcan_if_s.c.o[K
[17.439s] [27/31] Linking C shared library rosidl_generator_py/socketcan_interface_msg/libsocketcan_interface_msg__python.so[K
[17.439s] [28/31] Linking C shared library rosidl_generator_py/socketcan_interface_msg/libsocketcan_interface_msg__python.so[K
[17.439s] [28/31] Linking CXX shared library rosidl_generator_py/socketcan_interface_msg/socketcan_interface_msg_s__rosidl_typesupport_fastrtps_c.cpython-38-x86_64-linux-gnu.so[K
[17.439s] [28/31] Linking C shared library rosidl_generator_py/socketcan_interface_msg/socketcan_interface_msg_s__rosidl_typesupport_c.cpython-38-x86_64-linux-gnu.so[K
[17.556s] [28/31] Linking C shared library rosidl_generator_py/socketcan_interface_msg/socketcan_interface_msg_s__rosidl_typesupport_introspection_c.cpython-38-x86_64-linux-gnu.so[K
[17.580s] [29/31] Linking C shared library rosidl_generator_py/socketcan_interface_msg/socketcan_interface_msg_s__rosidl_typesupport_c.cpython-38-x86_64-linux-gnu.so[K
[17.581s] [30/31] Linking C shared library rosidl_generator_py/socketcan_interface_msg/socketcan_interface_msg_s__rosidl_typesupport_introspection_c.cpython-38-x86_64-linux-gnu.so[K
[17.581s] [31/31] Linking CXX shared library rosidl_generator_py/socketcan_interface_msg/socketcan_interface_msg_s__rosidl_typesupport_fastrtps_c.cpython-38-x86_64-linux-gnu.so[K
[17.583s] Invoked command in '/home/ryuzot/ros2_main/build/socketcan_interface_msg' returned '0': CMAKE_PREFIX_PATH=/opt/ros/galactic /usr/bin/cmake --build /home/ryuzot/ros2_main/build/socketcan_interface_msg -- -j24 -l24
[17.604s] Invoking command in '/home/ryuzot/ros2_main/build/socketcan_interface_msg': CMAKE_PREFIX_PATH=/opt/ros/galactic /usr/bin/cmake --install /home/ryuzot/ros2_main/build/socketcan_interface_msg
[17.609s] -- Install configuration: ""
[17.609s] -- Execute custom install script
[17.610s] -- Symlinking: /home/ryuzot/ros2_main/install/socketcan_interface_msg/share/ament_index/resource_index/rosidl_interfaces/socketcan_interface_msg
[17.616s] -- Symlinking: /home/ryuzot/ros2_main/install/socketcan_interface_msg/include/socketcan_interface_msg/msg/detail/socketcan_if__functions.h
[17.621s] -- Symlinking: /home/ryuzot/ros2_main/install/socketcan_interface_msg/include/socketcan_interface_msg/msg/detail/socketcan_if__struct.h
[17.626s] -- Symlinking: /home/ryuzot/ros2_main/install/socketcan_interface_msg/include/socketcan_interface_msg/msg/detail/socketcan_if__type_support.h
[17.630s] -- Symlinking: /home/ryuzot/ros2_main/install/socketcan_interface_msg/include/socketcan_interface_msg/msg/rosidl_generator_c__visibility_control.h
[17.635s] -- Symlinking: /home/ryuzot/ros2_main/install/socketcan_interface_msg/include/socketcan_interface_msg/msg/socketcan_if.h
[17.640s] -- Symlinking: /home/ryuzot/ros2_main/install/socketcan_interface_msg/share/socketcan_interface_msg/environment/library_path.sh
[17.646s] -- Symlinking: /home/ryuzot/ros2_main/install/socketcan_interface_msg/share/socketcan_interface_msg/environment/library_path.dsv
[17.651s] -- Symlinking: /home/ryuzot/ros2_main/install/socketcan_interface_msg/include/socketcan_interface_msg/msg/detail/socketcan_if__rosidl_typesupport_fastrtps_c.h
[17.657s] -- Symlinking: /home/ryuzot/ros2_main/install/socketcan_interface_msg/include/socketcan_interface_msg/msg/rosidl_typesupport_fastrtps_c__visibility_control.h
[17.662s] -- Symlinking: /home/ryuzot/ros2_main/install/socketcan_interface_msg/lib/libsocketcan_interface_msg__rosidl_typesupport_fastrtps_c.so
[17.668s] -- Symlinking: /home/ryuzot/ros2_main/install/socketcan_interface_msg/include/socketcan_interface_msg/msg/detail/socketcan_if__rosidl_typesupport_fastrtps_cpp.hpp
[17.673s] -- Symlinking: /home/ryuzot/ros2_main/install/socketcan_interface_msg/include/socketcan_interface_msg/msg/rosidl_typesupport_fastrtps_cpp__visibility_control.h
[17.678s] -- Symlinking: /home/ryuzot/ros2_main/install/socketcan_interface_msg/lib/libsocketcan_interface_msg__rosidl_typesupport_fastrtps_cpp.so
[17.684s] -- Symlinking: /home/ryuzot/ros2_main/install/socketcan_interface_msg/include/socketcan_interface_msg/msg/detail/socketcan_if__rosidl_typesupport_introspection_c.h
[17.688s] -- Symlinking: /home/ryuzot/ros2_main/install/socketcan_interface_msg/include/socketcan_interface_msg/msg/rosidl_typesupport_introspection_c__visibility_control.h
[17.694s] -- Symlinking: /home/ryuzot/ros2_main/install/socketcan_interface_msg/include/socketcan_interface_msg/msg/detail/socketcan_if__builder.hpp
[17.699s] -- Symlinking: /home/ryuzot/ros2_main/install/socketcan_interface_msg/include/socketcan_interface_msg/msg/detail/socketcan_if__struct.hpp
[17.704s] -- Symlinking: /home/ryuzot/ros2_main/install/socketcan_interface_msg/include/socketcan_interface_msg/msg/detail/socketcan_if__traits.hpp
[17.709s] -- Symlinking: /home/ryuzot/ros2_main/install/socketcan_interface_msg/include/socketcan_interface_msg/msg/socketcan_if.hpp
[17.715s] -- Symlinking: /home/ryuzot/ros2_main/install/socketcan_interface_msg/include/socketcan_interface_msg/msg/detail/socketcan_if__rosidl_typesupport_introspection_cpp.hpp
[17.721s] -- Symlinking: /home/ryuzot/ros2_main/install/socketcan_interface_msg/share/socketcan_interface_msg/environment/pythonpath.sh
[17.726s] -- Symlinking: /home/ryuzot/ros2_main/install/socketcan_interface_msg/share/socketcan_interface_msg/environment/pythonpath.dsv
[17.731s] -- Symlinking: /home/ryuzot/ros2_main/install/socketcan_interface_msg/lib/python3.8/site-packages/socketcan_interface_msg/__init__.py
[17.737s] -- Symlinking: /home/ryuzot/ros2_main/install/socketcan_interface_msg/lib/python3.8/site-packages/socketcan_interface_msg/msg/__init__.py
[17.741s] -- Symlinking: /home/ryuzot/ros2_main/install/socketcan_interface_msg/lib/python3.8/site-packages/socketcan_interface_msg/msg/_socketcan_if.py
[17.747s] -- Symlinking: /home/ryuzot/ros2_main/install/socketcan_interface_msg/lib/python3.8/site-packages/socketcan_interface_msg/socketcan_interface_msg_s__rosidl_typesupport_fastrtps_c.cpython-38-x86_64-linux-gnu.so
[17.752s] -- Symlinking: /home/ryuzot/ros2_main/install/socketcan_interface_msg/lib/python3.8/site-packages/socketcan_interface_msg/socketcan_interface_msg_s__rosidl_typesupport_introspection_c.cpython-38-x86_64-linux-gnu.so
[17.757s] -- Symlinking: /home/ryuzot/ros2_main/install/socketcan_interface_msg/lib/python3.8/site-packages/socketcan_interface_msg/socketcan_interface_msg_s__rosidl_typesupport_c.cpython-38-x86_64-linux-gnu.so
[17.763s] -- Symlinking: /home/ryuzot/ros2_main/install/socketcan_interface_msg/lib/libsocketcan_interface_msg__python.so
[17.768s] -- Symlinking: /home/ryuzot/ros2_main/install/socketcan_interface_msg/share/socketcan_interface_msg/msg/SocketcanIF.idl
[17.773s] -- Symlinking: /home/ryuzot/ros2_main/install/socketcan_interface_msg/share/socketcan_interface_msg/msg/SocketcanIF.msg
[17.779s] -- Symlinking: /home/ryuzot/ros2_main/install/socketcan_interface_msg/share/ament_index/resource_index/package_run_dependencies/socketcan_interface_msg
[17.785s] -- Symlinking: /home/ryuzot/ros2_main/install/socketcan_interface_msg/share/ament_index/resource_index/parent_prefix_path/socketcan_interface_msg
[17.790s] -- Symlinking: /home/ryuzot/ros2_main/install/socketcan_interface_msg/share/socketcan_interface_msg/environment/ament_prefix_path.sh
[17.796s] -- Symlinking: /home/ryuzot/ros2_main/install/socketcan_interface_msg/share/socketcan_interface_msg/environment/ament_prefix_path.dsv
[17.802s] -- Symlinking: /home/ryuzot/ros2_main/install/socketcan_interface_msg/share/socketcan_interface_msg/environment/path.sh
[17.809s] -- Symlinking: /home/ryuzot/ros2_main/install/socketcan_interface_msg/share/socketcan_interface_msg/environment/path.dsv
[17.814s] -- Symlinking: /home/ryuzot/ros2_main/install/socketcan_interface_msg/share/socketcan_interface_msg/local_setup.bash
[17.820s] -- Symlinking: /home/ryuzot/ros2_main/install/socketcan_interface_msg/share/socketcan_interface_msg/local_setup.sh
[17.825s] -- Symlinking: /home/ryuzot/ros2_main/install/socketcan_interface_msg/share/socketcan_interface_msg/local_setup.zsh
[17.831s] -- Symlinking: /home/ryuzot/ros2_main/install/socketcan_interface_msg/share/socketcan_interface_msg/local_setup.dsv
[17.836s] -- Symlinking: /home/ryuzot/ros2_main/install/socketcan_interface_msg/share/socketcan_interface_msg/package.dsv
[17.842s] -- Symlinking: /home/ryuzot/ros2_main/install/socketcan_interface_msg/share/ament_index/resource_index/packages/socketcan_interface_msg
[17.848s] -- Symlinking: /home/ryuzot/ros2_main/install/socketcan_interface_msg/share/socketcan_interface_msg/cmake/rosidl_cmake-extras.cmake
[17.854s] -- Symlinking: /home/ryuzot/ros2_main/install/socketcan_interface_msg/share/socketcan_interface_msg/cmake/ament_cmake_export_dependencies-extras.cmake
[17.859s] -- Symlinking: /home/ryuzot/ros2_main/install/socketcan_interface_msg/share/socketcan_interface_msg/cmake/ament_cmake_export_libraries-extras.cmake
[17.865s] -- Symlinking: /home/ryuzot/ros2_main/install/socketcan_interface_msg/share/socketcan_interface_msg/cmake/ament_cmake_export_targets-extras.cmake
[17.870s] -- Symlinking: /home/ryuzot/ros2_main/install/socketcan_interface_msg/share/socketcan_interface_msg/cmake/ament_cmake_export_include_directories-extras.cmake
[17.876s] -- Symlinking: /home/ryuzot/ros2_main/install/socketcan_interface_msg/share/socketcan_interface_msg/cmake/rosidl_cmake_export_typesupport_libraries-extras.cmake
[17.881s] -- Symlinking: /home/ryuzot/ros2_main/install/socketcan_interface_msg/share/socketcan_interface_msg/cmake/rosidl_cmake_export_typesupport_targets-extras.cmake
[17.886s] -- Symlinking: /home/ryuzot/ros2_main/install/socketcan_interface_msg/share/socketcan_interface_msg/cmake/socketcan_interface_msgConfig.cmake
[17.892s] -- Symlinking: /home/ryuzot/ros2_main/install/socketcan_interface_msg/share/socketcan_interface_msg/cmake/socketcan_interface_msgConfig-version.cmake
[17.898s] -- Symlinking: /home/ryuzot/ros2_main/install/socketcan_interface_msg/share/socketcan_interface_msg/package.xml
[17.904s] -- Installing: /home/ryuzot/ros2_main/install/socketcan_interface_msg/lib/libsocketcan_interface_msg__rosidl_generator_c.so
[17.904s] -- Set runtime path of "/home/ryuzot/ros2_main/install/socketcan_interface_msg/lib/libsocketcan_interface_msg__rosidl_generator_c.so" to ""
[17.904s] -- Installing: /home/ryuzot/ros2_main/install/socketcan_interface_msg/lib/libsocketcan_interface_msg__rosidl_typesupport_introspection_c.so
[17.905s] -- Set runtime path of "/home/ryuzot/ros2_main/install/socketcan_interface_msg/lib/libsocketcan_interface_msg__rosidl_typesupport_introspection_c.so" to ""
[17.905s] -- Installing: /home/ryuzot/ros2_main/install/socketcan_interface_msg/lib/libsocketcan_interface_msg__rosidl_typesupport_c.so
[17.905s] -- Set runtime path of "/home/ryuzot/ros2_main/install/socketcan_interface_msg/lib/libsocketcan_interface_msg__rosidl_typesupport_c.so" to ""
[17.905s] -- Installing: /home/ryuzot/ros2_main/install/socketcan_interface_msg/lib/libsocketcan_interface_msg__rosidl_typesupport_introspection_cpp.so
[17.905s] -- Set runtime path of "/home/ryuzot/ros2_main/install/socketcan_interface_msg/lib/libsocketcan_interface_msg__rosidl_typesupport_introspection_cpp.so" to ""
[17.906s] -- Installing: /home/ryuzot/ros2_main/install/socketcan_interface_msg/lib/libsocketcan_interface_msg__rosidl_typesupport_cpp.so
[17.906s] -- Set runtime path of "/home/ryuzot/ros2_main/install/socketcan_interface_msg/lib/libsocketcan_interface_msg__rosidl_typesupport_cpp.so" to ""
[17.932s] Compiling '/home/ryuzot/ros2_main/install/socketcan_interface_msg/lib/python3.8/site-packages/socketcan_interface_msg/__init__.py'...
[17.936s] -- Installing: /home/ryuzot/ros2_main/install/socketcan_interface_msg/share/socketcan_interface_msg/cmake/socketcan_interface_msg__rosidl_generator_cExport.cmake
[17.936s] -- Installing: /home/ryuzot/ros2_main/install/socketcan_interface_msg/share/socketcan_interface_msg/cmake/socketcan_interface_msg__rosidl_generator_cExport-noconfig.cmake
[17.937s] -- Installing: /home/ryuzot/ros2_main/install/socketcan_interface_msg/share/socketcan_interface_msg/cmake/socketcan_interface_msg__rosidl_typesupport_introspection_cExport.cmake
[17.937s] -- Installing: /home/ryuzot/ros2_main/install/socketcan_interface_msg/share/socketcan_interface_msg/cmake/socketcan_interface_msg__rosidl_typesupport_introspection_cExport-noconfig.cmake
[17.937s] -- Installing: /home/ryuzot/ros2_main/install/socketcan_interface_msg/share/socketcan_interface_msg/cmake/socketcan_interface_msg__rosidl_typesupport_cExport.cmake
[17.937s] -- Installing: /home/ryuzot/ros2_main/install/socketcan_interface_msg/share/socketcan_interface_msg/cmake/socketcan_interface_msg__rosidl_typesupport_cExport-noconfig.cmake
[17.937s] -- Installing: /home/ryuzot/ros2_main/install/socketcan_interface_msg/share/socketcan_interface_msg/cmake/socketcan_interface_msg__rosidl_generator_cppExport.cmake
[17.937s] -- Installing: /home/ryuzot/ros2_main/install/socketcan_interface_msg/share/socketcan_interface_msg/cmake/socketcan_interface_msg__rosidl_typesupport_introspection_cppExport.cmake
[17.938s] -- Installing: /home/ryuzot/ros2_main/install/socketcan_interface_msg/share/socketcan_interface_msg/cmake/socketcan_interface_msg__rosidl_typesupport_introspection_cppExport-noconfig.cmake
[17.938s] -- Installing: /home/ryuzot/ros2_main/install/socketcan_interface_msg/share/socketcan_interface_msg/cmake/socketcan_interface_msg__rosidl_typesupport_cppExport.cmake
[17.938s] -- Installing: /home/ryuzot/ros2_main/install/socketcan_interface_msg/share/socketcan_interface_msg/cmake/socketcan_interface_msg__rosidl_typesupport_cppExport-noconfig.cmake
[17.939s] Invoked command in '/home/ryuzot/ros2_main/build/socketcan_interface_msg' returned '0': CMAKE_PREFIX_PATH=/opt/ros/galactic /usr/bin/cmake --install /home/ryuzot/ros2_main/build/socketcan_interface_msg
