
[0/31] Generating C code for ROS interfaces[K
[0/31] Generating C++ code for ROS interfaces[K
[1/31] Generating C++ code for ROS interfaces[K
[1/31] Generating C++ type support for eProsima Fast-RTPS[K
[1/31] Generating C++ introspection for ROS interfaces[K
[1/31] Generating C++ type support dispatch for ROS interfaces[K
[2/31] Generating C code for ROS interfaces[K
[2/31] Building C object CMakeFiles/socketcan_interface_msg__rosidl_generator_c.dir/rosidl_generator_c/socketcan_interface_msg/msg/detail/socketcan_if__functions.c.o[K
[3/31] Building C object CMakeFiles/socketcan_interface_msg__rosidl_generator_c.dir/rosidl_generator_c/socketcan_interface_msg/msg/detail/socketcan_if__functions.c.o[K
[3/31] Linking C shared library libsocketcan_interface_msg__rosidl_generator_c.so[K
[4/31] Generating C++ type support dispatch for ROS interfaces[K
[4/31] Building CXX object CMakeFiles/socketcan_interface_msg__rosidl_typesupport_cpp.dir/rosidl_typesupport_cpp/socketcan_interface_msg/msg/socketcan_if__type_support.cpp.o[K
[5/31] Generating C++ type support for eProsima Fast-RTPS[K
[5/31] Building CXX object CMakeFiles/socketcan_interface_msg__rosidl_typesupport_fastrtps_cpp.dir/rosidl_typesupport_fastrtps_cpp/socketcan_interface_msg/msg/detail/dds_fastrtps/socketcan_if__type_support.cpp.o[K
[6/31] Generating C++ introspection for ROS interfaces[K
[6/31] Building CXX object CMakeFiles/socketcan_interface_msg__rosidl_typesupport_introspection_cpp.dir/rosidl_typesupport_introspection_cpp/socketcan_interface_msg/msg/detail/socketcan_if__type_support.cpp.o[K
[7/31] Linking C shared library libsocketcan_interface_msg__rosidl_generator_c.so[K
[7/31] Generating C introspection for ROS interfaces[K
[7/31] Generating C type support dispatch for ROS interfaces[K
[8/31] Generating C type support dispatch for ROS interfaces[K
[8/31] Building CXX object CMakeFiles/socketcan_interface_msg__rosidl_typesupport_c.dir/rosidl_typesupport_c/socketcan_interface_msg/msg/socketcan_if__type_support.cpp.o[K
[9/31] Generating C introspection for ROS interfaces[K
[9/31] Building C object CMakeFiles/socketcan_interface_msg__rosidl_typesupport_introspection_c.dir/rosidl_typesupport_introspection_c/socketcan_interface_msg/msg/detail/socketcan_if__type_support.c.o[K
[10/31] Building CXX object CMakeFiles/socketcan_interface_msg__rosidl_typesupport_c.dir/rosidl_typesupport_c/socketcan_interface_msg/msg/socketcan_if__type_support.cpp.o[K
[10/31] Linking CXX shared library libsocketcan_interface_msg__rosidl_typesupport_c.so[K
[11/31] Building CXX object CMakeFiles/socketcan_interface_msg__rosidl_typesupport_cpp.dir/rosidl_typesupport_cpp/socketcan_interface_msg/msg/socketcan_if__type_support.cpp.o[K
[11/31] Linking CXX shared library libsocketcan_interface_msg__rosidl_typesupport_cpp.so[K
[12/31] Building C object CMakeFiles/socketcan_interface_msg__rosidl_typesupport_introspection_c.dir/rosidl_typesupport_introspection_c/socketcan_interface_msg/msg/detail/socketcan_if__type_support.c.o[K
[12/31] Linking C shared library libsocketcan_interface_msg__rosidl_typesupport_introspection_c.so[K
[13/31] Building CXX object CMakeFiles/socketcan_interface_msg__rosidl_typesupport_introspection_cpp.dir/rosidl_typesupport_introspection_cpp/socketcan_interface_msg/msg/detail/socketcan_if__type_support.cpp.o[K
[13/31] Linking CXX shared library libsocketcan_interface_msg__rosidl_typesupport_introspection_cpp.so[K
[14/31] Building CXX object CMakeFiles/socketcan_interface_msg__rosidl_typesupport_fastrtps_cpp.dir/rosidl_typesupport_fastrtps_cpp/socketcan_interface_msg/msg/detail/dds_fastrtps/socketcan_if__type_support.cpp.o[K
[14/31] Linking CXX shared library libsocketcan_interface_msg__rosidl_typesupport_fastrtps_cpp.so[K
[15/31] Linking CXX shared library libsocketcan_interface_msg__rosidl_typesupport_c.so[K
[16/31] Linking CXX shared library libsocketcan_interface_msg__rosidl_typesupport_cpp.so[K
[17/31] Linking C shared library libsocketcan_interface_msg__rosidl_typesupport_introspection_c.so[K
[18/31] Linking CXX shared library libsocketcan_interface_msg__rosidl_typesupport_introspection_cpp.so[K
[19/31] Linking CXX shared library libsocketcan_interface_msg__rosidl_typesupport_fastrtps_cpp.so[K
[19/31] Generating C type support for eProsima Fast-RTPS[K
[20/31] Generating C type support for eProsima Fast-RTPS[K
[20/31] Building CXX object CMakeFiles/socketcan_interface_msg__rosidl_typesupport_fastrtps_c.dir/rosidl_typesupport_fastrtps_c/socketcan_interface_msg/msg/detail/socketcan_if__type_support_c.cpp.o[K
[21/31] Building CXX object CMakeFiles/socketcan_interface_msg__rosidl_typesupport_fastrtps_c.dir/rosidl_typesupport_fastrtps_c/socketcan_interface_msg/msg/detail/socketcan_if__type_support_c.cpp.o[K
[21/31] Linking CXX shared library libsocketcan_interface_msg__rosidl_typesupport_fastrtps_c.so[K
[22/31] Linking CXX shared library libsocketcan_interface_msg__rosidl_typesupport_fastrtps_c.so[K
[22/31] Generating Python code for ROS interfaces[K
[23/31] Generating Python code for ROS interfaces[K
[23/31] Building C object CMakeFiles/socketcan_interface_msg__rosidl_typesupport_fastrtps_c__pyext.dir/rosidl_generator_py/socketcan_interface_msg/_socketcan_interface_msg_s.ep.rosidl_typesupport_fastrtps_c.c.o[K
[23/31] Building C object CMakeFiles/socketcan_interface_msg__rosidl_typesupport_c__pyext.dir/rosidl_generator_py/socketcan_interface_msg/_socketcan_interface_msg_s.ep.rosidl_typesupport_c.c.o[K
[23/31] Building C object CMakeFiles/socketcan_interface_msg__rosidl_typesupport_introspection_c__pyext.dir/rosidl_generator_py/socketcan_interface_msg/_socketcan_interface_msg_s.ep.rosidl_typesupport_introspection_c.c.o[K
[23/31] Building C object CMakeFiles/socketcan_interface_msg__python.dir/rosidl_generator_py/socketcan_interface_msg/msg/_socketcan_if_s.c.o[K
[24/31] Building C object CMakeFiles/socketcan_interface_msg__rosidl_typesupport_introspection_c__pyext.dir/rosidl_generator_py/socketcan_interface_msg/_socketcan_interface_msg_s.ep.rosidl_typesupport_introspection_c.c.o[K
[25/31] Building C object CMakeFiles/socketcan_interface_msg__rosidl_typesupport_fastrtps_c__pyext.dir/rosidl_generator_py/socketcan_interface_msg/_socketcan_interface_msg_s.ep.rosidl_typesupport_fastrtps_c.c.o[K
[26/31] Building C object CMakeFiles/socketcan_interface_msg__rosidl_typesupport_c__pyext.dir/rosidl_generator_py/socketcan_interface_msg/_socketcan_interface_msg_s.ep.rosidl_typesupport_c.c.o[K
[27/31] Building C object CMakeFiles/socketcan_interface_msg__python.dir/rosidl_generator_py/socketcan_interface_msg/msg/_socketcan_if_s.c.o[K
[27/31] Linking C shared library rosidl_generator_py/socketcan_interface_msg/libsocketcan_interface_msg__python.so[K
[28/31] Linking C shared library rosidl_generator_py/socketcan_interface_msg/libsocketcan_interface_msg__python.so[K
[28/31] Linking CXX shared library rosidl_generator_py/socketcan_interface_msg/socketcan_interface_msg_s__rosidl_typesupport_fastrtps_c.cpython-38-x86_64-linux-gnu.so[K
[28/31] Linking C shared library rosidl_generator_py/socketcan_interface_msg/socketcan_interface_msg_s__rosidl_typesupport_c.cpython-38-x86_64-linux-gnu.so[K
[28/31] Linking C shared library rosidl_generator_py/socketcan_interface_msg/socketcan_interface_msg_s__rosidl_typesupport_introspection_c.cpython-38-x86_64-linux-gnu.so[K
[29/31] Linking C shared library rosidl_generator_py/socketcan_interface_msg/socketcan_interface_msg_s__rosidl_typesupport_introspection_c.cpython-38-x86_64-linux-gnu.so[K
[30/31] Linking C shared library rosidl_generator_py/socketcan_interface_msg/socketcan_interface_msg_s__rosidl_typesupport_c.cpython-38-x86_64-linux-gnu.so[K
[31/31] Linking CXX shared library rosidl_generator_py/socketcan_interface_msg/socketcan_interface_msg_s__rosidl_typesupport_fastrtps_c.cpython-38-x86_64-linux-gnu.so[K
-- Install configuration: ""
-- Execute custom install script
-- Up-to-date symlink: /home/ryuzot/ros2_main/install/socketcan_interface_msg/share/ament_index/resource_index/rosidl_interfaces/socketcan_interface_msg
-- Up-to-date symlink: /home/ryuzot/ros2_main/install/socketcan_interface_msg/include/socketcan_interface_msg/msg/detail/socketcan_if__functions.h
-- Up-to-date symlink: /home/ryuzot/ros2_main/install/socketcan_interface_msg/include/socketcan_interface_msg/msg/detail/socketcan_if__struct.h
-- Up-to-date symlink: /home/ryuzot/ros2_main/install/socketcan_interface_msg/include/socketcan_interface_msg/msg/detail/socketcan_if__type_support.h
-- Up-to-date symlink: /home/ryuzot/ros2_main/install/socketcan_interface_msg/include/socketcan_interface_msg/msg/rosidl_generator_c__visibility_control.h
-- Up-to-date symlink: /home/ryuzot/ros2_main/install/socketcan_interface_msg/include/socketcan_interface_msg/msg/socketcan_if.h
-- Up-to-date symlink: /home/ryuzot/ros2_main/install/socketcan_interface_msg/share/socketcan_interface_msg/environment/library_path.sh
-- Up-to-date symlink: /home/ryuzot/ros2_main/install/socketcan_interface_msg/share/socketcan_interface_msg/environment/library_path.dsv
-- Up-to-date symlink: /home/ryuzot/ros2_main/install/socketcan_interface_msg/include/socketcan_interface_msg/msg/detail/socketcan_if__rosidl_typesupport_fastrtps_c.h
-- Up-to-date symlink: /home/ryuzot/ros2_main/install/socketcan_interface_msg/include/socketcan_interface_msg/msg/rosidl_typesupport_fastrtps_c__visibility_control.h
-- Up-to-date symlink: /home/ryuzot/ros2_main/install/socketcan_interface_msg/lib/libsocketcan_interface_msg__rosidl_typesupport_fastrtps_c.so
-- Up-to-date symlink: /home/ryuzot/ros2_main/install/socketcan_interface_msg/include/socketcan_interface_msg/msg/detail/socketcan_if__rosidl_typesupport_fastrtps_cpp.hpp
-- Up-to-date symlink: /home/ryuzot/ros2_main/install/socketcan_interface_msg/include/socketcan_interface_msg/msg/rosidl_typesupport_fastrtps_cpp__visibility_control.h
-- Up-to-date symlink: /home/ryuzot/ros2_main/install/socketcan_interface_msg/lib/libsocketcan_interface_msg__rosidl_typesupport_fastrtps_cpp.so
-- Up-to-date symlink: /home/ryuzot/ros2_main/install/socketcan_interface_msg/include/socketcan_interface_msg/msg/detail/socketcan_if__rosidl_typesupport_introspection_c.h
-- Up-to-date symlink: /home/ryuzot/ros2_main/install/socketcan_interface_msg/include/socketcan_interface_msg/msg/rosidl_typesupport_introspection_c__visibility_control.h
-- Up-to-date symlink: /home/ryuzot/ros2_main/install/socketcan_interface_msg/include/socketcan_interface_msg/msg/detail/socketcan_if__builder.hpp
-- Up-to-date symlink: /home/ryuzot/ros2_main/install/socketcan_interface_msg/include/socketcan_interface_msg/msg/detail/socketcan_if__struct.hpp
-- Up-to-date symlink: /home/ryuzot/ros2_main/install/socketcan_interface_msg/include/socketcan_interface_msg/msg/detail/socketcan_if__traits.hpp
-- Up-to-date symlink: /home/ryuzot/ros2_main/install/socketcan_interface_msg/include/socketcan_interface_msg/msg/socketcan_if.hpp
-- Up-to-date symlink: /home/ryuzot/ros2_main/install/socketcan_interface_msg/include/socketcan_interface_msg/msg/detail/socketcan_if__rosidl_typesupport_introspection_cpp.hpp
-- Up-to-date symlink: /home/ryuzot/ros2_main/install/socketcan_interface_msg/share/socketcan_interface_msg/environment/pythonpath.sh
-- Up-to-date symlink: /home/ryuzot/ros2_main/install/socketcan_interface_msg/share/socketcan_interface_msg/environment/pythonpath.dsv
-- Up-to-date symlink: /home/ryuzot/ros2_main/install/socketcan_interface_msg/lib/python3.8/site-packages/socketcan_interface_msg/__init__.py
-- Up-to-date symlink: /home/ryuzot/ros2_main/install/socketcan_interface_msg/lib/python3.8/site-packages/socketcan_interface_msg/msg/__init__.py
-- Up-to-date symlink: /home/ryuzot/ros2_main/install/socketcan_interface_msg/lib/python3.8/site-packages/socketcan_interface_msg/msg/_socketcan_if.py
-- Up-to-date symlink: /home/ryuzot/ros2_main/install/socketcan_interface_msg/lib/python3.8/site-packages/socketcan_interface_msg/socketcan_interface_msg_s__rosidl_typesupport_fastrtps_c.cpython-38-x86_64-linux-gnu.so
-- Up-to-date symlink: /home/ryuzot/ros2_main/install/socketcan_interface_msg/lib/python3.8/site-packages/socketcan_interface_msg/socketcan_interface_msg_s__rosidl_typesupport_introspection_c.cpython-38-x86_64-linux-gnu.so
-- Up-to-date symlink: /home/ryuzot/ros2_main/install/socketcan_interface_msg/lib/python3.8/site-packages/socketcan_interface_msg/socketcan_interface_msg_s__rosidl_typesupport_c.cpython-38-x86_64-linux-gnu.so
-- Up-to-date symlink: /home/ryuzot/ros2_main/install/socketcan_interface_msg/lib/libsocketcan_interface_msg__python.so
-- Up-to-date symlink: /home/ryuzot/ros2_main/install/socketcan_interface_msg/share/socketcan_interface_msg/msg/SocketcanIF.idl
-- Up-to-date symlink: /home/ryuzot/ros2_main/install/socketcan_interface_msg/share/socketcan_interface_msg/msg/SocketcanIF.msg
-- Up-to-date symlink: /home/ryuzot/ros2_main/install/socketcan_interface_msg/share/ament_index/resource_index/package_run_dependencies/socketcan_interface_msg
-- Up-to-date symlink: /home/ryuzot/ros2_main/install/socketcan_interface_msg/share/ament_index/resource_index/parent_prefix_path/socketcan_interface_msg
-- Up-to-date symlink: /home/ryuzot/ros2_main/install/socketcan_interface_msg/share/socketcan_interface_msg/environment/ament_prefix_path.sh
-- Up-to-date symlink: /home/ryuzot/ros2_main/install/socketcan_interface_msg/share/socketcan_interface_msg/environment/ament_prefix_path.dsv
-- Up-to-date symlink: /home/ryuzot/ros2_main/install/socketcan_interface_msg/share/socketcan_interface_msg/environment/path.sh
-- Up-to-date symlink: /home/ryuzot/ros2_main/install/socketcan_interface_msg/share/socketcan_interface_msg/environment/path.dsv
-- Up-to-date symlink: /home/ryuzot/ros2_main/install/socketcan_interface_msg/share/socketcan_interface_msg/local_setup.bash
-- Up-to-date symlink: /home/ryuzot/ros2_main/install/socketcan_interface_msg/share/socketcan_interface_msg/local_setup.sh
-- Up-to-date symlink: /home/ryuzot/ros2_main/install/socketcan_interface_msg/share/socketcan_interface_msg/local_setup.zsh
-- Up-to-date symlink: /home/ryuzot/ros2_main/install/socketcan_interface_msg/share/socketcan_interface_msg/local_setup.dsv
-- Symlinking: /home/ryuzot/ros2_main/install/socketcan_interface_msg/share/socketcan_interface_msg/package.dsv
-- Up-to-date symlink: /home/ryuzot/ros2_main/install/socketcan_interface_msg/share/ament_index/resource_index/packages/socketcan_interface_msg
-- Up-to-date symlink: /home/ryuzot/ros2_main/install/socketcan_interface_msg/share/socketcan_interface_msg/cmake/rosidl_cmake-extras.cmake
-- Up-to-date symlink: /home/ryuzot/ros2_main/install/socketcan_interface_msg/share/socketcan_interface_msg/cmake/ament_cmake_export_dependencies-extras.cmake
-- Up-to-date symlink: /home/ryuzot/ros2_main/install/socketcan_interface_msg/share/socketcan_interface_msg/cmake/ament_cmake_export_libraries-extras.cmake
-- Up-to-date symlink: /home/ryuzot/ros2_main/install/socketcan_interface_msg/share/socketcan_interface_msg/cmake/ament_cmake_export_targets-extras.cmake
-- Up-to-date symlink: /home/ryuzot/ros2_main/install/socketcan_interface_msg/share/socketcan_interface_msg/cmake/ament_cmake_export_include_directories-extras.cmake
-- Up-to-date symlink: /home/ryuzot/ros2_main/install/socketcan_interface_msg/share/socketcan_interface_msg/cmake/rosidl_cmake_export_typesupport_libraries-extras.cmake
-- Up-to-date symlink: /home/ryuzot/ros2_main/install/socketcan_interface_msg/share/socketcan_interface_msg/cmake/rosidl_cmake_export_typesupport_targets-extras.cmake
-- Up-to-date symlink: /home/ryuzot/ros2_main/install/socketcan_interface_msg/share/socketcan_interface_msg/cmake/socketcan_interface_msgConfig.cmake
-- Up-to-date symlink: /home/ryuzot/ros2_main/install/socketcan_interface_msg/share/socketcan_interface_msg/cmake/socketcan_interface_msgConfig-version.cmake
-- Up-to-date symlink: /home/ryuzot/ros2_main/install/socketcan_interface_msg/share/socketcan_interface_msg/package.xml
-- Installing: /home/ryuzot/ros2_main/install/socketcan_interface_msg/lib/libsocketcan_interface_msg__rosidl_generator_c.so
-- Set runtime path of "/home/ryuzot/ros2_main/install/socketcan_interface_msg/lib/libsocketcan_interface_msg__rosidl_generator_c.so" to ""
-- Installing: /home/ryuzot/ros2_main/install/socketcan_interface_msg/lib/libsocketcan_interface_msg__rosidl_typesupport_introspection_c.so
-- Set runtime path of "/home/ryuzot/ros2_main/install/socketcan_interface_msg/lib/libsocketcan_interface_msg__rosidl_typesupport_introspection_c.so" to ""
-- Installing: /home/ryuzot/ros2_main/install/socketcan_interface_msg/lib/libsocketcan_interface_msg__rosidl_typesupport_c.so
-- Set runtime path of "/home/ryuzot/ros2_main/install/socketcan_interface_msg/lib/libsocketcan_interface_msg__rosidl_typesupport_c.so" to ""
-- Installing: /home/ryuzot/ros2_main/install/socketcan_interface_msg/lib/libsocketcan_interface_msg__rosidl_typesupport_introspection_cpp.so
-- Set runtime path of "/home/ryuzot/ros2_main/install/socketcan_interface_msg/lib/libsocketcan_interface_msg__rosidl_typesupport_introspection_cpp.so" to ""
-- Installing: /home/ryuzot/ros2_main/install/socketcan_interface_msg/lib/libsocketcan_interface_msg__rosidl_typesupport_cpp.so
-- Set runtime path of "/home/ryuzot/ros2_main/install/socketcan_interface_msg/lib/libsocketcan_interface_msg__rosidl_typesupport_cpp.so" to ""
Compiling '/home/ryuzot/ros2_main/install/socketcan_interface_msg/lib/python3.8/site-packages/socketcan_interface_msg/__init__.py'...
-- Up-to-date: /home/ryuzot/ros2_main/install/socketcan_interface_msg/share/socketcan_interface_msg/cmake/socketcan_interface_msg__rosidl_generator_cExport.cmake
-- Up-to-date: /home/ryuzot/ros2_main/install/socketcan_interface_msg/share/socketcan_interface_msg/cmake/socketcan_interface_msg__rosidl_generator_cExport-noconfig.cmake
-- Up-to-date: /home/ryuzot/ros2_main/install/socketcan_interface_msg/share/socketcan_interface_msg/cmake/socketcan_interface_msg__rosidl_typesupport_introspection_cExport.cmake
-- Up-to-date: /home/ryuzot/ros2_main/install/socketcan_interface_msg/share/socketcan_interface_msg/cmake/socketcan_interface_msg__rosidl_typesupport_introspection_cExport-noconfig.cmake
-- Up-to-date: /home/ryuzot/ros2_main/install/socketcan_interface_msg/share/socketcan_interface_msg/cmake/socketcan_interface_msg__rosidl_typesupport_cExport.cmake
-- Up-to-date: /home/ryuzot/ros2_main/install/socketcan_interface_msg/share/socketcan_interface_msg/cmake/socketcan_interface_msg__rosidl_typesupport_cExport-noconfig.cmake
-- Up-to-date: /home/ryuzot/ros2_main/install/socketcan_interface_msg/share/socketcan_interface_msg/cmake/socketcan_interface_msg__rosidl_generator_cppExport.cmake
-- Up-to-date: /home/ryuzot/ros2_main/install/socketcan_interface_msg/share/socketcan_interface_msg/cmake/socketcan_interface_msg__rosidl_typesupport_introspection_cppExport.cmake
-- Up-to-date: /home/ryuzot/ros2_main/install/socketcan_interface_msg/share/socketcan_interface_msg/cmake/socketcan_interface_msg__rosidl_typesupport_introspection_cppExport-noconfig.cmake
-- Up-to-date: /home/ryuzot/ros2_main/install/socketcan_interface_msg/share/socketcan_interface_msg/cmake/socketcan_interface_msg__rosidl_typesupport_cppExport.cmake
-- Up-to-date: /home/ryuzot/ros2_main/install/socketcan_interface_msg/share/socketcan_interface_msg/cmake/socketcan_interface_msg__rosidl_typesupport_cppExport-noconfig.cmake
