[0.424s] DEBUG:colcon:Command line arguments: ['/home/ryuzot/.local/bin/colcon', 'build', '--cmake-args', '-DCMAKE_EXPORT_COMPILE_COMMANDS=ON', '-G', 'Ninja', '--allow-overriding', 'main_executor', 'socketcan_interface', 'socketcan_interface_msg', '--log-level', 'debug', 'build', '--symlink-install']
[0.424s] DEBUG:colcon:Parsed command line arguments: Namespace(allow_overriding=['main_executor', 'socketcan_interface', 'socketcan_interface_msg', '--log-level', 'debug', 'build'], ament_cmake_args=None, base_paths=['.'], build_base='build', catkin_cmake_args=None, catkin_skip_building_tests=False, cmake_args=['-DCMAKE_EXPORT_COMPILE_COMMANDS=ON', '-G', 'Ninja'], cmake_clean_cache=False, cmake_clean_first=False, cmake_force_configure=False, cmake_target=None, cmake_target_skip_unavailable=False, continue_on_error=False, event_handlers=None, executor='parallel', ignore_user_meta=False, install_base='install', log_base=None, log_level=None, main=<bound method BuildVerb.main of <colcon_core.verb.build.BuildVerb object at 0x7feaba141a60>>, merge_install=False, metas=['./colcon.meta'], packages_above=None, packages_above_and_dependencies=None, packages_above_depth=None, packages_end=None, packages_ignore=None, packages_ignore_regex=None, packages_select=None, packages_select_build_failed=False, packages_select_by_dep=None, packages_select_regex=None, packages_select_test_failures=False, packages_skip=None, packages_skip_build_finished=False, packages_skip_by_dep=None, packages_skip_regex=None, packages_skip_test_passed=False, packages_skip_up_to=None, packages_start=None, packages_up_to=None, packages_up_to_regex=None, parallel_workers=24, paths=None, symlink_install=True, test_result_base=None, verb_extension=<colcon_core.verb.build.BuildVerb object at 0x7feaba141a60>, verb_name='build', verb_parser=<colcon_defaults.argument_parser.defaults.DefaultArgumentsDecorator object at 0x7feaba0fae50>)
[0.433s] Level 1:colcon.colcon_core.package_discovery:discover_packages(colcon_meta) check parameters
[0.433s] Level 1:colcon.colcon_core.package_discovery:discover_packages(recursive) check parameters
[0.433s] Level 1:colcon.colcon_core.package_discovery:discover_packages(ignore) check parameters
[0.433s] Level 1:colcon.colcon_core.package_discovery:discover_packages(path) check parameters
[0.433s] Level 1:colcon.colcon_core.package_discovery:discover_packages(colcon_meta) discover
[0.433s] Level 1:colcon.colcon_core.package_discovery:discover_packages(recursive) discover
[0.433s] INFO:colcon.colcon_core.package_discovery:Crawling recursively for packages in '/home/ryuzot/ros2_ws'
[0.433s] Level 1:colcon.colcon_core.package_identification:_identify(.) by extensions ['ignore', 'ignore_ament_install']
[0.433s] Level 1:colcon.colcon_core.package_identification:_identify(.) by extension 'ignore'
[0.433s] Level 1:colcon.colcon_core.package_identification:_identify(.) by extension 'ignore_ament_install'
[0.433s] Level 1:colcon.colcon_core.package_identification:_identify(.) by extensions ['colcon_pkg']
[0.433s] Level 1:colcon.colcon_core.package_identification:_identify(.) by extension 'colcon_pkg'
[0.433s] Level 1:colcon.colcon_core.package_identification:_identify(.) by extensions ['colcon_meta']
[0.433s] Level 1:colcon.colcon_core.package_identification:_identify(.) by extension 'colcon_meta'
[0.433s] Level 1:colcon.colcon_core.package_identification:_identify(.) by extensions ['ros']
[0.433s] Level 1:colcon.colcon_core.package_identification:_identify(.) by extension 'ros'
[0.441s] Level 1:colcon.colcon_core.package_identification:_identify(.) by extensions ['cmake', 'python']
[0.441s] Level 1:colcon.colcon_core.package_identification:_identify(.) by extension 'cmake'
[0.441s] Level 1:colcon.colcon_core.package_identification:_identify(.) by extension 'python'
[0.441s] Level 1:colcon.colcon_core.package_identification:_identify(.) by extensions ['python_setup_py']
[0.441s] Level 1:colcon.colcon_core.package_identification:_identify(.) by extension 'python_setup_py'
[0.441s] Level 1:colcon.colcon_core.package_identification:_identify(build) by extensions ['ignore', 'ignore_ament_install']
[0.441s] Level 1:colcon.colcon_core.package_identification:_identify(build) by extension 'ignore'
[0.441s] Level 1:colcon.colcon_core.package_identification:_identify(build) ignored
[0.441s] Level 1:colcon.colcon_core.package_identification:_identify(install) by extensions ['ignore', 'ignore_ament_install']
[0.441s] Level 1:colcon.colcon_core.package_identification:_identify(install) by extension 'ignore'
[0.441s] Level 1:colcon.colcon_core.package_identification:_identify(install) ignored
[0.441s] Level 1:colcon.colcon_core.package_identification:_identify(log) by extensions ['ignore', 'ignore_ament_install']
[0.441s] Level 1:colcon.colcon_core.package_identification:_identify(log) by extension 'ignore'
[0.441s] Level 1:colcon.colcon_core.package_identification:_identify(log) ignored
[0.441s] Level 1:colcon.colcon_core.package_identification:_identify(src) by extensions ['ignore', 'ignore_ament_install']
[0.442s] Level 1:colcon.colcon_core.package_identification:_identify(src) by extension 'ignore'
[0.442s] Level 1:colcon.colcon_core.package_identification:_identify(src) by extension 'ignore_ament_install'
[0.442s] Level 1:colcon.colcon_core.package_identification:_identify(src) by extensions ['colcon_pkg']
[0.442s] Level 1:colcon.colcon_core.package_identification:_identify(src) by extension 'colcon_pkg'
[0.442s] Level 1:colcon.colcon_core.package_identification:_identify(src) by extensions ['colcon_meta']
[0.442s] Level 1:colcon.colcon_core.package_identification:_identify(src) by extension 'colcon_meta'
[0.442s] Level 1:colcon.colcon_core.package_identification:_identify(src) by extensions ['ros']
[0.442s] Level 1:colcon.colcon_core.package_identification:_identify(src) by extension 'ros'
[0.442s] Level 1:colcon.colcon_core.package_identification:_identify(src) by extensions ['cmake', 'python']
[0.442s] Level 1:colcon.colcon_core.package_identification:_identify(src) by extension 'cmake'
[0.442s] Level 1:colcon.colcon_core.package_identification:_identify(src) by extension 'python'
[0.442s] Level 1:colcon.colcon_core.package_identification:_identify(src) by extensions ['python_setup_py']
[0.442s] Level 1:colcon.colcon_core.package_identification:_identify(src) by extension 'python_setup_py'
[0.442s] Level 1:colcon.colcon_core.package_identification:_identify(src/main_executor) by extensions ['ignore', 'ignore_ament_install']
[0.442s] Level 1:colcon.colcon_core.package_identification:_identify(src/main_executor) by extension 'ignore'
[0.442s] Level 1:colcon.colcon_core.package_identification:_identify(src/main_executor) by extension 'ignore_ament_install'
[0.442s] Level 1:colcon.colcon_core.package_identification:_identify(src/main_executor) by extensions ['colcon_pkg']
[0.442s] Level 1:colcon.colcon_core.package_identification:_identify(src/main_executor) by extension 'colcon_pkg'
[0.442s] Level 1:colcon.colcon_core.package_identification:_identify(src/main_executor) by extensions ['colcon_meta']
[0.442s] Level 1:colcon.colcon_core.package_identification:_identify(src/main_executor) by extension 'colcon_meta'
[0.442s] Level 1:colcon.colcon_core.package_identification:_identify(src/main_executor) by extensions ['ros']
[0.442s] Level 1:colcon.colcon_core.package_identification:_identify(src/main_executor) by extension 'ros'
[0.444s] DEBUG:colcon.colcon_core.package_identification:Package 'src/main_executor' with type 'ros.ament_cmake' and name 'main_executor'
[0.444s] Level 1:colcon.colcon_core.package_identification:_identify(src/socketcan_interface) by extensions ['ignore', 'ignore_ament_install']
[0.444s] Level 1:colcon.colcon_core.package_identification:_identify(src/socketcan_interface) by extension 'ignore'
[0.444s] Level 1:colcon.colcon_core.package_identification:_identify(src/socketcan_interface) by extension 'ignore_ament_install'
[0.444s] Level 1:colcon.colcon_core.package_identification:_identify(src/socketcan_interface) by extensions ['colcon_pkg']
[0.444s] Level 1:colcon.colcon_core.package_identification:_identify(src/socketcan_interface) by extension 'colcon_pkg'
[0.444s] Level 1:colcon.colcon_core.package_identification:_identify(src/socketcan_interface) by extensions ['colcon_meta']
[0.444s] Level 1:colcon.colcon_core.package_identification:_identify(src/socketcan_interface) by extension 'colcon_meta'
[0.444s] Level 1:colcon.colcon_core.package_identification:_identify(src/socketcan_interface) by extensions ['ros']
[0.444s] Level 1:colcon.colcon_core.package_identification:_identify(src/socketcan_interface) by extension 'ros'
[0.444s] DEBUG:colcon.colcon_core.package_identification:Package 'src/socketcan_interface' with type 'ros.ament_cmake' and name 'socketcan_interface'
[0.445s] Level 1:colcon.colcon_core.package_identification:_identify(src/socketcan_interface_msg) by extensions ['ignore', 'ignore_ament_install']
[0.445s] Level 1:colcon.colcon_core.package_identification:_identify(src/socketcan_interface_msg) by extension 'ignore'
[0.445s] Level 1:colcon.colcon_core.package_identification:_identify(src/socketcan_interface_msg) by extension 'ignore_ament_install'
[0.445s] Level 1:colcon.colcon_core.package_identification:_identify(src/socketcan_interface_msg) by extensions ['colcon_pkg']
[0.445s] Level 1:colcon.colcon_core.package_identification:_identify(src/socketcan_interface_msg) by extension 'colcon_pkg'
[0.445s] Level 1:colcon.colcon_core.package_identification:_identify(src/socketcan_interface_msg) by extensions ['colcon_meta']
[0.445s] Level 1:colcon.colcon_core.package_identification:_identify(src/socketcan_interface_msg) by extension 'colcon_meta'
[0.445s] Level 1:colcon.colcon_core.package_identification:_identify(src/socketcan_interface_msg) by extensions ['ros']
[0.445s] Level 1:colcon.colcon_core.package_identification:_identify(src/socketcan_interface_msg) by extension 'ros'
[0.446s] DEBUG:colcon.colcon_core.package_identification:Package 'src/socketcan_interface_msg' with type 'ros.ament_cmake' and name 'socketcan_interface_msg'
[0.446s] Level 1:colcon.colcon_core.package_identification:_identify(tools) by extensions ['ignore', 'ignore_ament_install']
[0.446s] Level 1:colcon.colcon_core.package_identification:_identify(tools) by extension 'ignore'
[0.446s] Level 1:colcon.colcon_core.package_identification:_identify(tools) by extension 'ignore_ament_install'
[0.446s] Level 1:colcon.colcon_core.package_identification:_identify(tools) by extensions ['colcon_pkg']
[0.446s] Level 1:colcon.colcon_core.package_identification:_identify(tools) by extension 'colcon_pkg'
[0.446s] Level 1:colcon.colcon_core.package_identification:_identify(tools) by extensions ['colcon_meta']
[0.446s] Level 1:colcon.colcon_core.package_identification:_identify(tools) by extension 'colcon_meta'
[0.446s] Level 1:colcon.colcon_core.package_identification:_identify(tools) by extensions ['ros']
[0.446s] Level 1:colcon.colcon_core.package_identification:_identify(tools) by extension 'ros'
[0.446s] Level 1:colcon.colcon_core.package_identification:_identify(tools) by extensions ['cmake', 'python']
[0.446s] Level 1:colcon.colcon_core.package_identification:_identify(tools) by extension 'cmake'
[0.446s] Level 1:colcon.colcon_core.package_identification:_identify(tools) by extension 'python'
[0.446s] Level 1:colcon.colcon_core.package_identification:_identify(tools) by extensions ['python_setup_py']
[0.446s] Level 1:colcon.colcon_core.package_identification:_identify(tools) by extension 'python_setup_py'
[0.446s] Level 1:colcon.colcon_core.package_discovery:discover_packages(recursive) using defaults
[0.446s] Level 1:colcon.colcon_core.package_discovery:discover_packages(ignore) discover
[0.446s] Level 1:colcon.colcon_core.package_discovery:discover_packages(ignore) using defaults
[0.446s] Level 1:colcon.colcon_core.package_discovery:discover_packages(path) discover
[0.446s] Level 1:colcon.colcon_core.package_discovery:discover_packages(path) using defaults
[0.467s] Level 5:colcon.colcon_core.verb:set package 'socketcan_interface_msg' build argument 'cmake_args' from command line to '['-DCMAKE_EXPORT_COMPILE_COMMANDS=ON', '-G', 'Ninja']'
[0.467s] Level 5:colcon.colcon_core.verb:set package 'socketcan_interface_msg' build argument 'cmake_target' from command line to 'None'
[0.467s] Level 5:colcon.colcon_core.verb:set package 'socketcan_interface_msg' build argument 'cmake_target_skip_unavailable' from command line to 'False'
[0.467s] Level 5:colcon.colcon_core.verb:set package 'socketcan_interface_msg' build argument 'cmake_clean_cache' from command line to 'False'
[0.467s] Level 5:colcon.colcon_core.verb:set package 'socketcan_interface_msg' build argument 'cmake_clean_first' from command line to 'False'
[0.467s] Level 5:colcon.colcon_core.verb:set package 'socketcan_interface_msg' build argument 'cmake_force_configure' from command line to 'False'
[0.467s] Level 5:colcon.colcon_core.verb:set package 'socketcan_interface_msg' build argument 'ament_cmake_args' from command line to 'None'
[0.467s] Level 5:colcon.colcon_core.verb:set package 'socketcan_interface_msg' build argument 'catkin_cmake_args' from command line to 'None'
[0.467s] Level 5:colcon.colcon_core.verb:set package 'socketcan_interface_msg' build argument 'catkin_skip_building_tests' from command line to 'False'
[0.467s] DEBUG:colcon.colcon_core.verb:Building package 'socketcan_interface_msg' with the following arguments: {'ament_cmake_args': None, 'build_base': '/home/ryuzot/ros2_ws/build/socketcan_interface_msg', 'catkin_cmake_args': None, 'catkin_skip_building_tests': False, 'cmake_args': ['-DCMAKE_EXPORT_COMPILE_COMMANDS=ON', '-G', 'Ninja'], 'cmake_clean_cache': False, 'cmake_clean_first': False, 'cmake_force_configure': False, 'cmake_target': None, 'cmake_target_skip_unavailable': False, 'install_base': '/home/ryuzot/ros2_ws/install/socketcan_interface_msg', 'merge_install': False, 'path': '/home/ryuzot/ros2_ws/src/socketcan_interface_msg', 'symlink_install': True, 'test_result_base': None}
[0.471s] Level 5:colcon.colcon_core.verb:set package 'socketcan_interface' build argument 'cmake_args' from command line to '['-DCMAKE_EXPORT_COMPILE_COMMANDS=ON', '-G', 'Ninja']'
[0.472s] Level 5:colcon.colcon_core.verb:set package 'socketcan_interface' build argument 'cmake_target' from command line to 'None'
[0.472s] Level 5:colcon.colcon_core.verb:set package 'socketcan_interface' build argument 'cmake_target_skip_unavailable' from command line to 'False'
[0.472s] Level 5:colcon.colcon_core.verb:set package 'socketcan_interface' build argument 'cmake_clean_cache' from command line to 'False'
[0.472s] Level 5:colcon.colcon_core.verb:set package 'socketcan_interface' build argument 'cmake_clean_first' from command line to 'False'
[0.472s] Level 5:colcon.colcon_core.verb:set package 'socketcan_interface' build argument 'cmake_force_configure' from command line to 'False'
[0.472s] Level 5:colcon.colcon_core.verb:set package 'socketcan_interface' build argument 'ament_cmake_args' from command line to 'None'
[0.472s] Level 5:colcon.colcon_core.verb:set package 'socketcan_interface' build argument 'catkin_cmake_args' from command line to 'None'
[0.472s] Level 5:colcon.colcon_core.verb:set package 'socketcan_interface' build argument 'catkin_skip_building_tests' from command line to 'False'
[0.472s] DEBUG:colcon.colcon_core.verb:Building package 'socketcan_interface' with the following arguments: {'ament_cmake_args': None, 'build_base': '/home/ryuzot/ros2_ws/build/socketcan_interface', 'catkin_cmake_args': None, 'catkin_skip_building_tests': False, 'cmake_args': ['-DCMAKE_EXPORT_COMPILE_COMMANDS=ON', '-G', 'Ninja'], 'cmake_clean_cache': False, 'cmake_clean_first': False, 'cmake_force_configure': False, 'cmake_target': None, 'cmake_target_skip_unavailable': False, 'install_base': '/home/ryuzot/ros2_ws/install/socketcan_interface', 'merge_install': False, 'path': '/home/ryuzot/ros2_ws/src/socketcan_interface', 'symlink_install': True, 'test_result_base': None}
[0.476s] Level 5:colcon.colcon_core.verb:set package 'main_executor' build argument 'cmake_args' from command line to '['-DCMAKE_EXPORT_COMPILE_COMMANDS=ON', '-G', 'Ninja']'
[0.476s] Level 5:colcon.colcon_core.verb:set package 'main_executor' build argument 'cmake_target' from command line to 'None'
[0.476s] Level 5:colcon.colcon_core.verb:set package 'main_executor' build argument 'cmake_target_skip_unavailable' from command line to 'False'
[0.476s] Level 5:colcon.colcon_core.verb:set package 'main_executor' build argument 'cmake_clean_cache' from command line to 'False'
[0.476s] Level 5:colcon.colcon_core.verb:set package 'main_executor' build argument 'cmake_clean_first' from command line to 'False'
[0.476s] Level 5:colcon.colcon_core.verb:set package 'main_executor' build argument 'cmake_force_configure' from command line to 'False'
[0.476s] Level 5:colcon.colcon_core.verb:set package 'main_executor' build argument 'ament_cmake_args' from command line to 'None'
[0.476s] Level 5:colcon.colcon_core.verb:set package 'main_executor' build argument 'catkin_cmake_args' from command line to 'None'
[0.476s] Level 5:colcon.colcon_core.verb:set package 'main_executor' build argument 'catkin_skip_building_tests' from command line to 'False'
[0.476s] DEBUG:colcon.colcon_core.verb:Building package 'main_executor' with the following arguments: {'ament_cmake_args': None, 'build_base': '/home/ryuzot/ros2_ws/build/main_executor', 'catkin_cmake_args': None, 'catkin_skip_building_tests': False, 'cmake_args': ['-DCMAKE_EXPORT_COMPILE_COMMANDS=ON', '-G', 'Ninja'], 'cmake_clean_cache': False, 'cmake_clean_first': False, 'cmake_force_configure': False, 'cmake_target': None, 'cmake_target_skip_unavailable': False, 'install_base': '/home/ryuzot/ros2_ws/install/main_executor', 'merge_install': False, 'path': '/home/ryuzot/ros2_ws/src/main_executor', 'symlink_install': True, 'test_result_base': None}
[0.485s] INFO:colcon.colcon_core.executor:Executing jobs using 'parallel' executor
[0.492s] DEBUG:colcon.colcon_parallel_executor.executor.parallel:run_until_complete
[0.492s] INFO:colcon.colcon_ros.task.ament_cmake.build:Building ROS package in '/home/ryuzot/ros2_ws/src/socketcan_interface_msg' with build type 'ament_cmake'
[0.492s] INFO:colcon.colcon_cmake.task.cmake.build:Building CMake package in '/home/ryuzot/ros2_ws/src/socketcan_interface_msg'
[0.498s] INFO:colcon.colcon_core.plugin_system:Skipping extension 'colcon_core.shell.bat': Not used on non-Windows systems
[0.498s] INFO:colcon.colcon_core.shell:Skip shell extension 'powershell' for command environment: Not usable outside of PowerShell
[0.498s] DEBUG:colcon.colcon_core.shell:Skip shell extension 'dsv' for command environment
[0.512s] DEBUG:colcon.colcon_core.event_handler.log_command:Invoking command in '/home/ryuzot/ros2_ws/build/socketcan_interface_msg': CMAKE_PREFIX_PATH=${CMAKE_PREFIX_PATH}:/opt/ros/galactic /usr/bin/cmake --build /home/ryuzot/ros2_ws/build/socketcan_interface_msg -- -j24 -l24
[0.521s] DEBUG:colcon.colcon_core.event_handler.log_command:Invoked command in '/home/ryuzot/ros2_ws/build/socketcan_interface_msg' returned '0': CMAKE_PREFIX_PATH=${CMAKE_PREFIX_PATH}:/opt/ros/galactic /usr/bin/cmake --build /home/ryuzot/ros2_ws/build/socketcan_interface_msg -- -j24 -l24
[0.541s] DEBUG:colcon.colcon_core.event_handler.log_command:Invoking command in '/home/ryuzot/ros2_ws/build/socketcan_interface_msg': CMAKE_PREFIX_PATH=${CMAKE_PREFIX_PATH}:/opt/ros/galactic /usr/bin/cmake --install /home/ryuzot/ros2_ws/build/socketcan_interface_msg
[0.591s] Level 1:colcon.colcon_core.environment:create_environment_scripts_only(socketcan_interface_msg)
[0.593s] DEBUG:colcon.colcon_core.event_handler.log_command:Invoked command in '/home/ryuzot/ros2_ws/build/socketcan_interface_msg' returned '0': CMAKE_PREFIX_PATH=${CMAKE_PREFIX_PATH}:/opt/ros/galactic /usr/bin/cmake --install /home/ryuzot/ros2_ws/build/socketcan_interface_msg
[0.597s] Level 1:colcon.colcon_core.environment:checking '/home/ryuzot/ros2_ws/install/socketcan_interface_msg' for CMake module files
[0.597s] Level 1:colcon.colcon_core.environment:checking '/home/ryuzot/ros2_ws/install/socketcan_interface_msg' for CMake config files
[0.598s] Level 1:colcon.colcon_core.shell:create_environment_hook('socketcan_interface_msg', 'cmake_prefix_path')
[0.600s] INFO:colcon.colcon_core.shell:Creating environment hook '/home/ryuzot/ros2_ws/install/socketcan_interface_msg/share/socketcan_interface_msg/hook/cmake_prefix_path.ps1'
[0.601s] INFO:colcon.colcon_core.shell:Creating environment descriptor '/home/ryuzot/ros2_ws/install/socketcan_interface_msg/share/socketcan_interface_msg/hook/cmake_prefix_path.dsv'
[0.601s] INFO:colcon.colcon_core.shell:Creating environment hook '/home/ryuzot/ros2_ws/install/socketcan_interface_msg/share/socketcan_interface_msg/hook/cmake_prefix_path.sh'
[0.602s] Level 1:colcon.colcon_core.environment:checking '/home/ryuzot/ros2_ws/install/socketcan_interface_msg/lib'
[0.602s] Level 1:colcon.colcon_core.shell:create_environment_hook('socketcan_interface_msg', 'ld_library_path_lib')
[0.605s] INFO:colcon.colcon_core.shell:Creating environment hook '/home/ryuzot/ros2_ws/install/socketcan_interface_msg/share/socketcan_interface_msg/hook/ld_library_path_lib.ps1'
[0.605s] INFO:colcon.colcon_core.shell:Creating environment descriptor '/home/ryuzot/ros2_ws/install/socketcan_interface_msg/share/socketcan_interface_msg/hook/ld_library_path_lib.dsv'
[0.605s] INFO:colcon.colcon_core.shell:Creating environment hook '/home/ryuzot/ros2_ws/install/socketcan_interface_msg/share/socketcan_interface_msg/hook/ld_library_path_lib.sh'
[0.605s] Level 1:colcon.colcon_core.environment:checking '/home/ryuzot/ros2_ws/install/socketcan_interface_msg/bin'
[0.605s] Level 1:colcon.colcon_core.environment:checking '/home/ryuzot/ros2_ws/install/socketcan_interface_msg/lib/pkgconfig/socketcan_interface_msg.pc'
[0.605s] Level 1:colcon.colcon_core.environment:checking '/home/ryuzot/ros2_ws/install/socketcan_interface_msg/lib/python3.8/site-packages'
[0.605s] Level 1:colcon.colcon_core.shell:create_environment_hook('socketcan_interface_msg', 'pythonpath')
[0.608s] INFO:colcon.colcon_core.shell:Creating environment hook '/home/ryuzot/ros2_ws/install/socketcan_interface_msg/share/socketcan_interface_msg/hook/pythonpath.ps1'
[0.608s] INFO:colcon.colcon_core.shell:Creating environment descriptor '/home/ryuzot/ros2_ws/install/socketcan_interface_msg/share/socketcan_interface_msg/hook/pythonpath.dsv'
[0.608s] INFO:colcon.colcon_core.shell:Creating environment hook '/home/ryuzot/ros2_ws/install/socketcan_interface_msg/share/socketcan_interface_msg/hook/pythonpath.sh'
[0.611s] INFO:colcon.colcon_core.shell:Creating package script '/home/ryuzot/ros2_ws/install/socketcan_interface_msg/share/socketcan_interface_msg/package.ps1'
[0.611s] INFO:colcon.colcon_core.shell:Creating package descriptor '/home/ryuzot/ros2_ws/install/socketcan_interface_msg/share/socketcan_interface_msg/package.dsv'
[0.612s] INFO:colcon.colcon_core.shell:Creating package script '/home/ryuzot/ros2_ws/install/socketcan_interface_msg/share/socketcan_interface_msg/package.sh'
[0.612s] INFO:colcon.colcon_core.shell:Creating package script '/home/ryuzot/ros2_ws/install/socketcan_interface_msg/share/socketcan_interface_msg/package.bash'
[0.613s] INFO:colcon.colcon_core.shell:Creating package script '/home/ryuzot/ros2_ws/install/socketcan_interface_msg/share/socketcan_interface_msg/package.zsh'
[0.613s] Level 1:colcon.colcon_core.environment:create_file_with_runtime_dependencies(/home/ryuzot/ros2_ws/install/socketcan_interface_msg/share/colcon-core/packages/socketcan_interface_msg)
[0.629s] Level 1:colcon.colcon_core.environment:create_environment_scripts_only(socketcan_interface_msg)
[0.633s] Level 1:colcon.colcon_core.environment:checking '/home/ryuzot/ros2_ws/install/socketcan_interface_msg' for CMake module files
[0.633s] Level 1:colcon.colcon_core.environment:checking '/home/ryuzot/ros2_ws/install/socketcan_interface_msg' for CMake config files
[0.634s] Level 1:colcon.colcon_core.shell:create_environment_hook('socketcan_interface_msg', 'cmake_prefix_path')
[0.636s] INFO:colcon.colcon_core.shell:Creating environment hook '/home/ryuzot/ros2_ws/install/socketcan_interface_msg/share/socketcan_interface_msg/hook/cmake_prefix_path.ps1'
[0.637s] INFO:colcon.colcon_core.shell:Creating environment descriptor '/home/ryuzot/ros2_ws/install/socketcan_interface_msg/share/socketcan_interface_msg/hook/cmake_prefix_path.dsv'
[0.637s] INFO:colcon.colcon_core.shell:Creating environment hook '/home/ryuzot/ros2_ws/install/socketcan_interface_msg/share/socketcan_interface_msg/hook/cmake_prefix_path.sh'
[0.637s] Level 1:colcon.colcon_core.environment:checking '/home/ryuzot/ros2_ws/install/socketcan_interface_msg/lib'
[0.638s] Level 1:colcon.colcon_core.shell:create_environment_hook('socketcan_interface_msg', 'ld_library_path_lib')
[0.640s] INFO:colcon.colcon_core.shell:Creating environment hook '/home/ryuzot/ros2_ws/install/socketcan_interface_msg/share/socketcan_interface_msg/hook/ld_library_path_lib.ps1'
[0.640s] INFO:colcon.colcon_core.shell:Creating environment descriptor '/home/ryuzot/ros2_ws/install/socketcan_interface_msg/share/socketcan_interface_msg/hook/ld_library_path_lib.dsv'
[0.641s] INFO:colcon.colcon_core.shell:Creating environment hook '/home/ryuzot/ros2_ws/install/socketcan_interface_msg/share/socketcan_interface_msg/hook/ld_library_path_lib.sh'
[0.641s] Level 1:colcon.colcon_core.environment:checking '/home/ryuzot/ros2_ws/install/socketcan_interface_msg/bin'
[0.641s] Level 1:colcon.colcon_core.environment:checking '/home/ryuzot/ros2_ws/install/socketcan_interface_msg/lib/pkgconfig/socketcan_interface_msg.pc'
[0.641s] Level 1:colcon.colcon_core.environment:checking '/home/ryuzot/ros2_ws/install/socketcan_interface_msg/lib/python3.8/site-packages'
[0.641s] Level 1:colcon.colcon_core.shell:create_environment_hook('socketcan_interface_msg', 'pythonpath')
[0.643s] INFO:colcon.colcon_core.shell:Creating environment hook '/home/ryuzot/ros2_ws/install/socketcan_interface_msg/share/socketcan_interface_msg/hook/pythonpath.ps1'
[0.644s] INFO:colcon.colcon_core.shell:Creating environment descriptor '/home/ryuzot/ros2_ws/install/socketcan_interface_msg/share/socketcan_interface_msg/hook/pythonpath.dsv'
[0.644s] INFO:colcon.colcon_core.shell:Creating environment hook '/home/ryuzot/ros2_ws/install/socketcan_interface_msg/share/socketcan_interface_msg/hook/pythonpath.sh'
[0.646s] INFO:colcon.colcon_core.shell:Creating package script '/home/ryuzot/ros2_ws/install/socketcan_interface_msg/share/socketcan_interface_msg/package.ps1'
[0.647s] INFO:colcon.colcon_core.shell:Creating package descriptor '/home/ryuzot/ros2_ws/install/socketcan_interface_msg/share/socketcan_interface_msg/package.dsv'
[0.647s] INFO:colcon.colcon_core.shell:Creating package script '/home/ryuzot/ros2_ws/install/socketcan_interface_msg/share/socketcan_interface_msg/package.sh'
[0.647s] INFO:colcon.colcon_core.shell:Creating package script '/home/ryuzot/ros2_ws/install/socketcan_interface_msg/share/socketcan_interface_msg/package.bash'
[0.648s] INFO:colcon.colcon_core.shell:Creating package script '/home/ryuzot/ros2_ws/install/socketcan_interface_msg/share/socketcan_interface_msg/package.zsh'
[0.648s] Level 1:colcon.colcon_core.environment:create_file_with_runtime_dependencies(/home/ryuzot/ros2_ws/install/socketcan_interface_msg/share/colcon-core/packages/socketcan_interface_msg)
[0.648s] INFO:colcon.colcon_ros.task.ament_cmake.build:Building ROS package in '/home/ryuzot/ros2_ws/src/socketcan_interface' with build type 'ament_cmake'
[0.648s] INFO:colcon.colcon_cmake.task.cmake.build:Building CMake package in '/home/ryuzot/ros2_ws/src/socketcan_interface'
[0.651s] INFO:colcon.colcon_core.shell:Skip shell extension 'powershell' for command environment: Not usable outside of PowerShell
[0.651s] DEBUG:colcon.colcon_core.shell:Skip shell extension 'dsv' for command environment
[0.886s] DEBUG:colcon.colcon_core.event_handler.log_command:Invoking command in '/home/ryuzot/ros2_ws/build/socketcan_interface': CMAKE_PREFIX_PATH=/home/ryuzot/ros2_ws/install/socketcan_interface_msg:/home/ryuzot/ros2_ws/install/main_executor:/home/ryuzot/ros2_ws/install/socketcan_interface:/opt/ros/galactic LD_LIBRARY_PATH=/home/ryuzot/ros2_ws/install/socketcan_interface_msg/lib:/home/ryuzot/ros2_ws/install/socketcan_interface/lib:/opt/ros/galactic/opt/yaml_cpp_vendor/lib:/opt/ros/galactic/opt/rviz_ogre_vendor/lib:/opt/ros/galactic/lib/x86_64-linux-gnu:/opt/ros/galactic/lib /usr/bin/cmake --build /home/ryuzot/ros2_ws/build/socketcan_interface -- -j24 -l24
[0.895s] DEBUG:colcon.colcon_core.event_handler.log_command:Invoked command in '/home/ryuzot/ros2_ws/build/socketcan_interface' returned '0': CMAKE_PREFIX_PATH=/home/ryuzot/ros2_ws/install/socketcan_interface_msg:/home/ryuzot/ros2_ws/install/main_executor:/home/ryuzot/ros2_ws/install/socketcan_interface:/opt/ros/galactic LD_LIBRARY_PATH=/home/ryuzot/ros2_ws/install/socketcan_interface_msg/lib:/home/ryuzot/ros2_ws/install/socketcan_interface/lib:/opt/ros/galactic/opt/yaml_cpp_vendor/lib:/opt/ros/galactic/opt/rviz_ogre_vendor/lib:/opt/ros/galactic/lib/x86_64-linux-gnu:/opt/ros/galactic/lib /usr/bin/cmake --build /home/ryuzot/ros2_ws/build/socketcan_interface -- -j24 -l24
[0.909s] DEBUG:colcon.colcon_core.event_handler.log_command:Invoking command in '/home/ryuzot/ros2_ws/build/socketcan_interface': CMAKE_PREFIX_PATH=/home/ryuzot/ros2_ws/install/socketcan_interface_msg:/home/ryuzot/ros2_ws/install/main_executor:/home/ryuzot/ros2_ws/install/socketcan_interface:/opt/ros/galactic LD_LIBRARY_PATH=/home/ryuzot/ros2_ws/install/socketcan_interface_msg/lib:/home/ryuzot/ros2_ws/install/socketcan_interface/lib:/opt/ros/galactic/opt/yaml_cpp_vendor/lib:/opt/ros/galactic/opt/rviz_ogre_vendor/lib:/opt/ros/galactic/lib/x86_64-linux-gnu:/opt/ros/galactic/lib /usr/bin/cmake --install /home/ryuzot/ros2_ws/build/socketcan_interface
[0.927s] Level 1:colcon.colcon_core.environment:create_environment_scripts_only(socketcan_interface)
[0.927s] DEBUG:colcon.colcon_core.event_handler.log_command:Invoked command in '/home/ryuzot/ros2_ws/build/socketcan_interface' returned '0': CMAKE_PREFIX_PATH=/home/ryuzot/ros2_ws/install/socketcan_interface_msg:/home/ryuzot/ros2_ws/install/main_executor:/home/ryuzot/ros2_ws/install/socketcan_interface:/opt/ros/galactic LD_LIBRARY_PATH=/home/ryuzot/ros2_ws/install/socketcan_interface_msg/lib:/home/ryuzot/ros2_ws/install/socketcan_interface/lib:/opt/ros/galactic/opt/yaml_cpp_vendor/lib:/opt/ros/galactic/opt/rviz_ogre_vendor/lib:/opt/ros/galactic/lib/x86_64-linux-gnu:/opt/ros/galactic/lib /usr/bin/cmake --install /home/ryuzot/ros2_ws/build/socketcan_interface
[0.930s] Level 1:colcon.colcon_core.environment:checking '/home/ryuzot/ros2_ws/install/socketcan_interface' for CMake module files
[0.931s] Level 1:colcon.colcon_core.environment:checking '/home/ryuzot/ros2_ws/install/socketcan_interface' for CMake config files
[0.931s] Level 1:colcon.colcon_core.shell:create_environment_hook('socketcan_interface', 'cmake_prefix_path')
[0.934s] INFO:colcon.colcon_core.shell:Creating environment hook '/home/ryuzot/ros2_ws/install/socketcan_interface/share/socketcan_interface/hook/cmake_prefix_path.ps1'
[0.934s] INFO:colcon.colcon_core.shell:Creating environment descriptor '/home/ryuzot/ros2_ws/install/socketcan_interface/share/socketcan_interface/hook/cmake_prefix_path.dsv'
[0.934s] INFO:colcon.colcon_core.shell:Creating environment hook '/home/ryuzot/ros2_ws/install/socketcan_interface/share/socketcan_interface/hook/cmake_prefix_path.sh'
[0.935s] Level 1:colcon.colcon_core.environment:checking '/home/ryuzot/ros2_ws/install/socketcan_interface/lib'
[0.935s] Level 1:colcon.colcon_core.environment:checking '/home/ryuzot/ros2_ws/install/socketcan_interface/bin'
[0.935s] Level 1:colcon.colcon_core.environment:checking '/home/ryuzot/ros2_ws/install/socketcan_interface/lib/pkgconfig/socketcan_interface.pc'
[0.935s] Level 1:colcon.colcon_core.environment:checking '/home/ryuzot/ros2_ws/install/socketcan_interface/lib/python3.8/site-packages'
[0.937s] INFO:colcon.colcon_core.shell:Creating package script '/home/ryuzot/ros2_ws/install/socketcan_interface/share/socketcan_interface/package.ps1'
[0.938s] INFO:colcon.colcon_core.shell:Creating package descriptor '/home/ryuzot/ros2_ws/install/socketcan_interface/share/socketcan_interface/package.dsv'
[0.938s] INFO:colcon.colcon_core.shell:Creating package script '/home/ryuzot/ros2_ws/install/socketcan_interface/share/socketcan_interface/package.sh'
[0.938s] INFO:colcon.colcon_core.shell:Creating package script '/home/ryuzot/ros2_ws/install/socketcan_interface/share/socketcan_interface/package.bash'
[0.939s] INFO:colcon.colcon_core.shell:Creating package script '/home/ryuzot/ros2_ws/install/socketcan_interface/share/socketcan_interface/package.zsh'
[0.939s] Level 1:colcon.colcon_core.environment:create_file_with_runtime_dependencies(/home/ryuzot/ros2_ws/install/socketcan_interface/share/colcon-core/packages/socketcan_interface)
[0.953s] Level 1:colcon.colcon_core.environment:create_environment_scripts_only(socketcan_interface)
[0.957s] Level 1:colcon.colcon_core.environment:checking '/home/ryuzot/ros2_ws/install/socketcan_interface' for CMake module files
[0.957s] Level 1:colcon.colcon_core.environment:checking '/home/ryuzot/ros2_ws/install/socketcan_interface' for CMake config files
[0.957s] Level 1:colcon.colcon_core.shell:create_environment_hook('socketcan_interface', 'cmake_prefix_path')
[0.960s] INFO:colcon.colcon_core.shell:Creating environment hook '/home/ryuzot/ros2_ws/install/socketcan_interface/share/socketcan_interface/hook/cmake_prefix_path.ps1'
[0.960s] INFO:colcon.colcon_core.shell:Creating environment descriptor '/home/ryuzot/ros2_ws/install/socketcan_interface/share/socketcan_interface/hook/cmake_prefix_path.dsv'
[0.961s] INFO:colcon.colcon_core.shell:Creating environment hook '/home/ryuzot/ros2_ws/install/socketcan_interface/share/socketcan_interface/hook/cmake_prefix_path.sh'
[0.961s] Level 1:colcon.colcon_core.environment:checking '/home/ryuzot/ros2_ws/install/socketcan_interface/lib'
[0.961s] Level 1:colcon.colcon_core.environment:checking '/home/ryuzot/ros2_ws/install/socketcan_interface/bin'
[0.961s] Level 1:colcon.colcon_core.environment:checking '/home/ryuzot/ros2_ws/install/socketcan_interface/lib/pkgconfig/socketcan_interface.pc'
[0.961s] Level 1:colcon.colcon_core.environment:checking '/home/ryuzot/ros2_ws/install/socketcan_interface/lib/python3.8/site-packages'
[0.964s] INFO:colcon.colcon_core.shell:Creating package script '/home/ryuzot/ros2_ws/install/socketcan_interface/share/socketcan_interface/package.ps1'
[0.964s] INFO:colcon.colcon_core.shell:Creating package descriptor '/home/ryuzot/ros2_ws/install/socketcan_interface/share/socketcan_interface/package.dsv'
[0.964s] INFO:colcon.colcon_core.shell:Creating package script '/home/ryuzot/ros2_ws/install/socketcan_interface/share/socketcan_interface/package.sh'
[0.964s] INFO:colcon.colcon_core.shell:Creating package script '/home/ryuzot/ros2_ws/install/socketcan_interface/share/socketcan_interface/package.bash'
[0.965s] INFO:colcon.colcon_core.shell:Creating package script '/home/ryuzot/ros2_ws/install/socketcan_interface/share/socketcan_interface/package.zsh'
[0.965s] Level 1:colcon.colcon_core.environment:create_file_with_runtime_dependencies(/home/ryuzot/ros2_ws/install/socketcan_interface/share/colcon-core/packages/socketcan_interface)
[0.965s] INFO:colcon.colcon_ros.task.ament_cmake.build:Building ROS package in '/home/ryuzot/ros2_ws/src/main_executor' with build type 'ament_cmake'
[0.966s] INFO:colcon.colcon_cmake.task.cmake.build:Building CMake package in '/home/ryuzot/ros2_ws/src/main_executor'
[0.968s] INFO:colcon.colcon_core.shell:Skip shell extension 'powershell' for command environment: Not usable outside of PowerShell
[0.968s] DEBUG:colcon.colcon_core.shell:Skip shell extension 'dsv' for command environment
[1.270s] DEBUG:colcon.colcon_core.event_handler.log_command:Invoking command in '/home/ryuzot/ros2_ws/build/main_executor': CMAKE_PREFIX_PATH=/home/ryuzot/ros2_ws/install/socketcan_interface:/home/ryuzot/ros2_ws/install/socketcan_interface_msg:/home/ryuzot/ros2_ws/install/main_executor:/opt/ros/galactic LD_LIBRARY_PATH=/home/ryuzot/ros2_ws/install/socketcan_interface_msg/lib:/home/ryuzot/ros2_ws/install/socketcan_interface/lib:/opt/ros/galactic/opt/yaml_cpp_vendor/lib:/opt/ros/galactic/opt/rviz_ogre_vendor/lib:/opt/ros/galactic/lib/x86_64-linux-gnu:/opt/ros/galactic/lib /usr/bin/cmake --build /home/ryuzot/ros2_ws/build/main_executor -- -j24 -l24
[3.412s] DEBUG:colcon.colcon_core.event_handler.log_command:Invoked command in '/home/ryuzot/ros2_ws/build/main_executor' returned '0': CMAKE_PREFIX_PATH=/home/ryuzot/ros2_ws/install/socketcan_interface:/home/ryuzot/ros2_ws/install/socketcan_interface_msg:/home/ryuzot/ros2_ws/install/main_executor:/opt/ros/galactic LD_LIBRARY_PATH=/home/ryuzot/ros2_ws/install/socketcan_interface_msg/lib:/home/ryuzot/ros2_ws/install/socketcan_interface/lib:/opt/ros/galactic/opt/yaml_cpp_vendor/lib:/opt/ros/galactic/opt/rviz_ogre_vendor/lib:/opt/ros/galactic/lib/x86_64-linux-gnu:/opt/ros/galactic/lib /usr/bin/cmake --build /home/ryuzot/ros2_ws/build/main_executor -- -j24 -l24
[3.425s] DEBUG:colcon.colcon_core.event_handler.log_command:Invoking command in '/home/ryuzot/ros2_ws/build/main_executor': CMAKE_PREFIX_PATH=/home/ryuzot/ros2_ws/install/socketcan_interface:/home/ryuzot/ros2_ws/install/socketcan_interface_msg:/home/ryuzot/ros2_ws/install/main_executor:/opt/ros/galactic LD_LIBRARY_PATH=/home/ryuzot/ros2_ws/install/socketcan_interface_msg/lib:/home/ryuzot/ros2_ws/install/socketcan_interface/lib:/opt/ros/galactic/opt/yaml_cpp_vendor/lib:/opt/ros/galactic/opt/rviz_ogre_vendor/lib:/opt/ros/galactic/lib/x86_64-linux-gnu:/opt/ros/galactic/lib /usr/bin/cmake --install /home/ryuzot/ros2_ws/build/main_executor
[3.440s] Level 1:colcon.colcon_core.environment:create_environment_scripts_only(main_executor)
[3.444s] Level 1:colcon.colcon_core.environment:checking '/home/ryuzot/ros2_ws/install/main_executor' for CMake module files
[3.445s] DEBUG:colcon.colcon_core.event_handler.log_command:Invoked command in '/home/ryuzot/ros2_ws/build/main_executor' returned '0': CMAKE_PREFIX_PATH=/home/ryuzot/ros2_ws/install/socketcan_interface:/home/ryuzot/ros2_ws/install/socketcan_interface_msg:/home/ryuzot/ros2_ws/install/main_executor:/opt/ros/galactic LD_LIBRARY_PATH=/home/ryuzot/ros2_ws/install/socketcan_interface_msg/lib:/home/ryuzot/ros2_ws/install/socketcan_interface/lib:/opt/ros/galactic/opt/yaml_cpp_vendor/lib:/opt/ros/galactic/opt/rviz_ogre_vendor/lib:/opt/ros/galactic/lib/x86_64-linux-gnu:/opt/ros/galactic/lib /usr/bin/cmake --install /home/ryuzot/ros2_ws/build/main_executor
[3.445s] Level 1:colcon.colcon_core.environment:checking '/home/ryuzot/ros2_ws/install/main_executor' for CMake config files
[3.445s] Level 1:colcon.colcon_core.shell:create_environment_hook('main_executor', 'cmake_prefix_path')
[3.448s] INFO:colcon.colcon_core.shell:Creating environment hook '/home/ryuzot/ros2_ws/install/main_executor/share/main_executor/hook/cmake_prefix_path.ps1'
[3.448s] INFO:colcon.colcon_core.shell:Creating environment descriptor '/home/ryuzot/ros2_ws/install/main_executor/share/main_executor/hook/cmake_prefix_path.dsv'
[3.448s] INFO:colcon.colcon_core.shell:Creating environment hook '/home/ryuzot/ros2_ws/install/main_executor/share/main_executor/hook/cmake_prefix_path.sh'
[3.448s] Level 1:colcon.colcon_core.environment:checking '/home/ryuzot/ros2_ws/install/main_executor/lib'
[3.449s] Level 1:colcon.colcon_core.environment:checking '/home/ryuzot/ros2_ws/install/main_executor/bin'
[3.449s] Level 1:colcon.colcon_core.environment:checking '/home/ryuzot/ros2_ws/install/main_executor/lib/pkgconfig/main_executor.pc'
[3.449s] Level 1:colcon.colcon_core.environment:checking '/home/ryuzot/ros2_ws/install/main_executor/lib/python3.8/site-packages'
[3.451s] INFO:colcon.colcon_core.shell:Creating package script '/home/ryuzot/ros2_ws/install/main_executor/share/main_executor/package.ps1'
[3.452s] INFO:colcon.colcon_core.shell:Creating package descriptor '/home/ryuzot/ros2_ws/install/main_executor/share/main_executor/package.dsv'
[3.452s] INFO:colcon.colcon_core.shell:Creating package script '/home/ryuzot/ros2_ws/install/main_executor/share/main_executor/package.sh'
[3.452s] INFO:colcon.colcon_core.shell:Creating package script '/home/ryuzot/ros2_ws/install/main_executor/share/main_executor/package.bash'
[3.452s] INFO:colcon.colcon_core.shell:Creating package script '/home/ryuzot/ros2_ws/install/main_executor/share/main_executor/package.zsh'
[3.453s] Level 1:colcon.colcon_core.environment:create_file_with_runtime_dependencies(/home/ryuzot/ros2_ws/install/main_executor/share/colcon-core/packages/main_executor)
[3.467s] Level 1:colcon.colcon_core.environment:create_environment_scripts_only(main_executor)
[3.471s] Level 1:colcon.colcon_core.environment:checking '/home/ryuzot/ros2_ws/install/main_executor' for CMake module files
[3.471s] Level 1:colcon.colcon_core.environment:checking '/home/ryuzot/ros2_ws/install/main_executor' for CMake config files
[3.471s] Level 1:colcon.colcon_core.shell:create_environment_hook('main_executor', 'cmake_prefix_path')
[3.474s] INFO:colcon.colcon_core.shell:Creating environment hook '/home/ryuzot/ros2_ws/install/main_executor/share/main_executor/hook/cmake_prefix_path.ps1'
[3.474s] INFO:colcon.colcon_core.shell:Creating environment descriptor '/home/ryuzot/ros2_ws/install/main_executor/share/main_executor/hook/cmake_prefix_path.dsv'
[3.474s] INFO:colcon.colcon_core.shell:Creating environment hook '/home/ryuzot/ros2_ws/install/main_executor/share/main_executor/hook/cmake_prefix_path.sh'
[3.475s] Level 1:colcon.colcon_core.environment:checking '/home/ryuzot/ros2_ws/install/main_executor/lib'
[3.475s] Level 1:colcon.colcon_core.environment:checking '/home/ryuzot/ros2_ws/install/main_executor/bin'
[3.475s] Level 1:colcon.colcon_core.environment:checking '/home/ryuzot/ros2_ws/install/main_executor/lib/pkgconfig/main_executor.pc'
[3.475s] Level 1:colcon.colcon_core.environment:checking '/home/ryuzot/ros2_ws/install/main_executor/lib/python3.8/site-packages'
[3.477s] INFO:colcon.colcon_core.shell:Creating package script '/home/ryuzot/ros2_ws/install/main_executor/share/main_executor/package.ps1'
[3.478s] INFO:colcon.colcon_core.shell:Creating package descriptor '/home/ryuzot/ros2_ws/install/main_executor/share/main_executor/package.dsv'
[3.478s] INFO:colcon.colcon_core.shell:Creating package script '/home/ryuzot/ros2_ws/install/main_executor/share/main_executor/package.sh'
[3.478s] INFO:colcon.colcon_core.shell:Creating package script '/home/ryuzot/ros2_ws/install/main_executor/share/main_executor/package.bash'
[3.479s] INFO:colcon.colcon_core.shell:Creating package script '/home/ryuzot/ros2_ws/install/main_executor/share/main_executor/package.zsh'
[3.479s] Level 1:colcon.colcon_core.environment:create_file_with_runtime_dependencies(/home/ryuzot/ros2_ws/install/main_executor/share/colcon-core/packages/main_executor)
[3.479s] DEBUG:colcon.colcon_parallel_executor.executor.parallel:closing loop
[3.480s] DEBUG:colcon.colcon_parallel_executor.executor.parallel:loop closed
[3.480s] DEBUG:colcon.colcon_parallel_executor.executor.parallel:run_until_complete finished with '0'
[3.480s] DEBUG:colcon.colcon_core.event_reactor:joining thread
[3.553s] INFO:colcon.colcon_core.plugin_system:Skipping extension 'colcon_notification.desktop_notification.notify_send': Could not find 'notify-send'
[3.553s] INFO:colcon.colcon_core.plugin_system:Skipping extension 'colcon_notification.desktop_notification.terminal_notifier': Not used on non-Darwin systems
[3.553s] INFO:colcon.colcon_core.plugin_system:Skipping extension 'colcon_notification.desktop_notification.win32': Not used on non-Windows systems
[3.553s] INFO:colcon.colcon_notification.desktop_notification:Sending desktop notification using 'notify2'
[3.557s] DEBUG:colcon.colcon_notification.desktop_notification.notify2:Failed to initialize notify2: org.freedesktop.DBus.Error.ServiceUnknown: The name org.freedesktop.Notifications was not provided by any .service files
[3.557s] DEBUG:colcon.colcon_core.event_reactor:joined thread
[3.560s] INFO:colcon.colcon_core.shell:Creating prefix script '/home/ryuzot/ros2_ws/install/local_setup.ps1'
[3.561s] INFO:colcon.colcon_core.shell:Creating prefix util module '/home/ryuzot/ros2_ws/install/_local_setup_util_ps1.py'
[3.562s] INFO:colcon.colcon_core.shell:Creating prefix chain script '/home/ryuzot/ros2_ws/install/setup.ps1'
[3.565s] INFO:colcon.colcon_core.shell:Creating prefix script '/home/ryuzot/ros2_ws/install/local_setup.sh'
[3.565s] INFO:colcon.colcon_core.shell:Creating prefix util module '/home/ryuzot/ros2_ws/install/_local_setup_util_sh.py'
[3.566s] INFO:colcon.colcon_core.shell:Creating prefix chain script '/home/ryuzot/ros2_ws/install/setup.sh'
[3.569s] INFO:colcon.colcon_core.shell:Creating prefix script '/home/ryuzot/ros2_ws/install/local_setup.bash'
[3.569s] INFO:colcon.colcon_core.shell:Creating prefix chain script '/home/ryuzot/ros2_ws/install/setup.bash'
[3.572s] INFO:colcon.colcon_core.shell:Creating prefix script '/home/ryuzot/ros2_ws/install/local_setup.zsh'
[3.572s] INFO:colcon.colcon_core.shell:Creating prefix chain script '/home/ryuzot/ros2_ws/install/setup.zsh'
