[0.341s] Invoking command in '/home/ryuzot/ros2_main/build/main_executor': CMAKE_PREFIX_PATH=${CMAKE_PREFIX_PATH}:/opt/ros/galactic LD_LIBRARY_PATH=/home/ryuzot/ros2_main/install/socketcan_interface_msg/lib:/home/ryuzot/ros2_main/install/socketcan_interface/lib:/opt/ros/galactic/opt/yaml_cpp_vendor/lib:/opt/ros/galactic/opt/rviz_ogre_vendor/lib:/opt/ros/galactic/lib/x86_64-linux-gnu:/opt/ros/galactic/lib /usr/bin/cmake /home/ryuzot/ros2_main/src/main_executor -DCMAKE_EXPORT_COMPILE_COMMANDS=ON -G Ninja -DAMENT_CMAKE_SYMLINK_INSTALL=1 -DCMAKE_INSTALL_PREFIX=/home/ryuzot/ros2_main/install/main_executor
[0.638s] -- The C compiler identification is GNU 9.4.0
[1.095s] -- The CXX compiler identification is GNU 9.4.0
[1.350s] -- Check for working C compiler: /usr/bin/cc
[1.510s] -- Check for working C compiler: /usr/bin/cc -- works
[1.511s] -- Detecting C compiler ABI info
[1.676s] -- Detecting C compiler ABI info - done
[1.685s] -- Detecting C compile features
[1.685s] -- Detecting C compile features - done
[1.688s] -- Check for working CXX compiler: /usr/bin/c++
[1.852s] -- Check for working CXX compiler: /usr/bin/c++ -- works
[1.852s] -- Detecting CXX compiler ABI info
[2.049s] -- Detecting CXX compiler ABI info - done
[2.059s] -- Detecting CXX compile features
[2.060s] -- Detecting CXX compile features - done
[2.061s] -- Found rclcpp: 9.2.0 (/opt/ros/galactic/share/rclcpp/cmake)
[2.080s] -- Found PythonInterp: /usr/bin/python3 (found suitable version "3.8.10", minimum required is "3") 
[2.080s] -- Using PYTHON_EXECUTABLE: /usr/bin/python3
[2.123s] -- Override CMake install command with custom implementation using symlinks instead of copying resources
[2.419s] -- Using all available rosidl_typesupport_c: rosidl_typesupport_fastrtps_c;rosidl_typesupport_introspection_c
[2.425s] -- Found rosidl_adapter: 2.2.1 (/opt/ros/galactic/share/rosidl_adapter/cmake)
[4.387s] -- Found OpenSSL: /usr/lib/x86_64-linux-gnu/libcrypto.so (found version "1.1.1f")  
[6.302s] -- Found FastRTPS: /opt/ros/galactic/include  
[9.792s] -- Using all available rosidl_typesupport_cpp: rosidl_typesupport_fastrtps_cpp;rosidl_typesupport_introspection_cpp
[9.840s] -- Found rmw_implementation_cmake: 3.3.1 (/opt/ros/galactic/share/rmw_implementation_cmake/cmake)
[9.843s] -- Found rmw_cyclonedds_cpp: 0.22.4 (/opt/ros/galactic/share/rmw_cyclonedds_cpp/cmake)
[9.860s] -- Using RMW implementation 'rmw_cyclonedds_cpp' as default
[9.860s] -- Looking for pthread.h
[10.050s] -- Looking for pthread.h - found
[10.051s] -- Performing Test CMAKE_HAVE_LIBC_PTHREAD
[10.245s] -- Performing Test CMAKE_HAVE_LIBC_PTHREAD - Failed
[10.245s] -- Looking for pthread_create in pthreads
[10.404s] -- Looking for pthread_create in pthreads - not found
[10.405s] -- Looking for pthread_create in pthread
[10.540s] -- Looking for pthread_create in pthread - found
[10.541s] -- Found Threads: TRUE  
[10.668s] -- Found socketcan_interface: 0.0.0 (/home/ryuzot/ros2_main/install/socketcan_interface/share/socketcan_interface/cmake)
[10.679s] -- Found ament_lint_auto: 0.10.6 (/opt/ros/galactic/share/ament_lint_auto/cmake)
[10.737s] -- Added test 'copyright' to check source files copyright and LICENSE
[10.738s] -- Added test 'cppcheck' to perform static code analysis on C / C++ code
[10.738s] -- Configured cppcheck include dirs: $<BUILD_INTERFACE:/home/ryuzot/ros2_main/src/main_executor/include>
[10.738s] -- Configured cppcheck exclude dirs and/or files: 
[10.739s] -- Added test 'cpplint' to check C / C++ code against the Google style
[10.739s] -- Configured cpplint exclude dirs and/or files: 
[10.739s] -- Added test 'lint_cmake' to check CMake code style
[10.740s] -- Added test 'uncrustify' to check C / C++ code style
[10.740s] -- Configured uncrustify additional arguments: 
[10.740s] -- Added test 'xmllint' to check XML markup files
[10.743s] -- Configuring done
[10.748s] -- Generating done
[10.750s] -- Build files have been written to: /home/ryuzot/ros2_main/build/main_executor
[10.762s] Invoked command in '/home/ryuzot/ros2_main/build/main_executor' returned '0': CMAKE_PREFIX_PATH=${CMAKE_PREFIX_PATH}:/opt/ros/galactic LD_LIBRARY_PATH=/home/ryuzot/ros2_main/install/socketcan_interface_msg/lib:/home/ryuzot/ros2_main/install/socketcan_interface/lib:/opt/ros/galactic/opt/yaml_cpp_vendor/lib:/opt/ros/galactic/opt/rviz_ogre_vendor/lib:/opt/ros/galactic/lib/x86_64-linux-gnu:/opt/ros/galactic/lib /usr/bin/cmake /home/ryuzot/ros2_main/src/main_executor -DCMAKE_EXPORT_COMPILE_COMMANDS=ON -G Ninja -DAMENT_CMAKE_SYMLINK_INSTALL=1 -DCMAKE_INSTALL_PREFIX=/home/ryuzot/ros2_main/install/main_executor
[10.763s] Invoking command in '/home/ryuzot/ros2_main/build/main_executor': CMAKE_PREFIX_PATH=${CMAKE_PREFIX_PATH}:/opt/ros/galactic LD_LIBRARY_PATH=/home/ryuzot/ros2_main/install/socketcan_interface_msg/lib:/home/ryuzot/ros2_main/install/socketcan_interface/lib:/opt/ros/galactic/opt/yaml_cpp_vendor/lib:/opt/ros/galactic/opt/rviz_ogre_vendor/lib:/opt/ros/galactic/lib/x86_64-linux-gnu:/opt/ros/galactic/lib /usr/bin/cmake --build /home/ryuzot/ros2_main/build/main_executor -- -j24 -l24
[10.770s] 
[10.871s] [0/2] Building CXX object CMakeFiles/main_exec.dir/src/main.cpp.o[K
[10.871s] [1/2] Building CXX object CMakeFiles/main_exec.dir/src/main.cpp.o[K
[10.871s] [31mFAILED: [0mCMakeFiles/main_exec.dir/src/main.cpp.o 
[10.871s] /usr/bin/c++  -DDEFAULT_RMW_IMPLEMENTATION=rmw_cyclonedds_cpp -DRCUTILS_ENABLE_FAULT_INJECTION -I/home/ryuzot/ros2_main/src/main_executor/include -isystem /home/ryuzot/ros2_main/install/socketcan_interface/include -isystem /opt/ros/galactic/include -isystem /home/ryuzot/ros2_main/install/socketcan_interface_msg/include -Wall -Wextra -Wpedantic -std=gnu++17 -MD -MT CMakeFiles/main_exec.dir/src/main.cpp.o -MF CMakeFiles/main_exec.dir/src/main.cpp.o.d -o CMakeFiles/main_exec.dir/src/main.cpp.o -c /home/ryuzot/ros2_main/src/main_executor/src/main.cpp
[10.871s] /home/ryuzot/ros2_main/src/main_executor/src/main.cpp:7:10: fatal error: socketcan_interface/socketcan_interface_node.hpp: No such file or directory
[10.871s]     7 | #include "socketcan_interface/socketcan_interface_node.hpp"
[10.871s]       |          ^~~~~~~~~~~~~~~~~~~~~~~~~~~~~~~~~~~~~~~~~~~~~~~~~~
[10.871s] compilation terminated.
[10.872s] ninja: build stopped: subcommand failed.
[10.874s] Invoked command in '/home/ryuzot/ros2_main/build/main_executor' returned '1': CMAKE_PREFIX_PATH=${CMAKE_PREFIX_PATH}:/opt/ros/galactic LD_LIBRARY_PATH=/home/ryuzot/ros2_main/install/socketcan_interface_msg/lib:/home/ryuzot/ros2_main/install/socketcan_interface/lib:/opt/ros/galactic/opt/yaml_cpp_vendor/lib:/opt/ros/galactic/opt/rviz_ogre_vendor/lib:/opt/ros/galactic/lib/x86_64-linux-gnu:/opt/ros/galactic/lib /usr/bin/cmake --build /home/ryuzot/ros2_main/build/main_executor -- -j24 -l24
