[0.291s] Invoking command in '/home/ryuzot/ros2_ws/build/main_executor': AMENT_PREFIX_PATH=/home/ryuzot/ros2_ws/install/socketcan_interface:/home/ryuzot/ros2_ws/install/socketcan_interface_msg:${AMENT_PREFIX_PATH} CMAKE_PREFIX_PATH=/home/ryuzot/ros2_ws/install/socketcan_interface:/home/ryuzot/ros2_ws/install/socketcan_interface_msg:/opt/ros/galactic LD_LIBRARY_PATH=/home/ryuzot/ros2_ws/install/socketcan_interface/lib:/home/ryuzot/ros2_ws/install/socketcan_interface_msg/lib:${LD_LIBRARY_PATH} PYTHONPATH=/home/ryuzot/ros2_ws/install/socketcan_interface_msg/lib/python3.8/site-packages:${PYTHONPATH} /usr/bin/cmake --build /home/ryuzot/ros2_ws/build/main_executor -- -j24 -l24
[0.297s] 
[0.298s] [0/1] Re-running CMake...[K
[0.308s] -- Found rclcpp: 9.2.0 (/opt/ros/galactic/share/rclcpp/cmake)
[0.324s] -- Using PYTHON_EXECUTABLE: /usr/bin/python3
[0.362s] -- Override CMake install command with custom implementation using symlinks instead of copying resources
[0.603s] -- Using all available rosidl_typesupport_c: rosidl_typesupport_fastrtps_c;rosidl_typesupport_introspection_c
[0.606s] -- Found rosidl_adapter: 2.2.1 (/opt/ros/galactic/share/rosidl_adapter/cmake)
[7.758s] -- Using all available rosidl_typesupport_cpp: rosidl_typesupport_fastrtps_cpp;rosidl_typesupport_introspection_cpp
[7.801s] -- Found rmw_implementation_cmake: 3.3.1 (/opt/ros/galactic/share/rmw_implementation_cmake/cmake)
[7.802s] -- Found rmw_cyclonedds_cpp: 0.22.4 (/opt/ros/galactic/share/rmw_cyclonedds_cpp/cmake)
[7.817s] -- Using RMW implementation 'rmw_cyclonedds_cpp' as default
[7.935s] -- Found socketcan_interface: 0.0.0 (/home/ryuzot/ros2_ws/install/socketcan_interface/share/socketcan_interface/cmake)
[7.945s] -- Found ament_lint_auto: 0.10.6 (/opt/ros/galactic/share/ament_lint_auto/cmake)
[7.991s] -- Added test 'copyright' to check source files copyright and LICENSE
[7.992s] -- Added test 'cppcheck' to perform static code analysis on C / C++ code
[7.992s] -- Configured cppcheck include dirs: $<BUILD_INTERFACE:/home/ryuzot/ros2_ws/src/main_executor/include>
[7.992s] -- Configured cppcheck exclude dirs and/or files: 
[7.992s] -- Added test 'cpplint' to check C / C++ code against the Google style
[7.992s] -- Configured cpplint exclude dirs and/or files: 
[7.993s] -- Added test 'lint_cmake' to check CMake code style
[7.993s] -- Added test 'uncrustify' to check C / C++ code style
[7.993s] -- Configured uncrustify additional arguments: 
[7.993s] -- Added test 'xmllint' to check XML markup files
[7.995s] -- Configuring done
[7.999s] -- Generating done
[8.000s] -- Build files have been written to: /home/ryuzot/ros2_ws/build/main_executor
[8.007s] 
[8.337s] [0/1] Linking CXX executable main_exec[K
[8.337s] [1/1] Linking CXX executable main_exec[K
[8.339s] Invoked command in '/home/ryuzot/ros2_ws/build/main_executor' returned '0': AMENT_PREFIX_PATH=/home/ryuzot/ros2_ws/install/socketcan_interface:/home/ryuzot/ros2_ws/install/socketcan_interface_msg:${AMENT_PREFIX_PATH} CMAKE_PREFIX_PATH=/home/ryuzot/ros2_ws/install/socketcan_interface:/home/ryuzot/ros2_ws/install/socketcan_interface_msg:/opt/ros/galactic LD_LIBRARY_PATH=/home/ryuzot/ros2_ws/install/socketcan_interface/lib:/home/ryuzot/ros2_ws/install/socketcan_interface_msg/lib:${LD_LIBRARY_PATH} PYTHONPATH=/home/ryuzot/ros2_ws/install/socketcan_interface_msg/lib/python3.8/site-packages:${PYTHONPATH} /usr/bin/cmake --build /home/ryuzot/ros2_ws/build/main_executor -- -j24 -l24
[8.352s] Invoking command in '/home/ryuzot/ros2_ws/build/main_executor': AMENT_PREFIX_PATH=/home/ryuzot/ros2_ws/install/socketcan_interface:/home/ryuzot/ros2_ws/install/socketcan_interface_msg:${AMENT_PREFIX_PATH} CMAKE_PREFIX_PATH=/home/ryuzot/ros2_ws/install/socketcan_interface:/home/ryuzot/ros2_ws/install/socketcan_interface_msg:/opt/ros/galactic LD_LIBRARY_PATH=/home/ryuzot/ros2_ws/install/socketcan_interface/lib:/home/ryuzot/ros2_ws/install/socketcan_interface_msg/lib:${LD_LIBRARY_PATH} PYTHONPATH=/home/ryuzot/ros2_ws/install/socketcan_interface_msg/lib/python3.8/site-packages:${PYTHONPATH} /usr/bin/cmake --install /home/ryuzot/ros2_ws/build/main_executor
[8.357s] -- Install configuration: ""
[8.358s] -- Execute custom install script
[8.358s] -- Up-to-date symlink: /home/ryuzot/ros2_ws/install/main_executor/lib/main_executor/main_exec
[8.358s] -- Up-to-date symlink: /home/ryuzot/ros2_ws/install/main_executor/share/ament_index/resource_index/package_run_dependencies/main_executor
[8.358s] -- Up-to-date symlink: /home/ryuzot/ros2_ws/install/main_executor/share/ament_index/resource_index/parent_prefix_path/main_executor
[8.359s] -- Up-to-date symlink: /home/ryuzot/ros2_ws/install/main_executor/share/main_executor/environment/ament_prefix_path.sh
[8.359s] -- Up-to-date symlink: /home/ryuzot/ros2_ws/install/main_executor/share/main_executor/environment/ament_prefix_path.dsv
[8.359s] -- Up-to-date symlink: /home/ryuzot/ros2_ws/install/main_executor/share/main_executor/environment/path.sh
[8.359s] -- Up-to-date symlink: /home/ryuzot/ros2_ws/install/main_executor/share/main_executor/environment/path.dsv
[8.360s] -- Up-to-date symlink: /home/ryuzot/ros2_ws/install/main_executor/share/main_executor/local_setup.bash
[8.360s] -- Up-to-date symlink: /home/ryuzot/ros2_ws/install/main_executor/share/main_executor/local_setup.sh
[8.360s] -- Up-to-date symlink: /home/ryuzot/ros2_ws/install/main_executor/share/main_executor/local_setup.zsh
[8.360s] -- Up-to-date symlink: /home/ryuzot/ros2_ws/install/main_executor/share/main_executor/local_setup.dsv
[8.360s] -- Symlinking: /home/ryuzot/ros2_ws/install/main_executor/share/main_executor/package.dsv
[8.366s] -- Up-to-date symlink: /home/ryuzot/ros2_ws/install/main_executor/share/ament_index/resource_index/packages/main_executor
[8.366s] -- Up-to-date symlink: /home/ryuzot/ros2_ws/install/main_executor/share/main_executor/cmake/main_executorConfig.cmake
[8.366s] -- Up-to-date symlink: /home/ryuzot/ros2_ws/install/main_executor/share/main_executor/cmake/main_executorConfig-version.cmake
[8.367s] -- Up-to-date symlink: /home/ryuzot/ros2_ws/install/main_executor/share/main_executor/package.xml
[8.372s] Invoked command in '/home/ryuzot/ros2_ws/build/main_executor' returned '0': AMENT_PREFIX_PATH=/home/ryuzot/ros2_ws/install/socketcan_interface:/home/ryuzot/ros2_ws/install/socketcan_interface_msg:${AMENT_PREFIX_PATH} CMAKE_PREFIX_PATH=/home/ryuzot/ros2_ws/install/socketcan_interface:/home/ryuzot/ros2_ws/install/socketcan_interface_msg:/opt/ros/galactic LD_LIBRARY_PATH=/home/ryuzot/ros2_ws/install/socketcan_interface/lib:/home/ryuzot/ros2_ws/install/socketcan_interface_msg/lib:${LD_LIBRARY_PATH} PYTHONPATH=/home/ryuzot/ros2_ws/install/socketcan_interface_msg/lib/python3.8/site-packages:${PYTHONPATH} /usr/bin/cmake --install /home/ryuzot/ros2_ws/build/main_executor
