[0.198s] Invoking command in '/home/ryuzot/ros2_ws/build/socketcan_interface': CMAKE_PREFIX_PATH=${CMAKE_PREFIX_PATH}:/opt/ros/galactic /usr/bin/cmake --build /home/ryuzot/ros2_ws/build/socketcan_interface -- -j24 -l24
[0.206s] ninja: no work to do.
[0.208s] Invoked command in '/home/ryuzot/ros2_ws/build/socketcan_interface' returned '0': CMAKE_PREFIX_PATH=${CMAKE_PREFIX_PATH}:/opt/ros/galactic /usr/bin/cmake --build /home/ryuzot/ros2_ws/build/socketcan_interface -- -j24 -l24
[0.221s] Invoking command in '/home/ryuzot/ros2_ws/build/socketcan_interface': CMAKE_PREFIX_PATH=${CMAKE_PREFIX_PATH}:/opt/ros/galactic /usr/bin/cmake --install /home/ryuzot/ros2_ws/build/socketcan_interface
[0.226s] -- Install configuration: ""
[0.226s] -- Up-to-date: /home/ryuzot/ros2_ws/install/socketcan_interface/share/socketcan_interface/environment/library_path.sh
[0.226s] -- Up-to-date: /home/ryuzot/ros2_ws/install/socketcan_interface/share/socketcan_interface/environment/library_path.dsv
[0.226s] -- Up-to-date: /home/ryuzot/ros2_ws/install/socketcan_interface/share/socketcan_interface/environment/library_path.sh
[0.227s] -- Up-to-date: /home/ryuzot/ros2_ws/install/socketcan_interface/share/socketcan_interface/environment/library_path.dsv
[0.227s] -- Up-to-date: /home/ryuzot/ros2_ws/install/socketcan_interface/include
[0.227s] -- Up-to-date: /home/ryuzot/ros2_ws/install/socketcan_interface/include/socketcan_interface
[0.227s] -- Up-to-date: /home/ryuzot/ros2_ws/install/socketcan_interface/lib/libsocketcan_interface_node.a
[0.227s] -- Up-to-date: /home/ryuzot/ros2_ws/install/socketcan_interface/share/ament_index/resource_index/package_run_dependencies/socketcan_interface
[0.228s] -- Up-to-date: /home/ryuzot/ros2_ws/install/socketcan_interface/share/ament_index/resource_index/parent_prefix_path/socketcan_interface
[0.228s] -- Up-to-date: /home/ryuzot/ros2_ws/install/socketcan_interface/share/socketcan_interface/environment/ament_prefix_path.sh
[0.228s] -- Up-to-date: /home/ryuzot/ros2_ws/install/socketcan_interface/share/socketcan_interface/environment/ament_prefix_path.dsv
[0.228s] -- Up-to-date: /home/ryuzot/ros2_ws/install/socketcan_interface/share/socketcan_interface/environment/path.sh
[0.228s] -- Up-to-date: /home/ryuzot/ros2_ws/install/socketcan_interface/share/socketcan_interface/environment/path.dsv
[0.228s] -- Up-to-date: /home/ryuzot/ros2_ws/install/socketcan_interface/share/socketcan_interface/local_setup.bash
[0.228s] -- Up-to-date: /home/ryuzot/ros2_ws/install/socketcan_interface/share/socketcan_interface/local_setup.sh
[0.228s] -- Up-to-date: /home/ryuzot/ros2_ws/install/socketcan_interface/share/socketcan_interface/local_setup.zsh
[0.228s] -- Up-to-date: /home/ryuzot/ros2_ws/install/socketcan_interface/share/socketcan_interface/local_setup.dsv
[0.228s] -- Installing: /home/ryuzot/ros2_ws/install/socketcan_interface/share/socketcan_interface/package.dsv
[0.228s] -- Up-to-date: /home/ryuzot/ros2_ws/install/socketcan_interface/share/ament_index/resource_index/packages/socketcan_interface
[0.229s] -- Up-to-date: /home/ryuzot/ros2_ws/install/socketcan_interface/share/socketcan_interface/cmake/export_socketcan_interfaceExport.cmake
[0.229s] -- Up-to-date: /home/ryuzot/ros2_ws/install/socketcan_interface/share/socketcan_interface/cmake/export_socketcan_interfaceExport-noconfig.cmake
[0.229s] -- Up-to-date: /home/ryuzot/ros2_ws/install/socketcan_interface/share/socketcan_interface/cmake/ament_cmake_export_targets-extras.cmake
[0.229s] -- Up-to-date: /home/ryuzot/ros2_ws/install/socketcan_interface/share/socketcan_interface/cmake/ament_cmake_export_dependencies-extras.cmake
[0.229s] -- Up-to-date: /home/ryuzot/ros2_ws/install/socketcan_interface/share/socketcan_interface/cmake/socketcan_interfaceConfig.cmake
[0.229s] -- Up-to-date: /home/ryuzot/ros2_ws/install/socketcan_interface/share/socketcan_interface/cmake/socketcan_interfaceConfig-version.cmake
[0.230s] -- Up-to-date: /home/ryuzot/ros2_ws/install/socketcan_interface/share/socketcan_interface/package.xml
[0.231s] Invoked command in '/home/ryuzot/ros2_ws/build/socketcan_interface' returned '0': CMAKE_PREFIX_PATH=${CMAKE_PREFIX_PATH}:/opt/ros/galactic /usr/bin/cmake --install /home/ryuzot/ros2_ws/build/socketcan_interface
