[0.249s] Invoking command in '/home/ryuzot/ros2_main/build/main_executor': CMAKE_PREFIX_PATH=${CMAKE_PREFIX_PATH}:/opt/ros/galactic LD_LIBRARY_PATH=/home/ryuzot/ros2_main/install/socketcan_interface_msg/lib:/home/ryuzot/ros2_main/install/socketcan_interface/lib:/opt/ros/galactic/opt/yaml_cpp_vendor/lib:/opt/ros/galactic/opt/rviz_ogre_vendor/lib:/opt/ros/galactic/lib/x86_64-linux-gnu:/opt/ros/galactic/lib /usr/bin/cmake /home/ryuzot/ros2_main/src/main_executor -DAMENT_CMAKE_SYMLINK_INSTALL=1 -DCMAKE_INSTALL_PREFIX=/home/ryuzot/ros2_main/install/main_executor
[0.259s] -- Found rclcpp: 9.2.0 (/opt/ros/galactic/share/rclcpp/cmake)
[0.274s] -- Using PYTHON_EXECUTABLE: /usr/bin/python3
[0.312s] -- Override CMake install command with custom implementation using symlinks instead of copying resources
[0.565s] -- Using all available rosidl_typesupport_c: rosidl_typesupport_fastrtps_c;rosidl_typesupport_introspection_c
[0.567s] -- Found rosidl_adapter: 2.2.1 (/opt/ros/galactic/share/rosidl_adapter/cmake)
[6.180s] -- Using all available rosidl_typesupport_cpp: rosidl_typesupport_fastrtps_cpp;rosidl_typesupport_introspection_cpp
[6.221s] -- Found rmw_implementation_cmake: 3.3.1 (/opt/ros/galactic/share/rmw_implementation_cmake/cmake)
[6.222s] -- Found rmw_cyclonedds_cpp: 0.22.4 (/opt/ros/galactic/share/rmw_cyclonedds_cpp/cmake)
[6.237s] -- Using RMW implementation 'rmw_cyclonedds_cpp' as default
[6.351s] -- Found socketcan_interface: 0.0.0 (/home/ryuzot/ros2_main/install/socketcan_interface/share/socketcan_interface/cmake)
[6.360s] -- Found ament_lint_auto: 0.10.6 (/opt/ros/galactic/share/ament_lint_auto/cmake)
[6.407s] -- Added test 'copyright' to check source files copyright and LICENSE
[6.408s] -- Added test 'cppcheck' to perform static code analysis on C / C++ code
[6.408s] -- Configured cppcheck include dirs: $<BUILD_INTERFACE:/home/ryuzot/ros2_main/src/main_executor/include>
[6.408s] -- Configured cppcheck exclude dirs and/or files: 
[6.409s] -- Added test 'cpplint' to check C / C++ code against the Google style
[6.409s] -- Configured cpplint exclude dirs and/or files: 
[6.409s] -- Added test 'lint_cmake' to check CMake code style
[6.409s] -- Added test 'uncrustify' to check C / C++ code style
[6.409s] -- Configured uncrustify additional arguments: 
[6.410s] -- Added test 'xmllint' to check XML markup files
[6.411s] -- Configuring done
[6.416s] -- Generating done
[6.417s] -- Build files have been written to: /home/ryuzot/ros2_main/build/main_executor
[6.422s] Invoked command in '/home/ryuzot/ros2_main/build/main_executor' returned '0': CMAKE_PREFIX_PATH=${CMAKE_PREFIX_PATH}:/opt/ros/galactic LD_LIBRARY_PATH=/home/ryuzot/ros2_main/install/socketcan_interface_msg/lib:/home/ryuzot/ros2_main/install/socketcan_interface/lib:/opt/ros/galactic/opt/yaml_cpp_vendor/lib:/opt/ros/galactic/opt/rviz_ogre_vendor/lib:/opt/ros/galactic/lib/x86_64-linux-gnu:/opt/ros/galactic/lib /usr/bin/cmake /home/ryuzot/ros2_main/src/main_executor -DAMENT_CMAKE_SYMLINK_INSTALL=1 -DCMAKE_INSTALL_PREFIX=/home/ryuzot/ros2_main/install/main_executor
[6.424s] Invoking command in '/home/ryuzot/ros2_main/build/main_executor': CMAKE_PREFIX_PATH=${CMAKE_PREFIX_PATH}:/opt/ros/galactic LD_LIBRARY_PATH=/home/ryuzot/ros2_main/install/socketcan_interface_msg/lib:/home/ryuzot/ros2_main/install/socketcan_interface/lib:/opt/ros/galactic/opt/yaml_cpp_vendor/lib:/opt/ros/galactic/opt/rviz_ogre_vendor/lib:/opt/ros/galactic/lib/x86_64-linux-gnu:/opt/ros/galactic/lib /usr/bin/cmake --build /home/ryuzot/ros2_main/build/main_executor -- -j24 -l24
[6.432s] 
[6.522s] [0/2] Building CXX object CMakeFiles/main_exec.dir/src/main.cpp.o[K
[6.522s] [1/2] Building CXX object CMakeFiles/main_exec.dir/src/main.cpp.o[K
[6.522s] [31mFAILED: [0mCMakeFiles/main_exec.dir/src/main.cpp.o 
[6.522s] /usr/bin/c++  -DDEFAULT_RMW_IMPLEMENTATION=rmw_cyclonedds_cpp -DRCUTILS_ENABLE_FAULT_INJECTION -I/home/ryuzot/ros2_main/src/main_executor/include -isystem /home/ryuzot/ros2_main/install/socketcan_interface/include -isystem /opt/ros/galactic/include -isystem /home/ryuzot/ros2_main/install/socketcan_interface_msg/include -Wall -Wextra -Wpedantic -std=gnu++17 -MD -MT CMakeFiles/main_exec.dir/src/main.cpp.o -MF CMakeFiles/main_exec.dir/src/main.cpp.o.d -o CMakeFiles/main_exec.dir/src/main.cpp.o -c /home/ryuzot/ros2_main/src/main_executor/src/main.cpp
[6.522s] /home/ryuzot/ros2_main/src/main_executor/src/main.cpp:7:10: fatal error: socketcan_interface/socketcan_interface_node.hpp: No such file or directory
[6.522s]     7 | #include "socketcan_interface/socketcan_interface_node.hpp"
[6.522s]       |          ^~~~~~~~~~~~~~~~~~~~~~~~~~~~~~~~~~~~~~~~~~~~~~~~~~
[6.522s] compilation terminated.
[6.522s] ninja: build stopped: subcommand failed.
[6.523s] Invoked command in '/home/ryuzot/ros2_main/build/main_executor' returned '1': CMAKE_PREFIX_PATH=${CMAKE_PREFIX_PATH}:/opt/ros/galactic LD_LIBRARY_PATH=/home/ryuzot/ros2_main/install/socketcan_interface_msg/lib:/home/ryuzot/ros2_main/install/socketcan_interface/lib:/opt/ros/galactic/opt/yaml_cpp_vendor/lib:/opt/ros/galactic/opt/rviz_ogre_vendor/lib:/opt/ros/galactic/lib/x86_64-linux-gnu:/opt/ros/galactic/lib /usr/bin/cmake --build /home/ryuzot/ros2_main/build/main_executor -- -j24 -l24
