
[0/2] Building CXX object CMakeFiles/main_exec.dir/src/main.cpp.o[K
[1/2] Building CXX object CMakeFiles/main_exec.dir/src/main.cpp.o[K
[1/2] Linking CXX executable main_exec[K
[2/2] Linking CXX executable main_exec[K
-- Install configuration: ""
-- Installing: /home/ryuzot/ros2_ws/install/main_executor/lib/main_executor/main_exec
-- Set runtime path of "/home/ryuzot/ros2_ws/install/main_executor/lib/main_executor/main_exec" to ""
-- Installing: /home/ryuzot/ros2_ws/install/main_executor/share/ament_index/resource_index/package_run_dependencies/main_executor
-- Installing: /home/ryuzot/ros2_ws/install/main_executor/share/ament_index/resource_index/parent_prefix_path/main_executor
-- Installing: /home/ryuzot/ros2_ws/install/main_executor/share/main_executor/environment/ament_prefix_path.sh
-- Installing: /home/ryuzot/ros2_ws/install/main_executor/share/main_executor/environment/ament_prefix_path.dsv
-- Installing: /home/ryuzot/ros2_ws/install/main_executor/share/main_executor/environment/path.sh
-- Installing: /home/ryuzot/ros2_ws/install/main_executor/share/main_executor/environment/path.dsv
-- Installing: /home/ryuzot/ros2_ws/install/main_executor/share/main_executor/local_setup.bash
-- Installing: /home/ryuzot/ros2_ws/install/main_executor/share/main_executor/local_setup.sh
-- Installing: /home/ryuzot/ros2_ws/install/main_executor/share/main_executor/local_setup.zsh
-- Installing: /home/ryuzot/ros2_ws/install/main_executor/share/main_executor/local_setup.dsv
-- Installing: /home/ryuzot/ros2_ws/install/main_executor/share/main_executor/package.dsv
-- Installing: /home/ryuzot/ros2_ws/install/main_executor/share/ament_index/resource_index/packages/main_executor
-- Installing: /home/ryuzot/ros2_ws/install/main_executor/share/main_executor/cmake/main_executorConfig.cmake
-- Installing: /home/ryuzot/ros2_ws/install/main_executor/share/main_executor/cmake/main_executorConfig-version.cmake
-- Installing: /home/ryuzot/ros2_ws/install/main_executor/share/main_executor/package.xml
