[0.264s] Invoking command in '/home/ryuzot/ros2_ws/build/main_executor': AMENT_PREFIX_PATH=/home/ryuzot/ros2_ws/install/socketcan_interface:/home/ryuzot/ros2_ws/install/socketcan_interface_msg:${AMENT_PREFIX_PATH} CMAKE_PREFIX_PATH=/home/ryuzot/ros2_ws/install/socketcan_interface:/home/ryuzot/ros2_ws/install/socketcan_interface_msg:/opt/ros/galactic LD_LIBRARY_PATH=/home/ryuzot/ros2_ws/install/socketcan_interface/lib:/home/ryuzot/ros2_ws/install/socketcan_interface_msg/lib:${LD_LIBRARY_PATH} PYTHONPATH=/home/ryuzot/ros2_ws/install/socketcan_interface_msg/lib/python3.8/site-packages:${PYTHONPATH} /usr/bin/cmake /home/ryuzot/ros2_ws/src/main_executor -DCMAKE_EXPORT_COMPILE_COMMANDS=ON -G Ninja -DAMENT_CMAKE_SYMLINK_INSTALL=1 -DCMAKE_INSTALL_PREFIX=/home/ryuzot/ros2_ws/install/main_executor
[0.276s] -- Found rclcpp: 9.2.0 (/opt/ros/galactic/share/rclcpp/cmake)
[0.294s] -- Using PYTHON_EXECUTABLE: /usr/bin/python3
[0.334s] -- Override CMake install command with custom implementation using symlinks instead of copying resources
[0.591s] -- Using all available rosidl_typesupport_c: rosidl_typesupport_fastrtps_c;rosidl_typesupport_introspection_c
[0.594s] -- Found rosidl_adapter: 2.2.1 (/opt/ros/galactic/share/rosidl_adapter/cmake)
[7.828s] -- Using all available rosidl_typesupport_cpp: rosidl_typesupport_fastrtps_cpp;rosidl_typesupport_introspection_cpp
[7.872s] -- Found rmw_implementation_cmake: 3.3.1 (/opt/ros/galactic/share/rmw_implementation_cmake/cmake)
[7.873s] -- Found rmw_cyclonedds_cpp: 0.22.4 (/opt/ros/galactic/share/rmw_cyclonedds_cpp/cmake)
[7.888s] -- Using RMW implementation 'rmw_cyclonedds_cpp' as default
[8.010s] -- Found socketcan_interface: 0.0.0 (/home/ryuzot/ros2_ws/install/socketcan_interface/share/socketcan_interface/cmake)
[8.019s] -- Found ament_lint_auto: 0.10.6 (/opt/ros/galactic/share/ament_lint_auto/cmake)
[8.065s] -- Added test 'copyright' to check source files copyright and LICENSE
[8.066s] -- Added test 'cppcheck' to perform static code analysis on C / C++ code
[8.066s] -- Configured cppcheck include dirs: $<BUILD_INTERFACE:/home/ryuzot/ros2_ws/src/main_executor/include>
[8.066s] -- Configured cppcheck exclude dirs and/or files: 
[8.067s] -- Added test 'cpplint' to check C / C++ code against the Google style
[8.067s] -- Configured cpplint exclude dirs and/or files: 
[8.067s] -- Added test 'lint_cmake' to check CMake code style
[8.067s] -- Added test 'uncrustify' to check C / C++ code style
[8.067s] -- Configured uncrustify additional arguments: 
[8.068s] -- Added test 'xmllint' to check XML markup files
[8.070s] -- Configuring done
[8.074s] -- Generating done
[8.076s] -- Build files have been written to: /home/ryuzot/ros2_ws/build/main_executor
[8.084s] Invoked command in '/home/ryuzot/ros2_ws/build/main_executor' returned '0': AMENT_PREFIX_PATH=/home/ryuzot/ros2_ws/install/socketcan_interface:/home/ryuzot/ros2_ws/install/socketcan_interface_msg:${AMENT_PREFIX_PATH} CMAKE_PREFIX_PATH=/home/ryuzot/ros2_ws/install/socketcan_interface:/home/ryuzot/ros2_ws/install/socketcan_interface_msg:/opt/ros/galactic LD_LIBRARY_PATH=/home/ryuzot/ros2_ws/install/socketcan_interface/lib:/home/ryuzot/ros2_ws/install/socketcan_interface_msg/lib:${LD_LIBRARY_PATH} PYTHONPATH=/home/ryuzot/ros2_ws/install/socketcan_interface_msg/lib/python3.8/site-packages:${PYTHONPATH} /usr/bin/cmake /home/ryuzot/ros2_ws/src/main_executor -DCMAKE_EXPORT_COMPILE_COMMANDS=ON -G Ninja -DAMENT_CMAKE_SYMLINK_INSTALL=1 -DCMAKE_INSTALL_PREFIX=/home/ryuzot/ros2_ws/install/main_executor
[8.084s] Invoking command in '/home/ryuzot/ros2_ws/build/main_executor': AMENT_PREFIX_PATH=/home/ryuzot/ros2_ws/install/socketcan_interface:/home/ryuzot/ros2_ws/install/socketcan_interface_msg:${AMENT_PREFIX_PATH} CMAKE_PREFIX_PATH=/home/ryuzot/ros2_ws/install/socketcan_interface:/home/ryuzot/ros2_ws/install/socketcan_interface_msg:/opt/ros/galactic LD_LIBRARY_PATH=/home/ryuzot/ros2_ws/install/socketcan_interface/lib:/home/ryuzot/ros2_ws/install/socketcan_interface_msg/lib:${LD_LIBRARY_PATH} PYTHONPATH=/home/ryuzot/ros2_ws/install/socketcan_interface_msg/lib/python3.8/site-packages:${PYTHONPATH} /usr/bin/cmake --build /home/ryuzot/ros2_ws/build/main_executor -- -j24 -l24
[8.092s] 
[8.093s] [0/1] Re-running CMake...[K
[8.104s] -- Found rclcpp: 9.2.0 (/opt/ros/galactic/share/rclcpp/cmake)
[8.121s] -- Using PYTHON_EXECUTABLE: /usr/bin/python3
[8.159s] -- Override CMake install command with custom implementation using symlinks instead of copying resources
[8.405s] -- Using all available rosidl_typesupport_c: rosidl_typesupport_fastrtps_c;rosidl_typesupport_introspection_c
[8.407s] -- Found rosidl_adapter: 2.2.1 (/opt/ros/galactic/share/rosidl_adapter/cmake)
[14.608s] -- Using all available rosidl_typesupport_cpp: rosidl_typesupport_fastrtps_cpp;rosidl_typesupport_introspection_cpp
[14.651s] -- Found rmw_implementation_cmake: 3.3.1 (/opt/ros/galactic/share/rmw_implementation_cmake/cmake)
[14.652s] -- Found rmw_cyclonedds_cpp: 0.22.4 (/opt/ros/galactic/share/rmw_cyclonedds_cpp/cmake)
[14.667s] -- Using RMW implementation 'rmw_cyclonedds_cpp' as default
[14.786s] -- Found socketcan_interface: 0.0.0 (/home/ryuzot/ros2_ws/install/socketcan_interface/share/socketcan_interface/cmake)
[14.795s] -- Found ament_lint_auto: 0.10.6 (/opt/ros/galactic/share/ament_lint_auto/cmake)
[14.842s] -- Added test 'copyright' to check source files copyright and LICENSE
[14.843s] -- Added test 'cppcheck' to perform static code analysis on C / C++ code
[14.843s] -- Configured cppcheck include dirs: $<BUILD_INTERFACE:/home/ryuzot/ros2_ws/src/main_executor/include>
[14.843s] -- Configured cppcheck exclude dirs and/or files: 
[14.843s] -- Added test 'cpplint' to check C / C++ code against the Google style
[14.843s] -- Configured cpplint exclude dirs and/or files: 
[14.844s] -- Added test 'lint_cmake' to check CMake code style
[14.844s] -- Added test 'uncrustify' to check C / C++ code style
[14.844s] -- Configured uncrustify additional arguments: 
[14.844s] -- Added test 'xmllint' to check XML markup files
[14.846s] -- Configuring done
[14.851s] -- Generating done
[14.852s] -- Build files have been written to: /home/ryuzot/ros2_ws/build/main_executor
[14.859s] 
[15.200s] [0/1] Linking CXX executable main_exec[K
[15.201s] [1/1] Linking CXX executable main_exec[K
[15.201s] [31mFAILED: [0mmain_exec 
[15.201s] : && /usr/bin/c++     CMakeFiles/main_exec.dir/src/main.cpp.o  -o main_exec  -Wl,-rpath,/opt/ros/galactic/lib:/home/ryuzot/ros2_ws/install/socketcan_interface_msg/lib  /home/ryuzot/ros2_ws/install/socketcan_interface/lib/libsocketcan_interface_node.a  /opt/ros/galactic/lib/librclcpp.so  -lpthread  /opt/ros/galactic/lib/libament_index_cpp.so  /opt/ros/galactic/lib/liblibstatistics_collector.so  /opt/ros/galactic/lib/liblibstatistics_collector_test_msgs__rosidl_typesupport_introspection_c.so  /opt/ros/galactic/lib/liblibstatistics_collector_test_msgs__rosidl_generator_c.so  /opt/ros/galactic/lib/liblibstatistics_collector_test_msgs__rosidl_typesupport_c.so  /opt/ros/galactic/lib/liblibstatistics_collector_test_msgs__rosidl_typesupport_introspection_cpp.so  /opt/ros/galactic/lib/liblibstatistics_collector_test_msgs__rosidl_typesupport_cpp.so  /opt/ros/galactic/lib/libstd_msgs__rosidl_typesupport_introspection_c.so  /opt/ros/galactic/lib/libstd_msgs__rosidl_generator_c.so  /opt/ros/galactic/lib/libstd_msgs__rosidl_typesupport_c.so  /opt/ros/galactic/lib/libstd_msgs__rosidl_typesupport_introspection_cpp.so  /opt/ros/galactic/lib/libstd_msgs__rosidl_typesupport_cpp.so  /opt/ros/galactic/lib/librcl.so  /opt/ros/galactic/lib/librcl_interfaces__rosidl_typesupport_introspection_c.so  /opt/ros/galactic/lib/librcl_interfaces__rosidl_generator_c.so  /opt/ros/galactic/lib/librcl_interfaces__rosidl_typesupport_c.so  /opt/ros/galactic/lib/librcl_interfaces__rosidl_typesupport_introspection_cpp.so  /opt/ros/galactic/lib/librcl_interfaces__rosidl_typesupport_cpp.so  /opt/ros/galactic/lib/librmw_implementation.so  /opt/ros/galactic/lib/librcl_logging_spdlog.so  /opt/ros/galactic/lib/librcl_logging_interface.so  /opt/ros/galactic/lib/librcl_yaml_param_parser.so  /opt/ros/galactic/lib/librmw.so  /opt/ros/galactic/lib/libyaml.so  /opt/ros/galactic/lib/librosgraph_msgs__rosidl_typesupport_introspection_c.so  /opt/ros/galactic/lib/librosgraph_msgs__rosidl_generator_c.so  /opt/ros/galactic/lib/librosgraph_msgs__rosidl_typesupport_c.so  /opt/ros/galactic/lib/librosgraph_msgs__rosidl_typesupport_introspection_cpp.so  /opt/ros/galactic/lib/librosgraph_msgs__rosidl_typesupport_cpp.so  /opt/ros/galactic/lib/libstatistics_msgs__rosidl_typesupport_introspection_c.so  /opt/ros/galactic/lib/libstatistics_msgs__rosidl_generator_c.so  /opt/ros/galactic/lib/libstatistics_msgs__rosidl_typesupport_c.so  /opt/ros/galactic/lib/libstatistics_msgs__rosidl_typesupport_introspection_cpp.so  /opt/ros/galactic/lib/libstatistics_msgs__rosidl_typesupport_cpp.so  /opt/ros/galactic/lib/libbuiltin_interfaces__rosidl_typesupport_introspection_c.so  /opt/ros/galactic/lib/libbuiltin_interfaces__rosidl_generator_c.so  /opt/ros/galactic/lib/libbuiltin_interfaces__rosidl_typesupport_c.so  /opt/ros/galactic/lib/libbuiltin_interfaces__rosidl_typesupport_introspection_cpp.so  /opt/ros/galactic/lib/libbuiltin_interfaces__rosidl_typesupport_cpp.so  /opt/ros/galactic/lib/libtracetools.so  /home/ryuzot/ros2_ws/install/socketcan_interface_msg/lib/libsocketcan_interface_msg__rosidl_typesupport_introspection_c.so  /home/ryuzot/ros2_ws/install/socketcan_interface_msg/lib/libsocketcan_interface_msg__rosidl_generator_c.so  /home/ryuzot/ros2_ws/install/socketcan_interface_msg/lib/libsocketcan_interface_msg__rosidl_typesupport_c.so  /home/ryuzot/ros2_ws/install/socketcan_interface_msg/lib/libsocketcan_interface_msg__rosidl_typesupport_introspection_cpp.so  /opt/ros/galactic/lib/librosidl_typesupport_introspection_cpp.so  /opt/ros/galactic/lib/librosidl_typesupport_introspection_c.so  /home/ryuzot/ros2_ws/install/socketcan_interface_msg/lib/libsocketcan_interface_msg__rosidl_typesupport_cpp.so  /opt/ros/galactic/lib/librosidl_typesupport_cpp.so  /opt/ros/galactic/lib/librosidl_typesupport_c.so  /opt/ros/galactic/lib/librcpputils.so  /opt/ros/galactic/lib/librosidl_runtime_c.so  /opt/ros/galactic/lib/librcutils.so  -ldl && :
[15.201s] /usr/bin/ld: /home/ryuzot/ros2_ws/install/socketcan_interface/lib/libsocketcan_interface_node.a(socketcan_interface_node.cpp.o): in function `socketcan_interface::SocketcanInterface::_subscriber_callback(socketcan_interface_msg::msg::SocketcanIF_<std::allocator<void> >)':
[15.202s] socketcan_interface_node.cpp:(.text+0x1848): undefined reference to `fmt::v8::vformat[abi:cxx11](fmt::v8::basic_string_view<char>, fmt::v8::basic_format_args<fmt::v8::basic_format_context<fmt::v8::appender, char> >)'
[15.202s] collect2: error: ld returned 1 exit status
[15.202s] ninja: build stopped: subcommand failed.
[15.203s] Invoked command in '/home/ryuzot/ros2_ws/build/main_executor' returned '1': AMENT_PREFIX_PATH=/home/ryuzot/ros2_ws/install/socketcan_interface:/home/ryuzot/ros2_ws/install/socketcan_interface_msg:${AMENT_PREFIX_PATH} CMAKE_PREFIX_PATH=/home/ryuzot/ros2_ws/install/socketcan_interface:/home/ryuzot/ros2_ws/install/socketcan_interface_msg:/opt/ros/galactic LD_LIBRARY_PATH=/home/ryuzot/ros2_ws/install/socketcan_interface/lib:/home/ryuzot/ros2_ws/install/socketcan_interface_msg/lib:${LD_LIBRARY_PATH} PYTHONPATH=/home/ryuzot/ros2_ws/install/socketcan_interface_msg/lib/python3.8/site-packages:${PYTHONPATH} /usr/bin/cmake --build /home/ryuzot/ros2_ws/build/main_executor -- -j24 -l24
