[0.217s] Invoking command in '/home/ryuzot/ros2_ws/build/socketcan_interface': CMAKE_PREFIX_PATH=/home/ryuzot/ros2_ws/install/socketcan_interface_msg:/home/ryuzot/ros2_ws/install/main_executor:/home/ryuzot/ros2_ws/install/socketcan_interface:/opt/ros/galactic LD_LIBRARY_PATH=/home/ryuzot/ros2_ws/install/socketcan_interface_msg/lib:/home/ryuzot/ros2_ws/install/socketcan_interface/lib:/opt/ros/galactic/opt/yaml_cpp_vendor/lib:/opt/ros/galactic/opt/rviz_ogre_vendor/lib:/opt/ros/galactic/lib/x86_64-linux-gnu:/opt/ros/galactic/lib /usr/bin/cmake --build /home/ryuzot/ros2_ws/build/socketcan_interface -- -j24 -l24
[0.223s] 
[0.224s] [0/1] Re-running CMake...[K
[0.234s] -- Found ament_cmake: 1.1.5 (/opt/ros/galactic/share/ament_cmake/cmake)
[0.250s] -- Using PYTHON_EXECUTABLE: /usr/bin/python3
[0.288s] -- Override CMake install command with custom implementation using symlinks instead of copying resources
[0.293s] -- Found rclcpp: 9.2.0 (/opt/ros/galactic/share/rclcpp/cmake)
[0.520s] -- Using all available rosidl_typesupport_c: rosidl_typesupport_fastrtps_c;rosidl_typesupport_introspection_c
[0.523s] -- Found rosidl_adapter: 2.2.1 (/opt/ros/galactic/share/rosidl_adapter/cmake)
[7.171s] -- Using all available rosidl_typesupport_cpp: rosidl_typesupport_fastrtps_cpp;rosidl_typesupport_introspection_cpp
[7.211s] -- Found rmw_implementation_cmake: 3.3.1 (/opt/ros/galactic/share/rmw_implementation_cmake/cmake)
[7.212s] -- Found rmw_cyclonedds_cpp: 0.22.4 (/opt/ros/galactic/share/rmw_cyclonedds_cpp/cmake)
[7.227s] -- Using RMW implementation 'rmw_cyclonedds_cpp' as default
[7.340s] -- Found socketcan_interface_msg: 0.0.0 (/home/ryuzot/ros2_ws/install/socketcan_interface_msg/share/socketcan_interface_msg/cmake)
[7.345s] CMake Error at CMakeLists.txt:13 (add_subdirectory):
[7.345s]   add_subdirectory given source "fmt" which is not an existing directory.
[7.345s] 
[7.345s] 
[7.347s] -- Found ament_lint_auto: 0.10.6 (/opt/ros/galactic/share/ament_lint_auto/cmake)
[7.394s] -- Added test 'copyright' to check source files copyright and LICENSE
[7.399s] -- Added test 'cppcheck' to perform static code analysis on C / C++ code
[7.399s] -- Configured cppcheck include dirs: /home/ryuzot/ros2_ws/src/socketcan_interface/include;$<BUILD_INTERFACE:/home/ryuzot/ros2_ws/src/socketcan_interface/include>
[7.399s] -- Configured cppcheck exclude dirs and/or files: 
[7.403s] -- Added test 'cpplint' to check C / C++ code against the Google style
[7.404s] -- Configured cpplint exclude dirs and/or files: 
[7.404s] -- Added test 'flake8' to check Python code syntax and style conventions
[7.406s] -- Added test 'lint_cmake' to check CMake code style
[7.406s] -- Added test 'pep257' to check Python code against some of the style conventions in PEP 257
[7.411s] -- Added test 'uncrustify' to check C / C++ code style
[7.411s] -- Configured uncrustify additional arguments: 
[7.412s] -- Added test 'xmllint' to check XML markup files
[7.414s] -- Configuring incomplete, errors occurred!
[7.414s] See also "/home/ryuzot/ros2_ws/build/socketcan_interface/CMakeFiles/CMakeOutput.log".
[7.414s] See also "/home/ryuzot/ros2_ws/build/socketcan_interface/CMakeFiles/CMakeError.log".
[7.418s] [31mFAILED: [0mbuild.ninja 
[7.418s] /usr/bin/cmake -S/home/ryuzot/ros2_ws/src/socketcan_interface -B/home/ryuzot/ros2_ws/build/socketcan_interface
[7.418s] ninja: error: rebuilding 'build.ninja': subcommand failed
[7.420s] Invoked command in '/home/ryuzot/ros2_ws/build/socketcan_interface' returned '1': CMAKE_PREFIX_PATH=/home/ryuzot/ros2_ws/install/socketcan_interface_msg:/home/ryuzot/ros2_ws/install/main_executor:/home/ryuzot/ros2_ws/install/socketcan_interface:/opt/ros/galactic LD_LIBRARY_PATH=/home/ryuzot/ros2_ws/install/socketcan_interface_msg/lib:/home/ryuzot/ros2_ws/install/socketcan_interface/lib:/opt/ros/galactic/opt/yaml_cpp_vendor/lib:/opt/ros/galactic/opt/rviz_ogre_vendor/lib:/opt/ros/galactic/lib/x86_64-linux-gnu:/opt/ros/galactic/lib /usr/bin/cmake --build /home/ryuzot/ros2_ws/build/socketcan_interface -- -j24 -l24
