[0.493s] DEBUG:colcon:Command line arguments: ['/home/ryuzot/.local/bin/colcon', 'build', '--cmake-args', '-DCMAKE_EXPORT_COMPILE_COMMANDS=ON', '-G', 'Ninja', '--allow-overriding', 'main_executor', 'socketcan_interface', 'socketcan_interface_msg', '--log-level', 'debug', 'build', '--symlink-install']
[0.493s] DEBUG:colcon:Parsed command line arguments: Namespace(allow_overriding=['main_executor', 'socketcan_interface', 'socketcan_interface_msg', '--log-level', 'debug', 'build'], ament_cmake_args=None, base_paths=['.'], build_base='build', catkin_cmake_args=None, catkin_skip_building_tests=False, cmake_args=['-DCMAKE_EXPORT_COMPILE_COMMANDS=ON', '-G', 'Ninja'], cmake_clean_cache=False, cmake_clean_first=False, cmake_force_configure=False, cmake_target=None, cmake_target_skip_unavailable=False, continue_on_error=False, event_handlers=None, executor='parallel', ignore_user_meta=False, install_base='install', log_base=None, log_level=None, main=<bound method BuildVerb.main of <colcon_core.verb.build.BuildVerb object at 0x7f62f06d9a30>>, merge_install=False, metas=['./colcon.meta'], packages_above=None, packages_above_and_dependencies=None, packages_above_depth=None, packages_end=None, packages_ignore=None, packages_ignore_regex=None, packages_select=None, packages_select_build_failed=False, packages_select_by_dep=None, packages_select_regex=None, packages_select_test_failures=False, packages_skip=None, packages_skip_build_finished=False, packages_skip_by_dep=None, packages_skip_regex=None, packages_skip_test_passed=False, packages_skip_up_to=None, packages_start=None, packages_up_to=None, packages_up_to_regex=None, parallel_workers=24, paths=None, symlink_install=True, test_result_base=None, verb_extension=<colcon_core.verb.build.BuildVerb object at 0x7f62f06d9a30>, verb_name='build', verb_parser=<colcon_defaults.argument_parser.defaults.DefaultArgumentsDecorator object at 0x7f62f03d21f0>)
[0.503s] Level 1:colcon.colcon_core.package_discovery:discover_packages(colcon_meta) check parameters
[0.503s] Level 1:colcon.colcon_core.package_discovery:discover_packages(recursive) check parameters
[0.503s] Level 1:colcon.colcon_core.package_discovery:discover_packages(ignore) check parameters
[0.503s] Level 1:colcon.colcon_core.package_discovery:discover_packages(path) check parameters
[0.503s] Level 1:colcon.colcon_core.package_discovery:discover_packages(colcon_meta) discover
[0.503s] Level 1:colcon.colcon_core.package_discovery:discover_packages(recursive) discover
[0.503s] INFO:colcon.colcon_core.package_discovery:Crawling recursively for packages in '/home/ryuzot/ros2_main'
[0.503s] Level 1:colcon.colcon_core.package_identification:_identify(.) by extensions ['ignore', 'ignore_ament_install']
[0.503s] Level 1:colcon.colcon_core.package_identification:_identify(.) by extension 'ignore'
[0.503s] Level 1:colcon.colcon_core.package_identification:_identify(.) by extension 'ignore_ament_install'
[0.503s] Level 1:colcon.colcon_core.package_identification:_identify(.) by extensions ['colcon_pkg']
[0.503s] Level 1:colcon.colcon_core.package_identification:_identify(.) by extension 'colcon_pkg'
[0.503s] Level 1:colcon.colcon_core.package_identification:_identify(.) by extensions ['colcon_meta']
[0.503s] Level 1:colcon.colcon_core.package_identification:_identify(.) by extension 'colcon_meta'
[0.503s] Level 1:colcon.colcon_core.package_identification:_identify(.) by extensions ['ros']
[0.503s] Level 1:colcon.colcon_core.package_identification:_identify(.) by extension 'ros'
[0.511s] Level 1:colcon.colcon_core.package_identification:_identify(.) by extensions ['cmake', 'python']
[0.511s] Level 1:colcon.colcon_core.package_identification:_identify(.) by extension 'cmake'
[0.511s] Level 1:colcon.colcon_core.package_identification:_identify(.) by extension 'python'
[0.511s] Level 1:colcon.colcon_core.package_identification:_identify(.) by extensions ['python_setup_py']
[0.511s] Level 1:colcon.colcon_core.package_identification:_identify(.) by extension 'python_setup_py'
[0.511s] Level 1:colcon.colcon_core.package_identification:_identify(build) by extensions ['ignore', 'ignore_ament_install']
[0.512s] Level 1:colcon.colcon_core.package_identification:_identify(build) by extension 'ignore'
[0.512s] Level 1:colcon.colcon_core.package_identification:_identify(build) ignored
[0.512s] Level 1:colcon.colcon_core.package_identification:_identify(install) by extensions ['ignore', 'ignore_ament_install']
[0.512s] Level 1:colcon.colcon_core.package_identification:_identify(install) by extension 'ignore'
[0.512s] Level 1:colcon.colcon_core.package_identification:_identify(install) ignored
[0.512s] Level 1:colcon.colcon_core.package_identification:_identify(log) by extensions ['ignore', 'ignore_ament_install']
[0.512s] Level 1:colcon.colcon_core.package_identification:_identify(log) by extension 'ignore'
[0.512s] Level 1:colcon.colcon_core.package_identification:_identify(log) ignored
[0.512s] Level 1:colcon.colcon_core.package_identification:_identify(src) by extensions ['ignore', 'ignore_ament_install']
[0.512s] Level 1:colcon.colcon_core.package_identification:_identify(src) by extension 'ignore'
[0.512s] Level 1:colcon.colcon_core.package_identification:_identify(src) by extension 'ignore_ament_install'
[0.512s] Level 1:colcon.colcon_core.package_identification:_identify(src) by extensions ['colcon_pkg']
[0.512s] Level 1:colcon.colcon_core.package_identification:_identify(src) by extension 'colcon_pkg'
[0.512s] Level 1:colcon.colcon_core.package_identification:_identify(src) by extensions ['colcon_meta']
[0.512s] Level 1:colcon.colcon_core.package_identification:_identify(src) by extension 'colcon_meta'
[0.512s] Level 1:colcon.colcon_core.package_identification:_identify(src) by extensions ['ros']
[0.512s] Level 1:colcon.colcon_core.package_identification:_identify(src) by extension 'ros'
[0.513s] Level 1:colcon.colcon_core.package_identification:_identify(src) by extensions ['cmake', 'python']
[0.513s] Level 1:colcon.colcon_core.package_identification:_identify(src) by extension 'cmake'
[0.513s] Level 1:colcon.colcon_core.package_identification:_identify(src) by extension 'python'
[0.513s] Level 1:colcon.colcon_core.package_identification:_identify(src) by extensions ['python_setup_py']
[0.513s] Level 1:colcon.colcon_core.package_identification:_identify(src) by extension 'python_setup_py'
[0.513s] Level 1:colcon.colcon_core.package_identification:_identify(src/bno055_io) by extensions ['ignore', 'ignore_ament_install']
[0.513s] Level 1:colcon.colcon_core.package_identification:_identify(src/bno055_io) by extension 'ignore'
[0.513s] Level 1:colcon.colcon_core.package_identification:_identify(src/bno055_io) by extension 'ignore_ament_install'
[0.513s] Level 1:colcon.colcon_core.package_identification:_identify(src/bno055_io) by extensions ['colcon_pkg']
[0.513s] Level 1:colcon.colcon_core.package_identification:_identify(src/bno055_io) by extension 'colcon_pkg'
[0.513s] Level 1:colcon.colcon_core.package_identification:_identify(src/bno055_io) by extensions ['colcon_meta']
[0.513s] Level 1:colcon.colcon_core.package_identification:_identify(src/bno055_io) by extension 'colcon_meta'
[0.513s] Level 1:colcon.colcon_core.package_identification:_identify(src/bno055_io) by extensions ['ros']
[0.513s] Level 1:colcon.colcon_core.package_identification:_identify(src/bno055_io) by extension 'ros'
[0.515s] DEBUG:colcon.colcon_core.package_identification:Package 'src/bno055_io' with type 'ros.ament_cmake' and name 'bno055_io'
[0.515s] Level 1:colcon.colcon_core.package_identification:_identify(src/main_executor) by extensions ['ignore', 'ignore_ament_install']
[0.515s] Level 1:colcon.colcon_core.package_identification:_identify(src/main_executor) by extension 'ignore'
[0.515s] Level 1:colcon.colcon_core.package_identification:_identify(src/main_executor) by extension 'ignore_ament_install'
[0.515s] Level 1:colcon.colcon_core.package_identification:_identify(src/main_executor) by extensions ['colcon_pkg']
[0.515s] Level 1:colcon.colcon_core.package_identification:_identify(src/main_executor) by extension 'colcon_pkg'
[0.515s] Level 1:colcon.colcon_core.package_identification:_identify(src/main_executor) by extensions ['colcon_meta']
[0.515s] Level 1:colcon.colcon_core.package_identification:_identify(src/main_executor) by extension 'colcon_meta'
[0.515s] Level 1:colcon.colcon_core.package_identification:_identify(src/main_executor) by extensions ['ros']
[0.515s] Level 1:colcon.colcon_core.package_identification:_identify(src/main_executor) by extension 'ros'
[0.515s] DEBUG:colcon.colcon_core.package_identification:Package 'src/main_executor' with type 'ros.ament_cmake' and name 'main_executor'
[0.516s] Level 1:colcon.colcon_core.package_identification:_identify(src/socketcan_interface) by extensions ['ignore', 'ignore_ament_install']
[0.516s] Level 1:colcon.colcon_core.package_identification:_identify(src/socketcan_interface) by extension 'ignore'
[0.516s] Level 1:colcon.colcon_core.package_identification:_identify(src/socketcan_interface) by extension 'ignore_ament_install'
[0.516s] Level 1:colcon.colcon_core.package_identification:_identify(src/socketcan_interface) by extensions ['colcon_pkg']
[0.516s] Level 1:colcon.colcon_core.package_identification:_identify(src/socketcan_interface) by extension 'colcon_pkg'
[0.516s] Level 1:colcon.colcon_core.package_identification:_identify(src/socketcan_interface) by extensions ['colcon_meta']
[0.516s] Level 1:colcon.colcon_core.package_identification:_identify(src/socketcan_interface) by extension 'colcon_meta'
[0.516s] Level 1:colcon.colcon_core.package_identification:_identify(src/socketcan_interface) by extensions ['ros']
[0.516s] Level 1:colcon.colcon_core.package_identification:_identify(src/socketcan_interface) by extension 'ros'
[0.517s] DEBUG:colcon.colcon_core.package_identification:Package 'src/socketcan_interface' with type 'ros.ament_cmake' and name 'socketcan_interface'
[0.517s] Level 1:colcon.colcon_core.package_identification:_identify(src/socketcan_interface_msg) by extensions ['ignore', 'ignore_ament_install']
[0.517s] Level 1:colcon.colcon_core.package_identification:_identify(src/socketcan_interface_msg) by extension 'ignore'
[0.517s] Level 1:colcon.colcon_core.package_identification:_identify(src/socketcan_interface_msg) by extension 'ignore_ament_install'
[0.517s] Level 1:colcon.colcon_core.package_identification:_identify(src/socketcan_interface_msg) by extensions ['colcon_pkg']
[0.517s] Level 1:colcon.colcon_core.package_identification:_identify(src/socketcan_interface_msg) by extension 'colcon_pkg'
[0.517s] Level 1:colcon.colcon_core.package_identification:_identify(src/socketcan_interface_msg) by extensions ['colcon_meta']
[0.517s] Level 1:colcon.colcon_core.package_identification:_identify(src/socketcan_interface_msg) by extension 'colcon_meta'
[0.517s] Level 1:colcon.colcon_core.package_identification:_identify(src/socketcan_interface_msg) by extensions ['ros']
[0.517s] Level 1:colcon.colcon_core.package_identification:_identify(src/socketcan_interface_msg) by extension 'ros'
[0.517s] DEBUG:colcon.colcon_core.package_identification:Package 'src/socketcan_interface_msg' with type 'ros.ament_cmake' and name 'socketcan_interface_msg'
[0.518s] Level 1:colcon.colcon_core.package_identification:_identify(tools) by extensions ['ignore', 'ignore_ament_install']
[0.518s] Level 1:colcon.colcon_core.package_identification:_identify(tools) by extension 'ignore'
[0.518s] Level 1:colcon.colcon_core.package_identification:_identify(tools) by extension 'ignore_ament_install'
[0.518s] Level 1:colcon.colcon_core.package_identification:_identify(tools) by extensions ['colcon_pkg']
[0.518s] Level 1:colcon.colcon_core.package_identification:_identify(tools) by extension 'colcon_pkg'
[0.518s] Level 1:colcon.colcon_core.package_identification:_identify(tools) by extensions ['colcon_meta']
[0.518s] Level 1:colcon.colcon_core.package_identification:_identify(tools) by extension 'colcon_meta'
[0.518s] Level 1:colcon.colcon_core.package_identification:_identify(tools) by extensions ['ros']
[0.518s] Level 1:colcon.colcon_core.package_identification:_identify(tools) by extension 'ros'
[0.518s] Level 1:colcon.colcon_core.package_identification:_identify(tools) by extensions ['cmake', 'python']
[0.518s] Level 1:colcon.colcon_core.package_identification:_identify(tools) by extension 'cmake'
[0.518s] Level 1:colcon.colcon_core.package_identification:_identify(tools) by extension 'python'
[0.518s] Level 1:colcon.colcon_core.package_identification:_identify(tools) by extensions ['python_setup_py']
[0.518s] Level 1:colcon.colcon_core.package_identification:_identify(tools) by extension 'python_setup_py'
[0.518s] Level 1:colcon.colcon_core.package_discovery:discover_packages(recursive) using defaults
[0.518s] Level 1:colcon.colcon_core.package_discovery:discover_packages(ignore) discover
[0.518s] Level 1:colcon.colcon_core.package_discovery:discover_packages(ignore) using defaults
[0.518s] Level 1:colcon.colcon_core.package_discovery:discover_packages(path) discover
[0.518s] Level 1:colcon.colcon_core.package_discovery:discover_packages(path) using defaults
[0.541s] Level 5:colcon.colcon_core.verb:set package 'socketcan_interface_msg' build argument 'cmake_args' from command line to '['-DCMAKE_EXPORT_COMPILE_COMMANDS=ON', '-G', 'Ninja']'
[0.541s] Level 5:colcon.colcon_core.verb:set package 'socketcan_interface_msg' build argument 'cmake_target' from command line to 'None'
[0.541s] Level 5:colcon.colcon_core.verb:set package 'socketcan_interface_msg' build argument 'cmake_target_skip_unavailable' from command line to 'False'
[0.541s] Level 5:colcon.colcon_core.verb:set package 'socketcan_interface_msg' build argument 'cmake_clean_cache' from command line to 'False'
[0.541s] Level 5:colcon.colcon_core.verb:set package 'socketcan_interface_msg' build argument 'cmake_clean_first' from command line to 'False'
[0.541s] Level 5:colcon.colcon_core.verb:set package 'socketcan_interface_msg' build argument 'cmake_force_configure' from command line to 'False'
[0.541s] Level 5:colcon.colcon_core.verb:set package 'socketcan_interface_msg' build argument 'ament_cmake_args' from command line to 'None'
[0.541s] Level 5:colcon.colcon_core.verb:set package 'socketcan_interface_msg' build argument 'catkin_cmake_args' from command line to 'None'
[0.541s] Level 5:colcon.colcon_core.verb:set package 'socketcan_interface_msg' build argument 'catkin_skip_building_tests' from command line to 'False'
[0.541s] DEBUG:colcon.colcon_core.verb:Building package 'socketcan_interface_msg' with the following arguments: {'ament_cmake_args': None, 'build_base': '/home/ryuzot/ros2_main/build/socketcan_interface_msg', 'catkin_cmake_args': None, 'catkin_skip_building_tests': False, 'cmake_args': ['-DCMAKE_EXPORT_COMPILE_COMMANDS=ON', '-G', 'Ninja'], 'cmake_clean_cache': False, 'cmake_clean_first': False, 'cmake_force_configure': False, 'cmake_target': None, 'cmake_target_skip_unavailable': False, 'install_base': '/home/ryuzot/ros2_main/install/socketcan_interface_msg', 'merge_install': False, 'path': '/home/ryuzot/ros2_main/src/socketcan_interface_msg', 'symlink_install': True, 'test_result_base': None}
[0.546s] Level 5:colcon.colcon_core.verb:set package 'socketcan_interface' build argument 'cmake_args' from command line to '['-DCMAKE_EXPORT_COMPILE_COMMANDS=ON', '-G', 'Ninja']'
[0.546s] Level 5:colcon.colcon_core.verb:set package 'socketcan_interface' build argument 'cmake_target' from command line to 'None'
[0.546s] Level 5:colcon.colcon_core.verb:set package 'socketcan_interface' build argument 'cmake_target_skip_unavailable' from command line to 'False'
[0.546s] Level 5:colcon.colcon_core.verb:set package 'socketcan_interface' build argument 'cmake_clean_cache' from command line to 'False'
[0.546s] Level 5:colcon.colcon_core.verb:set package 'socketcan_interface' build argument 'cmake_clean_first' from command line to 'False'
[0.546s] Level 5:colcon.colcon_core.verb:set package 'socketcan_interface' build argument 'cmake_force_configure' from command line to 'False'
[0.546s] Level 5:colcon.colcon_core.verb:set package 'socketcan_interface' build argument 'ament_cmake_args' from command line to 'None'
[0.546s] Level 5:colcon.colcon_core.verb:set package 'socketcan_interface' build argument 'catkin_cmake_args' from command line to 'None'
[0.546s] Level 5:colcon.colcon_core.verb:set package 'socketcan_interface' build argument 'catkin_skip_building_tests' from command line to 'False'
[0.546s] DEBUG:colcon.colcon_core.verb:Building package 'socketcan_interface' with the following arguments: {'ament_cmake_args': None, 'build_base': '/home/ryuzot/ros2_main/build/socketcan_interface', 'catkin_cmake_args': None, 'catkin_skip_building_tests': False, 'cmake_args': ['-DCMAKE_EXPORT_COMPILE_COMMANDS=ON', '-G', 'Ninja'], 'cmake_clean_cache': False, 'cmake_clean_first': False, 'cmake_force_configure': False, 'cmake_target': None, 'cmake_target_skip_unavailable': False, 'install_base': '/home/ryuzot/ros2_main/install/socketcan_interface', 'merge_install': False, 'path': '/home/ryuzot/ros2_main/src/socketcan_interface', 'symlink_install': True, 'test_result_base': None}
[0.550s] Level 5:colcon.colcon_core.verb:set package 'bno055_io' build argument 'cmake_args' from command line to '['-DCMAKE_EXPORT_COMPILE_COMMANDS=ON', '-G', 'Ninja']'
[0.550s] Level 5:colcon.colcon_core.verb:set package 'bno055_io' build argument 'cmake_target' from command line to 'None'
[0.550s] Level 5:colcon.colcon_core.verb:set package 'bno055_io' build argument 'cmake_target_skip_unavailable' from command line to 'False'
[0.550s] Level 5:colcon.colcon_core.verb:set package 'bno055_io' build argument 'cmake_clean_cache' from command line to 'False'
[0.550s] Level 5:colcon.colcon_core.verb:set package 'bno055_io' build argument 'cmake_clean_first' from command line to 'False'
[0.550s] Level 5:colcon.colcon_core.verb:set package 'bno055_io' build argument 'cmake_force_configure' from command line to 'False'
[0.551s] Level 5:colcon.colcon_core.verb:set package 'bno055_io' build argument 'ament_cmake_args' from command line to 'None'
[0.551s] Level 5:colcon.colcon_core.verb:set package 'bno055_io' build argument 'catkin_cmake_args' from command line to 'None'
[0.551s] Level 5:colcon.colcon_core.verb:set package 'bno055_io' build argument 'catkin_skip_building_tests' from command line to 'False'
[0.551s] DEBUG:colcon.colcon_core.verb:Building package 'bno055_io' with the following arguments: {'ament_cmake_args': None, 'build_base': '/home/ryuzot/ros2_main/build/bno055_io', 'catkin_cmake_args': None, 'catkin_skip_building_tests': False, 'cmake_args': ['-DCMAKE_EXPORT_COMPILE_COMMANDS=ON', '-G', 'Ninja'], 'cmake_clean_cache': False, 'cmake_clean_first': False, 'cmake_force_configure': False, 'cmake_target': None, 'cmake_target_skip_unavailable': False, 'install_base': '/home/ryuzot/ros2_main/install/bno055_io', 'merge_install': False, 'path': '/home/ryuzot/ros2_main/src/bno055_io', 'symlink_install': True, 'test_result_base': None}
[0.555s] Level 5:colcon.colcon_core.verb:set package 'main_executor' build argument 'cmake_args' from command line to '['-DCMAKE_EXPORT_COMPILE_COMMANDS=ON', '-G', 'Ninja']'
[0.555s] Level 5:colcon.colcon_core.verb:set package 'main_executor' build argument 'cmake_target' from command line to 'None'
[0.555s] Level 5:colcon.colcon_core.verb:set package 'main_executor' build argument 'cmake_target_skip_unavailable' from command line to 'False'
[0.555s] Level 5:colcon.colcon_core.verb:set package 'main_executor' build argument 'cmake_clean_cache' from command line to 'False'
[0.555s] Level 5:colcon.colcon_core.verb:set package 'main_executor' build argument 'cmake_clean_first' from command line to 'False'
[0.555s] Level 5:colcon.colcon_core.verb:set package 'main_executor' build argument 'cmake_force_configure' from command line to 'False'
[0.555s] Level 5:colcon.colcon_core.verb:set package 'main_executor' build argument 'ament_cmake_args' from command line to 'None'
[0.555s] Level 5:colcon.colcon_core.verb:set package 'main_executor' build argument 'catkin_cmake_args' from command line to 'None'
[0.555s] Level 5:colcon.colcon_core.verb:set package 'main_executor' build argument 'catkin_skip_building_tests' from command line to 'False'
[0.555s] DEBUG:colcon.colcon_core.verb:Building package 'main_executor' with the following arguments: {'ament_cmake_args': None, 'build_base': '/home/ryuzot/ros2_main/build/main_executor', 'catkin_cmake_args': None, 'catkin_skip_building_tests': False, 'cmake_args': ['-DCMAKE_EXPORT_COMPILE_COMMANDS=ON', '-G', 'Ninja'], 'cmake_clean_cache': False, 'cmake_clean_first': False, 'cmake_force_configure': False, 'cmake_target': None, 'cmake_target_skip_unavailable': False, 'install_base': '/home/ryuzot/ros2_main/install/main_executor', 'merge_install': False, 'path': '/home/ryuzot/ros2_main/src/main_executor', 'symlink_install': True, 'test_result_base': None}
[0.562s] INFO:colcon.colcon_core.executor:Executing jobs using 'parallel' executor
[0.570s] DEBUG:colcon.colcon_parallel_executor.executor.parallel:run_until_complete
[0.570s] INFO:colcon.colcon_ros.task.ament_cmake.build:Building ROS package in '/home/ryuzot/ros2_main/src/socketcan_interface_msg' with build type 'ament_cmake'
[0.570s] INFO:colcon.colcon_cmake.task.cmake.build:Building CMake package in '/home/ryuzot/ros2_main/src/socketcan_interface_msg'
[0.575s] INFO:colcon.colcon_core.plugin_system:Skipping extension 'colcon_core.shell.bat': Not used on non-Windows systems
[0.576s] INFO:colcon.colcon_core.shell:Skip shell extension 'powershell' for command environment: Not usable outside of PowerShell
[0.576s] DEBUG:colcon.colcon_core.shell:Skip shell extension 'dsv' for command environment
[0.588s] DEBUG:colcon.colcon_core.event_handler.log_command:Invoking command in '/home/ryuzot/ros2_main/build/socketcan_interface_msg': CMAKE_PREFIX_PATH=/opt/ros/galactic /usr/bin/cmake /home/ryuzot/ros2_main/src/socketcan_interface_msg -DCMAKE_EXPORT_COMPILE_COMMANDS=ON -G Ninja -DAMENT_CMAKE_SYMLINK_INSTALL=1 -DCMAKE_INSTALL_PREFIX=/home/ryuzot/ros2_main/install/socketcan_interface_msg
[16.384s] DEBUG:colcon.colcon_core.event_handler.log_command:Invoked command in '/home/ryuzot/ros2_main/build/socketcan_interface_msg' returned '0': CMAKE_PREFIX_PATH=/opt/ros/galactic /usr/bin/cmake /home/ryuzot/ros2_main/src/socketcan_interface_msg -DCMAKE_EXPORT_COMPILE_COMMANDS=ON -G Ninja -DAMENT_CMAKE_SYMLINK_INSTALL=1 -DCMAKE_INSTALL_PREFIX=/home/ryuzot/ros2_main/install/socketcan_interface_msg
[16.386s] DEBUG:colcon.colcon_core.event_handler.log_command:Invoking command in '/home/ryuzot/ros2_main/build/socketcan_interface_msg': CMAKE_PREFIX_PATH=/opt/ros/galactic /usr/bin/cmake --build /home/ryuzot/ros2_main/build/socketcan_interface_msg -- -j24 -l24
[18.612s] DEBUG:colcon.colcon_core.event_handler.log_command:Invoked command in '/home/ryuzot/ros2_main/build/socketcan_interface_msg' returned '0': CMAKE_PREFIX_PATH=/opt/ros/galactic /usr/bin/cmake --build /home/ryuzot/ros2_main/build/socketcan_interface_msg -- -j24 -l24
[18.633s] DEBUG:colcon.colcon_core.event_handler.log_command:Invoking command in '/home/ryuzot/ros2_main/build/socketcan_interface_msg': CMAKE_PREFIX_PATH=/opt/ros/galactic /usr/bin/cmake --install /home/ryuzot/ros2_main/build/socketcan_interface_msg
[18.962s] Level 1:colcon.colcon_core.environment:create_environment_scripts_only(socketcan_interface_msg)
[18.964s] DEBUG:colcon.colcon_core.event_handler.log_command:Invoked command in '/home/ryuzot/ros2_main/build/socketcan_interface_msg' returned '0': CMAKE_PREFIX_PATH=/opt/ros/galactic /usr/bin/cmake --install /home/ryuzot/ros2_main/build/socketcan_interface_msg
[18.968s] Level 1:colcon.colcon_core.environment:checking '/home/ryuzot/ros2_main/install/socketcan_interface_msg' for CMake module files
[18.968s] Level 1:colcon.colcon_core.environment:checking '/home/ryuzot/ros2_main/install/socketcan_interface_msg' for CMake config files
[18.969s] Level 1:colcon.colcon_core.shell:create_environment_hook('socketcan_interface_msg', 'cmake_prefix_path')
[18.971s] INFO:colcon.colcon_core.shell:Creating environment hook '/home/ryuzot/ros2_main/install/socketcan_interface_msg/share/socketcan_interface_msg/hook/cmake_prefix_path.ps1'
[18.972s] INFO:colcon.colcon_core.shell:Creating environment descriptor '/home/ryuzot/ros2_main/install/socketcan_interface_msg/share/socketcan_interface_msg/hook/cmake_prefix_path.dsv'
[18.972s] INFO:colcon.colcon_core.shell:Creating environment hook '/home/ryuzot/ros2_main/install/socketcan_interface_msg/share/socketcan_interface_msg/hook/cmake_prefix_path.sh'
[18.973s] Level 1:colcon.colcon_core.environment:checking '/home/ryuzot/ros2_main/install/socketcan_interface_msg/lib'
[18.973s] Level 1:colcon.colcon_core.shell:create_environment_hook('socketcan_interface_msg', 'ld_library_path_lib')
[18.976s] INFO:colcon.colcon_core.shell:Creating environment hook '/home/ryuzot/ros2_main/install/socketcan_interface_msg/share/socketcan_interface_msg/hook/ld_library_path_lib.ps1'
[18.976s] INFO:colcon.colcon_core.shell:Creating environment descriptor '/home/ryuzot/ros2_main/install/socketcan_interface_msg/share/socketcan_interface_msg/hook/ld_library_path_lib.dsv'
[18.976s] INFO:colcon.colcon_core.shell:Creating environment hook '/home/ryuzot/ros2_main/install/socketcan_interface_msg/share/socketcan_interface_msg/hook/ld_library_path_lib.sh'
[18.976s] Level 1:colcon.colcon_core.environment:checking '/home/ryuzot/ros2_main/install/socketcan_interface_msg/bin'
[18.976s] Level 1:colcon.colcon_core.environment:checking '/home/ryuzot/ros2_main/install/socketcan_interface_msg/lib/pkgconfig/socketcan_interface_msg.pc'
[18.976s] Level 1:colcon.colcon_core.environment:checking '/home/ryuzot/ros2_main/install/socketcan_interface_msg/lib/python3.8/site-packages'
[18.976s] Level 1:colcon.colcon_core.shell:create_environment_hook('socketcan_interface_msg', 'pythonpath')
[18.979s] INFO:colcon.colcon_core.shell:Creating environment hook '/home/ryuzot/ros2_main/install/socketcan_interface_msg/share/socketcan_interface_msg/hook/pythonpath.ps1'
[18.979s] INFO:colcon.colcon_core.shell:Creating environment descriptor '/home/ryuzot/ros2_main/install/socketcan_interface_msg/share/socketcan_interface_msg/hook/pythonpath.dsv'
[18.979s] INFO:colcon.colcon_core.shell:Creating environment hook '/home/ryuzot/ros2_main/install/socketcan_interface_msg/share/socketcan_interface_msg/hook/pythonpath.sh'
[18.982s] INFO:colcon.colcon_core.shell:Creating package script '/home/ryuzot/ros2_main/install/socketcan_interface_msg/share/socketcan_interface_msg/package.ps1'
[18.983s] INFO:colcon.colcon_core.shell:Creating package descriptor '/home/ryuzot/ros2_main/install/socketcan_interface_msg/share/socketcan_interface_msg/package.dsv'
[18.983s] INFO:colcon.colcon_core.shell:Creating package script '/home/ryuzot/ros2_main/install/socketcan_interface_msg/share/socketcan_interface_msg/package.sh'
[18.984s] INFO:colcon.colcon_core.shell:Creating package script '/home/ryuzot/ros2_main/install/socketcan_interface_msg/share/socketcan_interface_msg/package.bash'
[18.984s] INFO:colcon.colcon_core.shell:Creating package script '/home/ryuzot/ros2_main/install/socketcan_interface_msg/share/socketcan_interface_msg/package.zsh'
[18.985s] Level 1:colcon.colcon_core.environment:create_file_with_runtime_dependencies(/home/ryuzot/ros2_main/install/socketcan_interface_msg/share/colcon-core/packages/socketcan_interface_msg)
[19.000s] Level 1:colcon.colcon_core.environment:create_environment_scripts_only(socketcan_interface_msg)
[19.004s] Level 1:colcon.colcon_core.environment:checking '/home/ryuzot/ros2_main/install/socketcan_interface_msg' for CMake module files
[19.004s] Level 1:colcon.colcon_core.environment:checking '/home/ryuzot/ros2_main/install/socketcan_interface_msg' for CMake config files
[19.004s] Level 1:colcon.colcon_core.shell:create_environment_hook('socketcan_interface_msg', 'cmake_prefix_path')
[19.007s] INFO:colcon.colcon_core.shell:Creating environment hook '/home/ryuzot/ros2_main/install/socketcan_interface_msg/share/socketcan_interface_msg/hook/cmake_prefix_path.ps1'
[19.008s] INFO:colcon.colcon_core.shell:Creating environment descriptor '/home/ryuzot/ros2_main/install/socketcan_interface_msg/share/socketcan_interface_msg/hook/cmake_prefix_path.dsv'
[19.008s] INFO:colcon.colcon_core.shell:Creating environment hook '/home/ryuzot/ros2_main/install/socketcan_interface_msg/share/socketcan_interface_msg/hook/cmake_prefix_path.sh'
[19.008s] Level 1:colcon.colcon_core.environment:checking '/home/ryuzot/ros2_main/install/socketcan_interface_msg/lib'
[19.008s] Level 1:colcon.colcon_core.shell:create_environment_hook('socketcan_interface_msg', 'ld_library_path_lib')
[19.011s] INFO:colcon.colcon_core.shell:Creating environment hook '/home/ryuzot/ros2_main/install/socketcan_interface_msg/share/socketcan_interface_msg/hook/ld_library_path_lib.ps1'
[19.011s] INFO:colcon.colcon_core.shell:Creating environment descriptor '/home/ryuzot/ros2_main/install/socketcan_interface_msg/share/socketcan_interface_msg/hook/ld_library_path_lib.dsv'
[19.011s] INFO:colcon.colcon_core.shell:Creating environment hook '/home/ryuzot/ros2_main/install/socketcan_interface_msg/share/socketcan_interface_msg/hook/ld_library_path_lib.sh'
[19.011s] Level 1:colcon.colcon_core.environment:checking '/home/ryuzot/ros2_main/install/socketcan_interface_msg/bin'
[19.011s] Level 1:colcon.colcon_core.environment:checking '/home/ryuzot/ros2_main/install/socketcan_interface_msg/lib/pkgconfig/socketcan_interface_msg.pc'
[19.011s] Level 1:colcon.colcon_core.environment:checking '/home/ryuzot/ros2_main/install/socketcan_interface_msg/lib/python3.8/site-packages'
[19.011s] Level 1:colcon.colcon_core.shell:create_environment_hook('socketcan_interface_msg', 'pythonpath')
[19.014s] INFO:colcon.colcon_core.shell:Creating environment hook '/home/ryuzot/ros2_main/install/socketcan_interface_msg/share/socketcan_interface_msg/hook/pythonpath.ps1'
[19.014s] INFO:colcon.colcon_core.shell:Creating environment descriptor '/home/ryuzot/ros2_main/install/socketcan_interface_msg/share/socketcan_interface_msg/hook/pythonpath.dsv'
[19.014s] INFO:colcon.colcon_core.shell:Creating environment hook '/home/ryuzot/ros2_main/install/socketcan_interface_msg/share/socketcan_interface_msg/hook/pythonpath.sh'
[19.017s] INFO:colcon.colcon_core.shell:Creating package script '/home/ryuzot/ros2_main/install/socketcan_interface_msg/share/socketcan_interface_msg/package.ps1'
[19.017s] INFO:colcon.colcon_core.shell:Creating package descriptor '/home/ryuzot/ros2_main/install/socketcan_interface_msg/share/socketcan_interface_msg/package.dsv'
[19.018s] INFO:colcon.colcon_core.shell:Creating package script '/home/ryuzot/ros2_main/install/socketcan_interface_msg/share/socketcan_interface_msg/package.sh'
[19.018s] INFO:colcon.colcon_core.shell:Creating package script '/home/ryuzot/ros2_main/install/socketcan_interface_msg/share/socketcan_interface_msg/package.bash'
[19.018s] INFO:colcon.colcon_core.shell:Creating package script '/home/ryuzot/ros2_main/install/socketcan_interface_msg/share/socketcan_interface_msg/package.zsh'
[19.019s] Level 1:colcon.colcon_core.environment:create_file_with_runtime_dependencies(/home/ryuzot/ros2_main/install/socketcan_interface_msg/share/colcon-core/packages/socketcan_interface_msg)
[19.019s] INFO:colcon.colcon_ros.task.ament_cmake.build:Building ROS package in '/home/ryuzot/ros2_main/src/socketcan_interface' with build type 'ament_cmake'
[19.019s] INFO:colcon.colcon_cmake.task.cmake.build:Building CMake package in '/home/ryuzot/ros2_main/src/socketcan_interface'
[19.022s] INFO:colcon.colcon_core.shell:Skip shell extension 'powershell' for command environment: Not usable outside of PowerShell
[19.022s] DEBUG:colcon.colcon_core.shell:Skip shell extension 'dsv' for command environment
[19.227s] DEBUG:colcon.colcon_core.event_handler.log_command:Invoking command in '/home/ryuzot/ros2_main/build/socketcan_interface': AMENT_PREFIX_PATH=/home/ryuzot/ros2_main/install/socketcan_interface_msg:${AMENT_PREFIX_PATH} CMAKE_PREFIX_PATH=/home/ryuzot/ros2_main/install/socketcan_interface_msg:/opt/ros/galactic LD_LIBRARY_PATH=/home/ryuzot/ros2_main/install/socketcan_interface_msg/lib:${LD_LIBRARY_PATH} PYTHONPATH=/home/ryuzot/ros2_main/install/socketcan_interface_msg/lib/python3.8/site-packages:${PYTHONPATH} /usr/bin/cmake /home/ryuzot/ros2_main/src/socketcan_interface -DCMAKE_EXPORT_COMPILE_COMMANDS=ON -G Ninja -DAMENT_CMAKE_SYMLINK_INSTALL=1 -DCMAKE_INSTALL_PREFIX=/home/ryuzot/ros2_main/install/socketcan_interface
[28.862s] DEBUG:colcon.colcon_core.event_handler.log_command:Invoked command in '/home/ryuzot/ros2_main/build/socketcan_interface' returned '0': AMENT_PREFIX_PATH=/home/ryuzot/ros2_main/install/socketcan_interface_msg:${AMENT_PREFIX_PATH} CMAKE_PREFIX_PATH=/home/ryuzot/ros2_main/install/socketcan_interface_msg:/opt/ros/galactic LD_LIBRARY_PATH=/home/ryuzot/ros2_main/install/socketcan_interface_msg/lib:${LD_LIBRARY_PATH} PYTHONPATH=/home/ryuzot/ros2_main/install/socketcan_interface_msg/lib/python3.8/site-packages:${PYTHONPATH} /usr/bin/cmake /home/ryuzot/ros2_main/src/socketcan_interface -DCMAKE_EXPORT_COMPILE_COMMANDS=ON -G Ninja -DAMENT_CMAKE_SYMLINK_INSTALL=1 -DCMAKE_INSTALL_PREFIX=/home/ryuzot/ros2_main/install/socketcan_interface
[28.863s] DEBUG:colcon.colcon_core.event_handler.log_command:Invoking command in '/home/ryuzot/ros2_main/build/socketcan_interface': AMENT_PREFIX_PATH=/home/ryuzot/ros2_main/install/socketcan_interface_msg:${AMENT_PREFIX_PATH} CMAKE_PREFIX_PATH=/home/ryuzot/ros2_main/install/socketcan_interface_msg:/opt/ros/galactic LD_LIBRARY_PATH=/home/ryuzot/ros2_main/install/socketcan_interface_msg/lib:${LD_LIBRARY_PATH} PYTHONPATH=/home/ryuzot/ros2_main/install/socketcan_interface_msg/lib/python3.8/site-packages:${PYTHONPATH} /usr/bin/cmake --build /home/ryuzot/ros2_main/build/socketcan_interface -- -j24 -l24
[35.311s] DEBUG:colcon.colcon_core.event_handler.log_command:Invoked command in '/home/ryuzot/ros2_main/build/socketcan_interface' returned '0': AMENT_PREFIX_PATH=/home/ryuzot/ros2_main/install/socketcan_interface_msg:${AMENT_PREFIX_PATH} CMAKE_PREFIX_PATH=/home/ryuzot/ros2_main/install/socketcan_interface_msg:/opt/ros/galactic LD_LIBRARY_PATH=/home/ryuzot/ros2_main/install/socketcan_interface_msg/lib:${LD_LIBRARY_PATH} PYTHONPATH=/home/ryuzot/ros2_main/install/socketcan_interface_msg/lib/python3.8/site-packages:${PYTHONPATH} /usr/bin/cmake --build /home/ryuzot/ros2_main/build/socketcan_interface -- -j24 -l24
[35.326s] DEBUG:colcon.colcon_core.event_handler.log_command:Invoking command in '/home/ryuzot/ros2_main/build/socketcan_interface': AMENT_PREFIX_PATH=/home/ryuzot/ros2_main/install/socketcan_interface_msg:${AMENT_PREFIX_PATH} CMAKE_PREFIX_PATH=/home/ryuzot/ros2_main/install/socketcan_interface_msg:/opt/ros/galactic LD_LIBRARY_PATH=/home/ryuzot/ros2_main/install/socketcan_interface_msg/lib:${LD_LIBRARY_PATH} PYTHONPATH=/home/ryuzot/ros2_main/install/socketcan_interface_msg/lib/python3.8/site-packages:${PYTHONPATH} /usr/bin/cmake --install /home/ryuzot/ros2_main/build/socketcan_interface
[35.453s] Level 1:colcon.colcon_core.environment:create_environment_scripts_only(socketcan_interface)
[35.457s] Level 1:colcon.colcon_core.environment:checking '/home/ryuzot/ros2_main/install/socketcan_interface' for CMake module files
[35.458s] DEBUG:colcon.colcon_core.event_handler.log_command:Invoked command in '/home/ryuzot/ros2_main/build/socketcan_interface' returned '0': AMENT_PREFIX_PATH=/home/ryuzot/ros2_main/install/socketcan_interface_msg:${AMENT_PREFIX_PATH} CMAKE_PREFIX_PATH=/home/ryuzot/ros2_main/install/socketcan_interface_msg:/opt/ros/galactic LD_LIBRARY_PATH=/home/ryuzot/ros2_main/install/socketcan_interface_msg/lib:${LD_LIBRARY_PATH} PYTHONPATH=/home/ryuzot/ros2_main/install/socketcan_interface_msg/lib/python3.8/site-packages:${PYTHONPATH} /usr/bin/cmake --install /home/ryuzot/ros2_main/build/socketcan_interface
[35.458s] Level 1:colcon.colcon_core.environment:checking '/home/ryuzot/ros2_main/install/socketcan_interface' for CMake config files
[35.458s] Level 1:colcon.colcon_core.shell:create_environment_hook('socketcan_interface', 'cmake_prefix_path')
[35.462s] INFO:colcon.colcon_core.shell:Creating environment hook '/home/ryuzot/ros2_main/install/socketcan_interface/share/socketcan_interface/hook/cmake_prefix_path.ps1'
[35.462s] INFO:colcon.colcon_core.shell:Creating environment descriptor '/home/ryuzot/ros2_main/install/socketcan_interface/share/socketcan_interface/hook/cmake_prefix_path.dsv'
[35.462s] INFO:colcon.colcon_core.shell:Creating environment hook '/home/ryuzot/ros2_main/install/socketcan_interface/share/socketcan_interface/hook/cmake_prefix_path.sh'
[35.463s] Level 1:colcon.colcon_core.environment:checking '/home/ryuzot/ros2_main/install/socketcan_interface/lib'
[35.463s] Level 1:colcon.colcon_core.environment:checking '/home/ryuzot/ros2_main/install/socketcan_interface/bin'
[35.463s] Level 1:colcon.colcon_core.environment:checking '/home/ryuzot/ros2_main/install/socketcan_interface/lib/pkgconfig/socketcan_interface.pc'
[35.463s] Level 1:colcon.colcon_core.environment:checking '/home/ryuzot/ros2_main/install/socketcan_interface/lib/python3.8/site-packages'
[35.466s] INFO:colcon.colcon_core.shell:Creating package script '/home/ryuzot/ros2_main/install/socketcan_interface/share/socketcan_interface/package.ps1'
[35.467s] INFO:colcon.colcon_core.shell:Creating package descriptor '/home/ryuzot/ros2_main/install/socketcan_interface/share/socketcan_interface/package.dsv'
[35.467s] INFO:colcon.colcon_core.shell:Creating package script '/home/ryuzot/ros2_main/install/socketcan_interface/share/socketcan_interface/package.sh'
[35.467s] INFO:colcon.colcon_core.shell:Creating package script '/home/ryuzot/ros2_main/install/socketcan_interface/share/socketcan_interface/package.bash'
[35.467s] INFO:colcon.colcon_core.shell:Creating package script '/home/ryuzot/ros2_main/install/socketcan_interface/share/socketcan_interface/package.zsh'
[35.468s] Level 1:colcon.colcon_core.environment:create_file_with_runtime_dependencies(/home/ryuzot/ros2_main/install/socketcan_interface/share/colcon-core/packages/socketcan_interface)
[35.483s] Level 1:colcon.colcon_core.environment:create_environment_scripts_only(socketcan_interface)
[35.486s] Level 1:colcon.colcon_core.environment:checking '/home/ryuzot/ros2_main/install/socketcan_interface' for CMake module files
[35.486s] Level 1:colcon.colcon_core.environment:checking '/home/ryuzot/ros2_main/install/socketcan_interface' for CMake config files
[35.486s] Level 1:colcon.colcon_core.shell:create_environment_hook('socketcan_interface', 'cmake_prefix_path')
[35.489s] INFO:colcon.colcon_core.shell:Creating environment hook '/home/ryuzot/ros2_main/install/socketcan_interface/share/socketcan_interface/hook/cmake_prefix_path.ps1'
[35.490s] INFO:colcon.colcon_core.shell:Creating environment descriptor '/home/ryuzot/ros2_main/install/socketcan_interface/share/socketcan_interface/hook/cmake_prefix_path.dsv'
[35.490s] INFO:colcon.colcon_core.shell:Creating environment hook '/home/ryuzot/ros2_main/install/socketcan_interface/share/socketcan_interface/hook/cmake_prefix_path.sh'
[35.490s] Level 1:colcon.colcon_core.environment:checking '/home/ryuzot/ros2_main/install/socketcan_interface/lib'
[35.491s] Level 1:colcon.colcon_core.environment:checking '/home/ryuzot/ros2_main/install/socketcan_interface/bin'
[35.491s] Level 1:colcon.colcon_core.environment:checking '/home/ryuzot/ros2_main/install/socketcan_interface/lib/pkgconfig/socketcan_interface.pc'
[35.491s] Level 1:colcon.colcon_core.environment:checking '/home/ryuzot/ros2_main/install/socketcan_interface/lib/python3.8/site-packages'
[35.493s] INFO:colcon.colcon_core.shell:Creating package script '/home/ryuzot/ros2_main/install/socketcan_interface/share/socketcan_interface/package.ps1'
[35.494s] INFO:colcon.colcon_core.shell:Creating package descriptor '/home/ryuzot/ros2_main/install/socketcan_interface/share/socketcan_interface/package.dsv'
[35.494s] INFO:colcon.colcon_core.shell:Creating package script '/home/ryuzot/ros2_main/install/socketcan_interface/share/socketcan_interface/package.sh'
[35.494s] INFO:colcon.colcon_core.shell:Creating package script '/home/ryuzot/ros2_main/install/socketcan_interface/share/socketcan_interface/package.bash'
[35.494s] INFO:colcon.colcon_core.shell:Creating package script '/home/ryuzot/ros2_main/install/socketcan_interface/share/socketcan_interface/package.zsh'
[35.495s] Level 1:colcon.colcon_core.environment:create_file_with_runtime_dependencies(/home/ryuzot/ros2_main/install/socketcan_interface/share/colcon-core/packages/socketcan_interface)
[35.495s] INFO:colcon.colcon_ros.task.ament_cmake.build:Building ROS package in '/home/ryuzot/ros2_main/src/bno055_io' with build type 'ament_cmake'
[35.495s] INFO:colcon.colcon_cmake.task.cmake.build:Building CMake package in '/home/ryuzot/ros2_main/src/bno055_io'
[35.498s] INFO:colcon.colcon_core.shell:Skip shell extension 'powershell' for command environment: Not usable outside of PowerShell
[35.498s] DEBUG:colcon.colcon_core.shell:Skip shell extension 'dsv' for command environment
[35.506s] INFO:colcon.colcon_ros.task.ament_cmake.build:Building ROS package in '/home/ryuzot/ros2_main/src/main_executor' with build type 'ament_cmake'
[35.506s] INFO:colcon.colcon_cmake.task.cmake.build:Building CMake package in '/home/ryuzot/ros2_main/src/main_executor'
[35.509s] INFO:colcon.colcon_core.shell:Skip shell extension 'powershell' for command environment: Not usable outside of PowerShell
[35.509s] DEBUG:colcon.colcon_core.shell:Skip shell extension 'dsv' for command environment
[35.831s] DEBUG:colcon.colcon_core.event_handler.log_command:Invoking command in '/home/ryuzot/ros2_main/build/bno055_io': AMENT_PREFIX_PATH=/home/ryuzot/ros2_main/install/socketcan_interface:/home/ryuzot/ros2_main/install/socketcan_interface_msg:${AMENT_PREFIX_PATH} CMAKE_PREFIX_PATH=/home/ryuzot/ros2_main/install/socketcan_interface:/home/ryuzot/ros2_main/install/socketcan_interface_msg:/opt/ros/galactic LD_LIBRARY_PATH=/home/ryuzot/ros2_main/install/socketcan_interface/lib:/home/ryuzot/ros2_main/install/socketcan_interface_msg/lib:${LD_LIBRARY_PATH} PYTHONPATH=/home/ryuzot/ros2_main/install/socketcan_interface_msg/lib/python3.8/site-packages:${PYTHONPATH} /usr/bin/cmake --build /home/ryuzot/ros2_main/build/bno055_io -- -j24 -l24
[35.839s] DEBUG:colcon.colcon_core.event_handler.log_command:Invoking command in '/home/ryuzot/ros2_main/build/main_executor': AMENT_PREFIX_PATH=/home/ryuzot/ros2_main/install/socketcan_interface:/home/ryuzot/ros2_main/install/socketcan_interface_msg:${AMENT_PREFIX_PATH} CMAKE_PREFIX_PATH=/home/ryuzot/ros2_main/install/socketcan_interface:/home/ryuzot/ros2_main/install/socketcan_interface_msg:/opt/ros/galactic LD_LIBRARY_PATH=/home/ryuzot/ros2_main/install/socketcan_interface/lib:/home/ryuzot/ros2_main/install/socketcan_interface_msg/lib:${LD_LIBRARY_PATH} PYTHONPATH=/home/ryuzot/ros2_main/install/socketcan_interface_msg/lib/python3.8/site-packages:${PYTHONPATH} /usr/bin/cmake /home/ryuzot/ros2_main/src/main_executor -DCMAKE_EXPORT_COMPILE_COMMANDS=ON -G Ninja -DAMENT_CMAKE_SYMLINK_INSTALL=1 -DCMAKE_INSTALL_PREFIX=/home/ryuzot/ros2_main/install/main_executor
[42.712s] DEBUG:colcon.colcon_core.event_handler.log_command:Invoked command in '/home/ryuzot/ros2_main/build/bno055_io' returned '0': AMENT_PREFIX_PATH=/home/ryuzot/ros2_main/install/socketcan_interface:/home/ryuzot/ros2_main/install/socketcan_interface_msg:${AMENT_PREFIX_PATH} CMAKE_PREFIX_PATH=/home/ryuzot/ros2_main/install/socketcan_interface:/home/ryuzot/ros2_main/install/socketcan_interface_msg:/opt/ros/galactic LD_LIBRARY_PATH=/home/ryuzot/ros2_main/install/socketcan_interface/lib:/home/ryuzot/ros2_main/install/socketcan_interface_msg/lib:${LD_LIBRARY_PATH} PYTHONPATH=/home/ryuzot/ros2_main/install/socketcan_interface_msg/lib/python3.8/site-packages:${PYTHONPATH} /usr/bin/cmake --build /home/ryuzot/ros2_main/build/bno055_io -- -j24 -l24
[42.726s] DEBUG:colcon.colcon_core.event_handler.log_command:Invoking command in '/home/ryuzot/ros2_main/build/bno055_io': AMENT_PREFIX_PATH=/home/ryuzot/ros2_main/install/socketcan_interface:/home/ryuzot/ros2_main/install/socketcan_interface_msg:${AMENT_PREFIX_PATH} CMAKE_PREFIX_PATH=/home/ryuzot/ros2_main/install/socketcan_interface:/home/ryuzot/ros2_main/install/socketcan_interface_msg:/opt/ros/galactic LD_LIBRARY_PATH=/home/ryuzot/ros2_main/install/socketcan_interface/lib:/home/ryuzot/ros2_main/install/socketcan_interface_msg/lib:${LD_LIBRARY_PATH} PYTHONPATH=/home/ryuzot/ros2_main/install/socketcan_interface_msg/lib/python3.8/site-packages:${PYTHONPATH} /usr/bin/cmake --install /home/ryuzot/ros2_main/build/bno055_io
[42.862s] Level 1:colcon.colcon_core.environment:create_environment_scripts_only(bno055_io)
[42.866s] Level 1:colcon.colcon_core.environment:checking '/home/ryuzot/ros2_main/install/bno055_io' for CMake module files
[42.867s] DEBUG:colcon.colcon_core.event_handler.log_command:Invoked command in '/home/ryuzot/ros2_main/build/bno055_io' returned '0': AMENT_PREFIX_PATH=/home/ryuzot/ros2_main/install/socketcan_interface:/home/ryuzot/ros2_main/install/socketcan_interface_msg:${AMENT_PREFIX_PATH} CMAKE_PREFIX_PATH=/home/ryuzot/ros2_main/install/socketcan_interface:/home/ryuzot/ros2_main/install/socketcan_interface_msg:/opt/ros/galactic LD_LIBRARY_PATH=/home/ryuzot/ros2_main/install/socketcan_interface/lib:/home/ryuzot/ros2_main/install/socketcan_interface_msg/lib:${LD_LIBRARY_PATH} PYTHONPATH=/home/ryuzot/ros2_main/install/socketcan_interface_msg/lib/python3.8/site-packages:${PYTHONPATH} /usr/bin/cmake --install /home/ryuzot/ros2_main/build/bno055_io
[42.867s] Level 1:colcon.colcon_core.environment:checking '/home/ryuzot/ros2_main/install/bno055_io' for CMake config files
[42.868s] Level 1:colcon.colcon_core.shell:create_environment_hook('bno055_io', 'cmake_prefix_path')
[42.870s] INFO:colcon.colcon_core.shell:Creating environment hook '/home/ryuzot/ros2_main/install/bno055_io/share/bno055_io/hook/cmake_prefix_path.ps1'
[42.871s] INFO:colcon.colcon_core.shell:Creating environment descriptor '/home/ryuzot/ros2_main/install/bno055_io/share/bno055_io/hook/cmake_prefix_path.dsv'
[42.871s] INFO:colcon.colcon_core.shell:Creating environment hook '/home/ryuzot/ros2_main/install/bno055_io/share/bno055_io/hook/cmake_prefix_path.sh'
[42.871s] Level 1:colcon.colcon_core.environment:checking '/home/ryuzot/ros2_main/install/bno055_io/lib'
[42.871s] Level 1:colcon.colcon_core.shell:create_environment_hook('bno055_io', 'ld_library_path_lib')
[42.874s] INFO:colcon.colcon_core.shell:Creating environment hook '/home/ryuzot/ros2_main/install/bno055_io/share/bno055_io/hook/ld_library_path_lib.ps1'
[42.875s] INFO:colcon.colcon_core.shell:Creating environment descriptor '/home/ryuzot/ros2_main/install/bno055_io/share/bno055_io/hook/ld_library_path_lib.dsv'
[42.875s] INFO:colcon.colcon_core.shell:Creating environment hook '/home/ryuzot/ros2_main/install/bno055_io/share/bno055_io/hook/ld_library_path_lib.sh'
[42.875s] Level 1:colcon.colcon_core.environment:checking '/home/ryuzot/ros2_main/install/bno055_io/bin'
[42.875s] Level 1:colcon.colcon_core.environment:checking '/home/ryuzot/ros2_main/install/bno055_io/lib/pkgconfig/bno055_io.pc'
[42.875s] Level 1:colcon.colcon_core.environment:checking '/home/ryuzot/ros2_main/install/bno055_io/lib/python3.8/site-packages'
[42.879s] INFO:colcon.colcon_core.shell:Creating package script '/home/ryuzot/ros2_main/install/bno055_io/share/bno055_io/package.ps1'
[42.879s] INFO:colcon.colcon_core.shell:Creating package descriptor '/home/ryuzot/ros2_main/install/bno055_io/share/bno055_io/package.dsv'
[42.879s] INFO:colcon.colcon_core.shell:Creating package script '/home/ryuzot/ros2_main/install/bno055_io/share/bno055_io/package.sh'
[42.880s] INFO:colcon.colcon_core.shell:Creating package script '/home/ryuzot/ros2_main/install/bno055_io/share/bno055_io/package.bash'
[42.880s] INFO:colcon.colcon_core.shell:Creating package script '/home/ryuzot/ros2_main/install/bno055_io/share/bno055_io/package.zsh'
[42.880s] Level 1:colcon.colcon_core.environment:create_file_with_runtime_dependencies(/home/ryuzot/ros2_main/install/bno055_io/share/colcon-core/packages/bno055_io)
[42.896s] Level 1:colcon.colcon_core.environment:create_environment_scripts_only(bno055_io)
[42.899s] Level 1:colcon.colcon_core.environment:checking '/home/ryuzot/ros2_main/install/bno055_io' for CMake module files
[42.900s] Level 1:colcon.colcon_core.environment:checking '/home/ryuzot/ros2_main/install/bno055_io' for CMake config files
[42.900s] Level 1:colcon.colcon_core.shell:create_environment_hook('bno055_io', 'cmake_prefix_path')
[42.903s] INFO:colcon.colcon_core.shell:Creating environment hook '/home/ryuzot/ros2_main/install/bno055_io/share/bno055_io/hook/cmake_prefix_path.ps1'
[42.903s] INFO:colcon.colcon_core.shell:Creating environment descriptor '/home/ryuzot/ros2_main/install/bno055_io/share/bno055_io/hook/cmake_prefix_path.dsv'
[42.903s] INFO:colcon.colcon_core.shell:Creating environment hook '/home/ryuzot/ros2_main/install/bno055_io/share/bno055_io/hook/cmake_prefix_path.sh'
[42.904s] Level 1:colcon.colcon_core.environment:checking '/home/ryuzot/ros2_main/install/bno055_io/lib'
[42.904s] Level 1:colcon.colcon_core.shell:create_environment_hook('bno055_io', 'ld_library_path_lib')
[42.906s] INFO:colcon.colcon_core.shell:Creating environment hook '/home/ryuzot/ros2_main/install/bno055_io/share/bno055_io/hook/ld_library_path_lib.ps1'
[42.907s] INFO:colcon.colcon_core.shell:Creating environment descriptor '/home/ryuzot/ros2_main/install/bno055_io/share/bno055_io/hook/ld_library_path_lib.dsv'
[42.907s] INFO:colcon.colcon_core.shell:Creating environment hook '/home/ryuzot/ros2_main/install/bno055_io/share/bno055_io/hook/ld_library_path_lib.sh'
[42.907s] Level 1:colcon.colcon_core.environment:checking '/home/ryuzot/ros2_main/install/bno055_io/bin'
[42.907s] Level 1:colcon.colcon_core.environment:checking '/home/ryuzot/ros2_main/install/bno055_io/lib/pkgconfig/bno055_io.pc'
[42.907s] Level 1:colcon.colcon_core.environment:checking '/home/ryuzot/ros2_main/install/bno055_io/lib/python3.8/site-packages'
[42.910s] INFO:colcon.colcon_core.shell:Creating package script '/home/ryuzot/ros2_main/install/bno055_io/share/bno055_io/package.ps1'
[42.911s] INFO:colcon.colcon_core.shell:Creating package descriptor '/home/ryuzot/ros2_main/install/bno055_io/share/bno055_io/package.dsv'
[42.911s] INFO:colcon.colcon_core.shell:Creating package script '/home/ryuzot/ros2_main/install/bno055_io/share/bno055_io/package.sh'
[42.911s] INFO:colcon.colcon_core.shell:Creating package script '/home/ryuzot/ros2_main/install/bno055_io/share/bno055_io/package.bash'
[42.911s] INFO:colcon.colcon_core.shell:Creating package script '/home/ryuzot/ros2_main/install/bno055_io/share/bno055_io/package.zsh'
[42.912s] Level 1:colcon.colcon_core.environment:create_file_with_runtime_dependencies(/home/ryuzot/ros2_main/install/bno055_io/share/colcon-core/packages/bno055_io)
[44.927s] DEBUG:colcon.colcon_core.event_handler.log_command:Invoked command in '/home/ryuzot/ros2_main/build/main_executor' returned '0': AMENT_PREFIX_PATH=/home/ryuzot/ros2_main/install/socketcan_interface:/home/ryuzot/ros2_main/install/socketcan_interface_msg:${AMENT_PREFIX_PATH} CMAKE_PREFIX_PATH=/home/ryuzot/ros2_main/install/socketcan_interface:/home/ryuzot/ros2_main/install/socketcan_interface_msg:/opt/ros/galactic LD_LIBRARY_PATH=/home/ryuzot/ros2_main/install/socketcan_interface/lib:/home/ryuzot/ros2_main/install/socketcan_interface_msg/lib:${LD_LIBRARY_PATH} PYTHONPATH=/home/ryuzot/ros2_main/install/socketcan_interface_msg/lib/python3.8/site-packages:${PYTHONPATH} /usr/bin/cmake /home/ryuzot/ros2_main/src/main_executor -DCMAKE_EXPORT_COMPILE_COMMANDS=ON -G Ninja -DAMENT_CMAKE_SYMLINK_INSTALL=1 -DCMAKE_INSTALL_PREFIX=/home/ryuzot/ros2_main/install/main_executor
[44.929s] DEBUG:colcon.colcon_core.event_handler.log_command:Invoking command in '/home/ryuzot/ros2_main/build/main_executor': AMENT_PREFIX_PATH=/home/ryuzot/ros2_main/install/socketcan_interface:/home/ryuzot/ros2_main/install/socketcan_interface_msg:${AMENT_PREFIX_PATH} CMAKE_PREFIX_PATH=/home/ryuzot/ros2_main/install/socketcan_interface:/home/ryuzot/ros2_main/install/socketcan_interface_msg:/opt/ros/galactic LD_LIBRARY_PATH=/home/ryuzot/ros2_main/install/socketcan_interface/lib:/home/ryuzot/ros2_main/install/socketcan_interface_msg/lib:${LD_LIBRARY_PATH} PYTHONPATH=/home/ryuzot/ros2_main/install/socketcan_interface_msg/lib/python3.8/site-packages:${PYTHONPATH} /usr/bin/cmake --build /home/ryuzot/ros2_main/build/main_executor -- -j24 -l24
[47.241s] DEBUG:colcon.colcon_core.event_handler.log_command:Invoked command in '/home/ryuzot/ros2_main/build/main_executor' returned '0': AMENT_PREFIX_PATH=/home/ryuzot/ros2_main/install/socketcan_interface:/home/ryuzot/ros2_main/install/socketcan_interface_msg:${AMENT_PREFIX_PATH} CMAKE_PREFIX_PATH=/home/ryuzot/ros2_main/install/socketcan_interface:/home/ryuzot/ros2_main/install/socketcan_interface_msg:/opt/ros/galactic LD_LIBRARY_PATH=/home/ryuzot/ros2_main/install/socketcan_interface/lib:/home/ryuzot/ros2_main/install/socketcan_interface_msg/lib:${LD_LIBRARY_PATH} PYTHONPATH=/home/ryuzot/ros2_main/install/socketcan_interface_msg/lib/python3.8/site-packages:${PYTHONPATH} /usr/bin/cmake --build /home/ryuzot/ros2_main/build/main_executor -- -j24 -l24
[47.255s] DEBUG:colcon.colcon_core.event_handler.log_command:Invoking command in '/home/ryuzot/ros2_main/build/main_executor': AMENT_PREFIX_PATH=/home/ryuzot/ros2_main/install/socketcan_interface:/home/ryuzot/ros2_main/install/socketcan_interface_msg:${AMENT_PREFIX_PATH} CMAKE_PREFIX_PATH=/home/ryuzot/ros2_main/install/socketcan_interface:/home/ryuzot/ros2_main/install/socketcan_interface_msg:/opt/ros/galactic LD_LIBRARY_PATH=/home/ryuzot/ros2_main/install/socketcan_interface/lib:/home/ryuzot/ros2_main/install/socketcan_interface_msg/lib:${LD_LIBRARY_PATH} PYTHONPATH=/home/ryuzot/ros2_main/install/socketcan_interface_msg/lib/python3.8/site-packages:${PYTHONPATH} /usr/bin/cmake --install /home/ryuzot/ros2_main/build/main_executor
[47.351s] Level 1:colcon.colcon_core.environment:create_environment_scripts_only(main_executor)
[47.355s] Level 1:colcon.colcon_core.environment:checking '/home/ryuzot/ros2_main/install/main_executor' for CMake module files
[47.356s] DEBUG:colcon.colcon_core.event_handler.log_command:Invoked command in '/home/ryuzot/ros2_main/build/main_executor' returned '0': AMENT_PREFIX_PATH=/home/ryuzot/ros2_main/install/socketcan_interface:/home/ryuzot/ros2_main/install/socketcan_interface_msg:${AMENT_PREFIX_PATH} CMAKE_PREFIX_PATH=/home/ryuzot/ros2_main/install/socketcan_interface:/home/ryuzot/ros2_main/install/socketcan_interface_msg:/opt/ros/galactic LD_LIBRARY_PATH=/home/ryuzot/ros2_main/install/socketcan_interface/lib:/home/ryuzot/ros2_main/install/socketcan_interface_msg/lib:${LD_LIBRARY_PATH} PYTHONPATH=/home/ryuzot/ros2_main/install/socketcan_interface_msg/lib/python3.8/site-packages:${PYTHONPATH} /usr/bin/cmake --install /home/ryuzot/ros2_main/build/main_executor
[47.356s] Level 1:colcon.colcon_core.environment:checking '/home/ryuzot/ros2_main/install/main_executor' for CMake config files
[47.356s] Level 1:colcon.colcon_core.shell:create_environment_hook('main_executor', 'cmake_prefix_path')
[47.359s] INFO:colcon.colcon_core.shell:Creating environment hook '/home/ryuzot/ros2_main/install/main_executor/share/main_executor/hook/cmake_prefix_path.ps1'
[47.359s] INFO:colcon.colcon_core.shell:Creating environment descriptor '/home/ryuzot/ros2_main/install/main_executor/share/main_executor/hook/cmake_prefix_path.dsv'
[47.359s] INFO:colcon.colcon_core.shell:Creating environment hook '/home/ryuzot/ros2_main/install/main_executor/share/main_executor/hook/cmake_prefix_path.sh'
[47.360s] Level 1:colcon.colcon_core.environment:checking '/home/ryuzot/ros2_main/install/main_executor/lib'
[47.360s] Level 1:colcon.colcon_core.environment:checking '/home/ryuzot/ros2_main/install/main_executor/bin'
[47.360s] Level 1:colcon.colcon_core.environment:checking '/home/ryuzot/ros2_main/install/main_executor/lib/pkgconfig/main_executor.pc'
[47.360s] Level 1:colcon.colcon_core.environment:checking '/home/ryuzot/ros2_main/install/main_executor/lib/python3.8/site-packages'
[47.363s] INFO:colcon.colcon_core.shell:Creating package script '/home/ryuzot/ros2_main/install/main_executor/share/main_executor/package.ps1'
[47.363s] INFO:colcon.colcon_core.shell:Creating package descriptor '/home/ryuzot/ros2_main/install/main_executor/share/main_executor/package.dsv'
[47.363s] INFO:colcon.colcon_core.shell:Creating package script '/home/ryuzot/ros2_main/install/main_executor/share/main_executor/package.sh'
[47.363s] INFO:colcon.colcon_core.shell:Creating package script '/home/ryuzot/ros2_main/install/main_executor/share/main_executor/package.bash'
[47.364s] INFO:colcon.colcon_core.shell:Creating package script '/home/ryuzot/ros2_main/install/main_executor/share/main_executor/package.zsh'
[47.364s] Level 1:colcon.colcon_core.environment:create_file_with_runtime_dependencies(/home/ryuzot/ros2_main/install/main_executor/share/colcon-core/packages/main_executor)
[47.379s] Level 1:colcon.colcon_core.environment:create_environment_scripts_only(main_executor)
[47.382s] Level 1:colcon.colcon_core.environment:checking '/home/ryuzot/ros2_main/install/main_executor' for CMake module files
[47.383s] Level 1:colcon.colcon_core.environment:checking '/home/ryuzot/ros2_main/install/main_executor' for CMake config files
[47.383s] Level 1:colcon.colcon_core.shell:create_environment_hook('main_executor', 'cmake_prefix_path')
[47.386s] INFO:colcon.colcon_core.shell:Creating environment hook '/home/ryuzot/ros2_main/install/main_executor/share/main_executor/hook/cmake_prefix_path.ps1'
[47.387s] INFO:colcon.colcon_core.shell:Creating environment descriptor '/home/ryuzot/ros2_main/install/main_executor/share/main_executor/hook/cmake_prefix_path.dsv'
[47.387s] INFO:colcon.colcon_core.shell:Creating environment hook '/home/ryuzot/ros2_main/install/main_executor/share/main_executor/hook/cmake_prefix_path.sh'
[47.388s] Level 1:colcon.colcon_core.environment:checking '/home/ryuzot/ros2_main/install/main_executor/lib'
[47.388s] Level 1:colcon.colcon_core.environment:checking '/home/ryuzot/ros2_main/install/main_executor/bin'
[47.388s] Level 1:colcon.colcon_core.environment:checking '/home/ryuzot/ros2_main/install/main_executor/lib/pkgconfig/main_executor.pc'
[47.388s] Level 1:colcon.colcon_core.environment:checking '/home/ryuzot/ros2_main/install/main_executor/lib/python3.8/site-packages'
[47.391s] INFO:colcon.colcon_core.shell:Creating package script '/home/ryuzot/ros2_main/install/main_executor/share/main_executor/package.ps1'
[47.391s] INFO:colcon.colcon_core.shell:Creating package descriptor '/home/ryuzot/ros2_main/install/main_executor/share/main_executor/package.dsv'
[47.392s] INFO:colcon.colcon_core.shell:Creating package script '/home/ryuzot/ros2_main/install/main_executor/share/main_executor/package.sh'
[47.392s] INFO:colcon.colcon_core.shell:Creating package script '/home/ryuzot/ros2_main/install/main_executor/share/main_executor/package.bash'
[47.392s] INFO:colcon.colcon_core.shell:Creating package script '/home/ryuzot/ros2_main/install/main_executor/share/main_executor/package.zsh'
[47.393s] Level 1:colcon.colcon_core.environment:create_file_with_runtime_dependencies(/home/ryuzot/ros2_main/install/main_executor/share/colcon-core/packages/main_executor)
[47.393s] DEBUG:colcon.colcon_parallel_executor.executor.parallel:closing loop
[47.394s] DEBUG:colcon.colcon_parallel_executor.executor.parallel:loop closed
[47.394s] DEBUG:colcon.colcon_parallel_executor.executor.parallel:run_until_complete finished with '0'
[47.394s] DEBUG:colcon.colcon_core.event_reactor:joining thread
[47.470s] INFO:colcon.colcon_core.plugin_system:Skipping extension 'colcon_notification.desktop_notification.notify_send': Could not find 'notify-send'
[47.470s] INFO:colcon.colcon_core.plugin_system:Skipping extension 'colcon_notification.desktop_notification.terminal_notifier': Not used on non-Darwin systems
[47.471s] INFO:colcon.colcon_core.plugin_system:Skipping extension 'colcon_notification.desktop_notification.win32': Not used on non-Windows systems
[47.471s] INFO:colcon.colcon_notification.desktop_notification:Sending desktop notification using 'notify2'
[47.475s] DEBUG:colcon.colcon_notification.desktop_notification.notify2:Failed to initialize notify2: org.freedesktop.DBus.Error.ServiceUnknown: The name org.freedesktop.Notifications was not provided by any .service files
[47.475s] DEBUG:colcon.colcon_core.event_reactor:joined thread
[47.478s] INFO:colcon.colcon_core.shell:Creating prefix script '/home/ryuzot/ros2_main/install/local_setup.ps1'
[47.479s] INFO:colcon.colcon_core.shell:Creating prefix util module '/home/ryuzot/ros2_main/install/_local_setup_util_ps1.py'
[47.480s] INFO:colcon.colcon_core.shell:Creating prefix chain script '/home/ryuzot/ros2_main/install/setup.ps1'
[47.483s] INFO:colcon.colcon_core.shell:Creating prefix script '/home/ryuzot/ros2_main/install/local_setup.sh'
[47.483s] INFO:colcon.colcon_core.shell:Creating prefix util module '/home/ryuzot/ros2_main/install/_local_setup_util_sh.py'
[47.483s] INFO:colcon.colcon_core.shell:Creating prefix chain script '/home/ryuzot/ros2_main/install/setup.sh'
[47.486s] INFO:colcon.colcon_core.shell:Creating prefix script '/home/ryuzot/ros2_main/install/local_setup.bash'
[47.487s] INFO:colcon.colcon_core.shell:Creating prefix chain script '/home/ryuzot/ros2_main/install/setup.bash'
[47.489s] INFO:colcon.colcon_core.shell:Creating prefix script '/home/ryuzot/ros2_main/install/local_setup.zsh'
[47.490s] INFO:colcon.colcon_core.shell:Creating prefix chain script '/home/ryuzot/ros2_main/install/setup.zsh'
