[0.303s] Invoking command in '/home/ryuzot/ros2_ws/build/main_executor': CMAKE_PREFIX_PATH=${CMAKE_PREFIX_PATH}:/opt/ros/galactic LD_LIBRARY_PATH=/home/ryuzot/ros2_ws/install/socketcan_interface_msg/lib:/home/ryuzot/ros2_ws/install/socketcan_interface/lib:/opt/ros/galactic/opt/yaml_cpp_vendor/lib:/opt/ros/galactic/opt/rviz_ogre_vendor/lib:/opt/ros/galactic/lib/x86_64-linux-gnu:/opt/ros/galactic/lib /usr/bin/cmake /home/ryuzot/ros2_ws/src/main_executor -DCMAKE_EXPORT_COMPILE_COMMANDS=ON -G Ninja -DAMENT_CMAKE_SYMLINK_INSTALL=1 -DCMAKE_INSTALL_PREFIX=/home/ryuzot/ros2_ws/install/main_executor
[0.531s] -- The C compiler identification is GNU 9.4.0
[0.920s] -- The CXX compiler identification is GNU 9.4.0
[1.135s] -- Check for working C compiler: /usr/bin/cc
[1.307s] -- Check for working C compiler: /usr/bin/cc -- works
[1.307s] -- Detecting C compiler ABI info
[1.478s] -- Detecting C compiler ABI info - done
[1.487s] -- Detecting C compile features
[1.487s] -- Detecting C compile features - done
[1.489s] -- Check for working CXX compiler: /usr/bin/c++
[1.664s] -- Check for working CXX compiler: /usr/bin/c++ -- works
[1.665s] -- Detecting CXX compiler ABI info
[1.843s] -- Detecting CXX compiler ABI info - done
[1.852s] -- Detecting CXX compile features
[1.852s] -- Detecting CXX compile features - done
[1.854s] -- Found rclcpp: 9.2.0 (/opt/ros/galactic/share/rclcpp/cmake)
[1.871s] -- Found PythonInterp: /usr/bin/python3 (found suitable version "3.8.10", minimum required is "3") 
[1.871s] -- Using PYTHON_EXECUTABLE: /usr/bin/python3
[1.912s] -- Override CMake install command with custom implementation using symlinks instead of copying resources
[2.196s] -- Using all available rosidl_typesupport_c: rosidl_typesupport_fastrtps_c;rosidl_typesupport_introspection_c
[2.201s] -- Found rosidl_adapter: 2.2.1 (/opt/ros/galactic/share/rosidl_adapter/cmake)
[3.810s] -- Found OpenSSL: /usr/lib/x86_64-linux-gnu/libcrypto.so (found version "1.1.1f")  
[5.199s] -- Found FastRTPS: /opt/ros/galactic/include  
[8.154s] -- Using all available rosidl_typesupport_cpp: rosidl_typesupport_fastrtps_cpp;rosidl_typesupport_introspection_cpp
[8.208s] -- Found rmw_implementation_cmake: 3.3.1 (/opt/ros/galactic/share/rmw_implementation_cmake/cmake)
[8.208s] -- Found rmw_cyclonedds_cpp: 0.22.4 (/opt/ros/galactic/share/rmw_cyclonedds_cpp/cmake)
[8.222s] -- Using RMW implementation 'rmw_cyclonedds_cpp' as default
[8.222s] -- Looking for pthread.h
[8.394s] -- Looking for pthread.h - found
[8.394s] -- Performing Test CMAKE_HAVE_LIBC_PTHREAD
[8.562s] -- Performing Test CMAKE_HAVE_LIBC_PTHREAD - Failed
[8.562s] -- Looking for pthread_create in pthreads
[8.726s] -- Looking for pthread_create in pthreads - not found
[8.726s] -- Looking for pthread_create in pthread
[8.867s] -- Looking for pthread_create in pthread - found
[8.868s] -- Found Threads: TRUE  
[8.989s] -- Found socketcan_interface: 0.0.0 (/home/ryuzot/ros2_ws/install/socketcan_interface/share/socketcan_interface/cmake)
[9.000s] -- Found ament_lint_auto: 0.10.6 (/opt/ros/galactic/share/ament_lint_auto/cmake)
[9.054s] -- Added test 'copyright' to check source files copyright and LICENSE
[9.055s] -- Added test 'cppcheck' to perform static code analysis on C / C++ code
[9.055s] -- Configured cppcheck include dirs: $<BUILD_INTERFACE:/home/ryuzot/ros2_ws/src/main_executor/include>
[9.055s] -- Configured cppcheck exclude dirs and/or files: 
[9.056s] -- Added test 'cpplint' to check C / C++ code against the Google style
[9.056s] -- Configured cpplint exclude dirs and/or files: 
[9.056s] -- Added test 'lint_cmake' to check CMake code style
[9.057s] -- Added test 'uncrustify' to check C / C++ code style
[9.057s] -- Configured uncrustify additional arguments: 
[9.057s] -- Added test 'xmllint' to check XML markup files
[9.060s] -- Configuring done
[9.064s] -- Generating done
[9.066s] -- Build files have been written to: /home/ryuzot/ros2_ws/build/main_executor
[9.073s] Invoked command in '/home/ryuzot/ros2_ws/build/main_executor' returned '0': CMAKE_PREFIX_PATH=${CMAKE_PREFIX_PATH}:/opt/ros/galactic LD_LIBRARY_PATH=/home/ryuzot/ros2_ws/install/socketcan_interface_msg/lib:/home/ryuzot/ros2_ws/install/socketcan_interface/lib:/opt/ros/galactic/opt/yaml_cpp_vendor/lib:/opt/ros/galactic/opt/rviz_ogre_vendor/lib:/opt/ros/galactic/lib/x86_64-linux-gnu:/opt/ros/galactic/lib /usr/bin/cmake /home/ryuzot/ros2_ws/src/main_executor -DCMAKE_EXPORT_COMPILE_COMMANDS=ON -G Ninja -DAMENT_CMAKE_SYMLINK_INSTALL=1 -DCMAKE_INSTALL_PREFIX=/home/ryuzot/ros2_ws/install/main_executor
[9.075s] Invoking command in '/home/ryuzot/ros2_ws/build/main_executor': CMAKE_PREFIX_PATH=${CMAKE_PREFIX_PATH}:/opt/ros/galactic LD_LIBRARY_PATH=/home/ryuzot/ros2_ws/install/socketcan_interface_msg/lib:/home/ryuzot/ros2_ws/install/socketcan_interface/lib:/opt/ros/galactic/opt/yaml_cpp_vendor/lib:/opt/ros/galactic/opt/rviz_ogre_vendor/lib:/opt/ros/galactic/lib/x86_64-linux-gnu:/opt/ros/galactic/lib /usr/bin/cmake --build /home/ryuzot/ros2_ws/build/main_executor -- -j24 -l24
[9.082s] 
[10.792s] [0/2] Building CXX object CMakeFiles/main_exec.dir/src/main.cpp.o[K
[10.792s] [1/2] Building CXX object CMakeFiles/main_exec.dir/src/main.cpp.o[K
[10.990s] [1/2] Linking CXX executable main_exec[K
[10.990s] [2/2] Linking CXX executable main_exec[K
[10.992s] Invoked command in '/home/ryuzot/ros2_ws/build/main_executor' returned '0': CMAKE_PREFIX_PATH=${CMAKE_PREFIX_PATH}:/opt/ros/galactic LD_LIBRARY_PATH=/home/ryuzot/ros2_ws/install/socketcan_interface_msg/lib:/home/ryuzot/ros2_ws/install/socketcan_interface/lib:/opt/ros/galactic/opt/yaml_cpp_vendor/lib:/opt/ros/galactic/opt/rviz_ogre_vendor/lib:/opt/ros/galactic/lib/x86_64-linux-gnu:/opt/ros/galactic/lib /usr/bin/cmake --build /home/ryuzot/ros2_ws/build/main_executor -- -j24 -l24
[11.007s] Invoking command in '/home/ryuzot/ros2_ws/build/main_executor': CMAKE_PREFIX_PATH=${CMAKE_PREFIX_PATH}:/opt/ros/galactic LD_LIBRARY_PATH=/home/ryuzot/ros2_ws/install/socketcan_interface_msg/lib:/home/ryuzot/ros2_ws/install/socketcan_interface/lib:/opt/ros/galactic/opt/yaml_cpp_vendor/lib:/opt/ros/galactic/opt/rviz_ogre_vendor/lib:/opt/ros/galactic/lib/x86_64-linux-gnu:/opt/ros/galactic/lib /usr/bin/cmake --install /home/ryuzot/ros2_ws/build/main_executor
[11.012s] -- Install configuration: ""
[11.012s] -- Execute custom install script
[11.013s] -- Up-to-date symlink: /home/ryuzot/ros2_ws/install/main_executor/lib/main_executor/main_exec
[11.013s] -- Up-to-date symlink: /home/ryuzot/ros2_ws/install/main_executor/share/ament_index/resource_index/package_run_dependencies/main_executor
[11.013s] -- Up-to-date symlink: /home/ryuzot/ros2_ws/install/main_executor/share/ament_index/resource_index/parent_prefix_path/main_executor
[11.013s] -- Up-to-date symlink: /home/ryuzot/ros2_ws/install/main_executor/share/main_executor/environment/ament_prefix_path.sh
[11.013s] -- Up-to-date symlink: /home/ryuzot/ros2_ws/install/main_executor/share/main_executor/environment/ament_prefix_path.dsv
[11.014s] -- Up-to-date symlink: /home/ryuzot/ros2_ws/install/main_executor/share/main_executor/environment/path.sh
[11.014s] -- Up-to-date symlink: /home/ryuzot/ros2_ws/install/main_executor/share/main_executor/environment/path.dsv
[11.014s] -- Up-to-date symlink: /home/ryuzot/ros2_ws/install/main_executor/share/main_executor/local_setup.bash
[11.014s] -- Up-to-date symlink: /home/ryuzot/ros2_ws/install/main_executor/share/main_executor/local_setup.sh
[11.014s] -- Up-to-date symlink: /home/ryuzot/ros2_ws/install/main_executor/share/main_executor/local_setup.zsh
[11.015s] -- Up-to-date symlink: /home/ryuzot/ros2_ws/install/main_executor/share/main_executor/local_setup.dsv
[11.015s] -- Symlinking: /home/ryuzot/ros2_ws/install/main_executor/share/main_executor/package.dsv
[11.021s] -- Up-to-date symlink: /home/ryuzot/ros2_ws/install/main_executor/share/ament_index/resource_index/packages/main_executor
[11.021s] -- Up-to-date symlink: /home/ryuzot/ros2_ws/install/main_executor/share/main_executor/cmake/main_executorConfig.cmake
[11.021s] -- Up-to-date symlink: /home/ryuzot/ros2_ws/install/main_executor/share/main_executor/cmake/main_executorConfig-version.cmake
[11.021s] -- Up-to-date symlink: /home/ryuzot/ros2_ws/install/main_executor/share/main_executor/package.xml
[11.027s] Invoked command in '/home/ryuzot/ros2_ws/build/main_executor' returned '0': CMAKE_PREFIX_PATH=${CMAKE_PREFIX_PATH}:/opt/ros/galactic LD_LIBRARY_PATH=/home/ryuzot/ros2_ws/install/socketcan_interface_msg/lib:/home/ryuzot/ros2_ws/install/socketcan_interface/lib:/opt/ros/galactic/opt/yaml_cpp_vendor/lib:/opt/ros/galactic/opt/rviz_ogre_vendor/lib:/opt/ros/galactic/lib/x86_64-linux-gnu:/opt/ros/galactic/lib /usr/bin/cmake --install /home/ryuzot/ros2_ws/build/main_executor
