[0.220s] Invoking command in '/home/ryuzot/ros2_ws/build/socketcan_interface': AMENT_PREFIX_PATH=/home/ryuzot/ros2_ws/install/socketcan_interface_msg:${AMENT_PREFIX_PATH} CMAKE_PREFIX_PATH=/home/ryuzot/ros2_ws/install/socketcan_interface_msg:/opt/ros/galactic LD_LIBRARY_PATH=/home/ryuzot/ros2_ws/install/socketcan_interface_msg/lib:${LD_LIBRARY_PATH} PYTHONPATH=/home/ryuzot/ros2_ws/install/socketcan_interface_msg/lib/python3.8/site-packages:${PYTHONPATH} /usr/bin/cmake --build /home/ryuzot/ros2_ws/build/socketcan_interface -- -j24 -l24
[0.226s] 
[0.226s] [0/1] Re-running CMake...[K
[0.237s] -- Found ament_cmake: 1.1.5 (/opt/ros/galactic/share/ament_cmake/cmake)
[0.252s] -- Using PYTHON_EXECUTABLE: /usr/bin/python3
[0.292s] -- Found rclcpp: 9.2.0 (/opt/ros/galactic/share/rclcpp/cmake)
[0.540s] -- Using all available rosidl_typesupport_c: rosidl_typesupport_fastrtps_c;rosidl_typesupport_introspection_c
[0.543s] -- Found rosidl_adapter: 2.2.1 (/opt/ros/galactic/share/rosidl_adapter/cmake)
[6.926s] -- Using all available rosidl_typesupport_cpp: rosidl_typesupport_fastrtps_cpp;rosidl_typesupport_introspection_cpp
[6.982s] -- Found rmw_implementation_cmake: 3.3.1 (/opt/ros/galactic/share/rmw_implementation_cmake/cmake)
[6.985s] -- Found rmw_cyclonedds_cpp: 0.22.4 (/opt/ros/galactic/share/rmw_cyclonedds_cpp/cmake)
[7.005s] -- Using RMW implementation 'rmw_cyclonedds_cpp' as default
[7.139s] -- Found socketcan_interface_msg: 0.0.0 (/home/ryuzot/ros2_ws/install/socketcan_interface_msg/share/socketcan_interface_msg/cmake)
[7.146s] -- Found ament_lint_auto: 0.10.6 (/opt/ros/galactic/share/ament_lint_auto/cmake)
[7.188s] -- Added test 'copyright' to check source files copyright and LICENSE
[7.189s] -- Added test 'cppcheck' to perform static code analysis on C / C++ code
[7.189s] -- Configured cppcheck include dirs: 
[7.189s] -- Configured cppcheck exclude dirs and/or files: 
[7.189s] -- Added test 'cpplint' to check C / C++ code against the Google style
[7.189s] -- Configured cpplint exclude dirs and/or files: 
[7.190s] -- Added test 'lint_cmake' to check CMake code style
[7.190s] -- Added test 'uncrustify' to check C / C++ code style
[7.190s] -- Configured uncrustify additional arguments: 
[7.190s] -- Added test 'xmllint' to check XML markup files
[7.192s] -- Configuring done
[7.196s] -- Generating done
[7.197s] -- Build files have been written to: /home/ryuzot/ros2_ws/build/socketcan_interface
[7.204s] 
[7.393s] [0/1] Linking CXX executable publisher[K
[7.393s] [1/1] Linking CXX executable publisher[K
[7.393s] [31mFAILED: [0mpublisher 
[7.393s] : && /usr/bin/c++     CMakeFiles/publisher.dir/src/socketcan_interface_publisher.cpp.o  -o publisher  -Wl,-rpath,/opt/ros/galactic/lib:/home/ryuzot/ros2_ws/install/socketcan_interface_msg/lib:  /opt/ros/galactic/lib/librclcpp.so  /home/ryuzot/ros2_ws/install/socketcan_interface_msg/lib/libsocketcan_interface_msg__rosidl_typesupport_introspection_c.so  /home/ryuzot/ros2_ws/install/socketcan_interface_msg/lib/libsocketcan_interface_msg__rosidl_typesupport_c.so  /home/ryuzot/ros2_ws/install/socketcan_interface_msg/lib/libsocketcan_interface_msg__rosidl_typesupport_introspection_cpp.so  /home/ryuzot/ros2_ws/install/socketcan_interface_msg/lib/libsocketcan_interface_msg__rosidl_typesupport_cpp.so  -lpthread  /opt/ros/galactic/lib/libament_index_cpp.so  /opt/ros/galactic/lib/liblibstatistics_collector.so  /opt/ros/galactic/lib/liblibstatistics_collector_test_msgs__rosidl_typesupport_introspection_c.so  /opt/ros/galactic/lib/liblibstatistics_collector_test_msgs__rosidl_generator_c.so  /opt/ros/galactic/lib/liblibstatistics_collector_test_msgs__rosidl_typesupport_c.so  /opt/ros/galactic/lib/liblibstatistics_collector_test_msgs__rosidl_typesupport_introspection_cpp.so  /opt/ros/galactic/lib/liblibstatistics_collector_test_msgs__rosidl_typesupport_cpp.so  /opt/ros/galactic/lib/libstd_msgs__rosidl_typesupport_introspection_c.so  /opt/ros/galactic/lib/libstd_msgs__rosidl_generator_c.so  /opt/ros/galactic/lib/libstd_msgs__rosidl_typesupport_c.so  /opt/ros/galactic/lib/libstd_msgs__rosidl_typesupport_introspection_cpp.so  /opt/ros/galactic/lib/libstd_msgs__rosidl_typesupport_cpp.so  /opt/ros/galactic/lib/librcl.so  /opt/ros/galactic/lib/librcl_interfaces__rosidl_typesupport_introspection_c.so  /opt/ros/galactic/lib/librcl_interfaces__rosidl_generator_c.so  /opt/ros/galactic/lib/librcl_interfaces__rosidl_typesupport_c.so  /opt/ros/galactic/lib/librcl_interfaces__rosidl_typesupport_introspection_cpp.so  /opt/ros/galactic/lib/librcl_interfaces__rosidl_typesupport_cpp.so  /opt/ros/galactic/lib/librmw_implementation.so  /opt/ros/galactic/lib/librcl_logging_spdlog.so  /opt/ros/galactic/lib/librcl_logging_interface.so  /opt/ros/galactic/lib/librcl_yaml_param_parser.so  /opt/ros/galactic/lib/librmw.so  /opt/ros/galactic/lib/libyaml.so  /opt/ros/galactic/lib/librosgraph_msgs__rosidl_typesupport_introspection_c.so  /opt/ros/galactic/lib/librosgraph_msgs__rosidl_generator_c.so  /opt/ros/galactic/lib/librosgraph_msgs__rosidl_typesupport_c.so  /opt/ros/galactic/lib/librosgraph_msgs__rosidl_typesupport_introspection_cpp.so  /opt/ros/galactic/lib/librosgraph_msgs__rosidl_typesupport_cpp.so  /opt/ros/galactic/lib/libstatistics_msgs__rosidl_typesupport_introspection_c.so  /opt/ros/galactic/lib/libstatistics_msgs__rosidl_generator_c.so  /opt/ros/galactic/lib/libstatistics_msgs__rosidl_typesupport_c.so  /opt/ros/galactic/lib/libstatistics_msgs__rosidl_typesupport_introspection_cpp.so  /opt/ros/galactic/lib/libstatistics_msgs__rosidl_typesupport_cpp.so  /opt/ros/galactic/lib/libbuiltin_interfaces__rosidl_typesupport_introspection_c.so  /opt/ros/galactic/lib/libbuiltin_interfaces__rosidl_generator_c.so  /opt/ros/galactic/lib/libbuiltin_interfaces__rosidl_typesupport_c.so  /opt/ros/galactic/lib/libbuiltin_interfaces__rosidl_typesupport_introspection_cpp.so  /opt/ros/galactic/lib/libbuiltin_interfaces__rosidl_typesupport_cpp.so  /opt/ros/galactic/lib/libtracetools.so  /home/ryuzot/ros2_ws/install/socketcan_interface_msg/lib/libsocketcan_interface_msg__rosidl_generator_c.so  /opt/ros/galactic/lib/librosidl_typesupport_introspection_cpp.so  /opt/ros/galactic/lib/librosidl_typesupport_introspection_c.so  /opt/ros/galactic/lib/librosidl_typesupport_cpp.so  /opt/ros/galactic/lib/librosidl_typesupport_c.so  /opt/ros/galactic/lib/librcpputils.so  /opt/ros/galactic/lib/librosidl_runtime_c.so  /opt/ros/galactic/lib/librcutils.so  -ldl && :
[7.393s] /usr/bin/ld: /usr/lib/gcc/x86_64-linux-gnu/9/../../../x86_64-linux-gnu/Scrt1.o: in function `_start':
[7.393s] (.text+0x24): undefined reference to `main'
[7.393s] collect2: error: ld returned 1 exit status
[7.393s] ninja: build stopped: subcommand failed.
[7.395s] Invoked command in '/home/ryuzot/ros2_ws/build/socketcan_interface' returned '1': AMENT_PREFIX_PATH=/home/ryuzot/ros2_ws/install/socketcan_interface_msg:${AMENT_PREFIX_PATH} CMAKE_PREFIX_PATH=/home/ryuzot/ros2_ws/install/socketcan_interface_msg:/opt/ros/galactic LD_LIBRARY_PATH=/home/ryuzot/ros2_ws/install/socketcan_interface_msg/lib:${LD_LIBRARY_PATH} PYTHONPATH=/home/ryuzot/ros2_ws/install/socketcan_interface_msg/lib/python3.8/site-packages:${PYTHONPATH} /usr/bin/cmake --build /home/ryuzot/ros2_ws/build/socketcan_interface -- -j24 -l24
