[0.017s] Invoking command in '/home/ryuzot/ros2_ws/build/socketcan_interface_msg': CMAKE_PREFIX_PATH=${CMAKE_PREFIX_PATH}:/opt/ros/galactic /usr/bin/cmake /home/ryuzot/ros2_ws/src/socketcan_interface_msg -DCMAKE_EXPORT_COMPILE_COMMANDS=ON -G Ninja -DAMENT_CMAKE_SYMLINK_INSTALL=1 -DCMAKE_INSTALL_PREFIX=/home/ryuzot/ros2_ws/install/socketcan_interface_msg
[0.029s] -- Found ament_cmake: 1.1.5 (/opt/ros/galactic/share/ament_cmake/cmake)
[0.046s] -- Found PythonInterp: /usr/bin/python3 (found suitable version "3.8.10", minimum required is "3") 
[0.046s] -- Using PYTHON_EXECUTABLE: /usr/bin/python3
[0.083s] -- Override CMake install command with custom implementation using symlinks instead of copying resources
[0.091s] -- Found rosidl_default_generators: 1.1.1 (/opt/ros/galactic/share/rosidl_default_generators/cmake)
[0.093s] -- Using all available rosidl_typesupport_c: rosidl_typesupport_fastrtps_c;rosidl_typesupport_introspection_c
[0.096s] -- Found rosidl_adapter: 2.2.1 (/opt/ros/galactic/share/rosidl_adapter/cmake)
[6.133s] -- Using all available rosidl_typesupport_cpp: rosidl_typesupport_fastrtps_cpp;rosidl_typesupport_introspection_cpp
[6.168s] -- Found PythonInterp: /usr/bin/python3 (found version "3.8.10") 
[6.249s] -- Found ament_cmake_ros: 0.9.2 (/opt/ros/galactic/share/ament_cmake_ros/cmake)
[12.298s] -- Using all available rosidl_typesupport_c: rosidl_typesupport_fastrtps_c;rosidl_typesupport_introspection_c
[12.304s] -- Using all available rosidl_typesupport_cpp: rosidl_typesupport_fastrtps_cpp;rosidl_typesupport_introspection_cpp
[12.321s] -- Found PythonInterp: /usr/bin/python3 (found suitable version "3.8.10", minimum required is "3.5") 
[12.321s] -- Found python_cmake_module: 0.8.1 (/opt/ros/galactic/share/python_cmake_module/cmake)
[12.339s] -- Using PYTHON_EXECUTABLE: /usr/bin/python3
[12.339s] -- Using PYTHON_INCLUDE_DIRS: /usr/include/python3.8
[12.339s] -- Using PYTHON_LIBRARIES: /usr/lib/x86_64-linux-gnu/libpython3.8.so
[12.353s] -- Found ament_lint_auto: 0.10.6 (/opt/ros/galactic/share/ament_lint_auto/cmake)
[12.363s] -- Added test 'copyright' to check source files copyright and LICENSE
[12.364s] -- Added test 'lint_cmake' to check CMake code style
[12.364s] -- Added test 'xmllint' to check XML markup files
[12.368s] -- Configuring done
[12.382s] -- Generating done
[12.383s] -- Build files have been written to: /home/ryuzot/ros2_ws/build/socketcan_interface_msg
[12.390s] Invoked command in '/home/ryuzot/ros2_ws/build/socketcan_interface_msg' returned '0': CMAKE_PREFIX_PATH=${CMAKE_PREFIX_PATH}:/opt/ros/galactic /usr/bin/cmake /home/ryuzot/ros2_ws/src/socketcan_interface_msg -DCMAKE_EXPORT_COMPILE_COMMANDS=ON -G Ninja -DAMENT_CMAKE_SYMLINK_INSTALL=1 -DCMAKE_INSTALL_PREFIX=/home/ryuzot/ros2_ws/install/socketcan_interface_msg
[12.392s] Invoking command in '/home/ryuzot/ros2_ws/build/socketcan_interface_msg': CMAKE_PREFIX_PATH=${CMAKE_PREFIX_PATH}:/opt/ros/galactic /usr/bin/cmake --build /home/ryuzot/ros2_ws/build/socketcan_interface_msg -- -j24 -l24
[12.401s] 
[12.580s] [0/6] Linking CXX shared library libsocketcan_interface_msg__rosidl_typesupport_fastrtps_cpp.so[K
[12.580s] [1/6] Linking CXX shared library libsocketcan_interface_msg__rosidl_typesupport_fastrtps_cpp.so[K
[12.769s] [1/6] Linking CXX shared library libsocketcan_interface_msg__rosidl_typesupport_fastrtps_c.so[K
[12.769s] [2/6] Linking CXX shared library libsocketcan_interface_msg__rosidl_typesupport_fastrtps_c.so[K
[12.925s] [2/6] Linking C shared library rosidl_generator_py/socketcan_interface_msg/libsocketcan_interface_msg__python.so[K
[12.925s] [3/6] Linking C shared library rosidl_generator_py/socketcan_interface_msg/libsocketcan_interface_msg__python.so[K
[12.925s] [3/6] Linking CXX shared library rosidl_generator_py/socketcan_interface_msg/socketcan_interface_msg_s__rosidl_typesupport_fastrtps_c.cpython-38-x86_64-linux-gnu.so[K
[12.925s] [3/6] Linking C shared library rosidl_generator_py/socketcan_interface_msg/socketcan_interface_msg_s__rosidl_typesupport_c.cpython-38-x86_64-linux-gnu.so[K
[13.047s] [3/6] Linking C shared library rosidl_generator_py/socketcan_interface_msg/socketcan_interface_msg_s__rosidl_typesupport_introspection_c.cpython-38-x86_64-linux-gnu.so[K
[13.062s] [4/6] Linking C shared library rosidl_generator_py/socketcan_interface_msg/socketcan_interface_msg_s__rosidl_typesupport_introspection_c.cpython-38-x86_64-linux-gnu.so[K
[13.065s] [5/6] Linking C shared library rosidl_generator_py/socketcan_interface_msg/socketcan_interface_msg_s__rosidl_typesupport_c.cpython-38-x86_64-linux-gnu.so[K
[13.065s] [6/6] Linking CXX shared library rosidl_generator_py/socketcan_interface_msg/socketcan_interface_msg_s__rosidl_typesupport_fastrtps_c.cpython-38-x86_64-linux-gnu.so[K
[13.067s] Invoked command in '/home/ryuzot/ros2_ws/build/socketcan_interface_msg' returned '0': CMAKE_PREFIX_PATH=${CMAKE_PREFIX_PATH}:/opt/ros/galactic /usr/bin/cmake --build /home/ryuzot/ros2_ws/build/socketcan_interface_msg -- -j24 -l24
[13.088s] Invoking command in '/home/ryuzot/ros2_ws/build/socketcan_interface_msg': CMAKE_PREFIX_PATH=${CMAKE_PREFIX_PATH}:/opt/ros/galactic /usr/bin/cmake --install /home/ryuzot/ros2_ws/build/socketcan_interface_msg
[13.093s] -- Install configuration: ""
[13.094s] -- Execute custom install script
[13.094s] -- Symlinking: /home/ryuzot/ros2_ws/install/socketcan_interface_msg/share/ament_index/resource_index/rosidl_interfaces/socketcan_interface_msg
[13.100s] -- Symlinking: /home/ryuzot/ros2_ws/install/socketcan_interface_msg/include/socketcan_interface_msg/msg/detail/socketcan_if__functions.h
[13.105s] -- Symlinking: /home/ryuzot/ros2_ws/install/socketcan_interface_msg/include/socketcan_interface_msg/msg/detail/socketcan_if__struct.h
[13.110s] -- Symlinking: /home/ryuzot/ros2_ws/install/socketcan_interface_msg/include/socketcan_interface_msg/msg/detail/socketcan_if__type_support.h
[13.116s] -- Symlinking: /home/ryuzot/ros2_ws/install/socketcan_interface_msg/include/socketcan_interface_msg/msg/rosidl_generator_c__visibility_control.h
[13.121s] -- Symlinking: /home/ryuzot/ros2_ws/install/socketcan_interface_msg/include/socketcan_interface_msg/msg/socketcan_if.h
[13.126s] -- Symlinking: /home/ryuzot/ros2_ws/install/socketcan_interface_msg/share/socketcan_interface_msg/environment/library_path.sh
[13.131s] -- Symlinking: /home/ryuzot/ros2_ws/install/socketcan_interface_msg/share/socketcan_interface_msg/environment/library_path.dsv
[13.137s] -- Symlinking: /home/ryuzot/ros2_ws/install/socketcan_interface_msg/include/socketcan_interface_msg/msg/detail/socketcan_if__rosidl_typesupport_fastrtps_c.h
[13.142s] -- Symlinking: /home/ryuzot/ros2_ws/install/socketcan_interface_msg/include/socketcan_interface_msg/msg/rosidl_typesupport_fastrtps_c__visibility_control.h
[13.148s] -- Symlinking: /home/ryuzot/ros2_ws/install/socketcan_interface_msg/lib/libsocketcan_interface_msg__rosidl_typesupport_fastrtps_c.so
[13.154s] -- Symlinking: /home/ryuzot/ros2_ws/install/socketcan_interface_msg/include/socketcan_interface_msg/msg/detail/socketcan_if__rosidl_typesupport_fastrtps_cpp.hpp
[13.159s] -- Symlinking: /home/ryuzot/ros2_ws/install/socketcan_interface_msg/include/socketcan_interface_msg/msg/rosidl_typesupport_fastrtps_cpp__visibility_control.h
[13.164s] -- Symlinking: /home/ryuzot/ros2_ws/install/socketcan_interface_msg/lib/libsocketcan_interface_msg__rosidl_typesupport_fastrtps_cpp.so
[13.169s] -- Symlinking: /home/ryuzot/ros2_ws/install/socketcan_interface_msg/include/socketcan_interface_msg/msg/detail/socketcan_if__rosidl_typesupport_introspection_c.h
[13.174s] -- Symlinking: /home/ryuzot/ros2_ws/install/socketcan_interface_msg/include/socketcan_interface_msg/msg/rosidl_typesupport_introspection_c__visibility_control.h
[13.181s] -- Symlinking: /home/ryuzot/ros2_ws/install/socketcan_interface_msg/include/socketcan_interface_msg/msg/detail/socketcan_if__builder.hpp
[13.186s] -- Symlinking: /home/ryuzot/ros2_ws/install/socketcan_interface_msg/include/socketcan_interface_msg/msg/detail/socketcan_if__struct.hpp
[13.190s] -- Symlinking: /home/ryuzot/ros2_ws/install/socketcan_interface_msg/include/socketcan_interface_msg/msg/detail/socketcan_if__traits.hpp
[13.196s] -- Symlinking: /home/ryuzot/ros2_ws/install/socketcan_interface_msg/include/socketcan_interface_msg/msg/socketcan_if.hpp
[13.202s] -- Symlinking: /home/ryuzot/ros2_ws/install/socketcan_interface_msg/include/socketcan_interface_msg/msg/detail/socketcan_if__rosidl_typesupport_introspection_cpp.hpp
[13.208s] -- Symlinking: /home/ryuzot/ros2_ws/install/socketcan_interface_msg/share/socketcan_interface_msg/environment/pythonpath.sh
[13.213s] -- Symlinking: /home/ryuzot/ros2_ws/install/socketcan_interface_msg/share/socketcan_interface_msg/environment/pythonpath.dsv
[13.219s] -- Symlinking: /home/ryuzot/ros2_ws/install/socketcan_interface_msg/lib/python3.8/site-packages/socketcan_interface_msg/__init__.py
[13.224s] -- Symlinking: /home/ryuzot/ros2_ws/install/socketcan_interface_msg/lib/python3.8/site-packages/socketcan_interface_msg/msg/__init__.py
[13.230s] -- Symlinking: /home/ryuzot/ros2_ws/install/socketcan_interface_msg/lib/python3.8/site-packages/socketcan_interface_msg/msg/_socketcan_if.py
[13.236s] -- Symlinking: /home/ryuzot/ros2_ws/install/socketcan_interface_msg/lib/python3.8/site-packages/socketcan_interface_msg/socketcan_interface_msg_s__rosidl_typesupport_fastrtps_c.cpython-38-x86_64-linux-gnu.so
[13.242s] -- Symlinking: /home/ryuzot/ros2_ws/install/socketcan_interface_msg/lib/python3.8/site-packages/socketcan_interface_msg/socketcan_interface_msg_s__rosidl_typesupport_introspection_c.cpython-38-x86_64-linux-gnu.so
[13.247s] -- Symlinking: /home/ryuzot/ros2_ws/install/socketcan_interface_msg/lib/python3.8/site-packages/socketcan_interface_msg/socketcan_interface_msg_s__rosidl_typesupport_c.cpython-38-x86_64-linux-gnu.so
[13.253s] -- Symlinking: /home/ryuzot/ros2_ws/install/socketcan_interface_msg/lib/libsocketcan_interface_msg__python.so
[13.259s] -- Symlinking: /home/ryuzot/ros2_ws/install/socketcan_interface_msg/share/socketcan_interface_msg/msg/SocketcanIF.idl
[13.264s] -- Symlinking: /home/ryuzot/ros2_ws/install/socketcan_interface_msg/share/socketcan_interface_msg/msg/SocketcanIF.msg
[13.270s] -- Symlinking: /home/ryuzot/ros2_ws/install/socketcan_interface_msg/share/ament_index/resource_index/package_run_dependencies/socketcan_interface_msg
[13.275s] -- Symlinking: /home/ryuzot/ros2_ws/install/socketcan_interface_msg/share/ament_index/resource_index/parent_prefix_path/socketcan_interface_msg
[13.281s] -- Symlinking: /home/ryuzot/ros2_ws/install/socketcan_interface_msg/share/socketcan_interface_msg/environment/ament_prefix_path.sh
[13.286s] -- Symlinking: /home/ryuzot/ros2_ws/install/socketcan_interface_msg/share/socketcan_interface_msg/environment/ament_prefix_path.dsv
[13.292s] -- Symlinking: /home/ryuzot/ros2_ws/install/socketcan_interface_msg/share/socketcan_interface_msg/environment/path.sh
[13.297s] -- Symlinking: /home/ryuzot/ros2_ws/install/socketcan_interface_msg/share/socketcan_interface_msg/environment/path.dsv
[13.302s] -- Symlinking: /home/ryuzot/ros2_ws/install/socketcan_interface_msg/share/socketcan_interface_msg/local_setup.bash
[13.307s] -- Symlinking: /home/ryuzot/ros2_ws/install/socketcan_interface_msg/share/socketcan_interface_msg/local_setup.sh
[13.313s] -- Symlinking: /home/ryuzot/ros2_ws/install/socketcan_interface_msg/share/socketcan_interface_msg/local_setup.zsh
[13.318s] -- Symlinking: /home/ryuzot/ros2_ws/install/socketcan_interface_msg/share/socketcan_interface_msg/local_setup.dsv
[13.323s] -- Symlinking: /home/ryuzot/ros2_ws/install/socketcan_interface_msg/share/socketcan_interface_msg/package.dsv
[13.329s] -- Symlinking: /home/ryuzot/ros2_ws/install/socketcan_interface_msg/share/ament_index/resource_index/packages/socketcan_interface_msg
[13.335s] -- Symlinking: /home/ryuzot/ros2_ws/install/socketcan_interface_msg/share/socketcan_interface_msg/cmake/rosidl_cmake-extras.cmake
[13.340s] -- Symlinking: /home/ryuzot/ros2_ws/install/socketcan_interface_msg/share/socketcan_interface_msg/cmake/ament_cmake_export_dependencies-extras.cmake
[13.346s] -- Symlinking: /home/ryuzot/ros2_ws/install/socketcan_interface_msg/share/socketcan_interface_msg/cmake/ament_cmake_export_libraries-extras.cmake
[13.351s] -- Symlinking: /home/ryuzot/ros2_ws/install/socketcan_interface_msg/share/socketcan_interface_msg/cmake/ament_cmake_export_targets-extras.cmake
[13.357s] -- Symlinking: /home/ryuzot/ros2_ws/install/socketcan_interface_msg/share/socketcan_interface_msg/cmake/ament_cmake_export_include_directories-extras.cmake
[13.363s] -- Symlinking: /home/ryuzot/ros2_ws/install/socketcan_interface_msg/share/socketcan_interface_msg/cmake/rosidl_cmake_export_typesupport_libraries-extras.cmake
[13.369s] -- Symlinking: /home/ryuzot/ros2_ws/install/socketcan_interface_msg/share/socketcan_interface_msg/cmake/rosidl_cmake_export_typesupport_targets-extras.cmake
[13.375s] -- Symlinking: /home/ryuzot/ros2_ws/install/socketcan_interface_msg/share/socketcan_interface_msg/cmake/socketcan_interface_msgConfig.cmake
[13.381s] -- Symlinking: /home/ryuzot/ros2_ws/install/socketcan_interface_msg/share/socketcan_interface_msg/cmake/socketcan_interface_msgConfig-version.cmake
[13.386s] -- Symlinking: /home/ryuzot/ros2_ws/install/socketcan_interface_msg/share/socketcan_interface_msg/package.xml
[13.391s] -- Up-to-date: /home/ryuzot/ros2_ws/install/socketcan_interface_msg/lib/libsocketcan_interface_msg__rosidl_generator_c.so
[13.392s] -- Up-to-date: /home/ryuzot/ros2_ws/install/socketcan_interface_msg/lib/libsocketcan_interface_msg__rosidl_typesupport_introspection_c.so
[13.392s] -- Up-to-date: /home/ryuzot/ros2_ws/install/socketcan_interface_msg/lib/libsocketcan_interface_msg__rosidl_typesupport_c.so
[13.392s] -- Up-to-date: /home/ryuzot/ros2_ws/install/socketcan_interface_msg/lib/libsocketcan_interface_msg__rosidl_typesupport_introspection_cpp.so
[13.392s] -- Up-to-date: /home/ryuzot/ros2_ws/install/socketcan_interface_msg/lib/libsocketcan_interface_msg__rosidl_typesupport_cpp.so
[13.418s] Compiling '/home/ryuzot/ros2_ws/install/socketcan_interface_msg/lib/python3.8/site-packages/socketcan_interface_msg/__init__.py'...
[13.422s] -- Up-to-date: /home/ryuzot/ros2_ws/install/socketcan_interface_msg/share/socketcan_interface_msg/cmake/socketcan_interface_msg__rosidl_generator_cExport.cmake
[13.422s] -- Installing: /home/ryuzot/ros2_ws/install/socketcan_interface_msg/share/socketcan_interface_msg/cmake/socketcan_interface_msg__rosidl_generator_cExport-noconfig.cmake
[13.422s] -- Up-to-date: /home/ryuzot/ros2_ws/install/socketcan_interface_msg/share/socketcan_interface_msg/cmake/socketcan_interface_msg__rosidl_typesupport_introspection_cExport.cmake
[13.422s] -- Installing: /home/ryuzot/ros2_ws/install/socketcan_interface_msg/share/socketcan_interface_msg/cmake/socketcan_interface_msg__rosidl_typesupport_introspection_cExport-noconfig.cmake
[13.422s] -- Up-to-date: /home/ryuzot/ros2_ws/install/socketcan_interface_msg/share/socketcan_interface_msg/cmake/socketcan_interface_msg__rosidl_typesupport_cExport.cmake
[13.422s] -- Installing: /home/ryuzot/ros2_ws/install/socketcan_interface_msg/share/socketcan_interface_msg/cmake/socketcan_interface_msg__rosidl_typesupport_cExport-noconfig.cmake
[13.423s] -- Up-to-date: /home/ryuzot/ros2_ws/install/socketcan_interface_msg/share/socketcan_interface_msg/cmake/socketcan_interface_msg__rosidl_generator_cppExport.cmake
[13.423s] -- Up-to-date: /home/ryuzot/ros2_ws/install/socketcan_interface_msg/share/socketcan_interface_msg/cmake/socketcan_interface_msg__rosidl_typesupport_introspection_cppExport.cmake
[13.423s] -- Installing: /home/ryuzot/ros2_ws/install/socketcan_interface_msg/share/socketcan_interface_msg/cmake/socketcan_interface_msg__rosidl_typesupport_introspection_cppExport-noconfig.cmake
[13.423s] -- Up-to-date: /home/ryuzot/ros2_ws/install/socketcan_interface_msg/share/socketcan_interface_msg/cmake/socketcan_interface_msg__rosidl_typesupport_cppExport.cmake
[13.424s] -- Installing: /home/ryuzot/ros2_ws/install/socketcan_interface_msg/share/socketcan_interface_msg/cmake/socketcan_interface_msg__rosidl_typesupport_cppExport-noconfig.cmake
[13.425s] Invoked command in '/home/ryuzot/ros2_ws/build/socketcan_interface_msg' returned '0': CMAKE_PREFIX_PATH=${CMAKE_PREFIX_PATH}:/opt/ros/galactic /usr/bin/cmake --install /home/ryuzot/ros2_ws/build/socketcan_interface_msg
