[0.147s] Invoking command in '/home/kazuma/ros2_ws_2/ros2_main/build/lidar_vel': AMENT_PREFIX_PATH=/home/kazuma/ros2_ws_2/ros2_main/install/csm:${AMENT_PREFIX_PATH} CMAKE_PREFIX_PATH=/home/kazuma/ros2_ws_2/ros2_main/install/csm:/home/kazuma/ros2_ws/install/tutorial_topic:/home/kazuma/ros2_ws/install/tutorial_package:/home/kazuma/ros2_ws/install/turtlebot3_simulations:/home/kazuma/ros2_ws/install/turtlebot3_gazebo:/home/kazuma/ros2_ws/install/turtlebot3_fake_node:/home/kazuma/ros2_ws/install/nav2_system_tests:/home/kazuma/ros2_ws/install/nav2_bringup:/home/kazuma/ros2_ws/install/navigation2:/home/kazuma/ros2_ws/install/smac_planner:/home/kazuma/ros2_ws/install/slam_toolbox:/home/kazuma/ros2_ws/install/nav2_dwb_controller:/home/kazuma/ros2_ws/install/nav2_controller:/home/kazuma/ros2_ws/install/dwb_plugins:/home/kazuma/ros2_ws/install/dwb_critics:/home/kazuma/ros2_ws/install/dwb_core:/home/kazuma/ros2_ws/install/nav_2d_utils:/home/kazuma/ros2_ws/install/dwb_msgs:/home/kazuma/ros2_ws/install/nav_2d_msgs:/home/kazuma/ros2_ws/install/nav2_waypoint_follower:/home/kazuma/ros2_ws/install/nav2_regulated_pure_pursuit_controller:/home/kazuma/ros2_ws/install/nav2_recoveries:/home/kazuma/ros2_ws/install/nav2_planner:/home/kazuma/ros2_ws/install/nav2_navfn_planner:/home/kazuma/ros2_ws/install/nav2_core:/home/kazuma/ros2_ws/install/costmap_queue:/home/kazuma/ros2_ws/install/nav2_costmap_2d:/home/kazuma/ros2_ws/install/nav2_voxel_grid:/home/kazuma/ros2_ws/install/nav2_rviz_plugins:/home/kazuma/ros2_ws/install/nav2_map_server:/home/kazuma/ros2_ws/install/nav2_lifecycle_manager:/home/kazuma/ros2_ws/install/nav2_bt_navigator:/home/kazuma/ros2_ws/install/nav2_behavior_tree:/home/kazuma/ros2_ws/install/nav2_amcl:/home/kazuma/ros2_ws/install/nav2_util:/home/kazuma/ros2_ws/install/nav2_common:/home/kazuma/ros2_ws_2/install/urg:/home/kazuma/ros2_ws_2/install/urdf_tutorial:/home/kazuma/ros2_ws_2/install/turtlebot3_msgs:/home/kazuma/ros2_ws_2/install/turtlebot3_gazebo:/home/kazuma/ros2_ws_2/install/turtlebot3_description:/home/kazuma/ros2_ws_2/install/turtlebot3_cartographer:/home/kazuma/ros2_ws_2/install/nav2_system_tests:/home/kazuma/ros2_ws_2/install/nav2_bringup:/home/kazuma/ros2_ws_2/install/navigation2:/home/kazuma/ros2_ws_2/install/smac_planner:/home/kazuma/ros2_ws_2/install/slam_toolbox:/home/kazuma/ros2_ws_2/install/send_goal_2:/home/kazuma/ros2_ws_2/install/send_goal:/home/kazuma/ros2_ws_2/install/nav2_dwb_controller:/home/kazuma/ros2_ws_2/install/nav2_controller:/home/kazuma/ros2_ws_2/install/dwb_plugins:/home/kazuma/ros2_ws_2/install/dwb_critics:/home/kazuma/ros2_ws_2/install/dwb_core:/home/kazuma/ros2_ws_2/install/nav_2d_utils:/home/kazuma/ros2_ws_2/install/dwb_msgs:/home/kazuma/ros2_ws_2/install/nav_2d_msgs:/home/kazuma/ros2_ws_2/install/nav2_waypoint_follower:/home/kazuma/ros2_ws_2/install/nav2_regulated_pure_pursuit_controller:/home/kazuma/ros2_ws_2/install/nav2_recoveries:/home/kazuma/ros2_ws_2/install/nav2_planner:/home/kazuma/ros2_ws_2/install/nav2_navfn_planner:/home/kazuma/ros2_ws_2/install/nav2_core:/home/kazuma/ros2_ws_2/install/costmap_queue:/home/kazuma/ros2_ws_2/install/nav2_costmap_2d:/home/kazuma/ros2_ws_2/install/nav2_voxel_grid:/home/kazuma/ros2_ws_2/install/nav2_rviz_plugins:/home/kazuma/ros2_ws_2/install/nav2_map_server:/home/kazuma/ros2_ws_2/install/nav2_lifecycle_manager:/home/kazuma/ros2_ws_2/install/nav2_bt_navigator:/home/kazuma/ros2_ws_2/install/nav2_behavior_tree:/home/kazuma/ros2_ws_2/install/nav2_amcl:/home/kazuma/ros2_ws_2/install/nav2_util:/home/kazuma/ros2_ws_2/install/nav2_msgs:/home/kazuma/ros2_ws_2/install/nav2_common:/home/kazuma/ros2_ws_2/install/dynamixel_sdk_examples:/home/kazuma/ros2_ws_2/install/dynamixel_sdk_custom_interfaces:/home/kazuma/ros2_ws_2/install/dynamixel_sdk:/home/kazuma/ros2_ws/install/nav2_msgs:/home/kazuma/ros2_ws/install/nav2_gazebo_spawner:/home/kazuma/ros2_ws_2/install/turtlebot3_teleop:/home/kazuma/ros2_ws_2/install/turtlebot3_example:/home/kazuma/ros2_ws_2/install/nav2_gazebo_spawner:/opt/ros/foxy LD_LIBRARY_PATH=/home/kazuma/ros2_ws_2/ros2_main/install/csm/lib:${LD_LIBRARY_PATH} /usr/bin/cmake --build /home/kazuma/ros2_ws_2/ros2_main/build/lidar_vel -- -j8 -l8
[0.180s] -- Found ament_cmake: 0.9.9 (/opt/ros/foxy/share/ament_cmake/cmake)
[0.226s] -- Using PYTHON_EXECUTABLE: /usr/bin/python3
[0.437s] -- Found sensor_msgs: 2.0.5 (/opt/ros/foxy/share/sensor_msgs/cmake)
[0.671s] -- Using all available rosidl_typesupport_c: rosidl_typesupport_fastrtps_c;rosidl_typesupport_introspection_c
[0.676s] -- Found rosidl_adapter: 1.2.1 (/opt/ros/foxy/share/rosidl_adapter/cmake)
[5.197s] -- Using all available rosidl_typesupport_cpp: rosidl_typesupport_fastrtps_cpp;rosidl_typesupport_introspection_cpp
[5.374s] -- Found rclcpp: 2.4.1 (/opt/ros/foxy/share/rclcpp/cmake)
[5.413s] -- Found rmw_implementation_cmake: 1.0.3 (/opt/ros/foxy/share/rmw_implementation_cmake/cmake)
[5.427s] -- Using RMW implementation 'rmw_fastrtps_cpp' as default
[5.575s] -- Found rclcpp_components: 2.4.1 (/opt/ros/foxy/share/rclcpp_components/cmake)
[5.636s] -- Found nav_msgs: 2.0.5 (/opt/ros/foxy/share/nav_msgs/cmake)
[5.718s] -- Found tf2_ros: 0.13.13 (/opt/ros/foxy/share/tf2_ros/cmake)
[6.026s] -- Found tf2_geometry_msgs: 0.13.13 (/opt/ros/foxy/share/tf2_geometry_msgs/cmake)
[6.034s] -- Found eigen3_cmake_module: 0.1.1 (/opt/ros/foxy/share/eigen3_cmake_module/cmake)
[6.068s] -- Found csm: 0.0.0 (/home/kazuma/ros2_ws_2/ros2_main/install/csm/share/csm/cmake)
[6.176s] -- Configuring done
[6.193s] -- Generating done
[6.196s] -- Build files have been written to: /home/kazuma/ros2_ws_2/ros2_main/build/lidar_vel
[6.234s] [35m[1mScanning dependencies of target lidar_vel[0m
[6.282s] [ 50%] [32mBuilding CXX object CMakeFiles/lidar_vel.dir/src/lidar_vel.cpp.o[0m
[9.871s] [01m[K/home/kazuma/ros2_ws_2/ros2_main/src/lidar_vel/src/lidar_vel.cpp:403:3:[m[K [01;31m[Kerror: [m[Kexpected unqualified-id before ‘[01m[Kif[m[K’
[9.871s]   403 |   [01;31m[Kif[m[K (publish_tf_)
[9.872s]       |   [01;31m[K^~[m[K
[9.872s] [01m[K/home/kazuma/ros2_ws_2/ros2_main/src/lidar_vel/src/lidar_vel.cpp:422:3:[m[K [01;31m[Kerror: [m[Kexpected unqualified-id before ‘[01m[Kif[m[K’
[9.872s]   422 |   [01;31m[Kif[m[K (newKeyframeNeeded(corr_ch))
[9.872s]       |   [01;31m[K^~[m[K
[9.872s] [01m[K/home/kazuma/ros2_ws_2/ros2_main/src/lidar_vel/src/lidar_vel.cpp:430:3:[m[K [01;31m[Kerror: [m[Kexpected unqualified-id before ‘[01m[Kelse[m[K’
[9.873s]   430 |   [01;31m[Kelse[m[K
[9.873s]       |   [01;31m[K^~~~[m[K
[9.877s] [01m[K/home/kazuma/ros2_ws_2/ros2_main/src/lidar_vel/src/lidar_vel.cpp:435:3:[m[K [01;31m[Kerror: [m[K‘[01m[Klast_icp_time_[m[K’ does not name a type
[9.877s]   435 |   [01;31m[Klast_icp_time_[m[K = now();
[9.877s]       |   [01;31m[K^~~~~~~~~~~~~~[m[K
[9.877s] [01m[K/home/kazuma/ros2_ws_2/ros2_main/src/lidar_vel/src/lidar_vel.cpp:436:3:[m[K [01;31m[Kerror: [m[Kexpected unqualified-id before ‘[01m[Kreturn[m[K’
[9.877s]   436 |   [01;31m[Kreturn[m[K true;
[9.878s]       |   [01;31m[K^~~~~~[m[K
[9.878s] [01m[K/home/kazuma/ros2_ws_2/ros2_main/src/lidar_vel/src/lidar_vel.cpp:439:6:[m[K [01;31m[Kerror: [m[K‘[01m[KLidarVel[m[K’ has not been declared
[9.878s]   439 | bool [01;31m[KLidarVel[m[K::newKeyframeNeeded(const tf2::Transform& d)
[9.878s]       |      [01;31m[K^~~~~~~~[m[K
[9.887s] [01m[K/home/kazuma/ros2_ws_2/ros2_main/src/lidar_vel/src/lidar_vel.cpp:[m[K In function ‘[01m[Kbool newKeyframeNeeded(const tf2::Transform&)[m[K’:
[9.888s] [01m[K/home/kazuma/ros2_ws_2/ros2_main/src/lidar_vel/src/lidar_vel.cpp:441:44:[m[K [01;31m[Kerror: [m[K‘[01m[Kkf_dist_angular_[m[K’ was not declared in this scope
[9.888s]   441 |   if (fabs(tf2::getYaw(d.getRotation())) > [01;31m[Kkf_dist_angular_[m[K)
[9.888s]       |                                            [01;31m[K^~~~~~~~~~~~~~~~[m[K
[9.898s] [01m[K/home/kazuma/ros2_ws_2/ros2_main/src/lidar_vel/src/lidar_vel.cpp:446:23:[m[K [01;31m[Kerror: [m[K‘[01m[Kkf_dist_linear_sq_[m[K’ was not declared in this scope
[9.899s]   446 |   if (x * x + y * y > [01;31m[Kkf_dist_linear_sq_[m[K)
[9.899s]       |                       [01;31m[K^~~~~~~~~~~~~~~~~~[m[K
[9.899s] [01m[K/home/kazuma/ros2_ws_2/ros2_main/src/lidar_vel/src/lidar_vel.cpp:[m[K At global scope:
[9.900s] [01m[K/home/kazuma/ros2_ws_2/ros2_main/src/lidar_vel/src/lidar_vel.cpp:452:6:[m[K [01;31m[Kerror: [m[K‘[01m[KLidarVel[m[K’ has not been declared
[9.900s]   452 | void [01;31m[KLidarVel[m[K::laserScanToLDP(const sensor_msgs::msg::LaserScan::SharedPtr& scan, LDP& ldp)
[9.900s]       |      [01;31m[K^~~~~~~~[m[K
[9.900s] [01m[K/home/kazuma/ros2_ws_2/ros2_main/src/lidar_vel/src/lidar_vel.cpp:488:6:[m[K [01;31m[Kerror: [m[K‘[01m[KLidarVel[m[K’ has not been declared
[9.900s]   488 | void [01;31m[KLidarVel[m[K::createTfFromXYTheta(double x, double y, double theta, tf2::Transform& t)
[9.901s]       |      [01;31m[K^~~~~~~~[m[K
[9.901s] [01m[K/home/kazuma/ros2_ws_2/ros2_main/src/lidar_vel/src/lidar_vel.cpp:496:1:[m[K [01;31m[Kerror: [m[Kexpected declaration before ‘[01m[K}[m[K’ token
[9.901s]   496 | [01;31m[K}[m[K  // namespace lidar_velocity
[9.901s]       | [01;31m[K^[m[K
[12.535s] [01m[K/home/kazuma/ros2_ws_2/ros2_main/src/lidar_vel/src/lidar_vel.cpp:[m[K In member function ‘[01m[Kbool lidar_velocity::LidarVel::processScan(laser_data*&, const rclcpp::Time&)[m[K’:
[12.535s] [01m[K/home/kazuma/ros2_ws_2/ros2_main/src/lidar_vel/src/lidar_vel.cpp:400:3:[m[K [01;35m[Kwarning: [m[Kcontrol reaches end of non-void function [[01;35m[K-Wreturn-type[m[K]
[12.535s]   400 |   [01;35m[K}[m[K
[12.535s]       |   [01;35m[K^[m[K
[12.579s] make[2]: *** [CMakeFiles/lidar_vel.dir/build.make:63: CMakeFiles/lidar_vel.dir/src/lidar_vel.cpp.o] Error 1
[12.579s] make[1]: *** [CMakeFiles/Makefile2:78: CMakeFiles/lidar_vel.dir/all] Error 2
[12.580s] make: *** [Makefile:141: all] Error 2
[12.584s] Invoked command in '/home/kazuma/ros2_ws_2/ros2_main/build/lidar_vel' returned '2': AMENT_PREFIX_PATH=/home/kazuma/ros2_ws_2/ros2_main/install/csm:${AMENT_PREFIX_PATH} CMAKE_PREFIX_PATH=/home/kazuma/ros2_ws_2/ros2_main/install/csm:/home/kazuma/ros2_ws/install/tutorial_topic:/home/kazuma/ros2_ws/install/tutorial_package:/home/kazuma/ros2_ws/install/turtlebot3_simulations:/home/kazuma/ros2_ws/install/turtlebot3_gazebo:/home/kazuma/ros2_ws/install/turtlebot3_fake_node:/home/kazuma/ros2_ws/install/nav2_system_tests:/home/kazuma/ros2_ws/install/nav2_bringup:/home/kazuma/ros2_ws/install/navigation2:/home/kazuma/ros2_ws/install/smac_planner:/home/kazuma/ros2_ws/install/slam_toolbox:/home/kazuma/ros2_ws/install/nav2_dwb_controller:/home/kazuma/ros2_ws/install/nav2_controller:/home/kazuma/ros2_ws/install/dwb_plugins:/home/kazuma/ros2_ws/install/dwb_critics:/home/kazuma/ros2_ws/install/dwb_core:/home/kazuma/ros2_ws/install/nav_2d_utils:/home/kazuma/ros2_ws/install/dwb_msgs:/home/kazuma/ros2_ws/install/nav_2d_msgs:/home/kazuma/ros2_ws/install/nav2_waypoint_follower:/home/kazuma/ros2_ws/install/nav2_regulated_pure_pursuit_controller:/home/kazuma/ros2_ws/install/nav2_recoveries:/home/kazuma/ros2_ws/install/nav2_planner:/home/kazuma/ros2_ws/install/nav2_navfn_planner:/home/kazuma/ros2_ws/install/nav2_core:/home/kazuma/ros2_ws/install/costmap_queue:/home/kazuma/ros2_ws/install/nav2_costmap_2d:/home/kazuma/ros2_ws/install/nav2_voxel_grid:/home/kazuma/ros2_ws/install/nav2_rviz_plugins:/home/kazuma/ros2_ws/install/nav2_map_server:/home/kazuma/ros2_ws/install/nav2_lifecycle_manager:/home/kazuma/ros2_ws/install/nav2_bt_navigator:/home/kazuma/ros2_ws/install/nav2_behavior_tree:/home/kazuma/ros2_ws/install/nav2_amcl:/home/kazuma/ros2_ws/install/nav2_util:/home/kazuma/ros2_ws/install/nav2_common:/home/kazuma/ros2_ws_2/install/urg:/home/kazuma/ros2_ws_2/install/urdf_tutorial:/home/kazuma/ros2_ws_2/install/turtlebot3_msgs:/home/kazuma/ros2_ws_2/install/turtlebot3_gazebo:/home/kazuma/ros2_ws_2/install/turtlebot3_description:/home/kazuma/ros2_ws_2/install/turtlebot3_cartographer:/home/kazuma/ros2_ws_2/install/nav2_system_tests:/home/kazuma/ros2_ws_2/install/nav2_bringup:/home/kazuma/ros2_ws_2/install/navigation2:/home/kazuma/ros2_ws_2/install/smac_planner:/home/kazuma/ros2_ws_2/install/slam_toolbox:/home/kazuma/ros2_ws_2/install/send_goal_2:/home/kazuma/ros2_ws_2/install/send_goal:/home/kazuma/ros2_ws_2/install/nav2_dwb_controller:/home/kazuma/ros2_ws_2/install/nav2_controller:/home/kazuma/ros2_ws_2/install/dwb_plugins:/home/kazuma/ros2_ws_2/install/dwb_critics:/home/kazuma/ros2_ws_2/install/dwb_core:/home/kazuma/ros2_ws_2/install/nav_2d_utils:/home/kazuma/ros2_ws_2/install/dwb_msgs:/home/kazuma/ros2_ws_2/install/nav_2d_msgs:/home/kazuma/ros2_ws_2/install/nav2_waypoint_follower:/home/kazuma/ros2_ws_2/install/nav2_regulated_pure_pursuit_controller:/home/kazuma/ros2_ws_2/install/nav2_recoveries:/home/kazuma/ros2_ws_2/install/nav2_planner:/home/kazuma/ros2_ws_2/install/nav2_navfn_planner:/home/kazuma/ros2_ws_2/install/nav2_core:/home/kazuma/ros2_ws_2/install/costmap_queue:/home/kazuma/ros2_ws_2/install/nav2_costmap_2d:/home/kazuma/ros2_ws_2/install/nav2_voxel_grid:/home/kazuma/ros2_ws_2/install/nav2_rviz_plugins:/home/kazuma/ros2_ws_2/install/nav2_map_server:/home/kazuma/ros2_ws_2/install/nav2_lifecycle_manager:/home/kazuma/ros2_ws_2/install/nav2_bt_navigator:/home/kazuma/ros2_ws_2/install/nav2_behavior_tree:/home/kazuma/ros2_ws_2/install/nav2_amcl:/home/kazuma/ros2_ws_2/install/nav2_util:/home/kazuma/ros2_ws_2/install/nav2_msgs:/home/kazuma/ros2_ws_2/install/nav2_common:/home/kazuma/ros2_ws_2/install/dynamixel_sdk_examples:/home/kazuma/ros2_ws_2/install/dynamixel_sdk_custom_interfaces:/home/kazuma/ros2_ws_2/install/dynamixel_sdk:/home/kazuma/ros2_ws/install/nav2_msgs:/home/kazuma/ros2_ws/install/nav2_gazebo_spawner:/home/kazuma/ros2_ws_2/install/turtlebot3_teleop:/home/kazuma/ros2_ws_2/install/turtlebot3_example:/home/kazuma/ros2_ws_2/install/nav2_gazebo_spawner:/opt/ros/foxy LD_LIBRARY_PATH=/home/kazuma/ros2_ws_2/ros2_main/install/csm/lib:${LD_LIBRARY_PATH} /usr/bin/cmake --build /home/kazuma/ros2_ws_2/ros2_main/build/lidar_vel -- -j8 -l8
