[0.294s] Invoking command in '/home/ryuzot/ros2_ws/build/main_executor': AMENT_PREFIX_PATH=/home/ryuzot/ros2_ws/install/socketcan_interface:/home/ryuzot/ros2_ws/install/socketcan_interface_msg:${AMENT_PREFIX_PATH} CMAKE_PREFIX_PATH=/home/ryuzot/ros2_ws/install/socketcan_interface:/home/ryuzot/ros2_ws/install/socketcan_interface_msg:/opt/ros/galactic LD_LIBRARY_PATH=/home/ryuzot/ros2_ws/install/socketcan_interface/lib:/home/ryuzot/ros2_ws/install/socketcan_interface_msg/lib:${LD_LIBRARY_PATH} PYTHONPATH=/home/ryuzot/ros2_ws/install/socketcan_interface_msg/lib/python3.8/site-packages:${PYTHONPATH} /usr/bin/cmake /home/ryuzot/ros2_ws/src/main_executor -DCMAKE_EXPORT_COMPILE_COMMANDS=ON -G Ninja -DCMAKE_INSTALL_PREFIX=/home/ryuzot/ros2_ws/install/main_executor
[0.304s] -- Found rclcpp: 9.2.0 (/opt/ros/galactic/share/rclcpp/cmake)
[0.319s] -- Using PYTHON_EXECUTABLE: /usr/bin/python3
[0.358s] -- Override CMake install command with custom implementation using symlinks instead of copying resources
[0.586s] -- Using all available rosidl_typesupport_c: rosidl_typesupport_fastrtps_c;rosidl_typesupport_introspection_c
[0.588s] -- Found rosidl_adapter: 2.2.1 (/opt/ros/galactic/share/rosidl_adapter/cmake)
[5.421s] -- Using all available rosidl_typesupport_cpp: rosidl_typesupport_fastrtps_cpp;rosidl_typesupport_introspection_cpp
[5.462s] -- Found rmw_implementation_cmake: 3.3.1 (/opt/ros/galactic/share/rmw_implementation_cmake/cmake)
[5.463s] -- Found rmw_cyclonedds_cpp: 0.22.4 (/opt/ros/galactic/share/rmw_cyclonedds_cpp/cmake)
[5.478s] -- Using RMW implementation 'rmw_cyclonedds_cpp' as default
[5.591s] -- Found socketcan_interface: 0.0.0 (/home/ryuzot/ros2_ws/install/socketcan_interface/share/socketcan_interface/cmake)
[5.600s] -- Found ament_lint_auto: 0.10.6 (/opt/ros/galactic/share/ament_lint_auto/cmake)
[5.646s] -- Added test 'copyright' to check source files copyright and LICENSE
[5.646s] -- Added test 'cppcheck' to perform static code analysis on C / C++ code
[5.647s] -- Configured cppcheck include dirs: $<BUILD_INTERFACE:/home/ryuzot/ros2_ws/src/main_executor/include>
[5.647s] -- Configured cppcheck exclude dirs and/or files: 
[5.647s] -- Added test 'cpplint' to check C / C++ code against the Google style
[5.647s] -- Configured cpplint exclude dirs and/or files: 
[5.647s] -- Added test 'lint_cmake' to check CMake code style
[5.648s] -- Added test 'uncrustify' to check C / C++ code style
[5.648s] -- Configured uncrustify additional arguments: 
[5.648s] -- Added test 'xmllint' to check XML markup files
[5.650s] -- Configuring done
[5.654s] -- Generating done
[5.655s] -- Build files have been written to: /home/ryuzot/ros2_ws/build/main_executor
[5.660s] Invoked command in '/home/ryuzot/ros2_ws/build/main_executor' returned '0': AMENT_PREFIX_PATH=/home/ryuzot/ros2_ws/install/socketcan_interface:/home/ryuzot/ros2_ws/install/socketcan_interface_msg:${AMENT_PREFIX_PATH} CMAKE_PREFIX_PATH=/home/ryuzot/ros2_ws/install/socketcan_interface:/home/ryuzot/ros2_ws/install/socketcan_interface_msg:/opt/ros/galactic LD_LIBRARY_PATH=/home/ryuzot/ros2_ws/install/socketcan_interface/lib:/home/ryuzot/ros2_ws/install/socketcan_interface_msg/lib:${LD_LIBRARY_PATH} PYTHONPATH=/home/ryuzot/ros2_ws/install/socketcan_interface_msg/lib/python3.8/site-packages:${PYTHONPATH} /usr/bin/cmake /home/ryuzot/ros2_ws/src/main_executor -DCMAKE_EXPORT_COMPILE_COMMANDS=ON -G Ninja -DCMAKE_INSTALL_PREFIX=/home/ryuzot/ros2_ws/install/main_executor
[5.662s] Invoking command in '/home/ryuzot/ros2_ws/build/main_executor': AMENT_PREFIX_PATH=/home/ryuzot/ros2_ws/install/socketcan_interface:/home/ryuzot/ros2_ws/install/socketcan_interface_msg:${AMENT_PREFIX_PATH} CMAKE_PREFIX_PATH=/home/ryuzot/ros2_ws/install/socketcan_interface:/home/ryuzot/ros2_ws/install/socketcan_interface_msg:/opt/ros/galactic LD_LIBRARY_PATH=/home/ryuzot/ros2_ws/install/socketcan_interface/lib:/home/ryuzot/ros2_ws/install/socketcan_interface_msg/lib:${LD_LIBRARY_PATH} PYTHONPATH=/home/ryuzot/ros2_ws/install/socketcan_interface_msg/lib/python3.8/site-packages:${PYTHONPATH} /usr/bin/cmake --build /home/ryuzot/ros2_ws/build/main_executor -- -j24 -l24
[5.670s] 
[5.670s] [0/1] Re-running CMake...[K
[5.681s] -- Found rclcpp: 9.2.0 (/opt/ros/galactic/share/rclcpp/cmake)
[5.696s] -- Using PYTHON_EXECUTABLE: /usr/bin/python3
[5.732s] -- Override CMake install command with custom implementation using symlinks instead of copying resources
[5.976s] -- Using all available rosidl_typesupport_c: rosidl_typesupport_fastrtps_c;rosidl_typesupport_introspection_c
[5.979s] -- Found rosidl_adapter: 2.2.1 (/opt/ros/galactic/share/rosidl_adapter/cmake)
[12.821s] -- Using all available rosidl_typesupport_cpp: rosidl_typesupport_fastrtps_cpp;rosidl_typesupport_introspection_cpp
[12.866s] -- Found rmw_implementation_cmake: 3.3.1 (/opt/ros/galactic/share/rmw_implementation_cmake/cmake)
[12.867s] -- Found rmw_cyclonedds_cpp: 0.22.4 (/opt/ros/galactic/share/rmw_cyclonedds_cpp/cmake)
[12.884s] -- Using RMW implementation 'rmw_cyclonedds_cpp' as default
[13.030s] -- Found socketcan_interface: 0.0.0 (/home/ryuzot/ros2_ws/install/socketcan_interface/share/socketcan_interface/cmake)
[13.042s] -- Found ament_lint_auto: 0.10.6 (/opt/ros/galactic/share/ament_lint_auto/cmake)
[13.100s] -- Added test 'copyright' to check source files copyright and LICENSE
[13.101s] -- Added test 'cppcheck' to perform static code analysis on C / C++ code
[13.101s] -- Configured cppcheck include dirs: $<BUILD_INTERFACE:/home/ryuzot/ros2_ws/src/main_executor/include>
[13.102s] -- Configured cppcheck exclude dirs and/or files: 
[13.102s] -- Added test 'cpplint' to check C / C++ code against the Google style
[13.102s] -- Configured cpplint exclude dirs and/or files: 
[13.103s] -- Added test 'lint_cmake' to check CMake code style
[13.104s] -- Added test 'uncrustify' to check C / C++ code style
[13.104s] -- Configured uncrustify additional arguments: 
[13.104s] -- Added test 'xmllint' to check XML markup files
[13.107s] -- Configuring done
[13.113s] -- Generating done
[13.115s] -- Build files have been written to: /home/ryuzot/ros2_ws/build/main_executor
[13.124s] 
[13.515s] [0/1] Linking CXX executable main_exec[K
[13.515s] [1/1] Linking CXX executable main_exec[K
[13.515s] [31mFAILED: [0mmain_exec 
[13.515s] : && /usr/bin/c++     CMakeFiles/main_exec.dir/src/main.cpp.o  -o main_exec  -Wl,-rpath,/opt/ros/galactic/lib:/home/ryuzot/ros2_ws/install/socketcan_interface_msg/lib  /home/ryuzot/ros2_ws/install/socketcan_interface/lib/libsocketcan_interface_node.a  /opt/ros/galactic/lib/librclcpp.so  -lpthread  /opt/ros/galactic/lib/libament_index_cpp.so  /opt/ros/galactic/lib/liblibstatistics_collector.so  /opt/ros/galactic/lib/liblibstatistics_collector_test_msgs__rosidl_typesupport_introspection_c.so  /opt/ros/galactic/lib/liblibstatistics_collector_test_msgs__rosidl_generator_c.so  /opt/ros/galactic/lib/liblibstatistics_collector_test_msgs__rosidl_typesupport_c.so  /opt/ros/galactic/lib/liblibstatistics_collector_test_msgs__rosidl_typesupport_introspection_cpp.so  /opt/ros/galactic/lib/liblibstatistics_collector_test_msgs__rosidl_typesupport_cpp.so  /opt/ros/galactic/lib/libstd_msgs__rosidl_typesupport_introspection_c.so  /opt/ros/galactic/lib/libstd_msgs__rosidl_generator_c.so  /opt/ros/galactic/lib/libstd_msgs__rosidl_typesupport_c.so  /opt/ros/galactic/lib/libstd_msgs__rosidl_typesupport_introspection_cpp.so  /opt/ros/galactic/lib/libstd_msgs__rosidl_typesupport_cpp.so  /opt/ros/galactic/lib/librcl.so  /opt/ros/galactic/lib/librcl_interfaces__rosidl_typesupport_introspection_c.so  /opt/ros/galactic/lib/librcl_interfaces__rosidl_generator_c.so  /opt/ros/galactic/lib/librcl_interfaces__rosidl_typesupport_c.so  /opt/ros/galactic/lib/librcl_interfaces__rosidl_typesupport_introspection_cpp.so  /opt/ros/galactic/lib/librcl_interfaces__rosidl_typesupport_cpp.so  /opt/ros/galactic/lib/librmw_implementation.so  /opt/ros/galactic/lib/librcl_logging_spdlog.so  /opt/ros/galactic/lib/librcl_logging_interface.so  /opt/ros/galactic/lib/librcl_yaml_param_parser.so  /opt/ros/galactic/lib/librmw.so  /opt/ros/galactic/lib/libyaml.so  /opt/ros/galactic/lib/librosgraph_msgs__rosidl_typesupport_introspection_c.so  /opt/ros/galactic/lib/librosgraph_msgs__rosidl_generator_c.so  /opt/ros/galactic/lib/librosgraph_msgs__rosidl_typesupport_c.so  /opt/ros/galactic/lib/librosgraph_msgs__rosidl_typesupport_introspection_cpp.so  /opt/ros/galactic/lib/librosgraph_msgs__rosidl_typesupport_cpp.so  /opt/ros/galactic/lib/libstatistics_msgs__rosidl_typesupport_introspection_c.so  /opt/ros/galactic/lib/libstatistics_msgs__rosidl_generator_c.so  /opt/ros/galactic/lib/libstatistics_msgs__rosidl_typesupport_c.so  /opt/ros/galactic/lib/libstatistics_msgs__rosidl_typesupport_introspection_cpp.so  /opt/ros/galactic/lib/libstatistics_msgs__rosidl_typesupport_cpp.so  /opt/ros/galactic/lib/libbuiltin_interfaces__rosidl_typesupport_introspection_c.so  /opt/ros/galactic/lib/libbuiltin_interfaces__rosidl_generator_c.so  /opt/ros/galactic/lib/libbuiltin_interfaces__rosidl_typesupport_c.so  /opt/ros/galactic/lib/libbuiltin_interfaces__rosidl_typesupport_introspection_cpp.so  /opt/ros/galactic/lib/libbuiltin_interfaces__rosidl_typesupport_cpp.so  /opt/ros/galactic/lib/libtracetools.so  /home/ryuzot/ros2_ws/install/socketcan_interface_msg/lib/libsocketcan_interface_msg__rosidl_typesupport_introspection_c.so  /home/ryuzot/ros2_ws/install/socketcan_interface_msg/lib/libsocketcan_interface_msg__rosidl_generator_c.so  /home/ryuzot/ros2_ws/install/socketcan_interface_msg/lib/libsocketcan_interface_msg__rosidl_typesupport_c.so  /home/ryuzot/ros2_ws/install/socketcan_interface_msg/lib/libsocketcan_interface_msg__rosidl_typesupport_introspection_cpp.so  /opt/ros/galactic/lib/librosidl_typesupport_introspection_cpp.so  /opt/ros/galactic/lib/librosidl_typesupport_introspection_c.so  /home/ryuzot/ros2_ws/install/socketcan_interface_msg/lib/libsocketcan_interface_msg__rosidl_typesupport_cpp.so  /opt/ros/galactic/lib/librosidl_typesupport_cpp.so  /opt/ros/galactic/lib/librosidl_typesupport_c.so  /opt/ros/galactic/lib/librcpputils.so  /opt/ros/galactic/lib/librosidl_runtime_c.so  /opt/ros/galactic/lib/librcutils.so  -ldl && :
[13.515s] /usr/bin/ld: /home/ryuzot/ros2_ws/install/socketcan_interface/lib/libsocketcan_interface_node.a(socketcan_interface_node.cpp.o): in function `socketcan_interface::SocketcanInterface::_subscriber_callback(socketcan_interface_msg::msg::SocketcanIF_<std::allocator<void> >)':
[13.515s] socketcan_interface_node.cpp:(.text+0x1848): undefined reference to `fmt::v8::vformat[abi:cxx11](fmt::v8::basic_string_view<char>, fmt::v8::basic_format_args<fmt::v8::basic_format_context<fmt::v8::appender, char> >)'
[13.515s] collect2: error: ld returned 1 exit status
[13.515s] ninja: build stopped: subcommand failed.
[13.517s] Invoked command in '/home/ryuzot/ros2_ws/build/main_executor' returned '1': AMENT_PREFIX_PATH=/home/ryuzot/ros2_ws/install/socketcan_interface:/home/ryuzot/ros2_ws/install/socketcan_interface_msg:${AMENT_PREFIX_PATH} CMAKE_PREFIX_PATH=/home/ryuzot/ros2_ws/install/socketcan_interface:/home/ryuzot/ros2_ws/install/socketcan_interface_msg:/opt/ros/galactic LD_LIBRARY_PATH=/home/ryuzot/ros2_ws/install/socketcan_interface/lib:/home/ryuzot/ros2_ws/install/socketcan_interface_msg/lib:${LD_LIBRARY_PATH} PYTHONPATH=/home/ryuzot/ros2_ws/install/socketcan_interface_msg/lib/python3.8/site-packages:${PYTHONPATH} /usr/bin/cmake --build /home/ryuzot/ros2_ws/build/main_executor -- -j24 -l24
