[0.217s] Invoking command in '/home/ryuzot/ros2_ws/build/socketcan_interface': CMAKE_PREFIX_PATH=/home/ryuzot/ros2_ws/install/socketcan_interface_msg:/home/ryuzot/ros2_ws/install/socketcan_interface:/home/ryuzot/ros2_ws/install/main_executor:/opt/ros/galactic LD_LIBRARY_PATH=/home/ryuzot/ros2_ws/install/socketcan_interface_msg/lib:/home/ryuzot/ros2_ws/install/socketcan_interface/lib:/opt/ros/galactic/opt/yaml_cpp_vendor/lib:/opt/ros/galactic/opt/rviz_ogre_vendor/lib:/opt/ros/galactic/lib/x86_64-linux-gnu:/opt/ros/galactic/lib /usr/bin/cmake --build /home/ryuzot/ros2_ws/build/socketcan_interface -- -j24 -l24
[0.225s] 
[2.000s] [0/2] Building CXX object CMakeFiles/socketcan_interface_node.dir/src/socketcan_interface_node.cpp.o[K
[2.000s] [1/2] Building CXX object CMakeFiles/socketcan_interface_node.dir/src/socketcan_interface_node.cpp.o[K
[2.000s] [31mFAILED: [0mCMakeFiles/socketcan_interface_node.dir/src/socketcan_interface_node.cpp.o 
[2.000s] /usr/bin/c++  -DDEFAULT_RMW_IMPLEMENTATION=rmw_cyclonedds_cpp -DRCUTILS_ENABLE_FAULT_INJECTION -DSOCKETCAN_INTERFACE_LIBRARY -I/home/ryuzot/ros2_ws/src/socketcan_interface/include -isystem /home/ryuzot/ros2_ws/install/socketcan_interface_msg/include -isystem /opt/ros/galactic/include -Wall -Wextra -Wpedantic -std=gnu++17 -MD -MT CMakeFiles/socketcan_interface_node.dir/src/socketcan_interface_node.cpp.o -MF CMakeFiles/socketcan_interface_node.dir/src/socketcan_interface_node.cpp.o.d -o CMakeFiles/socketcan_interface_node.dir/src/socketcan_interface_node.cpp.o -c /home/ryuzot/ros2_ws/src/socketcan_interface/src/socketcan_interface_node.cpp
[2.000s] /home/ryuzot/ros2_ws/src/socketcan_interface/src/socketcan_interface_node.cpp: In constructor ‘socketcan_interface::SocketcanInterface::SocketcanInterface(const string&, const rclcpp::NodeOptions&)’:
[2.000s] /home/ryuzot/ros2_ws/src/socketcan_interface/src/socketcan_interface_node.cpp:11:108: error: no matching function for call to ‘rclcpp::Node::Node()’
[2.000s]    11 |     SocketcanInterface::SocketcanInterface(const std::string &node_name, const rclcpp::NodeOptions &options) {
[2.000s]       |                                                                                                            ^
[2.000s] In file included from /opt/ros/galactic/include/rclcpp/executors/single_threaded_executor.hpp:28,
[2.000s]                  from /opt/ros/galactic/include/rclcpp/executors.hpp:22,
[2.000s]                  from /opt/ros/galactic/include/rclcpp/rclcpp.hpp:156,
[2.000s]                  from /home/ryuzot/ros2_ws/src/socketcan_interface/src/socketcan_interface_node.cpp:4:
[2.001s] /opt/ros/galactic/include/rclcpp/node.hpp:1302:3: note: candidate: ‘rclcpp::Node::Node(const rclcpp::Node&, const string&)’
[2.001s]  1302 |   Node(
[2.001s]       |   ^~~~
[2.001s] /opt/ros/galactic/include/rclcpp/node.hpp:1302:3: note:   candidate expects 2 arguments, 0 provided
[2.001s] /opt/ros/galactic/include/rclcpp/node.hpp:101:12: note: candidate: ‘rclcpp::Node::Node(const string&, const string&, const rclcpp::NodeOptions&)’
[2.001s]   101 |   explicit Node(
[2.002s]       |            ^~~~
[2.002s] /opt/ros/galactic/include/rclcpp/node.hpp:101:12: note:   candidate expects 3 arguments, 0 provided
[2.002s] /opt/ros/galactic/include/rclcpp/node.hpp:89:12: note: candidate: ‘rclcpp::Node::Node(const string&, const rclcpp::NodeOptions&)’
[2.002s]    89 |   explicit Node(
[2.002s]       |            ^~~~
[2.003s] /opt/ros/galactic/include/rclcpp/node.hpp:89:12: note:   candidate expects 2 arguments, 0 provided
[2.003s] /home/ryuzot/ros2_ws/src/socketcan_interface/src/socketcan_interface_node.cpp:11:63: warning: unused parameter ‘node_name’ [-Wunused-parameter]
[2.003s]    11 |     SocketcanInterface::SocketcanInterface(const std::string &node_name, const rclcpp::NodeOptions &options) {
[2.003s]       |                                            ~~~~~~~~~~~~~~~~~~~^~~~~~~~~
[2.003s] /home/ryuzot/ros2_ws/src/socketcan_interface/src/socketcan_interface_node.cpp:11:101: warning: unused parameter ‘options’ [-Wunused-parameter]
[2.003s]    11 |     SocketcanInterface::SocketcanInterface(const std::string &node_name, const rclcpp::NodeOptions &options) {
[2.004s]       |                                                                          ~~~~~~~~~~~~~~~~~~~~~~~~~~~^~~~~~~
[2.004s] ninja: build stopped: subcommand failed.
[2.005s] Invoked command in '/home/ryuzot/ros2_ws/build/socketcan_interface' returned '1': CMAKE_PREFIX_PATH=/home/ryuzot/ros2_ws/install/socketcan_interface_msg:/home/ryuzot/ros2_ws/install/socketcan_interface:/home/ryuzot/ros2_ws/install/main_executor:/opt/ros/galactic LD_LIBRARY_PATH=/home/ryuzot/ros2_ws/install/socketcan_interface_msg/lib:/home/ryuzot/ros2_ws/install/socketcan_interface/lib:/opt/ros/galactic/opt/yaml_cpp_vendor/lib:/opt/ros/galactic/opt/rviz_ogre_vendor/lib:/opt/ros/galactic/lib/x86_64-linux-gnu:/opt/ros/galactic/lib /usr/bin/cmake --build /home/ryuzot/ros2_ws/build/socketcan_interface -- -j24 -l24
