[0.484s] DEBUG:colcon:Command line arguments: ['/home/ryuzot/.local/bin/colcon', 'build', '--cmake-args', '-DCMAKE_EXPORT_COMPILE_COMMANDS=ON', '-G', 'Ninja', '--allow-overriding', 'main_executor', 'socketcan_interface', 'socketcan_interface_msg', '--log-level', 'debug', 'build', '--symlink-install']
[0.484s] DEBUG:colcon:Parsed command line arguments: Namespace(allow_overriding=['main_executor', 'socketcan_interface', 'socketcan_interface_msg', '--log-level', 'debug', 'build'], ament_cmake_args=None, base_paths=['.'], build_base='build', catkin_cmake_args=None, catkin_skip_building_tests=False, cmake_args=['-DCMAKE_EXPORT_COMPILE_COMMANDS=ON', '-G', 'Ninja'], cmake_clean_cache=False, cmake_clean_first=False, cmake_force_configure=False, cmake_target=None, cmake_target_skip_unavailable=False, continue_on_error=False, event_handlers=None, executor='parallel', ignore_user_meta=False, install_base='install', log_base=None, log_level=None, main=<bound method BuildVerb.main of <colcon_core.verb.build.BuildVerb object at 0x7f724ed73190>>, merge_install=False, metas=['./colcon.meta'], packages_above=None, packages_above_and_dependencies=None, packages_above_depth=None, packages_end=None, packages_ignore=None, packages_ignore_regex=None, packages_select=None, packages_select_build_failed=False, packages_select_by_dep=None, packages_select_regex=None, packages_select_test_failures=False, packages_skip=None, packages_skip_build_finished=False, packages_skip_by_dep=None, packages_skip_regex=None, packages_skip_test_passed=False, packages_skip_up_to=None, packages_start=None, packages_up_to=None, packages_up_to_regex=None, parallel_workers=24, paths=None, symlink_install=True, test_result_base=None, verb_extension=<colcon_core.verb.build.BuildVerb object at 0x7f724ed73190>, verb_name='build', verb_parser=<colcon_defaults.argument_parser.defaults.DefaultArgumentsDecorator object at 0x7f724e3ae910>)
[0.493s] Level 1:colcon.colcon_core.package_discovery:discover_packages(colcon_meta) check parameters
[0.493s] Level 1:colcon.colcon_core.package_discovery:discover_packages(recursive) check parameters
[0.493s] Level 1:colcon.colcon_core.package_discovery:discover_packages(ignore) check parameters
[0.493s] Level 1:colcon.colcon_core.package_discovery:discover_packages(path) check parameters
[0.493s] Level 1:colcon.colcon_core.package_discovery:discover_packages(colcon_meta) discover
[0.493s] Level 1:colcon.colcon_core.package_discovery:discover_packages(recursive) discover
[0.494s] INFO:colcon.colcon_core.package_discovery:Crawling recursively for packages in '/home/ryuzot/ros2_ws'
[0.494s] Level 1:colcon.colcon_core.package_identification:_identify(.) by extensions ['ignore', 'ignore_ament_install']
[0.494s] Level 1:colcon.colcon_core.package_identification:_identify(.) by extension 'ignore'
[0.494s] Level 1:colcon.colcon_core.package_identification:_identify(.) by extension 'ignore_ament_install'
[0.494s] Level 1:colcon.colcon_core.package_identification:_identify(.) by extensions ['colcon_pkg']
[0.494s] Level 1:colcon.colcon_core.package_identification:_identify(.) by extension 'colcon_pkg'
[0.494s] Level 1:colcon.colcon_core.package_identification:_identify(.) by extensions ['colcon_meta']
[0.494s] Level 1:colcon.colcon_core.package_identification:_identify(.) by extension 'colcon_meta'
[0.494s] Level 1:colcon.colcon_core.package_identification:_identify(.) by extensions ['ros']
[0.494s] Level 1:colcon.colcon_core.package_identification:_identify(.) by extension 'ros'
[0.502s] Level 1:colcon.colcon_core.package_identification:_identify(.) by extensions ['cmake', 'python']
[0.502s] Level 1:colcon.colcon_core.package_identification:_identify(.) by extension 'cmake'
[0.502s] Level 1:colcon.colcon_core.package_identification:_identify(.) by extension 'python'
[0.502s] Level 1:colcon.colcon_core.package_identification:_identify(.) by extensions ['python_setup_py']
[0.502s] Level 1:colcon.colcon_core.package_identification:_identify(.) by extension 'python_setup_py'
[0.502s] Level 1:colcon.colcon_core.package_identification:_identify(build) by extensions ['ignore', 'ignore_ament_install']
[0.502s] Level 1:colcon.colcon_core.package_identification:_identify(build) by extension 'ignore'
[0.502s] Level 1:colcon.colcon_core.package_identification:_identify(build) ignored
[0.502s] Level 1:colcon.colcon_core.package_identification:_identify(install) by extensions ['ignore', 'ignore_ament_install']
[0.502s] Level 1:colcon.colcon_core.package_identification:_identify(install) by extension 'ignore'
[0.502s] Level 1:colcon.colcon_core.package_identification:_identify(install) ignored
[0.502s] Level 1:colcon.colcon_core.package_identification:_identify(log) by extensions ['ignore', 'ignore_ament_install']
[0.502s] Level 1:colcon.colcon_core.package_identification:_identify(log) by extension 'ignore'
[0.502s] Level 1:colcon.colcon_core.package_identification:_identify(log) ignored
[0.502s] Level 1:colcon.colcon_core.package_identification:_identify(src) by extensions ['ignore', 'ignore_ament_install']
[0.503s] Level 1:colcon.colcon_core.package_identification:_identify(src) by extension 'ignore'
[0.503s] Level 1:colcon.colcon_core.package_identification:_identify(src) by extension 'ignore_ament_install'
[0.503s] Level 1:colcon.colcon_core.package_identification:_identify(src) by extensions ['colcon_pkg']
[0.503s] Level 1:colcon.colcon_core.package_identification:_identify(src) by extension 'colcon_pkg'
[0.503s] Level 1:colcon.colcon_core.package_identification:_identify(src) by extensions ['colcon_meta']
[0.503s] Level 1:colcon.colcon_core.package_identification:_identify(src) by extension 'colcon_meta'
[0.503s] Level 1:colcon.colcon_core.package_identification:_identify(src) by extensions ['ros']
[0.503s] Level 1:colcon.colcon_core.package_identification:_identify(src) by extension 'ros'
[0.503s] Level 1:colcon.colcon_core.package_identification:_identify(src) by extensions ['cmake', 'python']
[0.503s] Level 1:colcon.colcon_core.package_identification:_identify(src) by extension 'cmake'
[0.503s] Level 1:colcon.colcon_core.package_identification:_identify(src) by extension 'python'
[0.503s] Level 1:colcon.colcon_core.package_identification:_identify(src) by extensions ['python_setup_py']
[0.503s] Level 1:colcon.colcon_core.package_identification:_identify(src) by extension 'python_setup_py'
[0.503s] Level 1:colcon.colcon_core.package_identification:_identify(src/main_executor) by extensions ['ignore', 'ignore_ament_install']
[0.503s] Level 1:colcon.colcon_core.package_identification:_identify(src/main_executor) by extension 'ignore'
[0.503s] Level 1:colcon.colcon_core.package_identification:_identify(src/main_executor) by extension 'ignore_ament_install'
[0.503s] Level 1:colcon.colcon_core.package_identification:_identify(src/main_executor) by extensions ['colcon_pkg']
[0.503s] Level 1:colcon.colcon_core.package_identification:_identify(src/main_executor) by extension 'colcon_pkg'
[0.503s] Level 1:colcon.colcon_core.package_identification:_identify(src/main_executor) by extensions ['colcon_meta']
[0.503s] Level 1:colcon.colcon_core.package_identification:_identify(src/main_executor) by extension 'colcon_meta'
[0.503s] Level 1:colcon.colcon_core.package_identification:_identify(src/main_executor) by extensions ['ros']
[0.503s] Level 1:colcon.colcon_core.package_identification:_identify(src/main_executor) by extension 'ros'
[0.505s] DEBUG:colcon.colcon_core.package_identification:Package 'src/main_executor' with type 'ros.ament_cmake' and name 'main_executor'
[0.505s] Level 1:colcon.colcon_core.package_identification:_identify(src/socketcan_interface) by extensions ['ignore', 'ignore_ament_install']
[0.505s] Level 1:colcon.colcon_core.package_identification:_identify(src/socketcan_interface) by extension 'ignore'
[0.505s] Level 1:colcon.colcon_core.package_identification:_identify(src/socketcan_interface) by extension 'ignore_ament_install'
[0.505s] Level 1:colcon.colcon_core.package_identification:_identify(src/socketcan_interface) by extensions ['colcon_pkg']
[0.505s] Level 1:colcon.colcon_core.package_identification:_identify(src/socketcan_interface) by extension 'colcon_pkg'
[0.505s] Level 1:colcon.colcon_core.package_identification:_identify(src/socketcan_interface) by extensions ['colcon_meta']
[0.505s] Level 1:colcon.colcon_core.package_identification:_identify(src/socketcan_interface) by extension 'colcon_meta'
[0.505s] Level 1:colcon.colcon_core.package_identification:_identify(src/socketcan_interface) by extensions ['ros']
[0.505s] Level 1:colcon.colcon_core.package_identification:_identify(src/socketcan_interface) by extension 'ros'
[0.506s] DEBUG:colcon.colcon_core.package_identification:Package 'src/socketcan_interface' with type 'ros.ament_cmake' and name 'socketcan_interface'
[0.506s] Level 1:colcon.colcon_core.package_identification:_identify(src/socketcan_interface_msg) by extensions ['ignore', 'ignore_ament_install']
[0.507s] Level 1:colcon.colcon_core.package_identification:_identify(src/socketcan_interface_msg) by extension 'ignore'
[0.507s] Level 1:colcon.colcon_core.package_identification:_identify(src/socketcan_interface_msg) by extension 'ignore_ament_install'
[0.507s] Level 1:colcon.colcon_core.package_identification:_identify(src/socketcan_interface_msg) by extensions ['colcon_pkg']
[0.507s] Level 1:colcon.colcon_core.package_identification:_identify(src/socketcan_interface_msg) by extension 'colcon_pkg'
[0.507s] Level 1:colcon.colcon_core.package_identification:_identify(src/socketcan_interface_msg) by extensions ['colcon_meta']
[0.507s] Level 1:colcon.colcon_core.package_identification:_identify(src/socketcan_interface_msg) by extension 'colcon_meta'
[0.507s] Level 1:colcon.colcon_core.package_identification:_identify(src/socketcan_interface_msg) by extensions ['ros']
[0.507s] Level 1:colcon.colcon_core.package_identification:_identify(src/socketcan_interface_msg) by extension 'ros'
[0.507s] DEBUG:colcon.colcon_core.package_identification:Package 'src/socketcan_interface_msg' with type 'ros.ament_cmake' and name 'socketcan_interface_msg'
[0.507s] Level 1:colcon.colcon_core.package_identification:_identify(tools) by extensions ['ignore', 'ignore_ament_install']
[0.507s] Level 1:colcon.colcon_core.package_identification:_identify(tools) by extension 'ignore'
[0.507s] Level 1:colcon.colcon_core.package_identification:_identify(tools) by extension 'ignore_ament_install'
[0.507s] Level 1:colcon.colcon_core.package_identification:_identify(tools) by extensions ['colcon_pkg']
[0.507s] Level 1:colcon.colcon_core.package_identification:_identify(tools) by extension 'colcon_pkg'
[0.507s] Level 1:colcon.colcon_core.package_identification:_identify(tools) by extensions ['colcon_meta']
[0.507s] Level 1:colcon.colcon_core.package_identification:_identify(tools) by extension 'colcon_meta'
[0.507s] Level 1:colcon.colcon_core.package_identification:_identify(tools) by extensions ['ros']
[0.507s] Level 1:colcon.colcon_core.package_identification:_identify(tools) by extension 'ros'
[0.507s] Level 1:colcon.colcon_core.package_identification:_identify(tools) by extensions ['cmake', 'python']
[0.507s] Level 1:colcon.colcon_core.package_identification:_identify(tools) by extension 'cmake'
[0.508s] Level 1:colcon.colcon_core.package_identification:_identify(tools) by extension 'python'
[0.508s] Level 1:colcon.colcon_core.package_identification:_identify(tools) by extensions ['python_setup_py']
[0.508s] Level 1:colcon.colcon_core.package_identification:_identify(tools) by extension 'python_setup_py'
[0.508s] Level 1:colcon.colcon_core.package_discovery:discover_packages(recursive) using defaults
[0.508s] Level 1:colcon.colcon_core.package_discovery:discover_packages(ignore) discover
[0.508s] Level 1:colcon.colcon_core.package_discovery:discover_packages(ignore) using defaults
[0.508s] Level 1:colcon.colcon_core.package_discovery:discover_packages(path) discover
[0.508s] Level 1:colcon.colcon_core.package_discovery:discover_packages(path) using defaults
[0.531s] Level 5:colcon.colcon_core.verb:set package 'socketcan_interface_msg' build argument 'cmake_args' from command line to '['-DCMAKE_EXPORT_COMPILE_COMMANDS=ON', '-G', 'Ninja']'
[0.531s] Level 5:colcon.colcon_core.verb:set package 'socketcan_interface_msg' build argument 'cmake_target' from command line to 'None'
[0.531s] Level 5:colcon.colcon_core.verb:set package 'socketcan_interface_msg' build argument 'cmake_target_skip_unavailable' from command line to 'False'
[0.531s] Level 5:colcon.colcon_core.verb:set package 'socketcan_interface_msg' build argument 'cmake_clean_cache' from command line to 'False'
[0.531s] Level 5:colcon.colcon_core.verb:set package 'socketcan_interface_msg' build argument 'cmake_clean_first' from command line to 'False'
[0.531s] Level 5:colcon.colcon_core.verb:set package 'socketcan_interface_msg' build argument 'cmake_force_configure' from command line to 'False'
[0.531s] Level 5:colcon.colcon_core.verb:set package 'socketcan_interface_msg' build argument 'ament_cmake_args' from command line to 'None'
[0.531s] Level 5:colcon.colcon_core.verb:set package 'socketcan_interface_msg' build argument 'catkin_cmake_args' from command line to 'None'
[0.531s] Level 5:colcon.colcon_core.verb:set package 'socketcan_interface_msg' build argument 'catkin_skip_building_tests' from command line to 'False'
[0.531s] DEBUG:colcon.colcon_core.verb:Building package 'socketcan_interface_msg' with the following arguments: {'ament_cmake_args': None, 'build_base': '/home/ryuzot/ros2_ws/build/socketcan_interface_msg', 'catkin_cmake_args': None, 'catkin_skip_building_tests': False, 'cmake_args': ['-DCMAKE_EXPORT_COMPILE_COMMANDS=ON', '-G', 'Ninja'], 'cmake_clean_cache': False, 'cmake_clean_first': False, 'cmake_force_configure': False, 'cmake_target': None, 'cmake_target_skip_unavailable': False, 'install_base': '/home/ryuzot/ros2_ws/install/socketcan_interface_msg', 'merge_install': False, 'path': '/home/ryuzot/ros2_ws/src/socketcan_interface_msg', 'symlink_install': True, 'test_result_base': None}
[0.536s] Level 5:colcon.colcon_core.verb:set package 'socketcan_interface' build argument 'cmake_args' from command line to '['-DCMAKE_EXPORT_COMPILE_COMMANDS=ON', '-G', 'Ninja']'
[0.536s] Level 5:colcon.colcon_core.verb:set package 'socketcan_interface' build argument 'cmake_target' from command line to 'None'
[0.536s] Level 5:colcon.colcon_core.verb:set package 'socketcan_interface' build argument 'cmake_target_skip_unavailable' from command line to 'False'
[0.536s] Level 5:colcon.colcon_core.verb:set package 'socketcan_interface' build argument 'cmake_clean_cache' from command line to 'False'
[0.536s] Level 5:colcon.colcon_core.verb:set package 'socketcan_interface' build argument 'cmake_clean_first' from command line to 'False'
[0.536s] Level 5:colcon.colcon_core.verb:set package 'socketcan_interface' build argument 'cmake_force_configure' from command line to 'False'
[0.536s] Level 5:colcon.colcon_core.verb:set package 'socketcan_interface' build argument 'ament_cmake_args' from command line to 'None'
[0.536s] Level 5:colcon.colcon_core.verb:set package 'socketcan_interface' build argument 'catkin_cmake_args' from command line to 'None'
[0.536s] Level 5:colcon.colcon_core.verb:set package 'socketcan_interface' build argument 'catkin_skip_building_tests' from command line to 'False'
[0.536s] DEBUG:colcon.colcon_core.verb:Building package 'socketcan_interface' with the following arguments: {'ament_cmake_args': None, 'build_base': '/home/ryuzot/ros2_ws/build/socketcan_interface', 'catkin_cmake_args': None, 'catkin_skip_building_tests': False, 'cmake_args': ['-DCMAKE_EXPORT_COMPILE_COMMANDS=ON', '-G', 'Ninja'], 'cmake_clean_cache': False, 'cmake_clean_first': False, 'cmake_force_configure': False, 'cmake_target': None, 'cmake_target_skip_unavailable': False, 'install_base': '/home/ryuzot/ros2_ws/install/socketcan_interface', 'merge_install': False, 'path': '/home/ryuzot/ros2_ws/src/socketcan_interface', 'symlink_install': True, 'test_result_base': None}
[0.541s] Level 5:colcon.colcon_core.verb:set package 'main_executor' build argument 'cmake_args' from command line to '['-DCMAKE_EXPORT_COMPILE_COMMANDS=ON', '-G', 'Ninja']'
[0.541s] Level 5:colcon.colcon_core.verb:set package 'main_executor' build argument 'cmake_target' from command line to 'None'
[0.541s] Level 5:colcon.colcon_core.verb:set package 'main_executor' build argument 'cmake_target_skip_unavailable' from command line to 'False'
[0.541s] Level 5:colcon.colcon_core.verb:set package 'main_executor' build argument 'cmake_clean_cache' from command line to 'False'
[0.541s] Level 5:colcon.colcon_core.verb:set package 'main_executor' build argument 'cmake_clean_first' from command line to 'False'
[0.541s] Level 5:colcon.colcon_core.verb:set package 'main_executor' build argument 'cmake_force_configure' from command line to 'False'
[0.541s] Level 5:colcon.colcon_core.verb:set package 'main_executor' build argument 'ament_cmake_args' from command line to 'None'
[0.541s] Level 5:colcon.colcon_core.verb:set package 'main_executor' build argument 'catkin_cmake_args' from command line to 'None'
[0.541s] Level 5:colcon.colcon_core.verb:set package 'main_executor' build argument 'catkin_skip_building_tests' from command line to 'False'
[0.541s] DEBUG:colcon.colcon_core.verb:Building package 'main_executor' with the following arguments: {'ament_cmake_args': None, 'build_base': '/home/ryuzot/ros2_ws/build/main_executor', 'catkin_cmake_args': None, 'catkin_skip_building_tests': False, 'cmake_args': ['-DCMAKE_EXPORT_COMPILE_COMMANDS=ON', '-G', 'Ninja'], 'cmake_clean_cache': False, 'cmake_clean_first': False, 'cmake_force_configure': False, 'cmake_target': None, 'cmake_target_skip_unavailable': False, 'install_base': '/home/ryuzot/ros2_ws/install/main_executor', 'merge_install': False, 'path': '/home/ryuzot/ros2_ws/src/main_executor', 'symlink_install': True, 'test_result_base': None}
[0.550s] INFO:colcon.colcon_core.executor:Executing jobs using 'parallel' executor
[0.557s] DEBUG:colcon.colcon_parallel_executor.executor.parallel:run_until_complete
[0.558s] INFO:colcon.colcon_ros.task.ament_cmake.build:Building ROS package in '/home/ryuzot/ros2_ws/src/socketcan_interface_msg' with build type 'ament_cmake'
[0.558s] INFO:colcon.colcon_cmake.task.cmake.build:Building CMake package in '/home/ryuzot/ros2_ws/src/socketcan_interface_msg'
[0.563s] INFO:colcon.colcon_core.plugin_system:Skipping extension 'colcon_core.shell.bat': Not used on non-Windows systems
[0.563s] INFO:colcon.colcon_core.shell:Skip shell extension 'powershell' for command environment: Not usable outside of PowerShell
[0.563s] DEBUG:colcon.colcon_core.shell:Skip shell extension 'dsv' for command environment
[0.581s] DEBUG:colcon.colcon_core.event_handler.log_command:Invoking command in '/home/ryuzot/ros2_ws/build/socketcan_interface_msg': CMAKE_PREFIX_PATH=${CMAKE_PREFIX_PATH}:/opt/ros/galactic /usr/bin/cmake --build /home/ryuzot/ros2_ws/build/socketcan_interface_msg -- -j24 -l24
[0.589s] DEBUG:colcon.colcon_core.event_handler.log_command:Invoked command in '/home/ryuzot/ros2_ws/build/socketcan_interface_msg' returned '0': CMAKE_PREFIX_PATH=${CMAKE_PREFIX_PATH}:/opt/ros/galactic /usr/bin/cmake --build /home/ryuzot/ros2_ws/build/socketcan_interface_msg -- -j24 -l24
[0.612s] DEBUG:colcon.colcon_core.event_handler.log_command:Invoking command in '/home/ryuzot/ros2_ws/build/socketcan_interface_msg': CMAKE_PREFIX_PATH=${CMAKE_PREFIX_PATH}:/opt/ros/galactic /usr/bin/cmake --install /home/ryuzot/ros2_ws/build/socketcan_interface_msg
[0.665s] Level 1:colcon.colcon_core.environment:create_environment_scripts_only(socketcan_interface_msg)
[0.666s] DEBUG:colcon.colcon_core.event_handler.log_command:Invoked command in '/home/ryuzot/ros2_ws/build/socketcan_interface_msg' returned '0': CMAKE_PREFIX_PATH=${CMAKE_PREFIX_PATH}:/opt/ros/galactic /usr/bin/cmake --install /home/ryuzot/ros2_ws/build/socketcan_interface_msg
[0.671s] Level 1:colcon.colcon_core.environment:checking '/home/ryuzot/ros2_ws/install/socketcan_interface_msg' for CMake module files
[0.671s] Level 1:colcon.colcon_core.environment:checking '/home/ryuzot/ros2_ws/install/socketcan_interface_msg' for CMake config files
[0.672s] Level 1:colcon.colcon_core.shell:create_environment_hook('socketcan_interface_msg', 'cmake_prefix_path')
[0.674s] INFO:colcon.colcon_core.shell:Creating environment hook '/home/ryuzot/ros2_ws/install/socketcan_interface_msg/share/socketcan_interface_msg/hook/cmake_prefix_path.ps1'
[0.675s] INFO:colcon.colcon_core.shell:Creating environment descriptor '/home/ryuzot/ros2_ws/install/socketcan_interface_msg/share/socketcan_interface_msg/hook/cmake_prefix_path.dsv'
[0.675s] INFO:colcon.colcon_core.shell:Creating environment hook '/home/ryuzot/ros2_ws/install/socketcan_interface_msg/share/socketcan_interface_msg/hook/cmake_prefix_path.sh'
[0.676s] Level 1:colcon.colcon_core.environment:checking '/home/ryuzot/ros2_ws/install/socketcan_interface_msg/lib'
[0.676s] Level 1:colcon.colcon_core.shell:create_environment_hook('socketcan_interface_msg', 'ld_library_path_lib')
[0.679s] INFO:colcon.colcon_core.shell:Creating environment hook '/home/ryuzot/ros2_ws/install/socketcan_interface_msg/share/socketcan_interface_msg/hook/ld_library_path_lib.ps1'
[0.679s] INFO:colcon.colcon_core.shell:Creating environment descriptor '/home/ryuzot/ros2_ws/install/socketcan_interface_msg/share/socketcan_interface_msg/hook/ld_library_path_lib.dsv'
[0.679s] INFO:colcon.colcon_core.shell:Creating environment hook '/home/ryuzot/ros2_ws/install/socketcan_interface_msg/share/socketcan_interface_msg/hook/ld_library_path_lib.sh'
[0.679s] Level 1:colcon.colcon_core.environment:checking '/home/ryuzot/ros2_ws/install/socketcan_interface_msg/bin'
[0.680s] Level 1:colcon.colcon_core.environment:checking '/home/ryuzot/ros2_ws/install/socketcan_interface_msg/lib/pkgconfig/socketcan_interface_msg.pc'
[0.680s] Level 1:colcon.colcon_core.environment:checking '/home/ryuzot/ros2_ws/install/socketcan_interface_msg/lib/python3.8/site-packages'
[0.680s] Level 1:colcon.colcon_core.shell:create_environment_hook('socketcan_interface_msg', 'pythonpath')
[0.682s] INFO:colcon.colcon_core.shell:Creating environment hook '/home/ryuzot/ros2_ws/install/socketcan_interface_msg/share/socketcan_interface_msg/hook/pythonpath.ps1'
[0.682s] INFO:colcon.colcon_core.shell:Creating environment descriptor '/home/ryuzot/ros2_ws/install/socketcan_interface_msg/share/socketcan_interface_msg/hook/pythonpath.dsv'
[0.683s] INFO:colcon.colcon_core.shell:Creating environment hook '/home/ryuzot/ros2_ws/install/socketcan_interface_msg/share/socketcan_interface_msg/hook/pythonpath.sh'
[0.686s] INFO:colcon.colcon_core.shell:Creating package script '/home/ryuzot/ros2_ws/install/socketcan_interface_msg/share/socketcan_interface_msg/package.ps1'
[0.686s] INFO:colcon.colcon_core.shell:Creating package descriptor '/home/ryuzot/ros2_ws/install/socketcan_interface_msg/share/socketcan_interface_msg/package.dsv'
[0.687s] INFO:colcon.colcon_core.shell:Creating package script '/home/ryuzot/ros2_ws/install/socketcan_interface_msg/share/socketcan_interface_msg/package.sh'
[0.687s] INFO:colcon.colcon_core.shell:Creating package script '/home/ryuzot/ros2_ws/install/socketcan_interface_msg/share/socketcan_interface_msg/package.bash'
[0.688s] INFO:colcon.colcon_core.shell:Creating package script '/home/ryuzot/ros2_ws/install/socketcan_interface_msg/share/socketcan_interface_msg/package.zsh'
[0.688s] Level 1:colcon.colcon_core.environment:create_file_with_runtime_dependencies(/home/ryuzot/ros2_ws/install/socketcan_interface_msg/share/colcon-core/packages/socketcan_interface_msg)
[0.704s] Level 1:colcon.colcon_core.environment:create_environment_scripts_only(socketcan_interface_msg)
[0.708s] Level 1:colcon.colcon_core.environment:checking '/home/ryuzot/ros2_ws/install/socketcan_interface_msg' for CMake module files
[0.709s] Level 1:colcon.colcon_core.environment:checking '/home/ryuzot/ros2_ws/install/socketcan_interface_msg' for CMake config files
[0.709s] Level 1:colcon.colcon_core.shell:create_environment_hook('socketcan_interface_msg', 'cmake_prefix_path')
[0.712s] INFO:colcon.colcon_core.shell:Creating environment hook '/home/ryuzot/ros2_ws/install/socketcan_interface_msg/share/socketcan_interface_msg/hook/cmake_prefix_path.ps1'
[0.712s] INFO:colcon.colcon_core.shell:Creating environment descriptor '/home/ryuzot/ros2_ws/install/socketcan_interface_msg/share/socketcan_interface_msg/hook/cmake_prefix_path.dsv'
[0.712s] INFO:colcon.colcon_core.shell:Creating environment hook '/home/ryuzot/ros2_ws/install/socketcan_interface_msg/share/socketcan_interface_msg/hook/cmake_prefix_path.sh'
[0.713s] Level 1:colcon.colcon_core.environment:checking '/home/ryuzot/ros2_ws/install/socketcan_interface_msg/lib'
[0.713s] Level 1:colcon.colcon_core.shell:create_environment_hook('socketcan_interface_msg', 'ld_library_path_lib')
[0.715s] INFO:colcon.colcon_core.shell:Creating environment hook '/home/ryuzot/ros2_ws/install/socketcan_interface_msg/share/socketcan_interface_msg/hook/ld_library_path_lib.ps1'
[0.715s] INFO:colcon.colcon_core.shell:Creating environment descriptor '/home/ryuzot/ros2_ws/install/socketcan_interface_msg/share/socketcan_interface_msg/hook/ld_library_path_lib.dsv'
[0.716s] INFO:colcon.colcon_core.shell:Creating environment hook '/home/ryuzot/ros2_ws/install/socketcan_interface_msg/share/socketcan_interface_msg/hook/ld_library_path_lib.sh'
[0.716s] Level 1:colcon.colcon_core.environment:checking '/home/ryuzot/ros2_ws/install/socketcan_interface_msg/bin'
[0.716s] Level 1:colcon.colcon_core.environment:checking '/home/ryuzot/ros2_ws/install/socketcan_interface_msg/lib/pkgconfig/socketcan_interface_msg.pc'
[0.716s] Level 1:colcon.colcon_core.environment:checking '/home/ryuzot/ros2_ws/install/socketcan_interface_msg/lib/python3.8/site-packages'
[0.716s] Level 1:colcon.colcon_core.shell:create_environment_hook('socketcan_interface_msg', 'pythonpath')
[0.718s] INFO:colcon.colcon_core.shell:Creating environment hook '/home/ryuzot/ros2_ws/install/socketcan_interface_msg/share/socketcan_interface_msg/hook/pythonpath.ps1'
[0.719s] INFO:colcon.colcon_core.shell:Creating environment descriptor '/home/ryuzot/ros2_ws/install/socketcan_interface_msg/share/socketcan_interface_msg/hook/pythonpath.dsv'
[0.719s] INFO:colcon.colcon_core.shell:Creating environment hook '/home/ryuzot/ros2_ws/install/socketcan_interface_msg/share/socketcan_interface_msg/hook/pythonpath.sh'
[0.722s] INFO:colcon.colcon_core.shell:Creating package script '/home/ryuzot/ros2_ws/install/socketcan_interface_msg/share/socketcan_interface_msg/package.ps1'
[0.722s] INFO:colcon.colcon_core.shell:Creating package descriptor '/home/ryuzot/ros2_ws/install/socketcan_interface_msg/share/socketcan_interface_msg/package.dsv'
[0.723s] INFO:colcon.colcon_core.shell:Creating package script '/home/ryuzot/ros2_ws/install/socketcan_interface_msg/share/socketcan_interface_msg/package.sh'
[0.723s] INFO:colcon.colcon_core.shell:Creating package script '/home/ryuzot/ros2_ws/install/socketcan_interface_msg/share/socketcan_interface_msg/package.bash'
[0.723s] INFO:colcon.colcon_core.shell:Creating package script '/home/ryuzot/ros2_ws/install/socketcan_interface_msg/share/socketcan_interface_msg/package.zsh'
[0.724s] Level 1:colcon.colcon_core.environment:create_file_with_runtime_dependencies(/home/ryuzot/ros2_ws/install/socketcan_interface_msg/share/colcon-core/packages/socketcan_interface_msg)
[0.724s] INFO:colcon.colcon_ros.task.ament_cmake.build:Building ROS package in '/home/ryuzot/ros2_ws/src/socketcan_interface' with build type 'ament_cmake'
[0.724s] INFO:colcon.colcon_cmake.task.cmake.build:Building CMake package in '/home/ryuzot/ros2_ws/src/socketcan_interface'
[0.727s] INFO:colcon.colcon_core.shell:Skip shell extension 'powershell' for command environment: Not usable outside of PowerShell
[0.728s] DEBUG:colcon.colcon_core.shell:Skip shell extension 'dsv' for command environment
[0.949s] DEBUG:colcon.colcon_core.event_handler.log_command:Invoking command in '/home/ryuzot/ros2_ws/build/socketcan_interface': CMAKE_PREFIX_PATH=/home/ryuzot/ros2_ws/install/socketcan_interface_msg:/home/ryuzot/ros2_ws/install/main_executor:/home/ryuzot/ros2_ws/install/socketcan_interface:/opt/ros/galactic LD_LIBRARY_PATH=/home/ryuzot/ros2_ws/install/socketcan_interface_msg/lib:/home/ryuzot/ros2_ws/install/socketcan_interface/lib:/opt/ros/galactic/opt/yaml_cpp_vendor/lib:/opt/ros/galactic/opt/rviz_ogre_vendor/lib:/opt/ros/galactic/lib/x86_64-linux-gnu:/opt/ros/galactic/lib /usr/bin/cmake --build /home/ryuzot/ros2_ws/build/socketcan_interface -- -j24 -l24
[4.016s] DEBUG:colcon.colcon_core.event_handler.log_command:Invoked command in '/home/ryuzot/ros2_ws/build/socketcan_interface' returned '0': CMAKE_PREFIX_PATH=/home/ryuzot/ros2_ws/install/socketcan_interface_msg:/home/ryuzot/ros2_ws/install/main_executor:/home/ryuzot/ros2_ws/install/socketcan_interface:/opt/ros/galactic LD_LIBRARY_PATH=/home/ryuzot/ros2_ws/install/socketcan_interface_msg/lib:/home/ryuzot/ros2_ws/install/socketcan_interface/lib:/opt/ros/galactic/opt/yaml_cpp_vendor/lib:/opt/ros/galactic/opt/rviz_ogre_vendor/lib:/opt/ros/galactic/lib/x86_64-linux-gnu:/opt/ros/galactic/lib /usr/bin/cmake --build /home/ryuzot/ros2_ws/build/socketcan_interface -- -j24 -l24
[4.031s] DEBUG:colcon.colcon_core.event_handler.log_command:Invoking command in '/home/ryuzot/ros2_ws/build/socketcan_interface': CMAKE_PREFIX_PATH=/home/ryuzot/ros2_ws/install/socketcan_interface_msg:/home/ryuzot/ros2_ws/install/main_executor:/home/ryuzot/ros2_ws/install/socketcan_interface:/opt/ros/galactic LD_LIBRARY_PATH=/home/ryuzot/ros2_ws/install/socketcan_interface_msg/lib:/home/ryuzot/ros2_ws/install/socketcan_interface/lib:/opt/ros/galactic/opt/yaml_cpp_vendor/lib:/opt/ros/galactic/opt/rviz_ogre_vendor/lib:/opt/ros/galactic/lib/x86_64-linux-gnu:/opt/ros/galactic/lib /usr/bin/cmake --install /home/ryuzot/ros2_ws/build/socketcan_interface
[4.052s] Level 1:colcon.colcon_core.environment:create_environment_scripts_only(socketcan_interface)
[4.056s] Level 1:colcon.colcon_core.environment:checking '/home/ryuzot/ros2_ws/install/socketcan_interface' for CMake module files
[4.056s] DEBUG:colcon.colcon_core.event_handler.log_command:Invoked command in '/home/ryuzot/ros2_ws/build/socketcan_interface' returned '0': CMAKE_PREFIX_PATH=/home/ryuzot/ros2_ws/install/socketcan_interface_msg:/home/ryuzot/ros2_ws/install/main_executor:/home/ryuzot/ros2_ws/install/socketcan_interface:/opt/ros/galactic LD_LIBRARY_PATH=/home/ryuzot/ros2_ws/install/socketcan_interface_msg/lib:/home/ryuzot/ros2_ws/install/socketcan_interface/lib:/opt/ros/galactic/opt/yaml_cpp_vendor/lib:/opt/ros/galactic/opt/rviz_ogre_vendor/lib:/opt/ros/galactic/lib/x86_64-linux-gnu:/opt/ros/galactic/lib /usr/bin/cmake --install /home/ryuzot/ros2_ws/build/socketcan_interface
[4.056s] Level 1:colcon.colcon_core.environment:checking '/home/ryuzot/ros2_ws/install/socketcan_interface' for CMake config files
[4.057s] Level 1:colcon.colcon_core.shell:create_environment_hook('socketcan_interface', 'cmake_prefix_path')
[4.059s] INFO:colcon.colcon_core.shell:Creating environment hook '/home/ryuzot/ros2_ws/install/socketcan_interface/share/socketcan_interface/hook/cmake_prefix_path.ps1'
[4.059s] INFO:colcon.colcon_core.shell:Creating environment descriptor '/home/ryuzot/ros2_ws/install/socketcan_interface/share/socketcan_interface/hook/cmake_prefix_path.dsv'
[4.060s] INFO:colcon.colcon_core.shell:Creating environment hook '/home/ryuzot/ros2_ws/install/socketcan_interface/share/socketcan_interface/hook/cmake_prefix_path.sh'
[4.060s] Level 1:colcon.colcon_core.environment:checking '/home/ryuzot/ros2_ws/install/socketcan_interface/lib'
[4.060s] Level 1:colcon.colcon_core.environment:checking '/home/ryuzot/ros2_ws/install/socketcan_interface/bin'
[4.060s] Level 1:colcon.colcon_core.environment:checking '/home/ryuzot/ros2_ws/install/socketcan_interface/lib/pkgconfig/socketcan_interface.pc'
[4.060s] Level 1:colcon.colcon_core.environment:checking '/home/ryuzot/ros2_ws/install/socketcan_interface/lib/python3.8/site-packages'
[4.063s] INFO:colcon.colcon_core.shell:Creating package script '/home/ryuzot/ros2_ws/install/socketcan_interface/share/socketcan_interface/package.ps1'
[4.063s] INFO:colcon.colcon_core.shell:Creating package descriptor '/home/ryuzot/ros2_ws/install/socketcan_interface/share/socketcan_interface/package.dsv'
[4.064s] INFO:colcon.colcon_core.shell:Creating package script '/home/ryuzot/ros2_ws/install/socketcan_interface/share/socketcan_interface/package.sh'
[4.064s] INFO:colcon.colcon_core.shell:Creating package script '/home/ryuzot/ros2_ws/install/socketcan_interface/share/socketcan_interface/package.bash'
[4.064s] INFO:colcon.colcon_core.shell:Creating package script '/home/ryuzot/ros2_ws/install/socketcan_interface/share/socketcan_interface/package.zsh'
[4.064s] Level 1:colcon.colcon_core.environment:create_file_with_runtime_dependencies(/home/ryuzot/ros2_ws/install/socketcan_interface/share/colcon-core/packages/socketcan_interface)
[4.081s] Level 1:colcon.colcon_core.environment:create_environment_scripts_only(socketcan_interface)
[4.084s] Level 1:colcon.colcon_core.environment:checking '/home/ryuzot/ros2_ws/install/socketcan_interface' for CMake module files
[4.085s] Level 1:colcon.colcon_core.environment:checking '/home/ryuzot/ros2_ws/install/socketcan_interface' for CMake config files
[4.085s] Level 1:colcon.colcon_core.shell:create_environment_hook('socketcan_interface', 'cmake_prefix_path')
[4.088s] INFO:colcon.colcon_core.shell:Creating environment hook '/home/ryuzot/ros2_ws/install/socketcan_interface/share/socketcan_interface/hook/cmake_prefix_path.ps1'
[4.089s] INFO:colcon.colcon_core.shell:Creating environment descriptor '/home/ryuzot/ros2_ws/install/socketcan_interface/share/socketcan_interface/hook/cmake_prefix_path.dsv'
[4.089s] INFO:colcon.colcon_core.shell:Creating environment hook '/home/ryuzot/ros2_ws/install/socketcan_interface/share/socketcan_interface/hook/cmake_prefix_path.sh'
[4.089s] Level 1:colcon.colcon_core.environment:checking '/home/ryuzot/ros2_ws/install/socketcan_interface/lib'
[4.089s] Level 1:colcon.colcon_core.environment:checking '/home/ryuzot/ros2_ws/install/socketcan_interface/bin'
[4.089s] Level 1:colcon.colcon_core.environment:checking '/home/ryuzot/ros2_ws/install/socketcan_interface/lib/pkgconfig/socketcan_interface.pc'
[4.089s] Level 1:colcon.colcon_core.environment:checking '/home/ryuzot/ros2_ws/install/socketcan_interface/lib/python3.8/site-packages'
[4.092s] INFO:colcon.colcon_core.shell:Creating package script '/home/ryuzot/ros2_ws/install/socketcan_interface/share/socketcan_interface/package.ps1'
[4.092s] INFO:colcon.colcon_core.shell:Creating package descriptor '/home/ryuzot/ros2_ws/install/socketcan_interface/share/socketcan_interface/package.dsv'
[4.092s] INFO:colcon.colcon_core.shell:Creating package script '/home/ryuzot/ros2_ws/install/socketcan_interface/share/socketcan_interface/package.sh'
[4.093s] INFO:colcon.colcon_core.shell:Creating package script '/home/ryuzot/ros2_ws/install/socketcan_interface/share/socketcan_interface/package.bash'
[4.093s] INFO:colcon.colcon_core.shell:Creating package script '/home/ryuzot/ros2_ws/install/socketcan_interface/share/socketcan_interface/package.zsh'
[4.093s] Level 1:colcon.colcon_core.environment:create_file_with_runtime_dependencies(/home/ryuzot/ros2_ws/install/socketcan_interface/share/colcon-core/packages/socketcan_interface)
[4.094s] INFO:colcon.colcon_ros.task.ament_cmake.build:Building ROS package in '/home/ryuzot/ros2_ws/src/main_executor' with build type 'ament_cmake'
[4.094s] INFO:colcon.colcon_cmake.task.cmake.build:Building CMake package in '/home/ryuzot/ros2_ws/src/main_executor'
[4.096s] INFO:colcon.colcon_core.shell:Skip shell extension 'powershell' for command environment: Not usable outside of PowerShell
[4.096s] DEBUG:colcon.colcon_core.shell:Skip shell extension 'dsv' for command environment
[4.390s] DEBUG:colcon.colcon_core.event_handler.log_command:Invoking command in '/home/ryuzot/ros2_ws/build/main_executor': CMAKE_PREFIX_PATH=/home/ryuzot/ros2_ws/install/socketcan_interface:/home/ryuzot/ros2_ws/install/socketcan_interface_msg:/home/ryuzot/ros2_ws/install/main_executor:/opt/ros/galactic LD_LIBRARY_PATH=/home/ryuzot/ros2_ws/install/socketcan_interface_msg/lib:/home/ryuzot/ros2_ws/install/socketcan_interface/lib:/opt/ros/galactic/opt/yaml_cpp_vendor/lib:/opt/ros/galactic/opt/rviz_ogre_vendor/lib:/opt/ros/galactic/lib/x86_64-linux-gnu:/opt/ros/galactic/lib /usr/bin/cmake --build /home/ryuzot/ros2_ws/build/main_executor -- -j24 -l24
[4.650s] DEBUG:colcon.colcon_core.event_handler.log_command:Invoked command in '/home/ryuzot/ros2_ws/build/main_executor' returned '0': CMAKE_PREFIX_PATH=/home/ryuzot/ros2_ws/install/socketcan_interface:/home/ryuzot/ros2_ws/install/socketcan_interface_msg:/home/ryuzot/ros2_ws/install/main_executor:/opt/ros/galactic LD_LIBRARY_PATH=/home/ryuzot/ros2_ws/install/socketcan_interface_msg/lib:/home/ryuzot/ros2_ws/install/socketcan_interface/lib:/opt/ros/galactic/opt/yaml_cpp_vendor/lib:/opt/ros/galactic/opt/rviz_ogre_vendor/lib:/opt/ros/galactic/lib/x86_64-linux-gnu:/opt/ros/galactic/lib /usr/bin/cmake --build /home/ryuzot/ros2_ws/build/main_executor -- -j24 -l24
[4.666s] DEBUG:colcon.colcon_core.event_handler.log_command:Invoking command in '/home/ryuzot/ros2_ws/build/main_executor': CMAKE_PREFIX_PATH=/home/ryuzot/ros2_ws/install/socketcan_interface:/home/ryuzot/ros2_ws/install/socketcan_interface_msg:/home/ryuzot/ros2_ws/install/main_executor:/opt/ros/galactic LD_LIBRARY_PATH=/home/ryuzot/ros2_ws/install/socketcan_interface_msg/lib:/home/ryuzot/ros2_ws/install/socketcan_interface/lib:/opt/ros/galactic/opt/yaml_cpp_vendor/lib:/opt/ros/galactic/opt/rviz_ogre_vendor/lib:/opt/ros/galactic/lib/x86_64-linux-gnu:/opt/ros/galactic/lib /usr/bin/cmake --install /home/ryuzot/ros2_ws/build/main_executor
[4.682s] Level 1:colcon.colcon_core.environment:create_environment_scripts_only(main_executor)
[4.686s] Level 1:colcon.colcon_core.environment:checking '/home/ryuzot/ros2_ws/install/main_executor' for CMake module files
[4.686s] DEBUG:colcon.colcon_core.event_handler.log_command:Invoked command in '/home/ryuzot/ros2_ws/build/main_executor' returned '0': CMAKE_PREFIX_PATH=/home/ryuzot/ros2_ws/install/socketcan_interface:/home/ryuzot/ros2_ws/install/socketcan_interface_msg:/home/ryuzot/ros2_ws/install/main_executor:/opt/ros/galactic LD_LIBRARY_PATH=/home/ryuzot/ros2_ws/install/socketcan_interface_msg/lib:/home/ryuzot/ros2_ws/install/socketcan_interface/lib:/opt/ros/galactic/opt/yaml_cpp_vendor/lib:/opt/ros/galactic/opt/rviz_ogre_vendor/lib:/opt/ros/galactic/lib/x86_64-linux-gnu:/opt/ros/galactic/lib /usr/bin/cmake --install /home/ryuzot/ros2_ws/build/main_executor
[4.687s] Level 1:colcon.colcon_core.environment:checking '/home/ryuzot/ros2_ws/install/main_executor' for CMake config files
[4.687s] Level 1:colcon.colcon_core.shell:create_environment_hook('main_executor', 'cmake_prefix_path')
[4.689s] INFO:colcon.colcon_core.shell:Creating environment hook '/home/ryuzot/ros2_ws/install/main_executor/share/main_executor/hook/cmake_prefix_path.ps1'
[4.690s] INFO:colcon.colcon_core.shell:Creating environment descriptor '/home/ryuzot/ros2_ws/install/main_executor/share/main_executor/hook/cmake_prefix_path.dsv'
[4.690s] INFO:colcon.colcon_core.shell:Creating environment hook '/home/ryuzot/ros2_ws/install/main_executor/share/main_executor/hook/cmake_prefix_path.sh'
[4.690s] Level 1:colcon.colcon_core.environment:checking '/home/ryuzot/ros2_ws/install/main_executor/lib'
[4.690s] Level 1:colcon.colcon_core.environment:checking '/home/ryuzot/ros2_ws/install/main_executor/bin'
[4.690s] Level 1:colcon.colcon_core.environment:checking '/home/ryuzot/ros2_ws/install/main_executor/lib/pkgconfig/main_executor.pc'
[4.690s] Level 1:colcon.colcon_core.environment:checking '/home/ryuzot/ros2_ws/install/main_executor/lib/python3.8/site-packages'
[4.694s] INFO:colcon.colcon_core.shell:Creating package script '/home/ryuzot/ros2_ws/install/main_executor/share/main_executor/package.ps1'
[4.694s] INFO:colcon.colcon_core.shell:Creating package descriptor '/home/ryuzot/ros2_ws/install/main_executor/share/main_executor/package.dsv'
[4.694s] INFO:colcon.colcon_core.shell:Creating package script '/home/ryuzot/ros2_ws/install/main_executor/share/main_executor/package.sh'
[4.695s] INFO:colcon.colcon_core.shell:Creating package script '/home/ryuzot/ros2_ws/install/main_executor/share/main_executor/package.bash'
[4.695s] INFO:colcon.colcon_core.shell:Creating package script '/home/ryuzot/ros2_ws/install/main_executor/share/main_executor/package.zsh'
[4.695s] Level 1:colcon.colcon_core.environment:create_file_with_runtime_dependencies(/home/ryuzot/ros2_ws/install/main_executor/share/colcon-core/packages/main_executor)
[4.712s] Level 1:colcon.colcon_core.environment:create_environment_scripts_only(main_executor)
[4.716s] Level 1:colcon.colcon_core.environment:checking '/home/ryuzot/ros2_ws/install/main_executor' for CMake module files
[4.716s] Level 1:colcon.colcon_core.environment:checking '/home/ryuzot/ros2_ws/install/main_executor' for CMake config files
[4.716s] Level 1:colcon.colcon_core.shell:create_environment_hook('main_executor', 'cmake_prefix_path')
[4.719s] INFO:colcon.colcon_core.shell:Creating environment hook '/home/ryuzot/ros2_ws/install/main_executor/share/main_executor/hook/cmake_prefix_path.ps1'
[4.719s] INFO:colcon.colcon_core.shell:Creating environment descriptor '/home/ryuzot/ros2_ws/install/main_executor/share/main_executor/hook/cmake_prefix_path.dsv'
[4.720s] INFO:colcon.colcon_core.shell:Creating environment hook '/home/ryuzot/ros2_ws/install/main_executor/share/main_executor/hook/cmake_prefix_path.sh'
[4.720s] Level 1:colcon.colcon_core.environment:checking '/home/ryuzot/ros2_ws/install/main_executor/lib'
[4.720s] Level 1:colcon.colcon_core.environment:checking '/home/ryuzot/ros2_ws/install/main_executor/bin'
[4.720s] Level 1:colcon.colcon_core.environment:checking '/home/ryuzot/ros2_ws/install/main_executor/lib/pkgconfig/main_executor.pc'
[4.720s] Level 1:colcon.colcon_core.environment:checking '/home/ryuzot/ros2_ws/install/main_executor/lib/python3.8/site-packages'
[4.723s] INFO:colcon.colcon_core.shell:Creating package script '/home/ryuzot/ros2_ws/install/main_executor/share/main_executor/package.ps1'
[4.723s] INFO:colcon.colcon_core.shell:Creating package descriptor '/home/ryuzot/ros2_ws/install/main_executor/share/main_executor/package.dsv'
[4.724s] INFO:colcon.colcon_core.shell:Creating package script '/home/ryuzot/ros2_ws/install/main_executor/share/main_executor/package.sh'
[4.724s] INFO:colcon.colcon_core.shell:Creating package script '/home/ryuzot/ros2_ws/install/main_executor/share/main_executor/package.bash'
[4.724s] INFO:colcon.colcon_core.shell:Creating package script '/home/ryuzot/ros2_ws/install/main_executor/share/main_executor/package.zsh'
[4.724s] Level 1:colcon.colcon_core.environment:create_file_with_runtime_dependencies(/home/ryuzot/ros2_ws/install/main_executor/share/colcon-core/packages/main_executor)
[4.725s] DEBUG:colcon.colcon_parallel_executor.executor.parallel:closing loop
[4.725s] DEBUG:colcon.colcon_parallel_executor.executor.parallel:loop closed
[4.726s] DEBUG:colcon.colcon_parallel_executor.executor.parallel:run_until_complete finished with '0'
[4.726s] DEBUG:colcon.colcon_core.event_reactor:joining thread
[4.782s] INFO:colcon.colcon_core.plugin_system:Skipping extension 'colcon_notification.desktop_notification.notify_send': Could not find 'notify-send'
[4.782s] INFO:colcon.colcon_core.plugin_system:Skipping extension 'colcon_notification.desktop_notification.terminal_notifier': Not used on non-Darwin systems
[4.782s] INFO:colcon.colcon_core.plugin_system:Skipping extension 'colcon_notification.desktop_notification.win32': Not used on non-Windows systems
[4.782s] INFO:colcon.colcon_notification.desktop_notification:Sending desktop notification using 'notify2'
[4.786s] DEBUG:colcon.colcon_notification.desktop_notification.notify2:Failed to initialize notify2: org.freedesktop.DBus.Error.ServiceUnknown: The name org.freedesktop.Notifications was not provided by any .service files
[4.786s] DEBUG:colcon.colcon_core.event_reactor:joined thread
[4.789s] INFO:colcon.colcon_core.shell:Creating prefix script '/home/ryuzot/ros2_ws/install/local_setup.ps1'
[4.790s] INFO:colcon.colcon_core.shell:Creating prefix util module '/home/ryuzot/ros2_ws/install/_local_setup_util_ps1.py'
[4.791s] INFO:colcon.colcon_core.shell:Creating prefix chain script '/home/ryuzot/ros2_ws/install/setup.ps1'
[4.794s] INFO:colcon.colcon_core.shell:Creating prefix script '/home/ryuzot/ros2_ws/install/local_setup.sh'
[4.794s] INFO:colcon.colcon_core.shell:Creating prefix util module '/home/ryuzot/ros2_ws/install/_local_setup_util_sh.py'
[4.795s] INFO:colcon.colcon_core.shell:Creating prefix chain script '/home/ryuzot/ros2_ws/install/setup.sh'
[4.798s] INFO:colcon.colcon_core.shell:Creating prefix script '/home/ryuzot/ros2_ws/install/local_setup.bash'
[4.799s] INFO:colcon.colcon_core.shell:Creating prefix chain script '/home/ryuzot/ros2_ws/install/setup.bash'
[4.801s] INFO:colcon.colcon_core.shell:Creating prefix script '/home/ryuzot/ros2_ws/install/local_setup.zsh'
[4.802s] INFO:colcon.colcon_core.shell:Creating prefix chain script '/home/ryuzot/ros2_ws/install/setup.zsh'
