[0.222s] Invoking command in '/home/ryuzot/ros2_ws/build/socketcan_interface': AMENT_PREFIX_PATH=/home/ryuzot/ros2_ws/install/socketcan_interface_msg:${AMENT_PREFIX_PATH} CMAKE_PREFIX_PATH=/home/ryuzot/ros2_ws/install/socketcan_interface_msg:/opt/ros/galactic LD_LIBRARY_PATH=/home/ryuzot/ros2_ws/install/socketcan_interface_msg/lib:${LD_LIBRARY_PATH} PYTHONPATH=/home/ryuzot/ros2_ws/install/socketcan_interface_msg/lib/python3.8/site-packages:${PYTHONPATH} /usr/bin/cmake --build /home/ryuzot/ros2_ws/build/socketcan_interface -- -j24 -l24
[0.230s] 
[5.743s] [0/2] Building CXX object CMakeFiles/socketcan_interface_node.dir/src/socketcan_interface_node.cpp.o[K
[5.743s] [1/2] Building CXX object CMakeFiles/socketcan_interface_node.dir/src/socketcan_interface_node.cpp.o[K
[5.743s] /home/ryuzot/ros2_ws/src/socketcan_interface/src/socketcan_interface_node.cpp: In constructor ‘socketcan_interface::SocketcanInterface::SocketcanInterface(const string&, const rclcpp::NodeOptions&)’:
[5.743s] /home/ryuzot/ros2_ws/src/socketcan_interface/src/socketcan_interface_node.cpp:21:63: warning: unused parameter ‘name_space’ [-Wunused-parameter]
[5.743s]    21 |     SocketcanInterface::SocketcanInterface(const std::string &name_space, const rclcpp::NodeOptions &options)
[5.743s]       |                                            ~~~~~~~~~~~~~~~~~~~^~~~~~~~~~
[5.743s] 
[5.789s] [1/2] Linking CXX static library libsocketcan_interface_node.a[K
[5.790s] [2/2] Linking CXX static library libsocketcan_interface_node.a[K
[5.791s] Invoked command in '/home/ryuzot/ros2_ws/build/socketcan_interface' returned '0': AMENT_PREFIX_PATH=/home/ryuzot/ros2_ws/install/socketcan_interface_msg:${AMENT_PREFIX_PATH} CMAKE_PREFIX_PATH=/home/ryuzot/ros2_ws/install/socketcan_interface_msg:/opt/ros/galactic LD_LIBRARY_PATH=/home/ryuzot/ros2_ws/install/socketcan_interface_msg/lib:${LD_LIBRARY_PATH} PYTHONPATH=/home/ryuzot/ros2_ws/install/socketcan_interface_msg/lib/python3.8/site-packages:${PYTHONPATH} /usr/bin/cmake --build /home/ryuzot/ros2_ws/build/socketcan_interface -- -j24 -l24
[5.805s] Invoking command in '/home/ryuzot/ros2_ws/build/socketcan_interface': AMENT_PREFIX_PATH=/home/ryuzot/ros2_ws/install/socketcan_interface_msg:${AMENT_PREFIX_PATH} CMAKE_PREFIX_PATH=/home/ryuzot/ros2_ws/install/socketcan_interface_msg:/opt/ros/galactic LD_LIBRARY_PATH=/home/ryuzot/ros2_ws/install/socketcan_interface_msg/lib:${LD_LIBRARY_PATH} PYTHONPATH=/home/ryuzot/ros2_ws/install/socketcan_interface_msg/lib/python3.8/site-packages:${PYTHONPATH} /usr/bin/cmake --install /home/ryuzot/ros2_ws/build/socketcan_interface
[5.809s] -- Install configuration: ""
[5.810s] -- Execute custom install script
[5.810s] -- Up-to-date symlink: /home/ryuzot/ros2_ws/install/socketcan_interface/share/socketcan_interface/environment/library_path.sh
[5.810s] -- Up-to-date symlink: /home/ryuzot/ros2_ws/install/socketcan_interface/share/socketcan_interface/environment/library_path.dsv
[5.810s] -- Up-to-date symlink: /home/ryuzot/ros2_ws/install/socketcan_interface/share/socketcan_interface/environment/library_path.sh
[5.811s] -- Up-to-date symlink: /home/ryuzot/ros2_ws/install/socketcan_interface/share/socketcan_interface/environment/library_path.dsv
[5.811s] -- Up-to-date symlink: /home/ryuzot/ros2_ws/install/socketcan_interface/include/include/socketcan_interface/socketcan_interface_node.hpp
[5.811s] -- Up-to-date symlink: /home/ryuzot/ros2_ws/install/socketcan_interface/include/include/socketcan_interface/visibility.h
[5.812s] -- Up-to-date symlink: /home/ryuzot/ros2_ws/install/socketcan_interface/share/ament_index/resource_index/package_run_dependencies/socketcan_interface
[5.812s] -- Up-to-date symlink: /home/ryuzot/ros2_ws/install/socketcan_interface/share/ament_index/resource_index/parent_prefix_path/socketcan_interface
[5.812s] -- Up-to-date symlink: /home/ryuzot/ros2_ws/install/socketcan_interface/share/socketcan_interface/environment/ament_prefix_path.sh
[5.812s] -- Up-to-date symlink: /home/ryuzot/ros2_ws/install/socketcan_interface/share/socketcan_interface/environment/ament_prefix_path.dsv
[5.812s] -- Up-to-date symlink: /home/ryuzot/ros2_ws/install/socketcan_interface/share/socketcan_interface/environment/path.sh
[5.812s] -- Up-to-date symlink: /home/ryuzot/ros2_ws/install/socketcan_interface/share/socketcan_interface/environment/path.dsv
[5.813s] -- Up-to-date symlink: /home/ryuzot/ros2_ws/install/socketcan_interface/share/socketcan_interface/local_setup.bash
[5.813s] -- Up-to-date symlink: /home/ryuzot/ros2_ws/install/socketcan_interface/share/socketcan_interface/local_setup.sh
[5.813s] -- Up-to-date symlink: /home/ryuzot/ros2_ws/install/socketcan_interface/share/socketcan_interface/local_setup.zsh
[5.813s] -- Up-to-date symlink: /home/ryuzot/ros2_ws/install/socketcan_interface/share/socketcan_interface/local_setup.dsv
[5.813s] -- Symlinking: /home/ryuzot/ros2_ws/install/socketcan_interface/share/socketcan_interface/package.dsv
[5.819s] -- Up-to-date symlink: /home/ryuzot/ros2_ws/install/socketcan_interface/share/ament_index/resource_index/packages/socketcan_interface
[5.819s] -- Up-to-date symlink: /home/ryuzot/ros2_ws/install/socketcan_interface/share/socketcan_interface/cmake/ament_cmake_export_targets-extras.cmake
[5.820s] -- Up-to-date symlink: /home/ryuzot/ros2_ws/install/socketcan_interface/share/socketcan_interface/cmake/ament_cmake_export_dependencies-extras.cmake
[5.820s] -- Up-to-date symlink: /home/ryuzot/ros2_ws/install/socketcan_interface/share/socketcan_interface/cmake/socketcan_interfaceConfig.cmake
[5.820s] -- Up-to-date symlink: /home/ryuzot/ros2_ws/install/socketcan_interface/share/socketcan_interface/cmake/socketcan_interfaceConfig-version.cmake
[5.820s] -- Up-to-date symlink: /home/ryuzot/ros2_ws/install/socketcan_interface/share/socketcan_interface/package.xml
[5.820s] -- Installing: /home/ryuzot/ros2_ws/install/socketcan_interface/lib/libsocketcan_interface_node.a
[5.826s] -- Up-to-date: /home/ryuzot/ros2_ws/install/socketcan_interface/share/socketcan_interface/cmake/export_socketcan_interfaceExport.cmake
[5.826s] -- Up-to-date: /home/ryuzot/ros2_ws/install/socketcan_interface/share/socketcan_interface/cmake/export_socketcan_interfaceExport-noconfig.cmake
[5.832s] Invoked command in '/home/ryuzot/ros2_ws/build/socketcan_interface' returned '0': AMENT_PREFIX_PATH=/home/ryuzot/ros2_ws/install/socketcan_interface_msg:${AMENT_PREFIX_PATH} CMAKE_PREFIX_PATH=/home/ryuzot/ros2_ws/install/socketcan_interface_msg:/opt/ros/galactic LD_LIBRARY_PATH=/home/ryuzot/ros2_ws/install/socketcan_interface_msg/lib:${LD_LIBRARY_PATH} PYTHONPATH=/home/ryuzot/ros2_ws/install/socketcan_interface_msg/lib/python3.8/site-packages:${PYTHONPATH} /usr/bin/cmake --install /home/ryuzot/ros2_ws/build/socketcan_interface
