[0.287s] Invoking command in '/home/ryuzot/ros2_ws/build/main_executor': CMAKE_PREFIX_PATH=${CMAKE_PREFIX_PATH}:/opt/ros/galactic LD_LIBRARY_PATH=/home/ryuzot/ros2_ws/install/socketcan_interface_msg/lib:/home/ryuzot/ros2_ws/install/socketcan_interface/lib:/opt/ros/galactic/opt/yaml_cpp_vendor/lib:/opt/ros/galactic/opt/rviz_ogre_vendor/lib:/opt/ros/galactic/lib/x86_64-linux-gnu:/opt/ros/galactic/lib /usr/bin/cmake --build /home/ryuzot/ros2_ws/build/main_executor -- -j24 -l24
[0.294s] 
[2.026s] [0/2] Building CXX object CMakeFiles/main_exec.dir/src/main.cpp.o[K
[2.026s] [1/2] Building CXX object CMakeFiles/main_exec.dir/src/main.cpp.o[K
[2.222s] [1/2] Linking CXX executable main_exec[K
[2.222s] [2/2] Linking CXX executable main_exec[K
[2.224s] Invoked command in '/home/ryuzot/ros2_ws/build/main_executor' returned '0': CMAKE_PREFIX_PATH=${CMAKE_PREFIX_PATH}:/opt/ros/galactic LD_LIBRARY_PATH=/home/ryuzot/ros2_ws/install/socketcan_interface_msg/lib:/home/ryuzot/ros2_ws/install/socketcan_interface/lib:/opt/ros/galactic/opt/yaml_cpp_vendor/lib:/opt/ros/galactic/opt/rviz_ogre_vendor/lib:/opt/ros/galactic/lib/x86_64-linux-gnu:/opt/ros/galactic/lib /usr/bin/cmake --build /home/ryuzot/ros2_ws/build/main_executor -- -j24 -l24
[2.238s] Invoking command in '/home/ryuzot/ros2_ws/build/main_executor': CMAKE_PREFIX_PATH=${CMAKE_PREFIX_PATH}:/opt/ros/galactic LD_LIBRARY_PATH=/home/ryuzot/ros2_ws/install/socketcan_interface_msg/lib:/home/ryuzot/ros2_ws/install/socketcan_interface/lib:/opt/ros/galactic/opt/yaml_cpp_vendor/lib:/opt/ros/galactic/opt/rviz_ogre_vendor/lib:/opt/ros/galactic/lib/x86_64-linux-gnu:/opt/ros/galactic/lib /usr/bin/cmake --install /home/ryuzot/ros2_ws/build/main_executor
[2.243s] -- Install configuration: ""
[2.243s] -- Execute custom install script
[2.243s] -- Up-to-date symlink: /home/ryuzot/ros2_ws/install/main_executor/lib/main_executor/main_exec
[2.244s] -- Up-to-date symlink: /home/ryuzot/ros2_ws/install/main_executor/share/ament_index/resource_index/package_run_dependencies/main_executor
[2.244s] -- Up-to-date symlink: /home/ryuzot/ros2_ws/install/main_executor/share/ament_index/resource_index/parent_prefix_path/main_executor
[2.244s] -- Up-to-date symlink: /home/ryuzot/ros2_ws/install/main_executor/share/main_executor/environment/ament_prefix_path.sh
[2.244s] -- Up-to-date symlink: /home/ryuzot/ros2_ws/install/main_executor/share/main_executor/environment/ament_prefix_path.dsv
[2.245s] -- Up-to-date symlink: /home/ryuzot/ros2_ws/install/main_executor/share/main_executor/environment/path.sh
[2.245s] -- Up-to-date symlink: /home/ryuzot/ros2_ws/install/main_executor/share/main_executor/environment/path.dsv
[2.245s] -- Up-to-date symlink: /home/ryuzot/ros2_ws/install/main_executor/share/main_executor/local_setup.bash
[2.245s] -- Up-to-date symlink: /home/ryuzot/ros2_ws/install/main_executor/share/main_executor/local_setup.sh
[2.245s] -- Up-to-date symlink: /home/ryuzot/ros2_ws/install/main_executor/share/main_executor/local_setup.zsh
[2.246s] -- Up-to-date symlink: /home/ryuzot/ros2_ws/install/main_executor/share/main_executor/local_setup.dsv
[2.246s] -- Symlinking: /home/ryuzot/ros2_ws/install/main_executor/share/main_executor/package.dsv
[2.252s] -- Up-to-date symlink: /home/ryuzot/ros2_ws/install/main_executor/share/ament_index/resource_index/packages/main_executor
[2.252s] -- Up-to-date symlink: /home/ryuzot/ros2_ws/install/main_executor/share/main_executor/cmake/main_executorConfig.cmake
[2.252s] -- Up-to-date symlink: /home/ryuzot/ros2_ws/install/main_executor/share/main_executor/cmake/main_executorConfig-version.cmake
[2.252s] -- Up-to-date symlink: /home/ryuzot/ros2_ws/install/main_executor/share/main_executor/package.xml
[2.254s] Invoked command in '/home/ryuzot/ros2_ws/build/main_executor' returned '0': CMAKE_PREFIX_PATH=${CMAKE_PREFIX_PATH}:/opt/ros/galactic LD_LIBRARY_PATH=/home/ryuzot/ros2_ws/install/socketcan_interface_msg/lib:/home/ryuzot/ros2_ws/install/socketcan_interface/lib:/opt/ros/galactic/opt/yaml_cpp_vendor/lib:/opt/ros/galactic/opt/rviz_ogre_vendor/lib:/opt/ros/galactic/lib/x86_64-linux-gnu:/opt/ros/galactic/lib /usr/bin/cmake --install /home/ryuzot/ros2_ws/build/main_executor
